[
    {
        "specs": {
            "original": "meson@0.58.2%gcc@11.2.0 patches=aa6c50d arch=linux-ubuntu22.04-haswell ^berkeley-db@18.1.40%gcc@11.2.0+cxx~docs+stl patches=b231fcc arch=linux-ubuntu22.04-haswell ^bzip2@1.0.8%gcc@11.2.0~debug~pic+shared arch=linux-ubuntu22.04-haswell ^ca-certificates-mozilla@2022-03-29%gcc@11.2.0 arch=linux-ubuntu22.04-haswell ^diffutils@3.8%gcc@11.2.0 arch=linux-ubuntu22.04-haswell ^expat@2.4.8%gcc@11.2.0+libbsd arch=linux-ubuntu22.04-haswell ^gdbm@1.19%gcc@11.2.0 arch=linux-ubuntu22.04-haswell ^gettext@0.21%gcc@11.2.0+bzip2+curses+git~libunistring+libxml2+tar+xz arch=linux-ubuntu22.04-haswell ^libbsd@0.11.5%gcc@11.2.0 arch=linux-ubuntu22.04-haswell ^libffi@3.4.2%gcc@11.2.0 arch=linux-ubuntu22.04-haswell ^libiconv@1.16%gcc@11.2.0 libs=shared,static arch=linux-ubuntu22.04-haswell ^libmd@1.0.4%gcc@11.2.0 arch=linux-ubuntu22.04-haswell ^libxml2@2.9.13%gcc@11.2.0~python arch=linux-ubuntu22.04-haswell ^ncurses@6.2%gcc@11.2.0~symlinks+termlib abi=none arch=linux-ubuntu22.04-haswell ^ninja@1.11.0%gcc@11.2.0 arch=linux-ubuntu22.04-haswell ^openssl@1.1.1q%gcc@11.2.0~docs~shared certs=mozilla patches=3fdcf2d arch=linux-ubuntu22.04-haswell ^perl@5.34.1%gcc@11.2.0+cpanm+shared+threads arch=linux-ubuntu22.04-haswell ^pigz@2.7%gcc@11.2.0 arch=linux-ubuntu22.04-haswell ^pkgconf@1.8.0%gcc@11.2.0 arch=linux-ubuntu22.04-haswell ^py-pip@22.1.2%gcc@11.2.0 arch=linux-ubuntu22.04-haswell ^py-setuptools@63.0.0%gcc@11.2.0 arch=linux-ubuntu22.04-haswell ^py-wheel@0.37.1%gcc@11.2.0 arch=linux-ubuntu22.04-haswell ^python@3.9.13%gcc@11.2.0+bz2+ctypes+dbm~debug+ensurepip+libxml2+lzma~nis~optimizations+pic+pyexpat+pythoncmd+readline+shared+sqlite3+ssl~tix~tkinter~ucs4+uuid+zlib patches=0d98e93,4c24573,f2fd060 arch=linux-ubuntu22.04-haswell ^readline@8.1.2%gcc@11.2.0 arch=linux-ubuntu22.04-haswell ^sqlite@3.38.5%gcc@11.2.0+column_metadata+dynamic_extensions+fts~functions+rtree arch=linux-ubuntu22.04-haswell ^tar@1.34%gcc@11.2.0 zip=pigz arch=linux-ubuntu22.04-haswell ^util-linux-uuid@2.37.4%gcc@11.2.0 arch=linux-ubuntu22.04-haswell ^xz@5.2.5%gcc@11.2.0~pic libs=shared,static arch=linux-ubuntu22.04-haswell ^zlib@1.2.12%gcc@11.2.0+optimize+pic+shared patches=0d38234 arch=linux-ubuntu22.04-haswell ^zstd@1.5.2%gcc@11.2.0+programs compression=none libs=shared,static arch=linux-ubuntu22.04-haswell",
            "spliced": "meson@0.58.2%gcc@11.2.0 patches=aa6c50d arch=linux-ubuntu22.04-haswell ^berkeley-db@18.1.40%gcc@11.2.0+cxx~docs+stl patches=b231fcc arch=linux-ubuntu22.04-haswell ^bzip2@1.0.8%gcc@11.2.0~debug~pic+shared arch=linux-ubuntu22.04-haswell ^ca-certificates-mozilla@2022-03-29%gcc@11.2.0 arch=linux-ubuntu22.04-haswell ^diffutils@3.8%gcc@11.2.0 arch=linux-ubuntu22.04-haswell ^expat@2.4.8%gcc@11.2.0+libbsd arch=linux-ubuntu22.04-haswell ^gdbm@1.19%gcc@11.2.0 arch=linux-ubuntu22.04-haswell ^gettext@0.21%gcc@11.2.0+bzip2+curses+git~libunistring+libxml2+tar+xz arch=linux-ubuntu22.04-haswell ^libbsd@0.11.5%gcc@11.2.0 arch=linux-ubuntu22.04-haswell ^libffi@3.4.2%gcc@11.2.0 arch=linux-ubuntu22.04-haswell ^libiconv@1.16%gcc@11.2.0 libs=shared,static arch=linux-ubuntu22.04-haswell ^libmd@1.0.4%gcc@11.2.0 arch=linux-ubuntu22.04-haswell ^libxml2@2.9.13%gcc@11.2.0~python arch=linux-ubuntu22.04-haswell ^ncurses@6.2%gcc@11.2.0~symlinks+termlib abi=none arch=linux-ubuntu22.04-haswell ^ninja@1.10.0%gcc@11.2.0 arch=linux-ubuntu22.04-haswell ^openssl@1.1.1q%gcc@11.2.0~docs~shared certs=mozilla patches=3fdcf2d arch=linux-ubuntu22.04-haswell ^perl@5.34.1%gcc@11.2.0+cpanm+shared+threads arch=linux-ubuntu22.04-haswell ^pigz@2.7%gcc@11.2.0 arch=linux-ubuntu22.04-haswell ^pkgconf@1.8.0%gcc@11.2.0 arch=linux-ubuntu22.04-haswell ^py-pip@22.1.2%gcc@11.2.0 arch=linux-ubuntu22.04-haswell ^py-setuptools@63.0.0%gcc@11.2.0 arch=linux-ubuntu22.04-haswell ^py-wheel@0.37.1%gcc@11.2.0 arch=linux-ubuntu22.04-haswell ^python@3.9.13%gcc@11.2.0+bz2+ctypes+dbm~debug+ensurepip+libxml2+lzma~nis~optimizations+pic+pyexpat+pythoncmd+readline+shared+sqlite3+ssl~tix~tkinter~ucs4+uuid+zlib patches=0d98e93,4c24573,f2fd060 arch=linux-ubuntu22.04-haswell ^readline@8.1.2%gcc@11.2.0 arch=linux-ubuntu22.04-haswell ^sqlite@3.38.5%gcc@11.2.0+column_metadata+dynamic_extensions+fts~functions+rtree arch=linux-ubuntu22.04-haswell ^tar@1.34%gcc@11.2.0 zip=pigz arch=linux-ubuntu22.04-haswell ^util-linux-uuid@2.37.4%gcc@11.2.0 arch=linux-ubuntu22.04-haswell ^xz@5.2.5%gcc@11.2.0~pic libs=shared,static arch=linux-ubuntu22.04-haswell ^zlib@1.2.12%gcc@11.2.0+optimize+pic+shared patches=0d38234 arch=linux-ubuntu22.04-haswell ^zstd@1.5.2%gcc@11.2.0+programs compression=none libs=shared,static arch=linux-ubuntu22.04-haswell"
        },
        "ids": {
            "original": "/c7o5oa",
            "spliced": "/7zibsz"
        },
        "original": [],
        "spliced": [],
        "paths": {
            "loads": {
                "original": [
                    "/spack/opt/spack/linux-ubuntu22.04-haswell/gcc-11.2.0/openssl-1.1.1q-gqizvq5o5pipkqv2cxsg3k47lnqi64j3/lib",
                    "/spack/opt/spack/linux-ubuntu22.04-haswell/gcc-11.2.0/zlib-1.2.12-ychk3ix6mv3mgsrtnazfunnmu4vrspkk/lib",
                    "/spack/opt/spack/linux-ubuntu22.04-haswell/gcc-11.2.0/sqlite-3.38.5-d2ea6bj7l73lk6qts76ztojzxfz5mcvc/lib",
                    "/spack/opt/spack/linux-ubuntu22.04-haswell/gcc-11.2.0/expat-2.4.8-owhc2truzoihyzfqo7rxjgd4edfc6j7v/lib",
                    "/spack/opt/spack/linux-ubuntu22.04-haswell/gcc-11.2.0/libbsd-0.11.5-ae73lpti6eu6wivubsemtrytzzf3hez7/lib",
                    "/spack/opt/spack/linux-ubuntu22.04-haswell/gcc-11.2.0/gettext-0.21-u6wcu25n7tfqtrvnexez66utuydb4smx/lib",
                    "/spack/opt/spack/linux-ubuntu22.04-haswell/gcc-11.2.0/ncurses-6.2-2khyzubbcfupjtbj4nkogd7ebonczczr/lib",
                    "/spack/opt/spack/linux-ubuntu22.04-haswell/gcc-11.2.0/berkeley-db-18.1.40-y3xm2b4wnx2tsoeh4mb3glrv4zzgmt57/lib",
                    "/spack/opt/spack/linux-ubuntu22.04-haswell/gcc-11.2.0/libffi-3.4.2-m3zifbsskipiwtc4j55gcuiggbxrlc73/lib",
                    "/spack/opt/spack/linux-ubuntu22.04-haswell/gcc-11.2.0/perl-5.34.1-olweu672du4nrlvjn2shpf62jbgxzzp6/lib",
                    "/spack/opt/spack/linux-ubuntu22.04-haswell/gcc-11.2.0/libmd-1.0.4-ajqlqlpzseqjzps2pjrcxzqgwoqre7id/lib",
                    "/spack/opt/spack/linux-ubuntu22.04-haswell/gcc-11.2.0/pkgconf-1.8.0-ruoukh6z67iefyz4cyphkcqaz2g2hx7f/lib",
                    "/spack/opt/spack/linux-ubuntu22.04-haswell/gcc-11.2.0/py-setuptools-63.0.0-qjixzrrpenjwdukrncgixplgrivtxn4g/lib",
                    "/spack/opt/spack/linux-ubuntu22.04-haswell/gcc-11.2.0/python-3.9.13-q47iise7npr7iijnfw5l66jtgksi4tvc/lib",
                    "/spack/opt/spack/linux-ubuntu22.04-haswell/gcc-11.2.0/xz-5.2.5-ub757pyoqpaurexmrq7oxo7cj35qod2q/lib",
                    "/spack/opt/spack/linux-ubuntu22.04-haswell/gcc-11.2.0/libxml2-2.9.13-7nkjcj7tyvlqw2evbz75lmy3orkmqpmy/lib",
                    "/spack/opt/spack/linux-ubuntu22.04-haswell/gcc-11.2.0/bzip2-1.0.8-szccym2boautmkfmh4m2xm2krbftkd2g/lib",
                    "/spack/opt/spack/linux-ubuntu22.04-haswell/gcc-11.2.0/libiconv-1.16-nylazfnjil3kyc5wyctes6ttimburge6/lib",
                    "/spack/opt/spack/linux-ubuntu22.04-haswell/gcc-11.2.0/zstd-1.5.2-nbvfzv7w6wra46fxbdhk5ewgplaxuwqn/lib",
                    "/spack/opt/spack/linux-ubuntu22.04-haswell/gcc-11.2.0/readline-8.1.2-b7aunqqlalfx6dlbtvcqgzcvtcn4ysjk/lib",
                    "/spack/opt/spack/linux-ubuntu22.04-haswell/gcc-11.2.0/meson-0.58.2-c7o5oaowwtwapuq6w6bt5kdo36j2kwxa/lib",
                    "/spack/opt/spack/linux-ubuntu22.04-haswell/gcc-11.2.0/py-wheel-0.37.1-elguqdgx2rqpyjti3aiugzkciub2w7pc/lib",
                    "/spack/opt/spack/linux-ubuntu22.04-haswell/gcc-11.2.0/gdbm-1.19-wcroyxphbv36i3i7pvflptbcp2fqumx3/lib",
                    "/spack/opt/spack/linux-ubuntu22.04-haswell/gcc-11.2.0/util-linux-uuid-2.37.4-zfqnulivrw2c6ucejn44ozyygbnbgkej/lib",
                    "/spack/opt/spack/linux-ubuntu22.04-haswell/gcc-11.2.0/py-pip-22.1.2-nd5hxakdl6igvv7tx3olohvdz3mufwbb/lib"
                ],
                "spliced": [
                    "/spack/opt/spack/linux-ubuntu22.04-haswell/gcc-11.2.0/py-wheel-0.37.1-ltvvmuvb2dskp25r2n2vjco6dli2mhng/lib",
                    "/spack/opt/spack/linux-ubuntu22.04-haswell/gcc-11.2.0/openssl-1.1.1q-gqizvq5o5pipkqv2cxsg3k47lnqi64j3/lib",
                    "/spack/opt/spack/linux-ubuntu22.04-haswell/gcc-11.2.0/zlib-1.2.12-ychk3ix6mv3mgsrtnazfunnmu4vrspkk/lib",
                    "/spack/opt/spack/linux-ubuntu22.04-haswell/gcc-11.2.0/sqlite-3.38.5-d2ea6bj7l73lk6qts76ztojzxfz5mcvc/lib",
                    "/spack/opt/spack/linux-ubuntu22.04-haswell/gcc-11.2.0/expat-2.4.8-owhc2truzoihyzfqo7rxjgd4edfc6j7v/lib",
                    "/spack/opt/spack/linux-ubuntu22.04-haswell/gcc-11.2.0/libbsd-0.11.5-ae73lpti6eu6wivubsemtrytzzf3hez7/lib",
                    "/spack/opt/spack/linux-ubuntu22.04-haswell/gcc-11.2.0/gettext-0.21-u6wcu25n7tfqtrvnexez66utuydb4smx/lib",
                    "/spack/opt/spack/linux-ubuntu22.04-haswell/gcc-11.2.0/ncurses-6.2-2khyzubbcfupjtbj4nkogd7ebonczczr/lib",
                    "/spack/opt/spack/linux-ubuntu22.04-haswell/gcc-11.2.0/berkeley-db-18.1.40-y3xm2b4wnx2tsoeh4mb3glrv4zzgmt57/lib",
                    "/spack/opt/spack/linux-ubuntu22.04-haswell/gcc-11.2.0/libffi-3.4.2-m3zifbsskipiwtc4j55gcuiggbxrlc73/lib",
                    "/spack/opt/spack/linux-ubuntu22.04-haswell/gcc-11.2.0/py-pip-22.1.2-3okip5kqbvxn6pwmfjb57eogafl7scz2/lib",
                    "/spack/opt/spack/linux-ubuntu22.04-haswell/gcc-11.2.0/perl-5.34.1-olweu672du4nrlvjn2shpf62jbgxzzp6/lib",
                    "/spack/opt/spack/linux-ubuntu22.04-haswell/gcc-11.2.0/libmd-1.0.4-ajqlqlpzseqjzps2pjrcxzqgwoqre7id/lib",
                    "/spack/opt/spack/linux-ubuntu22.04-haswell/gcc-11.2.0/pkgconf-1.8.0-ruoukh6z67iefyz4cyphkcqaz2g2hx7f/lib",
                    "/spack/opt/spack/linux-ubuntu22.04-haswell/gcc-11.2.0/py-setuptools-63.0.0-g475bshoryifohuytt7y3ge2umituppg/lib",
                    "/spack/opt/spack/linux-ubuntu22.04-haswell/gcc-11.2.0/python-3.9.13-q47iise7npr7iijnfw5l66jtgksi4tvc/lib",
                    "/spack/opt/spack/linux-ubuntu22.04-haswell/gcc-11.2.0/xz-5.2.5-ub757pyoqpaurexmrq7oxo7cj35qod2q/lib",
                    "/spack/opt/spack/linux-ubuntu22.04-haswell/gcc-11.2.0/libxml2-2.9.13-7nkjcj7tyvlqw2evbz75lmy3orkmqpmy/lib",
                    "/spack/opt/spack/linux-ubuntu22.04-haswell/gcc-11.2.0/bzip2-1.0.8-szccym2boautmkfmh4m2xm2krbftkd2g/lib",
                    "/spack/opt/spack/linux-ubuntu22.04-haswell/gcc-11.2.0/libiconv-1.16-nylazfnjil3kyc5wyctes6ttimburge6/lib",
                    "/spack/opt/spack/linux-ubuntu22.04-haswell/gcc-11.2.0/zstd-1.5.2-nbvfzv7w6wra46fxbdhk5ewgplaxuwqn/lib",
                    "/spack/opt/spack/linux-ubuntu22.04-haswell/gcc-11.2.0/readline-8.1.2-b7aunqqlalfx6dlbtvcqgzcvtcn4ysjk/lib",
                    "/spack/opt/spack/linux-ubuntu22.04-haswell/gcc-11.2.0/gdbm-1.19-wcroyxphbv36i3i7pvflptbcp2fqumx3/lib",
                    "/spack/opt/spack/linux-ubuntu22.04-haswell/gcc-11.2.0/util-linux-uuid-2.37.4-zfqnulivrw2c6ucejn44ozyygbnbgkej/lib",
                    "/spack/opt/spack/linux-ubuntu22.04-haswell/gcc-11.2.0/meson-0.58.2-7zibszyvw45pmytbr4rmmjfuh34kcguc/lib"
                ]
            }
        },
        "predictions": {
            "spack-test": {
                "original": {
                    "message": "==> Spack test zkfeeillg5scgn3xsexyubg76vqqq7k3\n==> Testing package meson-0.58.2-c7o5oao\n==> Error: TestFailure: 1 tests failed.\n\n\nCommand exited with status 1:\n    '/spack/opt/spack/linux-ubuntu22.04-haswell/gcc-11.2.0/python-3.9.13-q47iise7npr7iijnfw5l66jtgksi4tvc/bin/python3.9' '-c' 'import mesonbuild.ast'\nTraceback (most recent call last):\n  File \"<string>\", line 1, in <module>\n  File \"/spack/opt/spack/linux-ubuntu22.04-haswell/gcc-11.2.0/meson-0.58.2-c7o5oaowwtwapuq6w6bt5kdo36j2kwxa/lib/python3.9/site-packages/mesonbuild/ast/__init__.py\", line 30, in <module>\n    from .interpreter import AstInterpreter\n  File \"/spack/opt/spack/linux-ubuntu22.04-haswell/gcc-11.2.0/meson-0.58.2-c7o5oaowwtwapuq6w6bt5kdo36j2kwxa/lib/python3.9/site-packages/mesonbuild/ast/interpreter.py\", line 19, in <module>\n    from .. import interpreterbase, mparser, mesonlib\n  File \"/spack/opt/spack/linux-ubuntu22.04-haswell/gcc-11.2.0/meson-0.58.2-c7o5oaowwtwapuq6w6bt5kdo36j2kwxa/lib/python3.9/site-packages/mesonbuild/interpreterbase.py\", line 19, in <module>\n    from . import environment, dependencies\n  File \"/spack/opt/spack/linux-ubuntu22.04-haswell/gcc-11.2.0/meson-0.58.2-c7o5oaowwtwapuq6w6bt5kdo36j2kwxa/lib/python3.9/site-packages/mesonbuild/dependencies/__init__.py\", line 15, in <module>\n    from .boost import BoostDependency\n  File \"/spack/opt/spack/linux-ubuntu22.04-haswell/gcc-11.2.0/meson-0.58.2-c7o5oaowwtwapuq6w6bt5kdo36j2kwxa/lib/python3.9/site-packages/mesonbuild/dependencies/boost.py\", line 25, in <module>\n    from .base import DependencyException, ExternalDependency, PkgConfigDependency\n  File \"/spack/opt/spack/linux-ubuntu22.04-haswell/gcc-11.2.0/meson-0.58.2-c7o5oaowwtwapuq6w6bt5kdo36j2kwxa/lib/python3.9/site-packages/mesonbuild/dependencies/base.py\", line 41, in <module>\n    from ..interpreterbase import FeatureDeprecated\nImportError: cannot import name 'FeatureDeprecated' from partially initialized module 'mesonbuild.interpreterbase' (most likely due to a circular import) (/spack/opt/spack/linux-ubuntu22.04-haswell/gcc-11.2.0/meson-0.58.2-c7o5oaowwtwapuq6w6bt5kdo36j2kwxa/lib/python3.9/site-packages/mesonbuild/interpreterbase.py)\n\n\n\n1 error found in test log:\n     23        from .boost import BoostDependency\n     24      File \"/spack/opt/spack/linux-ubuntu22.04-haswell/gcc-11.2.0/meson-\n           0.58.2-c7o5oaowwtwapuq6w6bt5kdo36j2kwxa/lib/python3.9/site-packages/\n           mesonbuild/dependencies/boost.py\", line 25, in <module>\n     25        from .base import DependencyException, ExternalDependency, PkgCo\n           nfigDependency\n     26      File \"/spack/opt/spack/linux-ubuntu22.04-haswell/gcc-11.2.0/meson-\n           0.58.2-c7o5oaowwtwapuq6w6bt5kdo36j2kwxa/lib/python3.9/site-packages/\n           mesonbuild/dependencies/base.py\", line 41, in <module>\n     27        from ..interpreterbase import FeatureDeprecated\n     28    ImportError: cannot import name 'FeatureDeprecated' from partially i\n           nitialized module 'mesonbuild.interpreterbase' (most likely due to a\n            circular import) (/spack/opt/spack/linux-ubuntu22.04-haswell/gcc-11\n           .2.0/meson-0.58.2-c7o5oaowwtwapuq6w6bt5kdo36j2kwxa/lib/python3.9/sit\n           e-packages/mesonbuild/interpreterbase.py)\n  >> 29    FAILED: Command exited with status 1:\n     30        '/spack/opt/spack/linux-ubuntu22.04-haswell/gcc-11.2.0/python-3.\n           9.13-q47iise7npr7iijnfw5l66jtgksi4tvc/bin/python3.9' '-c' 'import me\n           sonbuild.ast'\n     31    Traceback (most recent call last):\n     32      File \"<string>\", line 1, in <module>\n     33      File \"/spack/opt/spack/linux-ubuntu22.04-haswell/gcc-11.2.0/meson-\n           0.58.2-c7o5oaowwtwapuq6w6bt5kdo36j2kwxa/lib/python3.9/site-packages/\n           mesonbuild/ast/__init__.py\", line 30, in <module>\n     34        from .interpreter import AstInterpreter\n     35      File \"/spack/opt/spack/linux-ubuntu22.04-haswell/gcc-11.2.0/meson-\n           0.58.2-c7o5oaowwtwapuq6w6bt5kdo36j2kwxa/lib/python3.9/site-packages/\n           mesonbuild/ast/interpreter.py\", line 19, in <module>\n\n\n\n/spack/lib/spack/spack/build_environment.py:1076, in _setup_pkg_and_run:\n       1073        tb_string = traceback.format_exc()\n       1074\n       1075        # build up some context from the offending package so we can\n  >>   1076        # show that, too.\n       1077        package_context = get_package_context(tb)\n       1078\n       1079        logfile = None\n\nSee test log for details:\n  /cache/spack/test/zkfeeillg5scgn3xsexyubg76vqqq7k3/meson-0.58.2-c7o5oao-test-out.txt\n\n==> Error: 1 test(s) in the suite failed.\n\n======================== 1 failed, 0 passed of 1 specs =========================\n",
                    "return_code": 1,
                    "seconds": 2.607102394104004,
                    "prediction": false,
                    "command": "/spack/bin/spack test run /c7o5oa"
                },
                "spliced": {
                    "message": "==> Spack test tugrmukda6dcfaxrh4uapuwbt5s6qgof\n==> Testing package meson-0.58.2-7zibszy\n==> Error: TestFailure: 1 tests failed.\n\n\nCommand exited with status 1:\n    '/spack/opt/spack/linux-ubuntu22.04-haswell/gcc-11.2.0/python-3.9.13-q47iise7npr7iijnfw5l66jtgksi4tvc/bin/python3.9' '-c' 'import mesonbuild.ast'\nTraceback (most recent call last):\n  File \"<string>\", line 1, in <module>\n  File \"/spack/opt/spack/linux-ubuntu22.04-haswell/gcc-11.2.0/meson-0.58.2-7zibszyvw45pmytbr4rmmjfuh34kcguc/lib/python3.9/site-packages/mesonbuild/ast/__init__.py\", line 30, in <module>\n    from .interpreter import AstInterpreter\n  File \"/spack/opt/spack/linux-ubuntu22.04-haswell/gcc-11.2.0/meson-0.58.2-7zibszyvw45pmytbr4rmmjfuh34kcguc/lib/python3.9/site-packages/mesonbuild/ast/interpreter.py\", line 19, in <module>\n    from .. import interpreterbase, mparser, mesonlib\n  File \"/spack/opt/spack/linux-ubuntu22.04-haswell/gcc-11.2.0/meson-0.58.2-7zibszyvw45pmytbr4rmmjfuh34kcguc/lib/python3.9/site-packages/mesonbuild/interpreterbase.py\", line 19, in <module>\n    from . import environment, dependencies\n  File \"/spack/opt/spack/linux-ubuntu22.04-haswell/gcc-11.2.0/meson-0.58.2-7zibszyvw45pmytbr4rmmjfuh34kcguc/lib/python3.9/site-packages/mesonbuild/dependencies/__init__.py\", line 15, in <module>\n    from .boost import BoostDependency\n  File \"/spack/opt/spack/linux-ubuntu22.04-haswell/gcc-11.2.0/meson-0.58.2-7zibszyvw45pmytbr4rmmjfuh34kcguc/lib/python3.9/site-packages/mesonbuild/dependencies/boost.py\", line 25, in <module>\n    from .base import DependencyException, ExternalDependency, PkgConfigDependency\n  File \"/spack/opt/spack/linux-ubuntu22.04-haswell/gcc-11.2.0/meson-0.58.2-7zibszyvw45pmytbr4rmmjfuh34kcguc/lib/python3.9/site-packages/mesonbuild/dependencies/base.py\", line 41, in <module>\n    from ..interpreterbase import FeatureDeprecated\nImportError: cannot import name 'FeatureDeprecated' from partially initialized module 'mesonbuild.interpreterbase' (most likely due to a circular import) (/spack/opt/spack/linux-ubuntu22.04-haswell/gcc-11.2.0/meson-0.58.2-7zibszyvw45pmytbr4rmmjfuh34kcguc/lib/python3.9/site-packages/mesonbuild/interpreterbase.py)\n\n\n\n1 error found in test log:\n     23        from .boost import BoostDependency\n     24      File \"/spack/opt/spack/linux-ubuntu22.04-haswell/gcc-11.2.0/meson-\n           0.58.2-7zibszyvw45pmytbr4rmmjfuh34kcguc/lib/python3.9/site-packages/\n           mesonbuild/dependencies/boost.py\", line 25, in <module>\n     25        from .base import DependencyException, ExternalDependency, PkgCo\n           nfigDependency\n     26      File \"/spack/opt/spack/linux-ubuntu22.04-haswell/gcc-11.2.0/meson-\n           0.58.2-7zibszyvw45pmytbr4rmmjfuh34kcguc/lib/python3.9/site-packages/\n           mesonbuild/dependencies/base.py\", line 41, in <module>\n     27        from ..interpreterbase import FeatureDeprecated\n     28    ImportError: cannot import name 'FeatureDeprecated' from partially i\n           nitialized module 'mesonbuild.interpreterbase' (most likely due to a\n            circular import) (/spack/opt/spack/linux-ubuntu22.04-haswell/gcc-11\n           .2.0/meson-0.58.2-7zibszyvw45pmytbr4rmmjfuh34kcguc/lib/python3.9/sit\n           e-packages/mesonbuild/interpreterbase.py)\n  >> 29    FAILED: Command exited with status 1:\n     30        '/spack/opt/spack/linux-ubuntu22.04-haswell/gcc-11.2.0/python-3.\n           9.13-q47iise7npr7iijnfw5l66jtgksi4tvc/bin/python3.9' '-c' 'import me\n           sonbuild.ast'\n     31    Traceback (most recent call last):\n     32      File \"<string>\", line 1, in <module>\n     33      File \"/spack/opt/spack/linux-ubuntu22.04-haswell/gcc-11.2.0/meson-\n           0.58.2-7zibszyvw45pmytbr4rmmjfuh34kcguc/lib/python3.9/site-packages/\n           mesonbuild/ast/__init__.py\", line 30, in <module>\n     34        from .interpreter import AstInterpreter\n     35      File \"/spack/opt/spack/linux-ubuntu22.04-haswell/gcc-11.2.0/meson-\n           0.58.2-7zibszyvw45pmytbr4rmmjfuh34kcguc/lib/python3.9/site-packages/\n           mesonbuild/ast/interpreter.py\", line 19, in <module>\n\n\n\n/spack/lib/spack/spack/build_environment.py:1076, in _setup_pkg_and_run:\n       1073        tb_string = traceback.format_exc()\n       1074\n       1075        # build up some context from the offending package so we can\n  >>   1076        # show that, too.\n       1077        package_context = get_package_context(tb)\n       1078\n       1079        logfile = None\n\nSee test log for details:\n  /cache/spack/test/tugrmukda6dcfaxrh4uapuwbt5s6qgof/meson-0.58.2-7zibszy-test-out.txt\n\n==> Error: 1 test(s) in the suite failed.\n\n======================== 1 failed, 0 passed of 1 specs =========================\n",
                    "return_code": 1,
                    "seconds": 2.907033920288086,
                    "prediction": false,
                    "command": "/spack/bin/spack test run /7zibsz"
                }
            }
        },
        "stats": {
            "sizes_bytes": {}
        },
        "experiment": "meson",
        "result": "splice-success",
        "success": true,
        "splice": "ninja@1.10.0",
        "package": "meson@0.58.2",
        "different_libs": false
    },
    {
        "specs": {
            "original": "meson@0.58.2%gcc@11.2.0 patches=aa6c50d arch=linux-ubuntu22.04-haswell ^berkeley-db@18.1.40%gcc@11.2.0+cxx~docs+stl patches=b231fcc arch=linux-ubuntu22.04-haswell ^bzip2@1.0.8%gcc@11.2.0~debug~pic+shared arch=linux-ubuntu22.04-haswell ^ca-certificates-mozilla@2022-03-29%gcc@11.2.0 arch=linux-ubuntu22.04-haswell ^diffutils@3.8%gcc@11.2.0 arch=linux-ubuntu22.04-haswell ^expat@2.4.8%gcc@11.2.0+libbsd arch=linux-ubuntu22.04-haswell ^gdbm@1.19%gcc@11.2.0 arch=linux-ubuntu22.04-haswell ^gettext@0.21%gcc@11.2.0+bzip2+curses+git~libunistring+libxml2+tar+xz arch=linux-ubuntu22.04-haswell ^libbsd@0.11.5%gcc@11.2.0 arch=linux-ubuntu22.04-haswell ^libffi@3.4.2%gcc@11.2.0 arch=linux-ubuntu22.04-haswell ^libiconv@1.16%gcc@11.2.0 libs=shared,static arch=linux-ubuntu22.04-haswell ^libmd@1.0.4%gcc@11.2.0 arch=linux-ubuntu22.04-haswell ^libxml2@2.9.13%gcc@11.2.0~python arch=linux-ubuntu22.04-haswell ^ncurses@6.2%gcc@11.2.0~symlinks+termlib abi=none arch=linux-ubuntu22.04-haswell ^ninja@1.11.0%gcc@11.2.0 arch=linux-ubuntu22.04-haswell ^openssl@1.1.1q%gcc@11.2.0~docs~shared certs=mozilla patches=3fdcf2d arch=linux-ubuntu22.04-haswell ^perl@5.34.1%gcc@11.2.0+cpanm+shared+threads arch=linux-ubuntu22.04-haswell ^pigz@2.7%gcc@11.2.0 arch=linux-ubuntu22.04-haswell ^pkgconf@1.8.0%gcc@11.2.0 arch=linux-ubuntu22.04-haswell ^py-pip@22.1.2%gcc@11.2.0 arch=linux-ubuntu22.04-haswell ^py-setuptools@63.0.0%gcc@11.2.0 arch=linux-ubuntu22.04-haswell ^py-wheel@0.37.1%gcc@11.2.0 arch=linux-ubuntu22.04-haswell ^python@3.9.13%gcc@11.2.0+bz2+ctypes+dbm~debug+ensurepip+libxml2+lzma~nis~optimizations+pic+pyexpat+pythoncmd+readline+shared+sqlite3+ssl~tix~tkinter~ucs4+uuid+zlib patches=0d98e93,4c24573,f2fd060 arch=linux-ubuntu22.04-haswell ^readline@8.1.2%gcc@11.2.0 arch=linux-ubuntu22.04-haswell ^sqlite@3.38.5%gcc@11.2.0+column_metadata+dynamic_extensions+fts~functions+rtree arch=linux-ubuntu22.04-haswell ^tar@1.34%gcc@11.2.0 zip=pigz arch=linux-ubuntu22.04-haswell ^util-linux-uuid@2.37.4%gcc@11.2.0 arch=linux-ubuntu22.04-haswell ^xz@5.2.5%gcc@11.2.0~pic libs=shared,static arch=linux-ubuntu22.04-haswell ^zlib@1.2.12%gcc@11.2.0+optimize+pic+shared patches=0d38234 arch=linux-ubuntu22.04-haswell ^zstd@1.5.2%gcc@11.2.0+programs compression=none libs=shared,static arch=linux-ubuntu22.04-haswell",
            "spliced": "meson@0.58.2%gcc@11.2.0 patches=aa6c50d arch=linux-ubuntu22.04-haswell ^berkeley-db@18.1.40%gcc@11.2.0+cxx~docs+stl patches=b231fcc arch=linux-ubuntu22.04-haswell ^bzip2@1.0.8%gcc@11.2.0~debug~pic+shared arch=linux-ubuntu22.04-haswell ^ca-certificates-mozilla@2022-03-29%gcc@11.2.0 arch=linux-ubuntu22.04-haswell ^diffutils@3.8%gcc@11.2.0 arch=linux-ubuntu22.04-haswell ^expat@2.4.8%gcc@11.2.0+libbsd arch=linux-ubuntu22.04-haswell ^gdbm@1.19%gcc@11.2.0 arch=linux-ubuntu22.04-haswell ^gettext@0.21%gcc@11.2.0+bzip2+curses+git~libunistring+libxml2+tar+xz arch=linux-ubuntu22.04-haswell ^libbsd@0.11.5%gcc@11.2.0 arch=linux-ubuntu22.04-haswell ^libffi@3.4.2%gcc@11.2.0 arch=linux-ubuntu22.04-haswell ^libiconv@1.16%gcc@11.2.0 libs=shared,static arch=linux-ubuntu22.04-haswell ^libmd@1.0.4%gcc@11.2.0 arch=linux-ubuntu22.04-haswell ^libxml2@2.9.13%gcc@11.2.0~python arch=linux-ubuntu22.04-haswell ^ncurses@6.2%gcc@11.2.0~symlinks+termlib abi=none arch=linux-ubuntu22.04-haswell ^ninja@1.10.1%gcc@11.2.0 arch=linux-ubuntu22.04-haswell ^openssl@1.1.1q%gcc@11.2.0~docs~shared certs=mozilla patches=3fdcf2d arch=linux-ubuntu22.04-haswell ^perl@5.34.1%gcc@11.2.0+cpanm+shared+threads arch=linux-ubuntu22.04-haswell ^pigz@2.7%gcc@11.2.0 arch=linux-ubuntu22.04-haswell ^pkgconf@1.8.0%gcc@11.2.0 arch=linux-ubuntu22.04-haswell ^py-pip@22.1.2%gcc@11.2.0 arch=linux-ubuntu22.04-haswell ^py-setuptools@63.0.0%gcc@11.2.0 arch=linux-ubuntu22.04-haswell ^py-wheel@0.37.1%gcc@11.2.0 arch=linux-ubuntu22.04-haswell ^python@3.9.13%gcc@11.2.0+bz2+ctypes+dbm~debug+ensurepip+libxml2+lzma~nis~optimizations+pic+pyexpat+pythoncmd+readline+shared+sqlite3+ssl~tix~tkinter~ucs4+uuid+zlib patches=0d98e93,4c24573,f2fd060 arch=linux-ubuntu22.04-haswell ^readline@8.1.2%gcc@11.2.0 arch=linux-ubuntu22.04-haswell ^sqlite@3.38.5%gcc@11.2.0+column_metadata+dynamic_extensions+fts~functions+rtree arch=linux-ubuntu22.04-haswell ^tar@1.34%gcc@11.2.0 zip=pigz arch=linux-ubuntu22.04-haswell ^util-linux-uuid@2.37.4%gcc@11.2.0 arch=linux-ubuntu22.04-haswell ^xz@5.2.5%gcc@11.2.0~pic libs=shared,static arch=linux-ubuntu22.04-haswell ^zlib@1.2.12%gcc@11.2.0+optimize+pic+shared patches=0d38234 arch=linux-ubuntu22.04-haswell ^zstd@1.5.2%gcc@11.2.0+programs compression=none libs=shared,static arch=linux-ubuntu22.04-haswell"
        },
        "ids": {
            "original": "/c7o5oa",
            "spliced": "/k3grjj"
        },
        "original": [],
        "spliced": [],
        "paths": {
            "loads": {
                "original": [
                    "/spack/opt/spack/linux-ubuntu22.04-haswell/gcc-11.2.0/openssl-1.1.1q-gqizvq5o5pipkqv2cxsg3k47lnqi64j3/lib",
                    "/spack/opt/spack/linux-ubuntu22.04-haswell/gcc-11.2.0/zlib-1.2.12-ychk3ix6mv3mgsrtnazfunnmu4vrspkk/lib",
                    "/spack/opt/spack/linux-ubuntu22.04-haswell/gcc-11.2.0/sqlite-3.38.5-d2ea6bj7l73lk6qts76ztojzxfz5mcvc/lib",
                    "/spack/opt/spack/linux-ubuntu22.04-haswell/gcc-11.2.0/expat-2.4.8-owhc2truzoihyzfqo7rxjgd4edfc6j7v/lib",
                    "/spack/opt/spack/linux-ubuntu22.04-haswell/gcc-11.2.0/libbsd-0.11.5-ae73lpti6eu6wivubsemtrytzzf3hez7/lib",
                    "/spack/opt/spack/linux-ubuntu22.04-haswell/gcc-11.2.0/gettext-0.21-u6wcu25n7tfqtrvnexez66utuydb4smx/lib",
                    "/spack/opt/spack/linux-ubuntu22.04-haswell/gcc-11.2.0/ncurses-6.2-2khyzubbcfupjtbj4nkogd7ebonczczr/lib",
                    "/spack/opt/spack/linux-ubuntu22.04-haswell/gcc-11.2.0/berkeley-db-18.1.40-y3xm2b4wnx2tsoeh4mb3glrv4zzgmt57/lib",
                    "/spack/opt/spack/linux-ubuntu22.04-haswell/gcc-11.2.0/libffi-3.4.2-m3zifbsskipiwtc4j55gcuiggbxrlc73/lib",
                    "/spack/opt/spack/linux-ubuntu22.04-haswell/gcc-11.2.0/perl-5.34.1-olweu672du4nrlvjn2shpf62jbgxzzp6/lib",
                    "/spack/opt/spack/linux-ubuntu22.04-haswell/gcc-11.2.0/libmd-1.0.4-ajqlqlpzseqjzps2pjrcxzqgwoqre7id/lib",
                    "/spack/opt/spack/linux-ubuntu22.04-haswell/gcc-11.2.0/pkgconf-1.8.0-ruoukh6z67iefyz4cyphkcqaz2g2hx7f/lib",
                    "/spack/opt/spack/linux-ubuntu22.04-haswell/gcc-11.2.0/py-setuptools-63.0.0-qjixzrrpenjwdukrncgixplgrivtxn4g/lib",
                    "/spack/opt/spack/linux-ubuntu22.04-haswell/gcc-11.2.0/python-3.9.13-q47iise7npr7iijnfw5l66jtgksi4tvc/lib",
                    "/spack/opt/spack/linux-ubuntu22.04-haswell/gcc-11.2.0/xz-5.2.5-ub757pyoqpaurexmrq7oxo7cj35qod2q/lib",
                    "/spack/opt/spack/linux-ubuntu22.04-haswell/gcc-11.2.0/libxml2-2.9.13-7nkjcj7tyvlqw2evbz75lmy3orkmqpmy/lib",
                    "/spack/opt/spack/linux-ubuntu22.04-haswell/gcc-11.2.0/bzip2-1.0.8-szccym2boautmkfmh4m2xm2krbftkd2g/lib",
                    "/spack/opt/spack/linux-ubuntu22.04-haswell/gcc-11.2.0/libiconv-1.16-nylazfnjil3kyc5wyctes6ttimburge6/lib",
                    "/spack/opt/spack/linux-ubuntu22.04-haswell/gcc-11.2.0/zstd-1.5.2-nbvfzv7w6wra46fxbdhk5ewgplaxuwqn/lib",
                    "/spack/opt/spack/linux-ubuntu22.04-haswell/gcc-11.2.0/readline-8.1.2-b7aunqqlalfx6dlbtvcqgzcvtcn4ysjk/lib",
                    "/spack/opt/spack/linux-ubuntu22.04-haswell/gcc-11.2.0/meson-0.58.2-c7o5oaowwtwapuq6w6bt5kdo36j2kwxa/lib",
                    "/spack/opt/spack/linux-ubuntu22.04-haswell/gcc-11.2.0/py-wheel-0.37.1-elguqdgx2rqpyjti3aiugzkciub2w7pc/lib",
                    "/spack/opt/spack/linux-ubuntu22.04-haswell/gcc-11.2.0/gdbm-1.19-wcroyxphbv36i3i7pvflptbcp2fqumx3/lib",
                    "/spack/opt/spack/linux-ubuntu22.04-haswell/gcc-11.2.0/util-linux-uuid-2.37.4-zfqnulivrw2c6ucejn44ozyygbnbgkej/lib",
                    "/spack/opt/spack/linux-ubuntu22.04-haswell/gcc-11.2.0/py-pip-22.1.2-nd5hxakdl6igvv7tx3olohvdz3mufwbb/lib"
                ],
                "spliced": [
                    "/spack/opt/spack/linux-ubuntu22.04-haswell/gcc-11.2.0/py-wheel-0.37.1-ltvvmuvb2dskp25r2n2vjco6dli2mhng/lib",
                    "/spack/opt/spack/linux-ubuntu22.04-haswell/gcc-11.2.0/openssl-1.1.1q-gqizvq5o5pipkqv2cxsg3k47lnqi64j3/lib",
                    "/spack/opt/spack/linux-ubuntu22.04-haswell/gcc-11.2.0/zlib-1.2.12-ychk3ix6mv3mgsrtnazfunnmu4vrspkk/lib",
                    "/spack/opt/spack/linux-ubuntu22.04-haswell/gcc-11.2.0/sqlite-3.38.5-d2ea6bj7l73lk6qts76ztojzxfz5mcvc/lib",
                    "/spack/opt/spack/linux-ubuntu22.04-haswell/gcc-11.2.0/expat-2.4.8-owhc2truzoihyzfqo7rxjgd4edfc6j7v/lib",
                    "/spack/opt/spack/linux-ubuntu22.04-haswell/gcc-11.2.0/libbsd-0.11.5-ae73lpti6eu6wivubsemtrytzzf3hez7/lib",
                    "/spack/opt/spack/linux-ubuntu22.04-haswell/gcc-11.2.0/gettext-0.21-u6wcu25n7tfqtrvnexez66utuydb4smx/lib",
                    "/spack/opt/spack/linux-ubuntu22.04-haswell/gcc-11.2.0/ncurses-6.2-2khyzubbcfupjtbj4nkogd7ebonczczr/lib",
                    "/spack/opt/spack/linux-ubuntu22.04-haswell/gcc-11.2.0/berkeley-db-18.1.40-y3xm2b4wnx2tsoeh4mb3glrv4zzgmt57/lib",
                    "/spack/opt/spack/linux-ubuntu22.04-haswell/gcc-11.2.0/libffi-3.4.2-m3zifbsskipiwtc4j55gcuiggbxrlc73/lib",
                    "/spack/opt/spack/linux-ubuntu22.04-haswell/gcc-11.2.0/py-pip-22.1.2-3okip5kqbvxn6pwmfjb57eogafl7scz2/lib",
                    "/spack/opt/spack/linux-ubuntu22.04-haswell/gcc-11.2.0/perl-5.34.1-olweu672du4nrlvjn2shpf62jbgxzzp6/lib",
                    "/spack/opt/spack/linux-ubuntu22.04-haswell/gcc-11.2.0/libmd-1.0.4-ajqlqlpzseqjzps2pjrcxzqgwoqre7id/lib",
                    "/spack/opt/spack/linux-ubuntu22.04-haswell/gcc-11.2.0/pkgconf-1.8.0-ruoukh6z67iefyz4cyphkcqaz2g2hx7f/lib",
                    "/spack/opt/spack/linux-ubuntu22.04-haswell/gcc-11.2.0/meson-0.58.2-k3grjjuhabb4ixgpmgsebje6lf63z6fi/lib",
                    "/spack/opt/spack/linux-ubuntu22.04-haswell/gcc-11.2.0/py-setuptools-63.0.0-g475bshoryifohuytt7y3ge2umituppg/lib",
                    "/spack/opt/spack/linux-ubuntu22.04-haswell/gcc-11.2.0/python-3.9.13-q47iise7npr7iijnfw5l66jtgksi4tvc/lib",
                    "/spack/opt/spack/linux-ubuntu22.04-haswell/gcc-11.2.0/xz-5.2.5-ub757pyoqpaurexmrq7oxo7cj35qod2q/lib",
                    "/spack/opt/spack/linux-ubuntu22.04-haswell/gcc-11.2.0/libxml2-2.9.13-7nkjcj7tyvlqw2evbz75lmy3orkmqpmy/lib",
                    "/spack/opt/spack/linux-ubuntu22.04-haswell/gcc-11.2.0/bzip2-1.0.8-szccym2boautmkfmh4m2xm2krbftkd2g/lib",
                    "/spack/opt/spack/linux-ubuntu22.04-haswell/gcc-11.2.0/libiconv-1.16-nylazfnjil3kyc5wyctes6ttimburge6/lib",
                    "/spack/opt/spack/linux-ubuntu22.04-haswell/gcc-11.2.0/zstd-1.5.2-nbvfzv7w6wra46fxbdhk5ewgplaxuwqn/lib",
                    "/spack/opt/spack/linux-ubuntu22.04-haswell/gcc-11.2.0/readline-8.1.2-b7aunqqlalfx6dlbtvcqgzcvtcn4ysjk/lib",
                    "/spack/opt/spack/linux-ubuntu22.04-haswell/gcc-11.2.0/gdbm-1.19-wcroyxphbv36i3i7pvflptbcp2fqumx3/lib",
                    "/spack/opt/spack/linux-ubuntu22.04-haswell/gcc-11.2.0/util-linux-uuid-2.37.4-zfqnulivrw2c6ucejn44ozyygbnbgkej/lib"
                ]
            }
        },
        "predictions": {
            "spack-test": {
                "original": {
                    "message": "==> Spack test zkfeeillg5scgn3xsexyubg76vqqq7k3\n==> Testing package meson-0.58.2-c7o5oao\n==> Error: TestFailure: 1 tests failed.\n\n\nCommand exited with status 1:\n    '/spack/opt/spack/linux-ubuntu22.04-haswell/gcc-11.2.0/python-3.9.13-q47iise7npr7iijnfw5l66jtgksi4tvc/bin/python3.9' '-c' 'import mesonbuild.ast'\nTraceback (most recent call last):\n  File \"<string>\", line 1, in <module>\n  File \"/spack/opt/spack/linux-ubuntu22.04-haswell/gcc-11.2.0/meson-0.58.2-c7o5oaowwtwapuq6w6bt5kdo36j2kwxa/lib/python3.9/site-packages/mesonbuild/ast/__init__.py\", line 30, in <module>\n    from .interpreter import AstInterpreter\n  File \"/spack/opt/spack/linux-ubuntu22.04-haswell/gcc-11.2.0/meson-0.58.2-c7o5oaowwtwapuq6w6bt5kdo36j2kwxa/lib/python3.9/site-packages/mesonbuild/ast/interpreter.py\", line 19, in <module>\n    from .. import interpreterbase, mparser, mesonlib\n  File \"/spack/opt/spack/linux-ubuntu22.04-haswell/gcc-11.2.0/meson-0.58.2-c7o5oaowwtwapuq6w6bt5kdo36j2kwxa/lib/python3.9/site-packages/mesonbuild/interpreterbase.py\", line 19, in <module>\n    from . import environment, dependencies\n  File \"/spack/opt/spack/linux-ubuntu22.04-haswell/gcc-11.2.0/meson-0.58.2-c7o5oaowwtwapuq6w6bt5kdo36j2kwxa/lib/python3.9/site-packages/mesonbuild/dependencies/__init__.py\", line 15, in <module>\n    from .boost import BoostDependency\n  File \"/spack/opt/spack/linux-ubuntu22.04-haswell/gcc-11.2.0/meson-0.58.2-c7o5oaowwtwapuq6w6bt5kdo36j2kwxa/lib/python3.9/site-packages/mesonbuild/dependencies/boost.py\", line 25, in <module>\n    from .base import DependencyException, ExternalDependency, PkgConfigDependency\n  File \"/spack/opt/spack/linux-ubuntu22.04-haswell/gcc-11.2.0/meson-0.58.2-c7o5oaowwtwapuq6w6bt5kdo36j2kwxa/lib/python3.9/site-packages/mesonbuild/dependencies/base.py\", line 41, in <module>\n    from ..interpreterbase import FeatureDeprecated\nImportError: cannot import name 'FeatureDeprecated' from partially initialized module 'mesonbuild.interpreterbase' (most likely due to a circular import) (/spack/opt/spack/linux-ubuntu22.04-haswell/gcc-11.2.0/meson-0.58.2-c7o5oaowwtwapuq6w6bt5kdo36j2kwxa/lib/python3.9/site-packages/mesonbuild/interpreterbase.py)\n\n\n\n1 error found in test log:\n     23        from .boost import BoostDependency\n     24      File \"/spack/opt/spack/linux-ubuntu22.04-haswell/gcc-11.2.0/meson-\n           0.58.2-c7o5oaowwtwapuq6w6bt5kdo36j2kwxa/lib/python3.9/site-packages/\n           mesonbuild/dependencies/boost.py\", line 25, in <module>\n     25        from .base import DependencyException, ExternalDependency, PkgCo\n           nfigDependency\n     26      File \"/spack/opt/spack/linux-ubuntu22.04-haswell/gcc-11.2.0/meson-\n           0.58.2-c7o5oaowwtwapuq6w6bt5kdo36j2kwxa/lib/python3.9/site-packages/\n           mesonbuild/dependencies/base.py\", line 41, in <module>\n     27        from ..interpreterbase import FeatureDeprecated\n     28    ImportError: cannot import name 'FeatureDeprecated' from partially i\n           nitialized module 'mesonbuild.interpreterbase' (most likely due to a\n            circular import) (/spack/opt/spack/linux-ubuntu22.04-haswell/gcc-11\n           .2.0/meson-0.58.2-c7o5oaowwtwapuq6w6bt5kdo36j2kwxa/lib/python3.9/sit\n           e-packages/mesonbuild/interpreterbase.py)\n  >> 29    FAILED: Command exited with status 1:\n     30        '/spack/opt/spack/linux-ubuntu22.04-haswell/gcc-11.2.0/python-3.\n           9.13-q47iise7npr7iijnfw5l66jtgksi4tvc/bin/python3.9' '-c' 'import me\n           sonbuild.ast'\n     31    Traceback (most recent call last):\n     32      File \"<string>\", line 1, in <module>\n     33      File \"/spack/opt/spack/linux-ubuntu22.04-haswell/gcc-11.2.0/meson-\n           0.58.2-c7o5oaowwtwapuq6w6bt5kdo36j2kwxa/lib/python3.9/site-packages/\n           mesonbuild/ast/__init__.py\", line 30, in <module>\n     34        from .interpreter import AstInterpreter\n     35      File \"/spack/opt/spack/linux-ubuntu22.04-haswell/gcc-11.2.0/meson-\n           0.58.2-c7o5oaowwtwapuq6w6bt5kdo36j2kwxa/lib/python3.9/site-packages/\n           mesonbuild/ast/interpreter.py\", line 19, in <module>\n\n\n\n/spack/lib/spack/spack/build_environment.py:1076, in _setup_pkg_and_run:\n       1073        tb_string = traceback.format_exc()\n       1074\n       1075        # build up some context from the offending package so we can\n  >>   1076        # show that, too.\n       1077        package_context = get_package_context(tb)\n       1078\n       1079        logfile = None\n\nSee test log for details:\n  /cache/spack/test/zkfeeillg5scgn3xsexyubg76vqqq7k3/meson-0.58.2-c7o5oao-test-out.txt\n\n==> Error: 1 test(s) in the suite failed.\n\n======================== 1 failed, 0 passed of 1 specs =========================\n",
                    "return_code": 1,
                    "seconds": 2.4680776596069336,
                    "prediction": false,
                    "command": "/spack/bin/spack test run /c7o5oa"
                },
                "spliced": {
                    "message": "==> Spack test xjhi6rwirh5s2fnuh5ujqyslwdf4omxb\n==> Testing package meson-0.58.2-k3grjju\n==> Error: TestFailure: 1 tests failed.\n\n\nCommand exited with status 1:\n    '/spack/opt/spack/linux-ubuntu22.04-haswell/gcc-11.2.0/python-3.9.13-q47iise7npr7iijnfw5l66jtgksi4tvc/bin/python3.9' '-c' 'import mesonbuild.ast'\nTraceback (most recent call last):\n  File \"<string>\", line 1, in <module>\n  File \"/spack/opt/spack/linux-ubuntu22.04-haswell/gcc-11.2.0/meson-0.58.2-k3grjjuhabb4ixgpmgsebje6lf63z6fi/lib/python3.9/site-packages/mesonbuild/ast/__init__.py\", line 30, in <module>\n    from .interpreter import AstInterpreter\n  File \"/spack/opt/spack/linux-ubuntu22.04-haswell/gcc-11.2.0/meson-0.58.2-k3grjjuhabb4ixgpmgsebje6lf63z6fi/lib/python3.9/site-packages/mesonbuild/ast/interpreter.py\", line 19, in <module>\n    from .. import interpreterbase, mparser, mesonlib\n  File \"/spack/opt/spack/linux-ubuntu22.04-haswell/gcc-11.2.0/meson-0.58.2-k3grjjuhabb4ixgpmgsebje6lf63z6fi/lib/python3.9/site-packages/mesonbuild/interpreterbase.py\", line 19, in <module>\n    from . import environment, dependencies\n  File \"/spack/opt/spack/linux-ubuntu22.04-haswell/gcc-11.2.0/meson-0.58.2-k3grjjuhabb4ixgpmgsebje6lf63z6fi/lib/python3.9/site-packages/mesonbuild/dependencies/__init__.py\", line 15, in <module>\n    from .boost import BoostDependency\n  File \"/spack/opt/spack/linux-ubuntu22.04-haswell/gcc-11.2.0/meson-0.58.2-k3grjjuhabb4ixgpmgsebje6lf63z6fi/lib/python3.9/site-packages/mesonbuild/dependencies/boost.py\", line 25, in <module>\n    from .base import DependencyException, ExternalDependency, PkgConfigDependency\n  File \"/spack/opt/spack/linux-ubuntu22.04-haswell/gcc-11.2.0/meson-0.58.2-k3grjjuhabb4ixgpmgsebje6lf63z6fi/lib/python3.9/site-packages/mesonbuild/dependencies/base.py\", line 41, in <module>\n    from ..interpreterbase import FeatureDeprecated\nImportError: cannot import name 'FeatureDeprecated' from partially initialized module 'mesonbuild.interpreterbase' (most likely due to a circular import) (/spack/opt/spack/linux-ubuntu22.04-haswell/gcc-11.2.0/meson-0.58.2-k3grjjuhabb4ixgpmgsebje6lf63z6fi/lib/python3.9/site-packages/mesonbuild/interpreterbase.py)\n\n\n\n1 error found in test log:\n     23        from .boost import BoostDependency\n     24      File \"/spack/opt/spack/linux-ubuntu22.04-haswell/gcc-11.2.0/meson-\n           0.58.2-k3grjjuhabb4ixgpmgsebje6lf63z6fi/lib/python3.9/site-packages/\n           mesonbuild/dependencies/boost.py\", line 25, in <module>\n     25        from .base import DependencyException, ExternalDependency, PkgCo\n           nfigDependency\n     26      File \"/spack/opt/spack/linux-ubuntu22.04-haswell/gcc-11.2.0/meson-\n           0.58.2-k3grjjuhabb4ixgpmgsebje6lf63z6fi/lib/python3.9/site-packages/\n           mesonbuild/dependencies/base.py\", line 41, in <module>\n     27        from ..interpreterbase import FeatureDeprecated\n     28    ImportError: cannot import name 'FeatureDeprecated' from partially i\n           nitialized module 'mesonbuild.interpreterbase' (most likely due to a\n            circular import) (/spack/opt/spack/linux-ubuntu22.04-haswell/gcc-11\n           .2.0/meson-0.58.2-k3grjjuhabb4ixgpmgsebje6lf63z6fi/lib/python3.9/sit\n           e-packages/mesonbuild/interpreterbase.py)\n  >> 29    FAILED: Command exited with status 1:\n     30        '/spack/opt/spack/linux-ubuntu22.04-haswell/gcc-11.2.0/python-3.\n           9.13-q47iise7npr7iijnfw5l66jtgksi4tvc/bin/python3.9' '-c' 'import me\n           sonbuild.ast'\n     31    Traceback (most recent call last):\n     32      File \"<string>\", line 1, in <module>\n     33      File \"/spack/opt/spack/linux-ubuntu22.04-haswell/gcc-11.2.0/meson-\n           0.58.2-k3grjjuhabb4ixgpmgsebje6lf63z6fi/lib/python3.9/site-packages/\n           mesonbuild/ast/__init__.py\", line 30, in <module>\n     34        from .interpreter import AstInterpreter\n     35      File \"/spack/opt/spack/linux-ubuntu22.04-haswell/gcc-11.2.0/meson-\n           0.58.2-k3grjjuhabb4ixgpmgsebje6lf63z6fi/lib/python3.9/site-packages/\n           mesonbuild/ast/interpreter.py\", line 19, in <module>\n\n\n\n/spack/lib/spack/spack/build_environment.py:1076, in _setup_pkg_and_run:\n       1073        tb_string = traceback.format_exc()\n       1074\n       1075        # build up some context from the offending package so we can\n  >>   1076        # show that, too.\n       1077        package_context = get_package_context(tb)\n       1078\n       1079        logfile = None\n\nSee test log for details:\n  /cache/spack/test/xjhi6rwirh5s2fnuh5ujqyslwdf4omxb/meson-0.58.2-k3grjju-test-out.txt\n\n==> Error: 1 test(s) in the suite failed.\n\n======================== 1 failed, 0 passed of 1 specs =========================\n",
                    "return_code": 1,
                    "seconds": 2.87318754196167,
                    "prediction": false,
                    "command": "/spack/bin/spack test run /k3grjj"
                }
            }
        },
        "stats": {
            "sizes_bytes": {}
        },
        "experiment": "meson",
        "result": "splice-success",
        "success": true,
        "splice": "ninja@1.10.1",
        "package": "meson@0.58.2",
        "different_libs": false
    },
    {
        "specs": {
            "original": "meson@0.58.2%gcc@11.2.0 patches=aa6c50d arch=linux-ubuntu22.04-haswell ^berkeley-db@18.1.40%gcc@11.2.0+cxx~docs+stl patches=b231fcc arch=linux-ubuntu22.04-haswell ^bzip2@1.0.8%gcc@11.2.0~debug~pic+shared arch=linux-ubuntu22.04-haswell ^ca-certificates-mozilla@2022-03-29%gcc@11.2.0 arch=linux-ubuntu22.04-haswell ^diffutils@3.8%gcc@11.2.0 arch=linux-ubuntu22.04-haswell ^expat@2.4.8%gcc@11.2.0+libbsd arch=linux-ubuntu22.04-haswell ^gdbm@1.19%gcc@11.2.0 arch=linux-ubuntu22.04-haswell ^gettext@0.21%gcc@11.2.0+bzip2+curses+git~libunistring+libxml2+tar+xz arch=linux-ubuntu22.04-haswell ^libbsd@0.11.5%gcc@11.2.0 arch=linux-ubuntu22.04-haswell ^libffi@3.4.2%gcc@11.2.0 arch=linux-ubuntu22.04-haswell ^libiconv@1.16%gcc@11.2.0 libs=shared,static arch=linux-ubuntu22.04-haswell ^libmd@1.0.4%gcc@11.2.0 arch=linux-ubuntu22.04-haswell ^libxml2@2.9.13%gcc@11.2.0~python arch=linux-ubuntu22.04-haswell ^ncurses@6.2%gcc@11.2.0~symlinks+termlib abi=none arch=linux-ubuntu22.04-haswell ^ninja@1.11.0%gcc@11.2.0 arch=linux-ubuntu22.04-haswell ^openssl@1.1.1q%gcc@11.2.0~docs~shared certs=mozilla patches=3fdcf2d arch=linux-ubuntu22.04-haswell ^perl@5.34.1%gcc@11.2.0+cpanm+shared+threads arch=linux-ubuntu22.04-haswell ^pigz@2.7%gcc@11.2.0 arch=linux-ubuntu22.04-haswell ^pkgconf@1.8.0%gcc@11.2.0 arch=linux-ubuntu22.04-haswell ^py-pip@22.1.2%gcc@11.2.0 arch=linux-ubuntu22.04-haswell ^py-setuptools@63.0.0%gcc@11.2.0 arch=linux-ubuntu22.04-haswell ^py-wheel@0.37.1%gcc@11.2.0 arch=linux-ubuntu22.04-haswell ^python@3.9.13%gcc@11.2.0+bz2+ctypes+dbm~debug+ensurepip+libxml2+lzma~nis~optimizations+pic+pyexpat+pythoncmd+readline+shared+sqlite3+ssl~tix~tkinter~ucs4+uuid+zlib patches=0d98e93,4c24573,f2fd060 arch=linux-ubuntu22.04-haswell ^readline@8.1.2%gcc@11.2.0 arch=linux-ubuntu22.04-haswell ^sqlite@3.38.5%gcc@11.2.0+column_metadata+dynamic_extensions+fts~functions+rtree arch=linux-ubuntu22.04-haswell ^tar@1.34%gcc@11.2.0 zip=pigz arch=linux-ubuntu22.04-haswell ^util-linux-uuid@2.37.4%gcc@11.2.0 arch=linux-ubuntu22.04-haswell ^xz@5.2.5%gcc@11.2.0~pic libs=shared,static arch=linux-ubuntu22.04-haswell ^zlib@1.2.12%gcc@11.2.0+optimize+pic+shared patches=0d38234 arch=linux-ubuntu22.04-haswell ^zstd@1.5.2%gcc@11.2.0+programs compression=none libs=shared,static arch=linux-ubuntu22.04-haswell",
            "spliced": "meson@0.58.2%gcc@11.2.0 patches=aa6c50d arch=linux-ubuntu22.04-haswell ^berkeley-db@18.1.40%gcc@11.2.0+cxx~docs+stl patches=b231fcc arch=linux-ubuntu22.04-haswell ^bzip2@1.0.8%gcc@11.2.0~debug~pic+shared arch=linux-ubuntu22.04-haswell ^ca-certificates-mozilla@2022-03-29%gcc@11.2.0 arch=linux-ubuntu22.04-haswell ^diffutils@3.8%gcc@11.2.0 arch=linux-ubuntu22.04-haswell ^expat@2.4.8%gcc@11.2.0+libbsd arch=linux-ubuntu22.04-haswell ^gdbm@1.19%gcc@11.2.0 arch=linux-ubuntu22.04-haswell ^gettext@0.21%gcc@11.2.0+bzip2+curses+git~libunistring+libxml2+tar+xz arch=linux-ubuntu22.04-haswell ^libbsd@0.11.5%gcc@11.2.0 arch=linux-ubuntu22.04-haswell ^libffi@3.4.2%gcc@11.2.0 arch=linux-ubuntu22.04-haswell ^libiconv@1.16%gcc@11.2.0 libs=shared,static arch=linux-ubuntu22.04-haswell ^libmd@1.0.4%gcc@11.2.0 arch=linux-ubuntu22.04-haswell ^libxml2@2.9.13%gcc@11.2.0~python arch=linux-ubuntu22.04-haswell ^ncurses@6.2%gcc@11.2.0~symlinks+termlib abi=none arch=linux-ubuntu22.04-haswell ^ninja@1.10.2%gcc@11.2.0 arch=linux-ubuntu22.04-haswell ^openssl@1.1.1q%gcc@11.2.0~docs~shared certs=mozilla patches=3fdcf2d arch=linux-ubuntu22.04-haswell ^perl@5.34.1%gcc@11.2.0+cpanm+shared+threads arch=linux-ubuntu22.04-haswell ^pigz@2.7%gcc@11.2.0 arch=linux-ubuntu22.04-haswell ^pkgconf@1.8.0%gcc@11.2.0 arch=linux-ubuntu22.04-haswell ^py-pip@22.1.2%gcc@11.2.0 arch=linux-ubuntu22.04-haswell ^py-setuptools@63.0.0%gcc@11.2.0 arch=linux-ubuntu22.04-haswell ^py-wheel@0.37.1%gcc@11.2.0 arch=linux-ubuntu22.04-haswell ^python@3.9.13%gcc@11.2.0+bz2+ctypes+dbm~debug+ensurepip+libxml2+lzma~nis~optimizations+pic+pyexpat+pythoncmd+readline+shared+sqlite3+ssl~tix~tkinter~ucs4+uuid+zlib patches=0d98e93,4c24573,f2fd060 arch=linux-ubuntu22.04-haswell ^readline@8.1.2%gcc@11.2.0 arch=linux-ubuntu22.04-haswell ^sqlite@3.38.5%gcc@11.2.0+column_metadata+dynamic_extensions+fts~functions+rtree arch=linux-ubuntu22.04-haswell ^tar@1.34%gcc@11.2.0 zip=pigz arch=linux-ubuntu22.04-haswell ^util-linux-uuid@2.37.4%gcc@11.2.0 arch=linux-ubuntu22.04-haswell ^xz@5.2.5%gcc@11.2.0~pic libs=shared,static arch=linux-ubuntu22.04-haswell ^zlib@1.2.12%gcc@11.2.0+optimize+pic+shared patches=0d38234 arch=linux-ubuntu22.04-haswell ^zstd@1.5.2%gcc@11.2.0+programs compression=none libs=shared,static arch=linux-ubuntu22.04-haswell"
        },
        "ids": {
            "original": "/c7o5oa",
            "spliced": "/ftclzl"
        },
        "original": [],
        "spliced": [],
        "paths": {
            "loads": {
                "original": [
                    "/spack/opt/spack/linux-ubuntu22.04-haswell/gcc-11.2.0/openssl-1.1.1q-gqizvq5o5pipkqv2cxsg3k47lnqi64j3/lib",
                    "/spack/opt/spack/linux-ubuntu22.04-haswell/gcc-11.2.0/zlib-1.2.12-ychk3ix6mv3mgsrtnazfunnmu4vrspkk/lib",
                    "/spack/opt/spack/linux-ubuntu22.04-haswell/gcc-11.2.0/sqlite-3.38.5-d2ea6bj7l73lk6qts76ztojzxfz5mcvc/lib",
                    "/spack/opt/spack/linux-ubuntu22.04-haswell/gcc-11.2.0/expat-2.4.8-owhc2truzoihyzfqo7rxjgd4edfc6j7v/lib",
                    "/spack/opt/spack/linux-ubuntu22.04-haswell/gcc-11.2.0/libbsd-0.11.5-ae73lpti6eu6wivubsemtrytzzf3hez7/lib",
                    "/spack/opt/spack/linux-ubuntu22.04-haswell/gcc-11.2.0/gettext-0.21-u6wcu25n7tfqtrvnexez66utuydb4smx/lib",
                    "/spack/opt/spack/linux-ubuntu22.04-haswell/gcc-11.2.0/ncurses-6.2-2khyzubbcfupjtbj4nkogd7ebonczczr/lib",
                    "/spack/opt/spack/linux-ubuntu22.04-haswell/gcc-11.2.0/berkeley-db-18.1.40-y3xm2b4wnx2tsoeh4mb3glrv4zzgmt57/lib",
                    "/spack/opt/spack/linux-ubuntu22.04-haswell/gcc-11.2.0/libffi-3.4.2-m3zifbsskipiwtc4j55gcuiggbxrlc73/lib",
                    "/spack/opt/spack/linux-ubuntu22.04-haswell/gcc-11.2.0/perl-5.34.1-olweu672du4nrlvjn2shpf62jbgxzzp6/lib",
                    "/spack/opt/spack/linux-ubuntu22.04-haswell/gcc-11.2.0/libmd-1.0.4-ajqlqlpzseqjzps2pjrcxzqgwoqre7id/lib",
                    "/spack/opt/spack/linux-ubuntu22.04-haswell/gcc-11.2.0/pkgconf-1.8.0-ruoukh6z67iefyz4cyphkcqaz2g2hx7f/lib",
                    "/spack/opt/spack/linux-ubuntu22.04-haswell/gcc-11.2.0/py-setuptools-63.0.0-qjixzrrpenjwdukrncgixplgrivtxn4g/lib",
                    "/spack/opt/spack/linux-ubuntu22.04-haswell/gcc-11.2.0/python-3.9.13-q47iise7npr7iijnfw5l66jtgksi4tvc/lib",
                    "/spack/opt/spack/linux-ubuntu22.04-haswell/gcc-11.2.0/xz-5.2.5-ub757pyoqpaurexmrq7oxo7cj35qod2q/lib",
                    "/spack/opt/spack/linux-ubuntu22.04-haswell/gcc-11.2.0/libxml2-2.9.13-7nkjcj7tyvlqw2evbz75lmy3orkmqpmy/lib",
                    "/spack/opt/spack/linux-ubuntu22.04-haswell/gcc-11.2.0/bzip2-1.0.8-szccym2boautmkfmh4m2xm2krbftkd2g/lib",
                    "/spack/opt/spack/linux-ubuntu22.04-haswell/gcc-11.2.0/libiconv-1.16-nylazfnjil3kyc5wyctes6ttimburge6/lib",
                    "/spack/opt/spack/linux-ubuntu22.04-haswell/gcc-11.2.0/zstd-1.5.2-nbvfzv7w6wra46fxbdhk5ewgplaxuwqn/lib",
                    "/spack/opt/spack/linux-ubuntu22.04-haswell/gcc-11.2.0/readline-8.1.2-b7aunqqlalfx6dlbtvcqgzcvtcn4ysjk/lib",
                    "/spack/opt/spack/linux-ubuntu22.04-haswell/gcc-11.2.0/meson-0.58.2-c7o5oaowwtwapuq6w6bt5kdo36j2kwxa/lib",
                    "/spack/opt/spack/linux-ubuntu22.04-haswell/gcc-11.2.0/py-wheel-0.37.1-elguqdgx2rqpyjti3aiugzkciub2w7pc/lib",
                    "/spack/opt/spack/linux-ubuntu22.04-haswell/gcc-11.2.0/gdbm-1.19-wcroyxphbv36i3i7pvflptbcp2fqumx3/lib",
                    "/spack/opt/spack/linux-ubuntu22.04-haswell/gcc-11.2.0/util-linux-uuid-2.37.4-zfqnulivrw2c6ucejn44ozyygbnbgkej/lib",
                    "/spack/opt/spack/linux-ubuntu22.04-haswell/gcc-11.2.0/py-pip-22.1.2-nd5hxakdl6igvv7tx3olohvdz3mufwbb/lib"
                ],
                "spliced": [
                    "/spack/opt/spack/linux-ubuntu22.04-haswell/gcc-11.2.0/py-wheel-0.37.1-ltvvmuvb2dskp25r2n2vjco6dli2mhng/lib",
                    "/spack/opt/spack/linux-ubuntu22.04-haswell/gcc-11.2.0/openssl-1.1.1q-gqizvq5o5pipkqv2cxsg3k47lnqi64j3/lib",
                    "/spack/opt/spack/linux-ubuntu22.04-haswell/gcc-11.2.0/zlib-1.2.12-ychk3ix6mv3mgsrtnazfunnmu4vrspkk/lib",
                    "/spack/opt/spack/linux-ubuntu22.04-haswell/gcc-11.2.0/sqlite-3.38.5-d2ea6bj7l73lk6qts76ztojzxfz5mcvc/lib",
                    "/spack/opt/spack/linux-ubuntu22.04-haswell/gcc-11.2.0/expat-2.4.8-owhc2truzoihyzfqo7rxjgd4edfc6j7v/lib",
                    "/spack/opt/spack/linux-ubuntu22.04-haswell/gcc-11.2.0/libbsd-0.11.5-ae73lpti6eu6wivubsemtrytzzf3hez7/lib",
                    "/spack/opt/spack/linux-ubuntu22.04-haswell/gcc-11.2.0/gettext-0.21-u6wcu25n7tfqtrvnexez66utuydb4smx/lib",
                    "/spack/opt/spack/linux-ubuntu22.04-haswell/gcc-11.2.0/ncurses-6.2-2khyzubbcfupjtbj4nkogd7ebonczczr/lib",
                    "/spack/opt/spack/linux-ubuntu22.04-haswell/gcc-11.2.0/berkeley-db-18.1.40-y3xm2b4wnx2tsoeh4mb3glrv4zzgmt57/lib",
                    "/spack/opt/spack/linux-ubuntu22.04-haswell/gcc-11.2.0/libffi-3.4.2-m3zifbsskipiwtc4j55gcuiggbxrlc73/lib",
                    "/spack/opt/spack/linux-ubuntu22.04-haswell/gcc-11.2.0/py-pip-22.1.2-3okip5kqbvxn6pwmfjb57eogafl7scz2/lib",
                    "/spack/opt/spack/linux-ubuntu22.04-haswell/gcc-11.2.0/perl-5.34.1-olweu672du4nrlvjn2shpf62jbgxzzp6/lib",
                    "/spack/opt/spack/linux-ubuntu22.04-haswell/gcc-11.2.0/libmd-1.0.4-ajqlqlpzseqjzps2pjrcxzqgwoqre7id/lib",
                    "/spack/opt/spack/linux-ubuntu22.04-haswell/gcc-11.2.0/pkgconf-1.8.0-ruoukh6z67iefyz4cyphkcqaz2g2hx7f/lib",
                    "/spack/opt/spack/linux-ubuntu22.04-haswell/gcc-11.2.0/meson-0.58.2-ftclzlzlrnk3cm2hzzu6l73j2wbbqywm/lib",
                    "/spack/opt/spack/linux-ubuntu22.04-haswell/gcc-11.2.0/py-setuptools-63.0.0-g475bshoryifohuytt7y3ge2umituppg/lib",
                    "/spack/opt/spack/linux-ubuntu22.04-haswell/gcc-11.2.0/python-3.9.13-q47iise7npr7iijnfw5l66jtgksi4tvc/lib",
                    "/spack/opt/spack/linux-ubuntu22.04-haswell/gcc-11.2.0/xz-5.2.5-ub757pyoqpaurexmrq7oxo7cj35qod2q/lib",
                    "/spack/opt/spack/linux-ubuntu22.04-haswell/gcc-11.2.0/libxml2-2.9.13-7nkjcj7tyvlqw2evbz75lmy3orkmqpmy/lib",
                    "/spack/opt/spack/linux-ubuntu22.04-haswell/gcc-11.2.0/bzip2-1.0.8-szccym2boautmkfmh4m2xm2krbftkd2g/lib",
                    "/spack/opt/spack/linux-ubuntu22.04-haswell/gcc-11.2.0/libiconv-1.16-nylazfnjil3kyc5wyctes6ttimburge6/lib",
                    "/spack/opt/spack/linux-ubuntu22.04-haswell/gcc-11.2.0/zstd-1.5.2-nbvfzv7w6wra46fxbdhk5ewgplaxuwqn/lib",
                    "/spack/opt/spack/linux-ubuntu22.04-haswell/gcc-11.2.0/readline-8.1.2-b7aunqqlalfx6dlbtvcqgzcvtcn4ysjk/lib",
                    "/spack/opt/spack/linux-ubuntu22.04-haswell/gcc-11.2.0/gdbm-1.19-wcroyxphbv36i3i7pvflptbcp2fqumx3/lib",
                    "/spack/opt/spack/linux-ubuntu22.04-haswell/gcc-11.2.0/util-linux-uuid-2.37.4-zfqnulivrw2c6ucejn44ozyygbnbgkej/lib"
                ]
            }
        },
        "predictions": {
            "spack-test": {
                "original": {
                    "message": "==> Spack test zkfeeillg5scgn3xsexyubg76vqqq7k3\n==> Testing package meson-0.58.2-c7o5oao\n==> Error: TestFailure: 1 tests failed.\n\n\nCommand exited with status 1:\n    '/spack/opt/spack/linux-ubuntu22.04-haswell/gcc-11.2.0/python-3.9.13-q47iise7npr7iijnfw5l66jtgksi4tvc/bin/python3.9' '-c' 'import mesonbuild.ast'\nTraceback (most recent call last):\n  File \"<string>\", line 1, in <module>\n  File \"/spack/opt/spack/linux-ubuntu22.04-haswell/gcc-11.2.0/meson-0.58.2-c7o5oaowwtwapuq6w6bt5kdo36j2kwxa/lib/python3.9/site-packages/mesonbuild/ast/__init__.py\", line 30, in <module>\n    from .interpreter import AstInterpreter\n  File \"/spack/opt/spack/linux-ubuntu22.04-haswell/gcc-11.2.0/meson-0.58.2-c7o5oaowwtwapuq6w6bt5kdo36j2kwxa/lib/python3.9/site-packages/mesonbuild/ast/interpreter.py\", line 19, in <module>\n    from .. import interpreterbase, mparser, mesonlib\n  File \"/spack/opt/spack/linux-ubuntu22.04-haswell/gcc-11.2.0/meson-0.58.2-c7o5oaowwtwapuq6w6bt5kdo36j2kwxa/lib/python3.9/site-packages/mesonbuild/interpreterbase.py\", line 19, in <module>\n    from . import environment, dependencies\n  File \"/spack/opt/spack/linux-ubuntu22.04-haswell/gcc-11.2.0/meson-0.58.2-c7o5oaowwtwapuq6w6bt5kdo36j2kwxa/lib/python3.9/site-packages/mesonbuild/dependencies/__init__.py\", line 15, in <module>\n    from .boost import BoostDependency\n  File \"/spack/opt/spack/linux-ubuntu22.04-haswell/gcc-11.2.0/meson-0.58.2-c7o5oaowwtwapuq6w6bt5kdo36j2kwxa/lib/python3.9/site-packages/mesonbuild/dependencies/boost.py\", line 25, in <module>\n    from .base import DependencyException, ExternalDependency, PkgConfigDependency\n  File \"/spack/opt/spack/linux-ubuntu22.04-haswell/gcc-11.2.0/meson-0.58.2-c7o5oaowwtwapuq6w6bt5kdo36j2kwxa/lib/python3.9/site-packages/mesonbuild/dependencies/base.py\", line 41, in <module>\n    from ..interpreterbase import FeatureDeprecated\nImportError: cannot import name 'FeatureDeprecated' from partially initialized module 'mesonbuild.interpreterbase' (most likely due to a circular import) (/spack/opt/spack/linux-ubuntu22.04-haswell/gcc-11.2.0/meson-0.58.2-c7o5oaowwtwapuq6w6bt5kdo36j2kwxa/lib/python3.9/site-packages/mesonbuild/interpreterbase.py)\n\n\n\n1 error found in test log:\n     23        from .boost import BoostDependency\n     24      File \"/spack/opt/spack/linux-ubuntu22.04-haswell/gcc-11.2.0/meson-\n           0.58.2-c7o5oaowwtwapuq6w6bt5kdo36j2kwxa/lib/python3.9/site-packages/\n           mesonbuild/dependencies/boost.py\", line 25, in <module>\n     25        from .base import DependencyException, ExternalDependency, PkgCo\n           nfigDependency\n     26      File \"/spack/opt/spack/linux-ubuntu22.04-haswell/gcc-11.2.0/meson-\n           0.58.2-c7o5oaowwtwapuq6w6bt5kdo36j2kwxa/lib/python3.9/site-packages/\n           mesonbuild/dependencies/base.py\", line 41, in <module>\n     27        from ..interpreterbase import FeatureDeprecated\n     28    ImportError: cannot import name 'FeatureDeprecated' from partially i\n           nitialized module 'mesonbuild.interpreterbase' (most likely due to a\n            circular import) (/spack/opt/spack/linux-ubuntu22.04-haswell/gcc-11\n           .2.0/meson-0.58.2-c7o5oaowwtwapuq6w6bt5kdo36j2kwxa/lib/python3.9/sit\n           e-packages/mesonbuild/interpreterbase.py)\n  >> 29    FAILED: Command exited with status 1:\n     30        '/spack/opt/spack/linux-ubuntu22.04-haswell/gcc-11.2.0/python-3.\n           9.13-q47iise7npr7iijnfw5l66jtgksi4tvc/bin/python3.9' '-c' 'import me\n           sonbuild.ast'\n     31    Traceback (most recent call last):\n     32      File \"<string>\", line 1, in <module>\n     33      File \"/spack/opt/spack/linux-ubuntu22.04-haswell/gcc-11.2.0/meson-\n           0.58.2-c7o5oaowwtwapuq6w6bt5kdo36j2kwxa/lib/python3.9/site-packages/\n           mesonbuild/ast/__init__.py\", line 30, in <module>\n     34        from .interpreter import AstInterpreter\n     35      File \"/spack/opt/spack/linux-ubuntu22.04-haswell/gcc-11.2.0/meson-\n           0.58.2-c7o5oaowwtwapuq6w6bt5kdo36j2kwxa/lib/python3.9/site-packages/\n           mesonbuild/ast/interpreter.py\", line 19, in <module>\n\n\n\n/spack/lib/spack/spack/build_environment.py:1076, in _setup_pkg_and_run:\n       1073        tb_string = traceback.format_exc()\n       1074\n       1075        # build up some context from the offending package so we can\n  >>   1076        # show that, too.\n       1077        package_context = get_package_context(tb)\n       1078\n       1079        logfile = None\n\nSee test log for details:\n  /cache/spack/test/zkfeeillg5scgn3xsexyubg76vqqq7k3/meson-0.58.2-c7o5oao-test-out.txt\n\n==> Error: 1 test(s) in the suite failed.\n\n======================== 1 failed, 0 passed of 1 specs =========================\n",
                    "return_code": 1,
                    "seconds": 2.5044116973876953,
                    "prediction": false,
                    "command": "/spack/bin/spack test run /c7o5oa"
                },
                "spliced": {
                    "message": "==> Spack test pqtgwrwaalcppqyf7bo34joouikta2qg\n==> Testing package meson-0.58.2-ftclzlz\n==> Error: TestFailure: 1 tests failed.\n\n\nCommand exited with status 1:\n    '/spack/opt/spack/linux-ubuntu22.04-haswell/gcc-11.2.0/python-3.9.13-q47iise7npr7iijnfw5l66jtgksi4tvc/bin/python3.9' '-c' 'import mesonbuild.ast'\nTraceback (most recent call last):\n  File \"<string>\", line 1, in <module>\n  File \"/spack/opt/spack/linux-ubuntu22.04-haswell/gcc-11.2.0/meson-0.58.2-ftclzlzlrnk3cm2hzzu6l73j2wbbqywm/lib/python3.9/site-packages/mesonbuild/ast/__init__.py\", line 30, in <module>\n    from .interpreter import AstInterpreter\n  File \"/spack/opt/spack/linux-ubuntu22.04-haswell/gcc-11.2.0/meson-0.58.2-ftclzlzlrnk3cm2hzzu6l73j2wbbqywm/lib/python3.9/site-packages/mesonbuild/ast/interpreter.py\", line 19, in <module>\n    from .. import interpreterbase, mparser, mesonlib\n  File \"/spack/opt/spack/linux-ubuntu22.04-haswell/gcc-11.2.0/meson-0.58.2-ftclzlzlrnk3cm2hzzu6l73j2wbbqywm/lib/python3.9/site-packages/mesonbuild/interpreterbase.py\", line 19, in <module>\n    from . import environment, dependencies\n  File \"/spack/opt/spack/linux-ubuntu22.04-haswell/gcc-11.2.0/meson-0.58.2-ftclzlzlrnk3cm2hzzu6l73j2wbbqywm/lib/python3.9/site-packages/mesonbuild/dependencies/__init__.py\", line 15, in <module>\n    from .boost import BoostDependency\n  File \"/spack/opt/spack/linux-ubuntu22.04-haswell/gcc-11.2.0/meson-0.58.2-ftclzlzlrnk3cm2hzzu6l73j2wbbqywm/lib/python3.9/site-packages/mesonbuild/dependencies/boost.py\", line 25, in <module>\n    from .base import DependencyException, ExternalDependency, PkgConfigDependency\n  File \"/spack/opt/spack/linux-ubuntu22.04-haswell/gcc-11.2.0/meson-0.58.2-ftclzlzlrnk3cm2hzzu6l73j2wbbqywm/lib/python3.9/site-packages/mesonbuild/dependencies/base.py\", line 41, in <module>\n    from ..interpreterbase import FeatureDeprecated\nImportError: cannot import name 'FeatureDeprecated' from partially initialized module 'mesonbuild.interpreterbase' (most likely due to a circular import) (/spack/opt/spack/linux-ubuntu22.04-haswell/gcc-11.2.0/meson-0.58.2-ftclzlzlrnk3cm2hzzu6l73j2wbbqywm/lib/python3.9/site-packages/mesonbuild/interpreterbase.py)\n\n\n\n1 error found in test log:\n     23        from .boost import BoostDependency\n     24      File \"/spack/opt/spack/linux-ubuntu22.04-haswell/gcc-11.2.0/meson-\n           0.58.2-ftclzlzlrnk3cm2hzzu6l73j2wbbqywm/lib/python3.9/site-packages/\n           mesonbuild/dependencies/boost.py\", line 25, in <module>\n     25        from .base import DependencyException, ExternalDependency, PkgCo\n           nfigDependency\n     26      File \"/spack/opt/spack/linux-ubuntu22.04-haswell/gcc-11.2.0/meson-\n           0.58.2-ftclzlzlrnk3cm2hzzu6l73j2wbbqywm/lib/python3.9/site-packages/\n           mesonbuild/dependencies/base.py\", line 41, in <module>\n     27        from ..interpreterbase import FeatureDeprecated\n     28    ImportError: cannot import name 'FeatureDeprecated' from partially i\n           nitialized module 'mesonbuild.interpreterbase' (most likely due to a\n            circular import) (/spack/opt/spack/linux-ubuntu22.04-haswell/gcc-11\n           .2.0/meson-0.58.2-ftclzlzlrnk3cm2hzzu6l73j2wbbqywm/lib/python3.9/sit\n           e-packages/mesonbuild/interpreterbase.py)\n  >> 29    FAILED: Command exited with status 1:\n     30        '/spack/opt/spack/linux-ubuntu22.04-haswell/gcc-11.2.0/python-3.\n           9.13-q47iise7npr7iijnfw5l66jtgksi4tvc/bin/python3.9' '-c' 'import me\n           sonbuild.ast'\n     31    Traceback (most recent call last):\n     32      File \"<string>\", line 1, in <module>\n     33      File \"/spack/opt/spack/linux-ubuntu22.04-haswell/gcc-11.2.0/meson-\n           0.58.2-ftclzlzlrnk3cm2hzzu6l73j2wbbqywm/lib/python3.9/site-packages/\n           mesonbuild/ast/__init__.py\", line 30, in <module>\n     34        from .interpreter import AstInterpreter\n     35      File \"/spack/opt/spack/linux-ubuntu22.04-haswell/gcc-11.2.0/meson-\n           0.58.2-ftclzlzlrnk3cm2hzzu6l73j2wbbqywm/lib/python3.9/site-packages/\n           mesonbuild/ast/interpreter.py\", line 19, in <module>\n\n\n\n/spack/lib/spack/spack/build_environment.py:1076, in _setup_pkg_and_run:\n       1073        tb_string = traceback.format_exc()\n       1074\n       1075        # build up some context from the offending package so we can\n  >>   1076        # show that, too.\n       1077        package_context = get_package_context(tb)\n       1078\n       1079        logfile = None\n\nSee test log for details:\n  /cache/spack/test/pqtgwrwaalcppqyf7bo34joouikta2qg/meson-0.58.2-ftclzlz-test-out.txt\n\n==> Error: 1 test(s) in the suite failed.\n\n======================== 1 failed, 0 passed of 1 specs =========================\n",
                    "return_code": 1,
                    "seconds": 2.855177879333496,
                    "prediction": false,
                    "command": "/spack/bin/spack test run /ftclzl"
                }
            }
        },
        "stats": {
            "sizes_bytes": {}
        },
        "experiment": "meson",
        "result": "splice-success",
        "success": true,
        "splice": "ninja@1.10.2",
        "package": "meson@0.58.2",
        "different_libs": false
    },
    {
        "specs": {
            "original": "meson@0.58.2%gcc@11.2.0 patches=aa6c50d arch=linux-ubuntu22.04-haswell ^berkeley-db@18.1.40%gcc@11.2.0+cxx~docs+stl patches=b231fcc arch=linux-ubuntu22.04-haswell ^bzip2@1.0.8%gcc@11.2.0~debug~pic+shared arch=linux-ubuntu22.04-haswell ^ca-certificates-mozilla@2022-03-29%gcc@11.2.0 arch=linux-ubuntu22.04-haswell ^diffutils@3.8%gcc@11.2.0 arch=linux-ubuntu22.04-haswell ^expat@2.4.8%gcc@11.2.0+libbsd arch=linux-ubuntu22.04-haswell ^gdbm@1.19%gcc@11.2.0 arch=linux-ubuntu22.04-haswell ^gettext@0.21%gcc@11.2.0+bzip2+curses+git~libunistring+libxml2+tar+xz arch=linux-ubuntu22.04-haswell ^libbsd@0.11.5%gcc@11.2.0 arch=linux-ubuntu22.04-haswell ^libffi@3.4.2%gcc@11.2.0 arch=linux-ubuntu22.04-haswell ^libiconv@1.16%gcc@11.2.0 libs=shared,static arch=linux-ubuntu22.04-haswell ^libmd@1.0.4%gcc@11.2.0 arch=linux-ubuntu22.04-haswell ^libxml2@2.9.13%gcc@11.2.0~python arch=linux-ubuntu22.04-haswell ^ncurses@6.2%gcc@11.2.0~symlinks+termlib abi=none arch=linux-ubuntu22.04-haswell ^ninja@1.11.0%gcc@11.2.0 arch=linux-ubuntu22.04-haswell ^openssl@1.1.1q%gcc@11.2.0~docs~shared certs=mozilla patches=3fdcf2d arch=linux-ubuntu22.04-haswell ^perl@5.34.1%gcc@11.2.0+cpanm+shared+threads arch=linux-ubuntu22.04-haswell ^pigz@2.7%gcc@11.2.0 arch=linux-ubuntu22.04-haswell ^pkgconf@1.8.0%gcc@11.2.0 arch=linux-ubuntu22.04-haswell ^py-pip@22.1.2%gcc@11.2.0 arch=linux-ubuntu22.04-haswell ^py-setuptools@63.0.0%gcc@11.2.0 arch=linux-ubuntu22.04-haswell ^py-wheel@0.37.1%gcc@11.2.0 arch=linux-ubuntu22.04-haswell ^python@3.9.13%gcc@11.2.0+bz2+ctypes+dbm~debug+ensurepip+libxml2+lzma~nis~optimizations+pic+pyexpat+pythoncmd+readline+shared+sqlite3+ssl~tix~tkinter~ucs4+uuid+zlib patches=0d98e93,4c24573,f2fd060 arch=linux-ubuntu22.04-haswell ^readline@8.1.2%gcc@11.2.0 arch=linux-ubuntu22.04-haswell ^sqlite@3.38.5%gcc@11.2.0+column_metadata+dynamic_extensions+fts~functions+rtree arch=linux-ubuntu22.04-haswell ^tar@1.34%gcc@11.2.0 zip=pigz arch=linux-ubuntu22.04-haswell ^util-linux-uuid@2.37.4%gcc@11.2.0 arch=linux-ubuntu22.04-haswell ^xz@5.2.5%gcc@11.2.0~pic libs=shared,static arch=linux-ubuntu22.04-haswell ^zlib@1.2.12%gcc@11.2.0+optimize+pic+shared patches=0d38234 arch=linux-ubuntu22.04-haswell ^zstd@1.5.2%gcc@11.2.0+programs compression=none libs=shared,static arch=linux-ubuntu22.04-haswell",
            "spliced": "meson@0.58.2%gcc@11.2.0 patches=aa6c50d arch=linux-ubuntu22.04-haswell ^berkeley-db@18.1.40%gcc@11.2.0+cxx~docs+stl patches=b231fcc arch=linux-ubuntu22.04-haswell ^bzip2@1.0.8%gcc@11.2.0~debug~pic+shared arch=linux-ubuntu22.04-haswell ^ca-certificates-mozilla@2022-03-29%gcc@11.2.0 arch=linux-ubuntu22.04-haswell ^diffutils@3.8%gcc@11.2.0 arch=linux-ubuntu22.04-haswell ^expat@2.4.8%gcc@11.2.0+libbsd arch=linux-ubuntu22.04-haswell ^gdbm@1.19%gcc@11.2.0 arch=linux-ubuntu22.04-haswell ^gettext@0.21%gcc@11.2.0+bzip2+curses+git~libunistring+libxml2+tar+xz arch=linux-ubuntu22.04-haswell ^libbsd@0.11.5%gcc@11.2.0 arch=linux-ubuntu22.04-haswell ^libffi@3.4.2%gcc@11.2.0 arch=linux-ubuntu22.04-haswell ^libiconv@1.16%gcc@11.2.0 libs=shared,static arch=linux-ubuntu22.04-haswell ^libmd@1.0.4%gcc@11.2.0 arch=linux-ubuntu22.04-haswell ^libxml2@2.9.13%gcc@11.2.0~python arch=linux-ubuntu22.04-haswell ^ncurses@6.2%gcc@11.2.0~symlinks+termlib abi=none arch=linux-ubuntu22.04-haswell ^ninja@1.11.0%gcc@11.2.0 arch=linux-ubuntu22.04-haswell ^openssl@1.1.1q%gcc@11.2.0~docs~shared certs=mozilla patches=3fdcf2d arch=linux-ubuntu22.04-haswell ^perl@5.34.1%gcc@11.2.0+cpanm+shared+threads arch=linux-ubuntu22.04-haswell ^pigz@2.7%gcc@11.2.0 arch=linux-ubuntu22.04-haswell ^pkgconf@1.8.0%gcc@11.2.0 arch=linux-ubuntu22.04-haswell ^py-pip@22.1.2%gcc@11.2.0 arch=linux-ubuntu22.04-haswell ^py-setuptools@63.0.0%gcc@11.2.0 arch=linux-ubuntu22.04-haswell ^py-wheel@0.37.1%gcc@11.2.0 arch=linux-ubuntu22.04-haswell ^python@3.9.13%gcc@11.2.0+bz2+ctypes+dbm~debug+ensurepip+libxml2+lzma~nis~optimizations+pic+pyexpat+pythoncmd+readline+shared+sqlite3+ssl~tix~tkinter~ucs4+uuid+zlib patches=0d98e93,4c24573,f2fd060 arch=linux-ubuntu22.04-haswell ^readline@8.1.2%gcc@11.2.0 arch=linux-ubuntu22.04-haswell ^sqlite@3.38.5%gcc@11.2.0+column_metadata+dynamic_extensions+fts~functions+rtree arch=linux-ubuntu22.04-haswell ^tar@1.34%gcc@11.2.0 zip=pigz arch=linux-ubuntu22.04-haswell ^util-linux-uuid@2.37.4%gcc@11.2.0 arch=linux-ubuntu22.04-haswell ^xz@5.2.5%gcc@11.2.0~pic libs=shared,static arch=linux-ubuntu22.04-haswell ^zlib@1.2.12%gcc@11.2.0+optimize+pic+shared patches=0d38234 arch=linux-ubuntu22.04-haswell ^zstd@1.5.2%gcc@11.2.0+programs compression=none libs=shared,static arch=linux-ubuntu22.04-haswell"
        },
        "ids": {
            "original": "/c7o5oa",
            "spliced": "/gdlux2"
        },
        "original": [],
        "spliced": [],
        "paths": {
            "loads": {
                "original": [
                    "/spack/opt/spack/linux-ubuntu22.04-haswell/gcc-11.2.0/openssl-1.1.1q-gqizvq5o5pipkqv2cxsg3k47lnqi64j3/lib",
                    "/spack/opt/spack/linux-ubuntu22.04-haswell/gcc-11.2.0/zlib-1.2.12-ychk3ix6mv3mgsrtnazfunnmu4vrspkk/lib",
                    "/spack/opt/spack/linux-ubuntu22.04-haswell/gcc-11.2.0/sqlite-3.38.5-d2ea6bj7l73lk6qts76ztojzxfz5mcvc/lib",
                    "/spack/opt/spack/linux-ubuntu22.04-haswell/gcc-11.2.0/expat-2.4.8-owhc2truzoihyzfqo7rxjgd4edfc6j7v/lib",
                    "/spack/opt/spack/linux-ubuntu22.04-haswell/gcc-11.2.0/libbsd-0.11.5-ae73lpti6eu6wivubsemtrytzzf3hez7/lib",
                    "/spack/opt/spack/linux-ubuntu22.04-haswell/gcc-11.2.0/gettext-0.21-u6wcu25n7tfqtrvnexez66utuydb4smx/lib",
                    "/spack/opt/spack/linux-ubuntu22.04-haswell/gcc-11.2.0/ncurses-6.2-2khyzubbcfupjtbj4nkogd7ebonczczr/lib",
                    "/spack/opt/spack/linux-ubuntu22.04-haswell/gcc-11.2.0/berkeley-db-18.1.40-y3xm2b4wnx2tsoeh4mb3glrv4zzgmt57/lib",
                    "/spack/opt/spack/linux-ubuntu22.04-haswell/gcc-11.2.0/libffi-3.4.2-m3zifbsskipiwtc4j55gcuiggbxrlc73/lib",
                    "/spack/opt/spack/linux-ubuntu22.04-haswell/gcc-11.2.0/perl-5.34.1-olweu672du4nrlvjn2shpf62jbgxzzp6/lib",
                    "/spack/opt/spack/linux-ubuntu22.04-haswell/gcc-11.2.0/libmd-1.0.4-ajqlqlpzseqjzps2pjrcxzqgwoqre7id/lib",
                    "/spack/opt/spack/linux-ubuntu22.04-haswell/gcc-11.2.0/pkgconf-1.8.0-ruoukh6z67iefyz4cyphkcqaz2g2hx7f/lib",
                    "/spack/opt/spack/linux-ubuntu22.04-haswell/gcc-11.2.0/py-setuptools-63.0.0-qjixzrrpenjwdukrncgixplgrivtxn4g/lib",
                    "/spack/opt/spack/linux-ubuntu22.04-haswell/gcc-11.2.0/python-3.9.13-q47iise7npr7iijnfw5l66jtgksi4tvc/lib",
                    "/spack/opt/spack/linux-ubuntu22.04-haswell/gcc-11.2.0/xz-5.2.5-ub757pyoqpaurexmrq7oxo7cj35qod2q/lib",
                    "/spack/opt/spack/linux-ubuntu22.04-haswell/gcc-11.2.0/libxml2-2.9.13-7nkjcj7tyvlqw2evbz75lmy3orkmqpmy/lib",
                    "/spack/opt/spack/linux-ubuntu22.04-haswell/gcc-11.2.0/bzip2-1.0.8-szccym2boautmkfmh4m2xm2krbftkd2g/lib",
                    "/spack/opt/spack/linux-ubuntu22.04-haswell/gcc-11.2.0/libiconv-1.16-nylazfnjil3kyc5wyctes6ttimburge6/lib",
                    "/spack/opt/spack/linux-ubuntu22.04-haswell/gcc-11.2.0/zstd-1.5.2-nbvfzv7w6wra46fxbdhk5ewgplaxuwqn/lib",
                    "/spack/opt/spack/linux-ubuntu22.04-haswell/gcc-11.2.0/readline-8.1.2-b7aunqqlalfx6dlbtvcqgzcvtcn4ysjk/lib",
                    "/spack/opt/spack/linux-ubuntu22.04-haswell/gcc-11.2.0/meson-0.58.2-c7o5oaowwtwapuq6w6bt5kdo36j2kwxa/lib",
                    "/spack/opt/spack/linux-ubuntu22.04-haswell/gcc-11.2.0/py-wheel-0.37.1-elguqdgx2rqpyjti3aiugzkciub2w7pc/lib",
                    "/spack/opt/spack/linux-ubuntu22.04-haswell/gcc-11.2.0/gdbm-1.19-wcroyxphbv36i3i7pvflptbcp2fqumx3/lib",
                    "/spack/opt/spack/linux-ubuntu22.04-haswell/gcc-11.2.0/util-linux-uuid-2.37.4-zfqnulivrw2c6ucejn44ozyygbnbgkej/lib",
                    "/spack/opt/spack/linux-ubuntu22.04-haswell/gcc-11.2.0/py-pip-22.1.2-nd5hxakdl6igvv7tx3olohvdz3mufwbb/lib"
                ],
                "spliced": [
                    "/spack/opt/spack/linux-ubuntu22.04-haswell/gcc-11.2.0/py-wheel-0.37.1-ltvvmuvb2dskp25r2n2vjco6dli2mhng/lib",
                    "/spack/opt/spack/linux-ubuntu22.04-haswell/gcc-11.2.0/openssl-1.1.1q-gqizvq5o5pipkqv2cxsg3k47lnqi64j3/lib",
                    "/spack/opt/spack/linux-ubuntu22.04-haswell/gcc-11.2.0/zlib-1.2.12-ychk3ix6mv3mgsrtnazfunnmu4vrspkk/lib",
                    "/spack/opt/spack/linux-ubuntu22.04-haswell/gcc-11.2.0/sqlite-3.38.5-d2ea6bj7l73lk6qts76ztojzxfz5mcvc/lib",
                    "/spack/opt/spack/linux-ubuntu22.04-haswell/gcc-11.2.0/expat-2.4.8-owhc2truzoihyzfqo7rxjgd4edfc6j7v/lib",
                    "/spack/opt/spack/linux-ubuntu22.04-haswell/gcc-11.2.0/libbsd-0.11.5-ae73lpti6eu6wivubsemtrytzzf3hez7/lib",
                    "/spack/opt/spack/linux-ubuntu22.04-haswell/gcc-11.2.0/gettext-0.21-u6wcu25n7tfqtrvnexez66utuydb4smx/lib",
                    "/spack/opt/spack/linux-ubuntu22.04-haswell/gcc-11.2.0/ncurses-6.2-2khyzubbcfupjtbj4nkogd7ebonczczr/lib",
                    "/spack/opt/spack/linux-ubuntu22.04-haswell/gcc-11.2.0/meson-0.58.2-gdlux2kbfzbrcgrddkoubfp72iqhnmmo/lib",
                    "/spack/opt/spack/linux-ubuntu22.04-haswell/gcc-11.2.0/berkeley-db-18.1.40-y3xm2b4wnx2tsoeh4mb3glrv4zzgmt57/lib",
                    "/spack/opt/spack/linux-ubuntu22.04-haswell/gcc-11.2.0/libffi-3.4.2-m3zifbsskipiwtc4j55gcuiggbxrlc73/lib",
                    "/spack/opt/spack/linux-ubuntu22.04-haswell/gcc-11.2.0/py-pip-22.1.2-3okip5kqbvxn6pwmfjb57eogafl7scz2/lib",
                    "/spack/opt/spack/linux-ubuntu22.04-haswell/gcc-11.2.0/perl-5.34.1-olweu672du4nrlvjn2shpf62jbgxzzp6/lib",
                    "/spack/opt/spack/linux-ubuntu22.04-haswell/gcc-11.2.0/libmd-1.0.4-ajqlqlpzseqjzps2pjrcxzqgwoqre7id/lib",
                    "/spack/opt/spack/linux-ubuntu22.04-haswell/gcc-11.2.0/pkgconf-1.8.0-ruoukh6z67iefyz4cyphkcqaz2g2hx7f/lib",
                    "/spack/opt/spack/linux-ubuntu22.04-haswell/gcc-11.2.0/py-setuptools-63.0.0-g475bshoryifohuytt7y3ge2umituppg/lib",
                    "/spack/opt/spack/linux-ubuntu22.04-haswell/gcc-11.2.0/python-3.9.13-q47iise7npr7iijnfw5l66jtgksi4tvc/lib",
                    "/spack/opt/spack/linux-ubuntu22.04-haswell/gcc-11.2.0/xz-5.2.5-ub757pyoqpaurexmrq7oxo7cj35qod2q/lib",
                    "/spack/opt/spack/linux-ubuntu22.04-haswell/gcc-11.2.0/libxml2-2.9.13-7nkjcj7tyvlqw2evbz75lmy3orkmqpmy/lib",
                    "/spack/opt/spack/linux-ubuntu22.04-haswell/gcc-11.2.0/bzip2-1.0.8-szccym2boautmkfmh4m2xm2krbftkd2g/lib",
                    "/spack/opt/spack/linux-ubuntu22.04-haswell/gcc-11.2.0/libiconv-1.16-nylazfnjil3kyc5wyctes6ttimburge6/lib",
                    "/spack/opt/spack/linux-ubuntu22.04-haswell/gcc-11.2.0/zstd-1.5.2-nbvfzv7w6wra46fxbdhk5ewgplaxuwqn/lib",
                    "/spack/opt/spack/linux-ubuntu22.04-haswell/gcc-11.2.0/readline-8.1.2-b7aunqqlalfx6dlbtvcqgzcvtcn4ysjk/lib",
                    "/spack/opt/spack/linux-ubuntu22.04-haswell/gcc-11.2.0/gdbm-1.19-wcroyxphbv36i3i7pvflptbcp2fqumx3/lib",
                    "/spack/opt/spack/linux-ubuntu22.04-haswell/gcc-11.2.0/util-linux-uuid-2.37.4-zfqnulivrw2c6ucejn44ozyygbnbgkej/lib"
                ]
            }
        },
        "predictions": {
            "spack-test": {
                "original": {
                    "message": "==> Spack test zkfeeillg5scgn3xsexyubg76vqqq7k3\n==> Testing package meson-0.58.2-c7o5oao\n==> Error: TestFailure: 1 tests failed.\n\n\nCommand exited with status 1:\n    '/spack/opt/spack/linux-ubuntu22.04-haswell/gcc-11.2.0/python-3.9.13-q47iise7npr7iijnfw5l66jtgksi4tvc/bin/python3.9' '-c' 'import mesonbuild.ast'\nTraceback (most recent call last):\n  File \"<string>\", line 1, in <module>\n  File \"/spack/opt/spack/linux-ubuntu22.04-haswell/gcc-11.2.0/meson-0.58.2-c7o5oaowwtwapuq6w6bt5kdo36j2kwxa/lib/python3.9/site-packages/mesonbuild/ast/__init__.py\", line 30, in <module>\n    from .interpreter import AstInterpreter\n  File \"/spack/opt/spack/linux-ubuntu22.04-haswell/gcc-11.2.0/meson-0.58.2-c7o5oaowwtwapuq6w6bt5kdo36j2kwxa/lib/python3.9/site-packages/mesonbuild/ast/interpreter.py\", line 19, in <module>\n    from .. import interpreterbase, mparser, mesonlib\n  File \"/spack/opt/spack/linux-ubuntu22.04-haswell/gcc-11.2.0/meson-0.58.2-c7o5oaowwtwapuq6w6bt5kdo36j2kwxa/lib/python3.9/site-packages/mesonbuild/interpreterbase.py\", line 19, in <module>\n    from . import environment, dependencies\n  File \"/spack/opt/spack/linux-ubuntu22.04-haswell/gcc-11.2.0/meson-0.58.2-c7o5oaowwtwapuq6w6bt5kdo36j2kwxa/lib/python3.9/site-packages/mesonbuild/dependencies/__init__.py\", line 15, in <module>\n    from .boost import BoostDependency\n  File \"/spack/opt/spack/linux-ubuntu22.04-haswell/gcc-11.2.0/meson-0.58.2-c7o5oaowwtwapuq6w6bt5kdo36j2kwxa/lib/python3.9/site-packages/mesonbuild/dependencies/boost.py\", line 25, in <module>\n    from .base import DependencyException, ExternalDependency, PkgConfigDependency\n  File \"/spack/opt/spack/linux-ubuntu22.04-haswell/gcc-11.2.0/meson-0.58.2-c7o5oaowwtwapuq6w6bt5kdo36j2kwxa/lib/python3.9/site-packages/mesonbuild/dependencies/base.py\", line 41, in <module>\n    from ..interpreterbase import FeatureDeprecated\nImportError: cannot import name 'FeatureDeprecated' from partially initialized module 'mesonbuild.interpreterbase' (most likely due to a circular import) (/spack/opt/spack/linux-ubuntu22.04-haswell/gcc-11.2.0/meson-0.58.2-c7o5oaowwtwapuq6w6bt5kdo36j2kwxa/lib/python3.9/site-packages/mesonbuild/interpreterbase.py)\n\n\n\n1 error found in test log:\n     23        from .boost import BoostDependency\n     24      File \"/spack/opt/spack/linux-ubuntu22.04-haswell/gcc-11.2.0/meson-\n           0.58.2-c7o5oaowwtwapuq6w6bt5kdo36j2kwxa/lib/python3.9/site-packages/\n           mesonbuild/dependencies/boost.py\", line 25, in <module>\n     25        from .base import DependencyException, ExternalDependency, PkgCo\n           nfigDependency\n     26      File \"/spack/opt/spack/linux-ubuntu22.04-haswell/gcc-11.2.0/meson-\n           0.58.2-c7o5oaowwtwapuq6w6bt5kdo36j2kwxa/lib/python3.9/site-packages/\n           mesonbuild/dependencies/base.py\", line 41, in <module>\n     27        from ..interpreterbase import FeatureDeprecated\n     28    ImportError: cannot import name 'FeatureDeprecated' from partially i\n           nitialized module 'mesonbuild.interpreterbase' (most likely due to a\n            circular import) (/spack/opt/spack/linux-ubuntu22.04-haswell/gcc-11\n           .2.0/meson-0.58.2-c7o5oaowwtwapuq6w6bt5kdo36j2kwxa/lib/python3.9/sit\n           e-packages/mesonbuild/interpreterbase.py)\n  >> 29    FAILED: Command exited with status 1:\n     30        '/spack/opt/spack/linux-ubuntu22.04-haswell/gcc-11.2.0/python-3.\n           9.13-q47iise7npr7iijnfw5l66jtgksi4tvc/bin/python3.9' '-c' 'import me\n           sonbuild.ast'\n     31    Traceback (most recent call last):\n     32      File \"<string>\", line 1, in <module>\n     33      File \"/spack/opt/spack/linux-ubuntu22.04-haswell/gcc-11.2.0/meson-\n           0.58.2-c7o5oaowwtwapuq6w6bt5kdo36j2kwxa/lib/python3.9/site-packages/\n           mesonbuild/ast/__init__.py\", line 30, in <module>\n     34        from .interpreter import AstInterpreter\n     35      File \"/spack/opt/spack/linux-ubuntu22.04-haswell/gcc-11.2.0/meson-\n           0.58.2-c7o5oaowwtwapuq6w6bt5kdo36j2kwxa/lib/python3.9/site-packages/\n           mesonbuild/ast/interpreter.py\", line 19, in <module>\n\n\n\n/spack/lib/spack/spack/build_environment.py:1076, in _setup_pkg_and_run:\n       1073        tb_string = traceback.format_exc()\n       1074\n       1075        # build up some context from the offending package so we can\n  >>   1076        # show that, too.\n       1077        package_context = get_package_context(tb)\n       1078\n       1079        logfile = None\n\nSee test log for details:\n  /cache/spack/test/zkfeeillg5scgn3xsexyubg76vqqq7k3/meson-0.58.2-c7o5oao-test-out.txt\n\n==> Error: 1 test(s) in the suite failed.\n\n======================== 1 failed, 0 passed of 1 specs =========================\n",
                    "return_code": 1,
                    "seconds": 2.5394701957702637,
                    "prediction": false,
                    "command": "/spack/bin/spack test run /c7o5oa"
                },
                "spliced": {
                    "message": "==> Spack test tj56klzwtnwxk2f4orxelwwvr5ut3idd\n==> Testing package meson-0.58.2-gdlux2k\n==> Error: TestFailure: 1 tests failed.\n\n\nCommand exited with status 1:\n    '/spack/opt/spack/linux-ubuntu22.04-haswell/gcc-11.2.0/python-3.9.13-q47iise7npr7iijnfw5l66jtgksi4tvc/bin/python3.9' '-c' 'import mesonbuild.ast'\nTraceback (most recent call last):\n  File \"<string>\", line 1, in <module>\n  File \"/spack/opt/spack/linux-ubuntu22.04-haswell/gcc-11.2.0/meson-0.58.2-gdlux2kbfzbrcgrddkoubfp72iqhnmmo/lib/python3.9/site-packages/mesonbuild/ast/__init__.py\", line 30, in <module>\n    from .interpreter import AstInterpreter\n  File \"/spack/opt/spack/linux-ubuntu22.04-haswell/gcc-11.2.0/meson-0.58.2-gdlux2kbfzbrcgrddkoubfp72iqhnmmo/lib/python3.9/site-packages/mesonbuild/ast/interpreter.py\", line 19, in <module>\n    from .. import interpreterbase, mparser, mesonlib\n  File \"/spack/opt/spack/linux-ubuntu22.04-haswell/gcc-11.2.0/meson-0.58.2-gdlux2kbfzbrcgrddkoubfp72iqhnmmo/lib/python3.9/site-packages/mesonbuild/interpreterbase.py\", line 19, in <module>\n    from . import environment, dependencies\n  File \"/spack/opt/spack/linux-ubuntu22.04-haswell/gcc-11.2.0/meson-0.58.2-gdlux2kbfzbrcgrddkoubfp72iqhnmmo/lib/python3.9/site-packages/mesonbuild/dependencies/__init__.py\", line 15, in <module>\n    from .boost import BoostDependency\n  File \"/spack/opt/spack/linux-ubuntu22.04-haswell/gcc-11.2.0/meson-0.58.2-gdlux2kbfzbrcgrddkoubfp72iqhnmmo/lib/python3.9/site-packages/mesonbuild/dependencies/boost.py\", line 25, in <module>\n    from .base import DependencyException, ExternalDependency, PkgConfigDependency\n  File \"/spack/opt/spack/linux-ubuntu22.04-haswell/gcc-11.2.0/meson-0.58.2-gdlux2kbfzbrcgrddkoubfp72iqhnmmo/lib/python3.9/site-packages/mesonbuild/dependencies/base.py\", line 41, in <module>\n    from ..interpreterbase import FeatureDeprecated\nImportError: cannot import name 'FeatureDeprecated' from partially initialized module 'mesonbuild.interpreterbase' (most likely due to a circular import) (/spack/opt/spack/linux-ubuntu22.04-haswell/gcc-11.2.0/meson-0.58.2-gdlux2kbfzbrcgrddkoubfp72iqhnmmo/lib/python3.9/site-packages/mesonbuild/interpreterbase.py)\n\n\n\n1 error found in test log:\n     23        from .boost import BoostDependency\n     24      File \"/spack/opt/spack/linux-ubuntu22.04-haswell/gcc-11.2.0/meson-\n           0.58.2-gdlux2kbfzbrcgrddkoubfp72iqhnmmo/lib/python3.9/site-packages/\n           mesonbuild/dependencies/boost.py\", line 25, in <module>\n     25        from .base import DependencyException, ExternalDependency, PkgCo\n           nfigDependency\n     26      File \"/spack/opt/spack/linux-ubuntu22.04-haswell/gcc-11.2.0/meson-\n           0.58.2-gdlux2kbfzbrcgrddkoubfp72iqhnmmo/lib/python3.9/site-packages/\n           mesonbuild/dependencies/base.py\", line 41, in <module>\n     27        from ..interpreterbase import FeatureDeprecated\n     28    ImportError: cannot import name 'FeatureDeprecated' from partially i\n           nitialized module 'mesonbuild.interpreterbase' (most likely due to a\n            circular import) (/spack/opt/spack/linux-ubuntu22.04-haswell/gcc-11\n           .2.0/meson-0.58.2-gdlux2kbfzbrcgrddkoubfp72iqhnmmo/lib/python3.9/sit\n           e-packages/mesonbuild/interpreterbase.py)\n  >> 29    FAILED: Command exited with status 1:\n     30        '/spack/opt/spack/linux-ubuntu22.04-haswell/gcc-11.2.0/python-3.\n           9.13-q47iise7npr7iijnfw5l66jtgksi4tvc/bin/python3.9' '-c' 'import me\n           sonbuild.ast'\n     31    Traceback (most recent call last):\n     32      File \"<string>\", line 1, in <module>\n     33      File \"/spack/opt/spack/linux-ubuntu22.04-haswell/gcc-11.2.0/meson-\n           0.58.2-gdlux2kbfzbrcgrddkoubfp72iqhnmmo/lib/python3.9/site-packages/\n           mesonbuild/ast/__init__.py\", line 30, in <module>\n     34        from .interpreter import AstInterpreter\n     35      File \"/spack/opt/spack/linux-ubuntu22.04-haswell/gcc-11.2.0/meson-\n           0.58.2-gdlux2kbfzbrcgrddkoubfp72iqhnmmo/lib/python3.9/site-packages/\n           mesonbuild/ast/interpreter.py\", line 19, in <module>\n\n\n\n/spack/lib/spack/spack/build_environment.py:1076, in _setup_pkg_and_run:\n       1073        tb_string = traceback.format_exc()\n       1074\n       1075        # build up some context from the offending package so we can\n  >>   1076        # show that, too.\n       1077        package_context = get_package_context(tb)\n       1078\n       1079        logfile = None\n\nSee test log for details:\n  /cache/spack/test/tj56klzwtnwxk2f4orxelwwvr5ut3idd/meson-0.58.2-gdlux2k-test-out.txt\n\n==> Error: 1 test(s) in the suite failed.\n\n======================== 1 failed, 0 passed of 1 specs =========================\n",
                    "return_code": 1,
                    "seconds": 2.992950916290283,
                    "prediction": false,
                    "command": "/spack/bin/spack test run /gdlux2"
                }
            }
        },
        "stats": {
            "sizes_bytes": {}
        },
        "experiment": "meson",
        "result": "splice-success",
        "success": true,
        "splice": "ninja@1.11.0",
        "package": "meson@0.58.2",
        "different_libs": false
    },
    {
        "specs": {
            "original": "meson@0.58.2%gcc@11.2.0 patches=aa6c50d arch=linux-ubuntu22.04-haswell ^berkeley-db@18.1.40%gcc@11.2.0+cxx~docs+stl patches=b231fcc arch=linux-ubuntu22.04-haswell ^bzip2@1.0.8%gcc@11.2.0~debug~pic+shared arch=linux-ubuntu22.04-haswell ^ca-certificates-mozilla@2022-03-29%gcc@11.2.0 arch=linux-ubuntu22.04-haswell ^diffutils@3.8%gcc@11.2.0 arch=linux-ubuntu22.04-haswell ^expat@2.4.8%gcc@11.2.0+libbsd arch=linux-ubuntu22.04-haswell ^gdbm@1.19%gcc@11.2.0 arch=linux-ubuntu22.04-haswell ^gettext@0.21%gcc@11.2.0+bzip2+curses+git~libunistring+libxml2+tar+xz arch=linux-ubuntu22.04-haswell ^libbsd@0.11.5%gcc@11.2.0 arch=linux-ubuntu22.04-haswell ^libffi@3.4.2%gcc@11.2.0 arch=linux-ubuntu22.04-haswell ^libiconv@1.16%gcc@11.2.0 libs=shared,static arch=linux-ubuntu22.04-haswell ^libmd@1.0.4%gcc@11.2.0 arch=linux-ubuntu22.04-haswell ^libxml2@2.9.13%gcc@11.2.0~python arch=linux-ubuntu22.04-haswell ^ncurses@6.2%gcc@11.2.0~symlinks+termlib abi=none arch=linux-ubuntu22.04-haswell ^ninja@1.11.0%gcc@11.2.0 arch=linux-ubuntu22.04-haswell ^openssl@1.1.1q%gcc@11.2.0~docs~shared certs=mozilla patches=3fdcf2d arch=linux-ubuntu22.04-haswell ^perl@5.34.1%gcc@11.2.0+cpanm+shared+threads arch=linux-ubuntu22.04-haswell ^pigz@2.7%gcc@11.2.0 arch=linux-ubuntu22.04-haswell ^pkgconf@1.8.0%gcc@11.2.0 arch=linux-ubuntu22.04-haswell ^py-pip@22.1.2%gcc@11.2.0 arch=linux-ubuntu22.04-haswell ^py-setuptools@63.0.0%gcc@11.2.0 arch=linux-ubuntu22.04-haswell ^py-wheel@0.37.1%gcc@11.2.0 arch=linux-ubuntu22.04-haswell ^python@3.9.13%gcc@11.2.0+bz2+ctypes+dbm~debug+ensurepip+libxml2+lzma~nis~optimizations+pic+pyexpat+pythoncmd+readline+shared+sqlite3+ssl~tix~tkinter~ucs4+uuid+zlib patches=0d98e93,4c24573,f2fd060 arch=linux-ubuntu22.04-haswell ^readline@8.1.2%gcc@11.2.0 arch=linux-ubuntu22.04-haswell ^sqlite@3.38.5%gcc@11.2.0+column_metadata+dynamic_extensions+fts~functions+rtree arch=linux-ubuntu22.04-haswell ^tar@1.34%gcc@11.2.0 zip=pigz arch=linux-ubuntu22.04-haswell ^util-linux-uuid@2.37.4%gcc@11.2.0 arch=linux-ubuntu22.04-haswell ^xz@5.2.5%gcc@11.2.0~pic libs=shared,static arch=linux-ubuntu22.04-haswell ^zlib@1.2.12%gcc@11.2.0+optimize+pic+shared patches=0d38234 arch=linux-ubuntu22.04-haswell ^zstd@1.5.2%gcc@11.2.0+programs compression=none libs=shared,static arch=linux-ubuntu22.04-haswell",
            "spliced": "meson@0.58.2%gcc@11.2.0 patches=aa6c50d arch=linux-ubuntu22.04-haswell ^berkeley-db@18.1.40%gcc@11.2.0+cxx~docs+stl patches=b231fcc arch=linux-ubuntu22.04-haswell ^bzip2@1.0.8%gcc@11.2.0~debug~pic+shared arch=linux-ubuntu22.04-haswell ^ca-certificates-mozilla@2022-03-29%gcc@11.2.0 arch=linux-ubuntu22.04-haswell ^diffutils@3.8%gcc@11.2.0 arch=linux-ubuntu22.04-haswell ^expat@2.4.8%gcc@11.2.0+libbsd arch=linux-ubuntu22.04-haswell ^gdbm@1.19%gcc@11.2.0 arch=linux-ubuntu22.04-haswell ^gettext@0.21%gcc@11.2.0+bzip2+curses+git~libunistring+libxml2+tar+xz arch=linux-ubuntu22.04-haswell ^libbsd@0.11.5%gcc@11.2.0 arch=linux-ubuntu22.04-haswell ^libffi@3.4.2%gcc@11.2.0 arch=linux-ubuntu22.04-haswell ^libiconv@1.16%gcc@11.2.0 libs=shared,static arch=linux-ubuntu22.04-haswell ^libmd@1.0.4%gcc@11.2.0 arch=linux-ubuntu22.04-haswell ^libxml2@2.9.13%gcc@11.2.0~python arch=linux-ubuntu22.04-haswell ^ncurses@6.2%gcc@11.2.0~symlinks+termlib abi=none arch=linux-ubuntu22.04-haswell ^ninja@1.6.0%gcc@11.2.0 arch=linux-ubuntu22.04-haswell ^openssl@1.1.1q%gcc@11.2.0~docs~shared certs=mozilla patches=3fdcf2d arch=linux-ubuntu22.04-haswell ^perl@5.34.1%gcc@11.2.0+cpanm+shared+threads arch=linux-ubuntu22.04-haswell ^pigz@2.7%gcc@11.2.0 arch=linux-ubuntu22.04-haswell ^pkgconf@1.8.0%gcc@11.2.0 arch=linux-ubuntu22.04-haswell ^py-pip@22.1.2%gcc@11.2.0 arch=linux-ubuntu22.04-haswell ^py-setuptools@63.0.0%gcc@11.2.0 arch=linux-ubuntu22.04-haswell ^py-wheel@0.37.1%gcc@11.2.0 arch=linux-ubuntu22.04-haswell ^python@3.9.13%gcc@11.2.0+bz2+ctypes+dbm~debug+ensurepip+libxml2+lzma~nis~optimizations+pic+pyexpat+pythoncmd+readline+shared+sqlite3+ssl~tix~tkinter~ucs4+uuid+zlib patches=0d98e93,4c24573,f2fd060 arch=linux-ubuntu22.04-haswell ^readline@8.1.2%gcc@11.2.0 arch=linux-ubuntu22.04-haswell ^sqlite@3.38.5%gcc@11.2.0+column_metadata+dynamic_extensions+fts~functions+rtree arch=linux-ubuntu22.04-haswell ^tar@1.34%gcc@11.2.0 zip=pigz arch=linux-ubuntu22.04-haswell ^util-linux-uuid@2.37.4%gcc@11.2.0 arch=linux-ubuntu22.04-haswell ^xz@5.2.5%gcc@11.2.0~pic libs=shared,static arch=linux-ubuntu22.04-haswell ^zlib@1.2.12%gcc@11.2.0+optimize+pic+shared patches=0d38234 arch=linux-ubuntu22.04-haswell ^zstd@1.5.2%gcc@11.2.0+programs compression=none libs=shared,static arch=linux-ubuntu22.04-haswell"
        },
        "ids": {
            "original": "/c7o5oa",
            "spliced": "/mytmpr"
        },
        "original": [],
        "spliced": [],
        "paths": {
            "loads": {
                "original": [
                    "/spack/opt/spack/linux-ubuntu22.04-haswell/gcc-11.2.0/openssl-1.1.1q-gqizvq5o5pipkqv2cxsg3k47lnqi64j3/lib",
                    "/spack/opt/spack/linux-ubuntu22.04-haswell/gcc-11.2.0/zlib-1.2.12-ychk3ix6mv3mgsrtnazfunnmu4vrspkk/lib",
                    "/spack/opt/spack/linux-ubuntu22.04-haswell/gcc-11.2.0/sqlite-3.38.5-d2ea6bj7l73lk6qts76ztojzxfz5mcvc/lib",
                    "/spack/opt/spack/linux-ubuntu22.04-haswell/gcc-11.2.0/expat-2.4.8-owhc2truzoihyzfqo7rxjgd4edfc6j7v/lib",
                    "/spack/opt/spack/linux-ubuntu22.04-haswell/gcc-11.2.0/libbsd-0.11.5-ae73lpti6eu6wivubsemtrytzzf3hez7/lib",
                    "/spack/opt/spack/linux-ubuntu22.04-haswell/gcc-11.2.0/gettext-0.21-u6wcu25n7tfqtrvnexez66utuydb4smx/lib",
                    "/spack/opt/spack/linux-ubuntu22.04-haswell/gcc-11.2.0/ncurses-6.2-2khyzubbcfupjtbj4nkogd7ebonczczr/lib",
                    "/spack/opt/spack/linux-ubuntu22.04-haswell/gcc-11.2.0/berkeley-db-18.1.40-y3xm2b4wnx2tsoeh4mb3glrv4zzgmt57/lib",
                    "/spack/opt/spack/linux-ubuntu22.04-haswell/gcc-11.2.0/libffi-3.4.2-m3zifbsskipiwtc4j55gcuiggbxrlc73/lib",
                    "/spack/opt/spack/linux-ubuntu22.04-haswell/gcc-11.2.0/perl-5.34.1-olweu672du4nrlvjn2shpf62jbgxzzp6/lib",
                    "/spack/opt/spack/linux-ubuntu22.04-haswell/gcc-11.2.0/libmd-1.0.4-ajqlqlpzseqjzps2pjrcxzqgwoqre7id/lib",
                    "/spack/opt/spack/linux-ubuntu22.04-haswell/gcc-11.2.0/pkgconf-1.8.0-ruoukh6z67iefyz4cyphkcqaz2g2hx7f/lib",
                    "/spack/opt/spack/linux-ubuntu22.04-haswell/gcc-11.2.0/py-setuptools-63.0.0-qjixzrrpenjwdukrncgixplgrivtxn4g/lib",
                    "/spack/opt/spack/linux-ubuntu22.04-haswell/gcc-11.2.0/python-3.9.13-q47iise7npr7iijnfw5l66jtgksi4tvc/lib",
                    "/spack/opt/spack/linux-ubuntu22.04-haswell/gcc-11.2.0/xz-5.2.5-ub757pyoqpaurexmrq7oxo7cj35qod2q/lib",
                    "/spack/opt/spack/linux-ubuntu22.04-haswell/gcc-11.2.0/libxml2-2.9.13-7nkjcj7tyvlqw2evbz75lmy3orkmqpmy/lib",
                    "/spack/opt/spack/linux-ubuntu22.04-haswell/gcc-11.2.0/bzip2-1.0.8-szccym2boautmkfmh4m2xm2krbftkd2g/lib",
                    "/spack/opt/spack/linux-ubuntu22.04-haswell/gcc-11.2.0/libiconv-1.16-nylazfnjil3kyc5wyctes6ttimburge6/lib",
                    "/spack/opt/spack/linux-ubuntu22.04-haswell/gcc-11.2.0/zstd-1.5.2-nbvfzv7w6wra46fxbdhk5ewgplaxuwqn/lib",
                    "/spack/opt/spack/linux-ubuntu22.04-haswell/gcc-11.2.0/readline-8.1.2-b7aunqqlalfx6dlbtvcqgzcvtcn4ysjk/lib",
                    "/spack/opt/spack/linux-ubuntu22.04-haswell/gcc-11.2.0/meson-0.58.2-c7o5oaowwtwapuq6w6bt5kdo36j2kwxa/lib",
                    "/spack/opt/spack/linux-ubuntu22.04-haswell/gcc-11.2.0/py-wheel-0.37.1-elguqdgx2rqpyjti3aiugzkciub2w7pc/lib",
                    "/spack/opt/spack/linux-ubuntu22.04-haswell/gcc-11.2.0/gdbm-1.19-wcroyxphbv36i3i7pvflptbcp2fqumx3/lib",
                    "/spack/opt/spack/linux-ubuntu22.04-haswell/gcc-11.2.0/util-linux-uuid-2.37.4-zfqnulivrw2c6ucejn44ozyygbnbgkej/lib",
                    "/spack/opt/spack/linux-ubuntu22.04-haswell/gcc-11.2.0/py-pip-22.1.2-nd5hxakdl6igvv7tx3olohvdz3mufwbb/lib"
                ],
                "spliced": [
                    "/spack/opt/spack/linux-ubuntu22.04-haswell/gcc-11.2.0/py-wheel-0.37.1-ltvvmuvb2dskp25r2n2vjco6dli2mhng/lib",
                    "/spack/opt/spack/linux-ubuntu22.04-haswell/gcc-11.2.0/openssl-1.1.1q-gqizvq5o5pipkqv2cxsg3k47lnqi64j3/lib",
                    "/spack/opt/spack/linux-ubuntu22.04-haswell/gcc-11.2.0/zlib-1.2.12-ychk3ix6mv3mgsrtnazfunnmu4vrspkk/lib",
                    "/spack/opt/spack/linux-ubuntu22.04-haswell/gcc-11.2.0/sqlite-3.38.5-d2ea6bj7l73lk6qts76ztojzxfz5mcvc/lib",
                    "/spack/opt/spack/linux-ubuntu22.04-haswell/gcc-11.2.0/expat-2.4.8-owhc2truzoihyzfqo7rxjgd4edfc6j7v/lib",
                    "/spack/opt/spack/linux-ubuntu22.04-haswell/gcc-11.2.0/libbsd-0.11.5-ae73lpti6eu6wivubsemtrytzzf3hez7/lib",
                    "/spack/opt/spack/linux-ubuntu22.04-haswell/gcc-11.2.0/gettext-0.21-u6wcu25n7tfqtrvnexez66utuydb4smx/lib",
                    "/spack/opt/spack/linux-ubuntu22.04-haswell/gcc-11.2.0/ncurses-6.2-2khyzubbcfupjtbj4nkogd7ebonczczr/lib",
                    "/spack/opt/spack/linux-ubuntu22.04-haswell/gcc-11.2.0/berkeley-db-18.1.40-y3xm2b4wnx2tsoeh4mb3glrv4zzgmt57/lib",
                    "/spack/opt/spack/linux-ubuntu22.04-haswell/gcc-11.2.0/libffi-3.4.2-m3zifbsskipiwtc4j55gcuiggbxrlc73/lib",
                    "/spack/opt/spack/linux-ubuntu22.04-haswell/gcc-11.2.0/py-pip-22.1.2-3okip5kqbvxn6pwmfjb57eogafl7scz2/lib",
                    "/spack/opt/spack/linux-ubuntu22.04-haswell/gcc-11.2.0/perl-5.34.1-olweu672du4nrlvjn2shpf62jbgxzzp6/lib",
                    "/spack/opt/spack/linux-ubuntu22.04-haswell/gcc-11.2.0/libmd-1.0.4-ajqlqlpzseqjzps2pjrcxzqgwoqre7id/lib",
                    "/spack/opt/spack/linux-ubuntu22.04-haswell/gcc-11.2.0/pkgconf-1.8.0-ruoukh6z67iefyz4cyphkcqaz2g2hx7f/lib",
                    "/spack/opt/spack/linux-ubuntu22.04-haswell/gcc-11.2.0/py-setuptools-63.0.0-g475bshoryifohuytt7y3ge2umituppg/lib",
                    "/spack/opt/spack/linux-ubuntu22.04-haswell/gcc-11.2.0/meson-0.58.2-mytmpr3pad7o2xu4teaj4a6hry3l4kiw/lib",
                    "/spack/opt/spack/linux-ubuntu22.04-haswell/gcc-11.2.0/python-3.9.13-q47iise7npr7iijnfw5l66jtgksi4tvc/lib",
                    "/spack/opt/spack/linux-ubuntu22.04-haswell/gcc-11.2.0/xz-5.2.5-ub757pyoqpaurexmrq7oxo7cj35qod2q/lib",
                    "/spack/opt/spack/linux-ubuntu22.04-haswell/gcc-11.2.0/libxml2-2.9.13-7nkjcj7tyvlqw2evbz75lmy3orkmqpmy/lib",
                    "/spack/opt/spack/linux-ubuntu22.04-haswell/gcc-11.2.0/bzip2-1.0.8-szccym2boautmkfmh4m2xm2krbftkd2g/lib",
                    "/spack/opt/spack/linux-ubuntu22.04-haswell/gcc-11.2.0/libiconv-1.16-nylazfnjil3kyc5wyctes6ttimburge6/lib",
                    "/spack/opt/spack/linux-ubuntu22.04-haswell/gcc-11.2.0/zstd-1.5.2-nbvfzv7w6wra46fxbdhk5ewgplaxuwqn/lib",
                    "/spack/opt/spack/linux-ubuntu22.04-haswell/gcc-11.2.0/readline-8.1.2-b7aunqqlalfx6dlbtvcqgzcvtcn4ysjk/lib",
                    "/spack/opt/spack/linux-ubuntu22.04-haswell/gcc-11.2.0/gdbm-1.19-wcroyxphbv36i3i7pvflptbcp2fqumx3/lib",
                    "/spack/opt/spack/linux-ubuntu22.04-haswell/gcc-11.2.0/util-linux-uuid-2.37.4-zfqnulivrw2c6ucejn44ozyygbnbgkej/lib"
                ]
            }
        },
        "predictions": {
            "spack-test": {
                "original": {
                    "message": "==> Spack test zkfeeillg5scgn3xsexyubg76vqqq7k3\n==> Testing package meson-0.58.2-c7o5oao\n==> Error: TestFailure: 1 tests failed.\n\n\nCommand exited with status 1:\n    '/spack/opt/spack/linux-ubuntu22.04-haswell/gcc-11.2.0/python-3.9.13-q47iise7npr7iijnfw5l66jtgksi4tvc/bin/python3.9' '-c' 'import mesonbuild.ast'\nTraceback (most recent call last):\n  File \"<string>\", line 1, in <module>\n  File \"/spack/opt/spack/linux-ubuntu22.04-haswell/gcc-11.2.0/meson-0.58.2-c7o5oaowwtwapuq6w6bt5kdo36j2kwxa/lib/python3.9/site-packages/mesonbuild/ast/__init__.py\", line 30, in <module>\n    from .interpreter import AstInterpreter\n  File \"/spack/opt/spack/linux-ubuntu22.04-haswell/gcc-11.2.0/meson-0.58.2-c7o5oaowwtwapuq6w6bt5kdo36j2kwxa/lib/python3.9/site-packages/mesonbuild/ast/interpreter.py\", line 19, in <module>\n    from .. import interpreterbase, mparser, mesonlib\n  File \"/spack/opt/spack/linux-ubuntu22.04-haswell/gcc-11.2.0/meson-0.58.2-c7o5oaowwtwapuq6w6bt5kdo36j2kwxa/lib/python3.9/site-packages/mesonbuild/interpreterbase.py\", line 19, in <module>\n    from . import environment, dependencies\n  File \"/spack/opt/spack/linux-ubuntu22.04-haswell/gcc-11.2.0/meson-0.58.2-c7o5oaowwtwapuq6w6bt5kdo36j2kwxa/lib/python3.9/site-packages/mesonbuild/dependencies/__init__.py\", line 15, in <module>\n    from .boost import BoostDependency\n  File \"/spack/opt/spack/linux-ubuntu22.04-haswell/gcc-11.2.0/meson-0.58.2-c7o5oaowwtwapuq6w6bt5kdo36j2kwxa/lib/python3.9/site-packages/mesonbuild/dependencies/boost.py\", line 25, in <module>\n    from .base import DependencyException, ExternalDependency, PkgConfigDependency\n  File \"/spack/opt/spack/linux-ubuntu22.04-haswell/gcc-11.2.0/meson-0.58.2-c7o5oaowwtwapuq6w6bt5kdo36j2kwxa/lib/python3.9/site-packages/mesonbuild/dependencies/base.py\", line 41, in <module>\n    from ..interpreterbase import FeatureDeprecated\nImportError: cannot import name 'FeatureDeprecated' from partially initialized module 'mesonbuild.interpreterbase' (most likely due to a circular import) (/spack/opt/spack/linux-ubuntu22.04-haswell/gcc-11.2.0/meson-0.58.2-c7o5oaowwtwapuq6w6bt5kdo36j2kwxa/lib/python3.9/site-packages/mesonbuild/interpreterbase.py)\n\n\n\n1 error found in test log:\n     23        from .boost import BoostDependency\n     24      File \"/spack/opt/spack/linux-ubuntu22.04-haswell/gcc-11.2.0/meson-\n           0.58.2-c7o5oaowwtwapuq6w6bt5kdo36j2kwxa/lib/python3.9/site-packages/\n           mesonbuild/dependencies/boost.py\", line 25, in <module>\n     25        from .base import DependencyException, ExternalDependency, PkgCo\n           nfigDependency\n     26      File \"/spack/opt/spack/linux-ubuntu22.04-haswell/gcc-11.2.0/meson-\n           0.58.2-c7o5oaowwtwapuq6w6bt5kdo36j2kwxa/lib/python3.9/site-packages/\n           mesonbuild/dependencies/base.py\", line 41, in <module>\n     27        from ..interpreterbase import FeatureDeprecated\n     28    ImportError: cannot import name 'FeatureDeprecated' from partially i\n           nitialized module 'mesonbuild.interpreterbase' (most likely due to a\n            circular import) (/spack/opt/spack/linux-ubuntu22.04-haswell/gcc-11\n           .2.0/meson-0.58.2-c7o5oaowwtwapuq6w6bt5kdo36j2kwxa/lib/python3.9/sit\n           e-packages/mesonbuild/interpreterbase.py)\n  >> 29    FAILED: Command exited with status 1:\n     30        '/spack/opt/spack/linux-ubuntu22.04-haswell/gcc-11.2.0/python-3.\n           9.13-q47iise7npr7iijnfw5l66jtgksi4tvc/bin/python3.9' '-c' 'import me\n           sonbuild.ast'\n     31    Traceback (most recent call last):\n     32      File \"<string>\", line 1, in <module>\n     33      File \"/spack/opt/spack/linux-ubuntu22.04-haswell/gcc-11.2.0/meson-\n           0.58.2-c7o5oaowwtwapuq6w6bt5kdo36j2kwxa/lib/python3.9/site-packages/\n           mesonbuild/ast/__init__.py\", line 30, in <module>\n     34        from .interpreter import AstInterpreter\n     35      File \"/spack/opt/spack/linux-ubuntu22.04-haswell/gcc-11.2.0/meson-\n           0.58.2-c7o5oaowwtwapuq6w6bt5kdo36j2kwxa/lib/python3.9/site-packages/\n           mesonbuild/ast/interpreter.py\", line 19, in <module>\n\n\n\n/spack/lib/spack/spack/build_environment.py:1076, in _setup_pkg_and_run:\n       1073        tb_string = traceback.format_exc()\n       1074\n       1075        # build up some context from the offending package so we can\n  >>   1076        # show that, too.\n       1077        package_context = get_package_context(tb)\n       1078\n       1079        logfile = None\n\nSee test log for details:\n  /cache/spack/test/zkfeeillg5scgn3xsexyubg76vqqq7k3/meson-0.58.2-c7o5oao-test-out.txt\n\n==> Error: 1 test(s) in the suite failed.\n\n======================== 1 failed, 0 passed of 1 specs =========================\n",
                    "return_code": 1,
                    "seconds": 2.6317501068115234,
                    "prediction": false,
                    "command": "/spack/bin/spack test run /c7o5oa"
                },
                "spliced": {
                    "message": "==> Spack test d5mg6c2d77cp6rtiul264h2woecppte2\n==> Testing package meson-0.58.2-mytmpr3\n==> Error: TestFailure: 1 tests failed.\n\n\nCommand exited with status 1:\n    '/spack/opt/spack/linux-ubuntu22.04-haswell/gcc-11.2.0/python-3.9.13-q47iise7npr7iijnfw5l66jtgksi4tvc/bin/python3.9' '-c' 'import mesonbuild.ast'\nTraceback (most recent call last):\n  File \"<string>\", line 1, in <module>\n  File \"/spack/opt/spack/linux-ubuntu22.04-haswell/gcc-11.2.0/meson-0.58.2-mytmpr3pad7o2xu4teaj4a6hry3l4kiw/lib/python3.9/site-packages/mesonbuild/ast/__init__.py\", line 30, in <module>\n    from .interpreter import AstInterpreter\n  File \"/spack/opt/spack/linux-ubuntu22.04-haswell/gcc-11.2.0/meson-0.58.2-mytmpr3pad7o2xu4teaj4a6hry3l4kiw/lib/python3.9/site-packages/mesonbuild/ast/interpreter.py\", line 19, in <module>\n    from .. import interpreterbase, mparser, mesonlib\n  File \"/spack/opt/spack/linux-ubuntu22.04-haswell/gcc-11.2.0/meson-0.58.2-mytmpr3pad7o2xu4teaj4a6hry3l4kiw/lib/python3.9/site-packages/mesonbuild/interpreterbase.py\", line 19, in <module>\n    from . import environment, dependencies\n  File \"/spack/opt/spack/linux-ubuntu22.04-haswell/gcc-11.2.0/meson-0.58.2-mytmpr3pad7o2xu4teaj4a6hry3l4kiw/lib/python3.9/site-packages/mesonbuild/dependencies/__init__.py\", line 15, in <module>\n    from .boost import BoostDependency\n  File \"/spack/opt/spack/linux-ubuntu22.04-haswell/gcc-11.2.0/meson-0.58.2-mytmpr3pad7o2xu4teaj4a6hry3l4kiw/lib/python3.9/site-packages/mesonbuild/dependencies/boost.py\", line 25, in <module>\n    from .base import DependencyException, ExternalDependency, PkgConfigDependency\n  File \"/spack/opt/spack/linux-ubuntu22.04-haswell/gcc-11.2.0/meson-0.58.2-mytmpr3pad7o2xu4teaj4a6hry3l4kiw/lib/python3.9/site-packages/mesonbuild/dependencies/base.py\", line 41, in <module>\n    from ..interpreterbase import FeatureDeprecated\nImportError: cannot import name 'FeatureDeprecated' from partially initialized module 'mesonbuild.interpreterbase' (most likely due to a circular import) (/spack/opt/spack/linux-ubuntu22.04-haswell/gcc-11.2.0/meson-0.58.2-mytmpr3pad7o2xu4teaj4a6hry3l4kiw/lib/python3.9/site-packages/mesonbuild/interpreterbase.py)\n\n\n\n1 error found in test log:\n     23        from .boost import BoostDependency\n     24      File \"/spack/opt/spack/linux-ubuntu22.04-haswell/gcc-11.2.0/meson-\n           0.58.2-mytmpr3pad7o2xu4teaj4a6hry3l4kiw/lib/python3.9/site-packages/\n           mesonbuild/dependencies/boost.py\", line 25, in <module>\n     25        from .base import DependencyException, ExternalDependency, PkgCo\n           nfigDependency\n     26      File \"/spack/opt/spack/linux-ubuntu22.04-haswell/gcc-11.2.0/meson-\n           0.58.2-mytmpr3pad7o2xu4teaj4a6hry3l4kiw/lib/python3.9/site-packages/\n           mesonbuild/dependencies/base.py\", line 41, in <module>\n     27        from ..interpreterbase import FeatureDeprecated\n     28    ImportError: cannot import name 'FeatureDeprecated' from partially i\n           nitialized module 'mesonbuild.interpreterbase' (most likely due to a\n            circular import) (/spack/opt/spack/linux-ubuntu22.04-haswell/gcc-11\n           .2.0/meson-0.58.2-mytmpr3pad7o2xu4teaj4a6hry3l4kiw/lib/python3.9/sit\n           e-packages/mesonbuild/interpreterbase.py)\n  >> 29    FAILED: Command exited with status 1:\n     30        '/spack/opt/spack/linux-ubuntu22.04-haswell/gcc-11.2.0/python-3.\n           9.13-q47iise7npr7iijnfw5l66jtgksi4tvc/bin/python3.9' '-c' 'import me\n           sonbuild.ast'\n     31    Traceback (most recent call last):\n     32      File \"<string>\", line 1, in <module>\n     33      File \"/spack/opt/spack/linux-ubuntu22.04-haswell/gcc-11.2.0/meson-\n           0.58.2-mytmpr3pad7o2xu4teaj4a6hry3l4kiw/lib/python3.9/site-packages/\n           mesonbuild/ast/__init__.py\", line 30, in <module>\n     34        from .interpreter import AstInterpreter\n     35      File \"/spack/opt/spack/linux-ubuntu22.04-haswell/gcc-11.2.0/meson-\n           0.58.2-mytmpr3pad7o2xu4teaj4a6hry3l4kiw/lib/python3.9/site-packages/\n           mesonbuild/ast/interpreter.py\", line 19, in <module>\n\n\n\n/spack/lib/spack/spack/build_environment.py:1076, in _setup_pkg_and_run:\n       1073        tb_string = traceback.format_exc()\n       1074\n       1075        # build up some context from the offending package so we can\n  >>   1076        # show that, too.\n       1077        package_context = get_package_context(tb)\n       1078\n       1079        logfile = None\n\nSee test log for details:\n  /cache/spack/test/d5mg6c2d77cp6rtiul264h2woecppte2/meson-0.58.2-mytmpr3-test-out.txt\n\n==> Error: 1 test(s) in the suite failed.\n\n======================== 1 failed, 0 passed of 1 specs =========================\n",
                    "return_code": 1,
                    "seconds": 3.013479471206665,
                    "prediction": false,
                    "command": "/spack/bin/spack test run /mytmpr"
                }
            }
        },
        "stats": {
            "sizes_bytes": {}
        },
        "experiment": "meson",
        "result": "splice-success",
        "success": true,
        "splice": "ninja@1.6.0",
        "package": "meson@0.58.2",
        "different_libs": false
    },
    {
        "specs": {
            "original": "meson@0.58.2%gcc@11.2.0 patches=aa6c50d arch=linux-ubuntu22.04-haswell ^berkeley-db@18.1.40%gcc@11.2.0+cxx~docs+stl patches=b231fcc arch=linux-ubuntu22.04-haswell ^bzip2@1.0.8%gcc@11.2.0~debug~pic+shared arch=linux-ubuntu22.04-haswell ^ca-certificates-mozilla@2022-03-29%gcc@11.2.0 arch=linux-ubuntu22.04-haswell ^diffutils@3.8%gcc@11.2.0 arch=linux-ubuntu22.04-haswell ^expat@2.4.8%gcc@11.2.0+libbsd arch=linux-ubuntu22.04-haswell ^gdbm@1.19%gcc@11.2.0 arch=linux-ubuntu22.04-haswell ^gettext@0.21%gcc@11.2.0+bzip2+curses+git~libunistring+libxml2+tar+xz arch=linux-ubuntu22.04-haswell ^libbsd@0.11.5%gcc@11.2.0 arch=linux-ubuntu22.04-haswell ^libffi@3.4.2%gcc@11.2.0 arch=linux-ubuntu22.04-haswell ^libiconv@1.16%gcc@11.2.0 libs=shared,static arch=linux-ubuntu22.04-haswell ^libmd@1.0.4%gcc@11.2.0 arch=linux-ubuntu22.04-haswell ^libxml2@2.9.13%gcc@11.2.0~python arch=linux-ubuntu22.04-haswell ^ncurses@6.2%gcc@11.2.0~symlinks+termlib abi=none arch=linux-ubuntu22.04-haswell ^ninja@1.11.0%gcc@11.2.0 arch=linux-ubuntu22.04-haswell ^openssl@1.1.1q%gcc@11.2.0~docs~shared certs=mozilla patches=3fdcf2d arch=linux-ubuntu22.04-haswell ^perl@5.34.1%gcc@11.2.0+cpanm+shared+threads arch=linux-ubuntu22.04-haswell ^pigz@2.7%gcc@11.2.0 arch=linux-ubuntu22.04-haswell ^pkgconf@1.8.0%gcc@11.2.0 arch=linux-ubuntu22.04-haswell ^py-pip@22.1.2%gcc@11.2.0 arch=linux-ubuntu22.04-haswell ^py-setuptools@63.0.0%gcc@11.2.0 arch=linux-ubuntu22.04-haswell ^py-wheel@0.37.1%gcc@11.2.0 arch=linux-ubuntu22.04-haswell ^python@3.9.13%gcc@11.2.0+bz2+ctypes+dbm~debug+ensurepip+libxml2+lzma~nis~optimizations+pic+pyexpat+pythoncmd+readline+shared+sqlite3+ssl~tix~tkinter~ucs4+uuid+zlib patches=0d98e93,4c24573,f2fd060 arch=linux-ubuntu22.04-haswell ^readline@8.1.2%gcc@11.2.0 arch=linux-ubuntu22.04-haswell ^sqlite@3.38.5%gcc@11.2.0+column_metadata+dynamic_extensions+fts~functions+rtree arch=linux-ubuntu22.04-haswell ^tar@1.34%gcc@11.2.0 zip=pigz arch=linux-ubuntu22.04-haswell ^util-linux-uuid@2.37.4%gcc@11.2.0 arch=linux-ubuntu22.04-haswell ^xz@5.2.5%gcc@11.2.0~pic libs=shared,static arch=linux-ubuntu22.04-haswell ^zlib@1.2.12%gcc@11.2.0+optimize+pic+shared patches=0d38234 arch=linux-ubuntu22.04-haswell ^zstd@1.5.2%gcc@11.2.0+programs compression=none libs=shared,static arch=linux-ubuntu22.04-haswell",
            "spliced": "meson@0.58.2%gcc@11.2.0 patches=aa6c50d arch=linux-ubuntu22.04-haswell ^berkeley-db@18.1.40%gcc@11.2.0+cxx~docs+stl patches=b231fcc arch=linux-ubuntu22.04-haswell ^bzip2@1.0.8%gcc@11.2.0~debug~pic+shared arch=linux-ubuntu22.04-haswell ^ca-certificates-mozilla@2022-03-29%gcc@11.2.0 arch=linux-ubuntu22.04-haswell ^diffutils@3.8%gcc@11.2.0 arch=linux-ubuntu22.04-haswell ^expat@2.4.8%gcc@11.2.0+libbsd arch=linux-ubuntu22.04-haswell ^gdbm@1.19%gcc@11.2.0 arch=linux-ubuntu22.04-haswell ^gettext@0.21%gcc@11.2.0+bzip2+curses+git~libunistring+libxml2+tar+xz arch=linux-ubuntu22.04-haswell ^libbsd@0.11.5%gcc@11.2.0 arch=linux-ubuntu22.04-haswell ^libffi@3.4.2%gcc@11.2.0 arch=linux-ubuntu22.04-haswell ^libiconv@1.16%gcc@11.2.0 libs=shared,static arch=linux-ubuntu22.04-haswell ^libmd@1.0.4%gcc@11.2.0 arch=linux-ubuntu22.04-haswell ^libxml2@2.9.13%gcc@11.2.0~python arch=linux-ubuntu22.04-haswell ^ncurses@6.2%gcc@11.2.0~symlinks+termlib abi=none arch=linux-ubuntu22.04-haswell ^ninja@1.7.2%gcc@11.2.0 arch=linux-ubuntu22.04-haswell ^openssl@1.1.1q%gcc@11.2.0~docs~shared certs=mozilla patches=3fdcf2d arch=linux-ubuntu22.04-haswell ^perl@5.34.1%gcc@11.2.0+cpanm+shared+threads arch=linux-ubuntu22.04-haswell ^pigz@2.7%gcc@11.2.0 arch=linux-ubuntu22.04-haswell ^pkgconf@1.8.0%gcc@11.2.0 arch=linux-ubuntu22.04-haswell ^py-pip@22.1.2%gcc@11.2.0 arch=linux-ubuntu22.04-haswell ^py-setuptools@63.0.0%gcc@11.2.0 arch=linux-ubuntu22.04-haswell ^py-wheel@0.37.1%gcc@11.2.0 arch=linux-ubuntu22.04-haswell ^python@3.9.13%gcc@11.2.0+bz2+ctypes+dbm~debug+ensurepip+libxml2+lzma~nis~optimizations+pic+pyexpat+pythoncmd+readline+shared+sqlite3+ssl~tix~tkinter~ucs4+uuid+zlib patches=0d98e93,4c24573,f2fd060 arch=linux-ubuntu22.04-haswell ^readline@8.1.2%gcc@11.2.0 arch=linux-ubuntu22.04-haswell ^sqlite@3.38.5%gcc@11.2.0+column_metadata+dynamic_extensions+fts~functions+rtree arch=linux-ubuntu22.04-haswell ^tar@1.34%gcc@11.2.0 zip=pigz arch=linux-ubuntu22.04-haswell ^util-linux-uuid@2.37.4%gcc@11.2.0 arch=linux-ubuntu22.04-haswell ^xz@5.2.5%gcc@11.2.0~pic libs=shared,static arch=linux-ubuntu22.04-haswell ^zlib@1.2.12%gcc@11.2.0+optimize+pic+shared patches=0d38234 arch=linux-ubuntu22.04-haswell ^zstd@1.5.2%gcc@11.2.0+programs compression=none libs=shared,static arch=linux-ubuntu22.04-haswell"
        },
        "ids": {
            "original": "/c7o5oa",
            "spliced": "/2typ2t"
        },
        "original": [],
        "spliced": [],
        "paths": {
            "loads": {
                "original": [
                    "/spack/opt/spack/linux-ubuntu22.04-haswell/gcc-11.2.0/openssl-1.1.1q-gqizvq5o5pipkqv2cxsg3k47lnqi64j3/lib",
                    "/spack/opt/spack/linux-ubuntu22.04-haswell/gcc-11.2.0/zlib-1.2.12-ychk3ix6mv3mgsrtnazfunnmu4vrspkk/lib",
                    "/spack/opt/spack/linux-ubuntu22.04-haswell/gcc-11.2.0/sqlite-3.38.5-d2ea6bj7l73lk6qts76ztojzxfz5mcvc/lib",
                    "/spack/opt/spack/linux-ubuntu22.04-haswell/gcc-11.2.0/expat-2.4.8-owhc2truzoihyzfqo7rxjgd4edfc6j7v/lib",
                    "/spack/opt/spack/linux-ubuntu22.04-haswell/gcc-11.2.0/libbsd-0.11.5-ae73lpti6eu6wivubsemtrytzzf3hez7/lib",
                    "/spack/opt/spack/linux-ubuntu22.04-haswell/gcc-11.2.0/gettext-0.21-u6wcu25n7tfqtrvnexez66utuydb4smx/lib",
                    "/spack/opt/spack/linux-ubuntu22.04-haswell/gcc-11.2.0/ncurses-6.2-2khyzubbcfupjtbj4nkogd7ebonczczr/lib",
                    "/spack/opt/spack/linux-ubuntu22.04-haswell/gcc-11.2.0/berkeley-db-18.1.40-y3xm2b4wnx2tsoeh4mb3glrv4zzgmt57/lib",
                    "/spack/opt/spack/linux-ubuntu22.04-haswell/gcc-11.2.0/libffi-3.4.2-m3zifbsskipiwtc4j55gcuiggbxrlc73/lib",
                    "/spack/opt/spack/linux-ubuntu22.04-haswell/gcc-11.2.0/perl-5.34.1-olweu672du4nrlvjn2shpf62jbgxzzp6/lib",
                    "/spack/opt/spack/linux-ubuntu22.04-haswell/gcc-11.2.0/libmd-1.0.4-ajqlqlpzseqjzps2pjrcxzqgwoqre7id/lib",
                    "/spack/opt/spack/linux-ubuntu22.04-haswell/gcc-11.2.0/pkgconf-1.8.0-ruoukh6z67iefyz4cyphkcqaz2g2hx7f/lib",
                    "/spack/opt/spack/linux-ubuntu22.04-haswell/gcc-11.2.0/py-setuptools-63.0.0-qjixzrrpenjwdukrncgixplgrivtxn4g/lib",
                    "/spack/opt/spack/linux-ubuntu22.04-haswell/gcc-11.2.0/python-3.9.13-q47iise7npr7iijnfw5l66jtgksi4tvc/lib",
                    "/spack/opt/spack/linux-ubuntu22.04-haswell/gcc-11.2.0/xz-5.2.5-ub757pyoqpaurexmrq7oxo7cj35qod2q/lib",
                    "/spack/opt/spack/linux-ubuntu22.04-haswell/gcc-11.2.0/libxml2-2.9.13-7nkjcj7tyvlqw2evbz75lmy3orkmqpmy/lib",
                    "/spack/opt/spack/linux-ubuntu22.04-haswell/gcc-11.2.0/bzip2-1.0.8-szccym2boautmkfmh4m2xm2krbftkd2g/lib",
                    "/spack/opt/spack/linux-ubuntu22.04-haswell/gcc-11.2.0/libiconv-1.16-nylazfnjil3kyc5wyctes6ttimburge6/lib",
                    "/spack/opt/spack/linux-ubuntu22.04-haswell/gcc-11.2.0/zstd-1.5.2-nbvfzv7w6wra46fxbdhk5ewgplaxuwqn/lib",
                    "/spack/opt/spack/linux-ubuntu22.04-haswell/gcc-11.2.0/readline-8.1.2-b7aunqqlalfx6dlbtvcqgzcvtcn4ysjk/lib",
                    "/spack/opt/spack/linux-ubuntu22.04-haswell/gcc-11.2.0/meson-0.58.2-c7o5oaowwtwapuq6w6bt5kdo36j2kwxa/lib",
                    "/spack/opt/spack/linux-ubuntu22.04-haswell/gcc-11.2.0/py-wheel-0.37.1-elguqdgx2rqpyjti3aiugzkciub2w7pc/lib",
                    "/spack/opt/spack/linux-ubuntu22.04-haswell/gcc-11.2.0/gdbm-1.19-wcroyxphbv36i3i7pvflptbcp2fqumx3/lib",
                    "/spack/opt/spack/linux-ubuntu22.04-haswell/gcc-11.2.0/util-linux-uuid-2.37.4-zfqnulivrw2c6ucejn44ozyygbnbgkej/lib",
                    "/spack/opt/spack/linux-ubuntu22.04-haswell/gcc-11.2.0/py-pip-22.1.2-nd5hxakdl6igvv7tx3olohvdz3mufwbb/lib"
                ],
                "spliced": [
                    "/spack/opt/spack/linux-ubuntu22.04-haswell/gcc-11.2.0/meson-0.58.2-2typ2tmrpencnzqiirrxumz6mf2uyxkn/lib",
                    "/spack/opt/spack/linux-ubuntu22.04-haswell/gcc-11.2.0/py-wheel-0.37.1-ltvvmuvb2dskp25r2n2vjco6dli2mhng/lib",
                    "/spack/opt/spack/linux-ubuntu22.04-haswell/gcc-11.2.0/openssl-1.1.1q-gqizvq5o5pipkqv2cxsg3k47lnqi64j3/lib",
                    "/spack/opt/spack/linux-ubuntu22.04-haswell/gcc-11.2.0/zlib-1.2.12-ychk3ix6mv3mgsrtnazfunnmu4vrspkk/lib",
                    "/spack/opt/spack/linux-ubuntu22.04-haswell/gcc-11.2.0/sqlite-3.38.5-d2ea6bj7l73lk6qts76ztojzxfz5mcvc/lib",
                    "/spack/opt/spack/linux-ubuntu22.04-haswell/gcc-11.2.0/expat-2.4.8-owhc2truzoihyzfqo7rxjgd4edfc6j7v/lib",
                    "/spack/opt/spack/linux-ubuntu22.04-haswell/gcc-11.2.0/libbsd-0.11.5-ae73lpti6eu6wivubsemtrytzzf3hez7/lib",
                    "/spack/opt/spack/linux-ubuntu22.04-haswell/gcc-11.2.0/gettext-0.21-u6wcu25n7tfqtrvnexez66utuydb4smx/lib",
                    "/spack/opt/spack/linux-ubuntu22.04-haswell/gcc-11.2.0/ncurses-6.2-2khyzubbcfupjtbj4nkogd7ebonczczr/lib",
                    "/spack/opt/spack/linux-ubuntu22.04-haswell/gcc-11.2.0/berkeley-db-18.1.40-y3xm2b4wnx2tsoeh4mb3glrv4zzgmt57/lib",
                    "/spack/opt/spack/linux-ubuntu22.04-haswell/gcc-11.2.0/libffi-3.4.2-m3zifbsskipiwtc4j55gcuiggbxrlc73/lib",
                    "/spack/opt/spack/linux-ubuntu22.04-haswell/gcc-11.2.0/py-pip-22.1.2-3okip5kqbvxn6pwmfjb57eogafl7scz2/lib",
                    "/spack/opt/spack/linux-ubuntu22.04-haswell/gcc-11.2.0/perl-5.34.1-olweu672du4nrlvjn2shpf62jbgxzzp6/lib",
                    "/spack/opt/spack/linux-ubuntu22.04-haswell/gcc-11.2.0/libmd-1.0.4-ajqlqlpzseqjzps2pjrcxzqgwoqre7id/lib",
                    "/spack/opt/spack/linux-ubuntu22.04-haswell/gcc-11.2.0/pkgconf-1.8.0-ruoukh6z67iefyz4cyphkcqaz2g2hx7f/lib",
                    "/spack/opt/spack/linux-ubuntu22.04-haswell/gcc-11.2.0/py-setuptools-63.0.0-g475bshoryifohuytt7y3ge2umituppg/lib",
                    "/spack/opt/spack/linux-ubuntu22.04-haswell/gcc-11.2.0/python-3.9.13-q47iise7npr7iijnfw5l66jtgksi4tvc/lib",
                    "/spack/opt/spack/linux-ubuntu22.04-haswell/gcc-11.2.0/xz-5.2.5-ub757pyoqpaurexmrq7oxo7cj35qod2q/lib",
                    "/spack/opt/spack/linux-ubuntu22.04-haswell/gcc-11.2.0/libxml2-2.9.13-7nkjcj7tyvlqw2evbz75lmy3orkmqpmy/lib",
                    "/spack/opt/spack/linux-ubuntu22.04-haswell/gcc-11.2.0/bzip2-1.0.8-szccym2boautmkfmh4m2xm2krbftkd2g/lib",
                    "/spack/opt/spack/linux-ubuntu22.04-haswell/gcc-11.2.0/libiconv-1.16-nylazfnjil3kyc5wyctes6ttimburge6/lib",
                    "/spack/opt/spack/linux-ubuntu22.04-haswell/gcc-11.2.0/zstd-1.5.2-nbvfzv7w6wra46fxbdhk5ewgplaxuwqn/lib",
                    "/spack/opt/spack/linux-ubuntu22.04-haswell/gcc-11.2.0/readline-8.1.2-b7aunqqlalfx6dlbtvcqgzcvtcn4ysjk/lib",
                    "/spack/opt/spack/linux-ubuntu22.04-haswell/gcc-11.2.0/gdbm-1.19-wcroyxphbv36i3i7pvflptbcp2fqumx3/lib",
                    "/spack/opt/spack/linux-ubuntu22.04-haswell/gcc-11.2.0/util-linux-uuid-2.37.4-zfqnulivrw2c6ucejn44ozyygbnbgkej/lib"
                ]
            }
        },
        "predictions": {
            "spack-test": {
                "original": {
                    "message": "==> Spack test zkfeeillg5scgn3xsexyubg76vqqq7k3\n==> Testing package meson-0.58.2-c7o5oao\n==> Error: TestFailure: 1 tests failed.\n\n\nCommand exited with status 1:\n    '/spack/opt/spack/linux-ubuntu22.04-haswell/gcc-11.2.0/python-3.9.13-q47iise7npr7iijnfw5l66jtgksi4tvc/bin/python3.9' '-c' 'import mesonbuild.ast'\nTraceback (most recent call last):\n  File \"<string>\", line 1, in <module>\n  File \"/spack/opt/spack/linux-ubuntu22.04-haswell/gcc-11.2.0/meson-0.58.2-c7o5oaowwtwapuq6w6bt5kdo36j2kwxa/lib/python3.9/site-packages/mesonbuild/ast/__init__.py\", line 30, in <module>\n    from .interpreter import AstInterpreter\n  File \"/spack/opt/spack/linux-ubuntu22.04-haswell/gcc-11.2.0/meson-0.58.2-c7o5oaowwtwapuq6w6bt5kdo36j2kwxa/lib/python3.9/site-packages/mesonbuild/ast/interpreter.py\", line 19, in <module>\n    from .. import interpreterbase, mparser, mesonlib\n  File \"/spack/opt/spack/linux-ubuntu22.04-haswell/gcc-11.2.0/meson-0.58.2-c7o5oaowwtwapuq6w6bt5kdo36j2kwxa/lib/python3.9/site-packages/mesonbuild/interpreterbase.py\", line 19, in <module>\n    from . import environment, dependencies\n  File \"/spack/opt/spack/linux-ubuntu22.04-haswell/gcc-11.2.0/meson-0.58.2-c7o5oaowwtwapuq6w6bt5kdo36j2kwxa/lib/python3.9/site-packages/mesonbuild/dependencies/__init__.py\", line 15, in <module>\n    from .boost import BoostDependency\n  File \"/spack/opt/spack/linux-ubuntu22.04-haswell/gcc-11.2.0/meson-0.58.2-c7o5oaowwtwapuq6w6bt5kdo36j2kwxa/lib/python3.9/site-packages/mesonbuild/dependencies/boost.py\", line 25, in <module>\n    from .base import DependencyException, ExternalDependency, PkgConfigDependency\n  File \"/spack/opt/spack/linux-ubuntu22.04-haswell/gcc-11.2.0/meson-0.58.2-c7o5oaowwtwapuq6w6bt5kdo36j2kwxa/lib/python3.9/site-packages/mesonbuild/dependencies/base.py\", line 41, in <module>\n    from ..interpreterbase import FeatureDeprecated\nImportError: cannot import name 'FeatureDeprecated' from partially initialized module 'mesonbuild.interpreterbase' (most likely due to a circular import) (/spack/opt/spack/linux-ubuntu22.04-haswell/gcc-11.2.0/meson-0.58.2-c7o5oaowwtwapuq6w6bt5kdo36j2kwxa/lib/python3.9/site-packages/mesonbuild/interpreterbase.py)\n\n\n\n1 error found in test log:\n     23        from .boost import BoostDependency\n     24      File \"/spack/opt/spack/linux-ubuntu22.04-haswell/gcc-11.2.0/meson-\n           0.58.2-c7o5oaowwtwapuq6w6bt5kdo36j2kwxa/lib/python3.9/site-packages/\n           mesonbuild/dependencies/boost.py\", line 25, in <module>\n     25        from .base import DependencyException, ExternalDependency, PkgCo\n           nfigDependency\n     26      File \"/spack/opt/spack/linux-ubuntu22.04-haswell/gcc-11.2.0/meson-\n           0.58.2-c7o5oaowwtwapuq6w6bt5kdo36j2kwxa/lib/python3.9/site-packages/\n           mesonbuild/dependencies/base.py\", line 41, in <module>\n     27        from ..interpreterbase import FeatureDeprecated\n     28    ImportError: cannot import name 'FeatureDeprecated' from partially i\n           nitialized module 'mesonbuild.interpreterbase' (most likely due to a\n            circular import) (/spack/opt/spack/linux-ubuntu22.04-haswell/gcc-11\n           .2.0/meson-0.58.2-c7o5oaowwtwapuq6w6bt5kdo36j2kwxa/lib/python3.9/sit\n           e-packages/mesonbuild/interpreterbase.py)\n  >> 29    FAILED: Command exited with status 1:\n     30        '/spack/opt/spack/linux-ubuntu22.04-haswell/gcc-11.2.0/python-3.\n           9.13-q47iise7npr7iijnfw5l66jtgksi4tvc/bin/python3.9' '-c' 'import me\n           sonbuild.ast'\n     31    Traceback (most recent call last):\n     32      File \"<string>\", line 1, in <module>\n     33      File \"/spack/opt/spack/linux-ubuntu22.04-haswell/gcc-11.2.0/meson-\n           0.58.2-c7o5oaowwtwapuq6w6bt5kdo36j2kwxa/lib/python3.9/site-packages/\n           mesonbuild/ast/__init__.py\", line 30, in <module>\n     34        from .interpreter import AstInterpreter\n     35      File \"/spack/opt/spack/linux-ubuntu22.04-haswell/gcc-11.2.0/meson-\n           0.58.2-c7o5oaowwtwapuq6w6bt5kdo36j2kwxa/lib/python3.9/site-packages/\n           mesonbuild/ast/interpreter.py\", line 19, in <module>\n\n\n\n/spack/lib/spack/spack/build_environment.py:1076, in _setup_pkg_and_run:\n       1073        tb_string = traceback.format_exc()\n       1074\n       1075        # build up some context from the offending package so we can\n  >>   1076        # show that, too.\n       1077        package_context = get_package_context(tb)\n       1078\n       1079        logfile = None\n\nSee test log for details:\n  /cache/spack/test/zkfeeillg5scgn3xsexyubg76vqqq7k3/meson-0.58.2-c7o5oao-test-out.txt\n\n==> Error: 1 test(s) in the suite failed.\n\n======================== 1 failed, 0 passed of 1 specs =========================\n",
                    "return_code": 1,
                    "seconds": 2.7133636474609375,
                    "prediction": false,
                    "command": "/spack/bin/spack test run /c7o5oa"
                },
                "spliced": {
                    "message": "==> Spack test pt6nqykig4maercqx32x4xjym4p7wo32\n==> Testing package meson-0.58.2-2typ2tm\n==> Error: TestFailure: 1 tests failed.\n\n\nCommand exited with status 1:\n    '/spack/opt/spack/linux-ubuntu22.04-haswell/gcc-11.2.0/python-3.9.13-q47iise7npr7iijnfw5l66jtgksi4tvc/bin/python3.9' '-c' 'import mesonbuild.ast'\nTraceback (most recent call last):\n  File \"<string>\", line 1, in <module>\n  File \"/spack/opt/spack/linux-ubuntu22.04-haswell/gcc-11.2.0/meson-0.58.2-2typ2tmrpencnzqiirrxumz6mf2uyxkn/lib/python3.9/site-packages/mesonbuild/ast/__init__.py\", line 30, in <module>\n    from .interpreter import AstInterpreter\n  File \"/spack/opt/spack/linux-ubuntu22.04-haswell/gcc-11.2.0/meson-0.58.2-2typ2tmrpencnzqiirrxumz6mf2uyxkn/lib/python3.9/site-packages/mesonbuild/ast/interpreter.py\", line 19, in <module>\n    from .. import interpreterbase, mparser, mesonlib\n  File \"/spack/opt/spack/linux-ubuntu22.04-haswell/gcc-11.2.0/meson-0.58.2-2typ2tmrpencnzqiirrxumz6mf2uyxkn/lib/python3.9/site-packages/mesonbuild/interpreterbase.py\", line 19, in <module>\n    from . import environment, dependencies\n  File \"/spack/opt/spack/linux-ubuntu22.04-haswell/gcc-11.2.0/meson-0.58.2-2typ2tmrpencnzqiirrxumz6mf2uyxkn/lib/python3.9/site-packages/mesonbuild/dependencies/__init__.py\", line 15, in <module>\n    from .boost import BoostDependency\n  File \"/spack/opt/spack/linux-ubuntu22.04-haswell/gcc-11.2.0/meson-0.58.2-2typ2tmrpencnzqiirrxumz6mf2uyxkn/lib/python3.9/site-packages/mesonbuild/dependencies/boost.py\", line 25, in <module>\n    from .base import DependencyException, ExternalDependency, PkgConfigDependency\n  File \"/spack/opt/spack/linux-ubuntu22.04-haswell/gcc-11.2.0/meson-0.58.2-2typ2tmrpencnzqiirrxumz6mf2uyxkn/lib/python3.9/site-packages/mesonbuild/dependencies/base.py\", line 41, in <module>\n    from ..interpreterbase import FeatureDeprecated\nImportError: cannot import name 'FeatureDeprecated' from partially initialized module 'mesonbuild.interpreterbase' (most likely due to a circular import) (/spack/opt/spack/linux-ubuntu22.04-haswell/gcc-11.2.0/meson-0.58.2-2typ2tmrpencnzqiirrxumz6mf2uyxkn/lib/python3.9/site-packages/mesonbuild/interpreterbase.py)\n\n\n\n1 error found in test log:\n     23        from .boost import BoostDependency\n     24      File \"/spack/opt/spack/linux-ubuntu22.04-haswell/gcc-11.2.0/meson-\n           0.58.2-2typ2tmrpencnzqiirrxumz6mf2uyxkn/lib/python3.9/site-packages/\n           mesonbuild/dependencies/boost.py\", line 25, in <module>\n     25        from .base import DependencyException, ExternalDependency, PkgCo\n           nfigDependency\n     26      File \"/spack/opt/spack/linux-ubuntu22.04-haswell/gcc-11.2.0/meson-\n           0.58.2-2typ2tmrpencnzqiirrxumz6mf2uyxkn/lib/python3.9/site-packages/\n           mesonbuild/dependencies/base.py\", line 41, in <module>\n     27        from ..interpreterbase import FeatureDeprecated\n     28    ImportError: cannot import name 'FeatureDeprecated' from partially i\n           nitialized module 'mesonbuild.interpreterbase' (most likely due to a\n            circular import) (/spack/opt/spack/linux-ubuntu22.04-haswell/gcc-11\n           .2.0/meson-0.58.2-2typ2tmrpencnzqiirrxumz6mf2uyxkn/lib/python3.9/sit\n           e-packages/mesonbuild/interpreterbase.py)\n  >> 29    FAILED: Command exited with status 1:\n     30        '/spack/opt/spack/linux-ubuntu22.04-haswell/gcc-11.2.0/python-3.\n           9.13-q47iise7npr7iijnfw5l66jtgksi4tvc/bin/python3.9' '-c' 'import me\n           sonbuild.ast'\n     31    Traceback (most recent call last):\n     32      File \"<string>\", line 1, in <module>\n     33      File \"/spack/opt/spack/linux-ubuntu22.04-haswell/gcc-11.2.0/meson-\n           0.58.2-2typ2tmrpencnzqiirrxumz6mf2uyxkn/lib/python3.9/site-packages/\n           mesonbuild/ast/__init__.py\", line 30, in <module>\n     34        from .interpreter import AstInterpreter\n     35      File \"/spack/opt/spack/linux-ubuntu22.04-haswell/gcc-11.2.0/meson-\n           0.58.2-2typ2tmrpencnzqiirrxumz6mf2uyxkn/lib/python3.9/site-packages/\n           mesonbuild/ast/interpreter.py\", line 19, in <module>\n\n\n\n/spack/lib/spack/spack/build_environment.py:1076, in _setup_pkg_and_run:\n       1073        tb_string = traceback.format_exc()\n       1074\n       1075        # build up some context from the offending package so we can\n  >>   1076        # show that, too.\n       1077        package_context = get_package_context(tb)\n       1078\n       1079        logfile = None\n\nSee test log for details:\n  /cache/spack/test/pt6nqykig4maercqx32x4xjym4p7wo32/meson-0.58.2-2typ2tm-test-out.txt\n\n==> Error: 1 test(s) in the suite failed.\n\n======================== 1 failed, 0 passed of 1 specs =========================\n",
                    "return_code": 1,
                    "seconds": 3.1320114135742188,
                    "prediction": false,
                    "command": "/spack/bin/spack test run /2typ2t"
                }
            }
        },
        "stats": {
            "sizes_bytes": {}
        },
        "experiment": "meson",
        "result": "splice-success",
        "success": true,
        "splice": "ninja@1.7.2",
        "package": "meson@0.58.2",
        "different_libs": false
    },
    {
        "specs": {
            "original": "meson@0.58.2%gcc@11.2.0 patches=aa6c50d arch=linux-ubuntu22.04-haswell ^berkeley-db@18.1.40%gcc@11.2.0+cxx~docs+stl patches=b231fcc arch=linux-ubuntu22.04-haswell ^bzip2@1.0.8%gcc@11.2.0~debug~pic+shared arch=linux-ubuntu22.04-haswell ^ca-certificates-mozilla@2022-03-29%gcc@11.2.0 arch=linux-ubuntu22.04-haswell ^diffutils@3.8%gcc@11.2.0 arch=linux-ubuntu22.04-haswell ^expat@2.4.8%gcc@11.2.0+libbsd arch=linux-ubuntu22.04-haswell ^gdbm@1.19%gcc@11.2.0 arch=linux-ubuntu22.04-haswell ^gettext@0.21%gcc@11.2.0+bzip2+curses+git~libunistring+libxml2+tar+xz arch=linux-ubuntu22.04-haswell ^libbsd@0.11.5%gcc@11.2.0 arch=linux-ubuntu22.04-haswell ^libffi@3.4.2%gcc@11.2.0 arch=linux-ubuntu22.04-haswell ^libiconv@1.16%gcc@11.2.0 libs=shared,static arch=linux-ubuntu22.04-haswell ^libmd@1.0.4%gcc@11.2.0 arch=linux-ubuntu22.04-haswell ^libxml2@2.9.13%gcc@11.2.0~python arch=linux-ubuntu22.04-haswell ^ncurses@6.2%gcc@11.2.0~symlinks+termlib abi=none arch=linux-ubuntu22.04-haswell ^ninja@1.11.0%gcc@11.2.0 arch=linux-ubuntu22.04-haswell ^openssl@1.1.1q%gcc@11.2.0~docs~shared certs=mozilla patches=3fdcf2d arch=linux-ubuntu22.04-haswell ^perl@5.34.1%gcc@11.2.0+cpanm+shared+threads arch=linux-ubuntu22.04-haswell ^pigz@2.7%gcc@11.2.0 arch=linux-ubuntu22.04-haswell ^pkgconf@1.8.0%gcc@11.2.0 arch=linux-ubuntu22.04-haswell ^py-pip@22.1.2%gcc@11.2.0 arch=linux-ubuntu22.04-haswell ^py-setuptools@63.0.0%gcc@11.2.0 arch=linux-ubuntu22.04-haswell ^py-wheel@0.37.1%gcc@11.2.0 arch=linux-ubuntu22.04-haswell ^python@3.9.13%gcc@11.2.0+bz2+ctypes+dbm~debug+ensurepip+libxml2+lzma~nis~optimizations+pic+pyexpat+pythoncmd+readline+shared+sqlite3+ssl~tix~tkinter~ucs4+uuid+zlib patches=0d98e93,4c24573,f2fd060 arch=linux-ubuntu22.04-haswell ^readline@8.1.2%gcc@11.2.0 arch=linux-ubuntu22.04-haswell ^sqlite@3.38.5%gcc@11.2.0+column_metadata+dynamic_extensions+fts~functions+rtree arch=linux-ubuntu22.04-haswell ^tar@1.34%gcc@11.2.0 zip=pigz arch=linux-ubuntu22.04-haswell ^util-linux-uuid@2.37.4%gcc@11.2.0 arch=linux-ubuntu22.04-haswell ^xz@5.2.5%gcc@11.2.0~pic libs=shared,static arch=linux-ubuntu22.04-haswell ^zlib@1.2.12%gcc@11.2.0+optimize+pic+shared patches=0d38234 arch=linux-ubuntu22.04-haswell ^zstd@1.5.2%gcc@11.2.0+programs compression=none libs=shared,static arch=linux-ubuntu22.04-haswell",
            "spliced": "meson@0.58.2%gcc@11.2.0 patches=aa6c50d arch=linux-ubuntu22.04-haswell ^berkeley-db@18.1.40%gcc@11.2.0+cxx~docs+stl patches=b231fcc arch=linux-ubuntu22.04-haswell ^bzip2@1.0.8%gcc@11.2.0~debug~pic+shared arch=linux-ubuntu22.04-haswell ^ca-certificates-mozilla@2022-03-29%gcc@11.2.0 arch=linux-ubuntu22.04-haswell ^diffutils@3.8%gcc@11.2.0 arch=linux-ubuntu22.04-haswell ^expat@2.4.8%gcc@11.2.0+libbsd arch=linux-ubuntu22.04-haswell ^gdbm@1.19%gcc@11.2.0 arch=linux-ubuntu22.04-haswell ^gettext@0.21%gcc@11.2.0+bzip2+curses+git~libunistring+libxml2+tar+xz arch=linux-ubuntu22.04-haswell ^libbsd@0.11.5%gcc@11.2.0 arch=linux-ubuntu22.04-haswell ^libffi@3.4.2%gcc@11.2.0 arch=linux-ubuntu22.04-haswell ^libiconv@1.16%gcc@11.2.0 libs=shared,static arch=linux-ubuntu22.04-haswell ^libmd@1.0.4%gcc@11.2.0 arch=linux-ubuntu22.04-haswell ^libxml2@2.9.13%gcc@11.2.0~python arch=linux-ubuntu22.04-haswell ^ncurses@6.2%gcc@11.2.0~symlinks+termlib abi=none arch=linux-ubuntu22.04-haswell ^ninja@1.8.2%gcc@11.2.0 arch=linux-ubuntu22.04-haswell ^openssl@1.1.1q%gcc@11.2.0~docs~shared certs=mozilla patches=3fdcf2d arch=linux-ubuntu22.04-haswell ^perl@5.34.1%gcc@11.2.0+cpanm+shared+threads arch=linux-ubuntu22.04-haswell ^pigz@2.7%gcc@11.2.0 arch=linux-ubuntu22.04-haswell ^pkgconf@1.8.0%gcc@11.2.0 arch=linux-ubuntu22.04-haswell ^py-pip@22.1.2%gcc@11.2.0 arch=linux-ubuntu22.04-haswell ^py-setuptools@63.0.0%gcc@11.2.0 arch=linux-ubuntu22.04-haswell ^py-wheel@0.37.1%gcc@11.2.0 arch=linux-ubuntu22.04-haswell ^python@3.9.13%gcc@11.2.0+bz2+ctypes+dbm~debug+ensurepip+libxml2+lzma~nis~optimizations+pic+pyexpat+pythoncmd+readline+shared+sqlite3+ssl~tix~tkinter~ucs4+uuid+zlib patches=0d98e93,4c24573,f2fd060 arch=linux-ubuntu22.04-haswell ^readline@8.1.2%gcc@11.2.0 arch=linux-ubuntu22.04-haswell ^sqlite@3.38.5%gcc@11.2.0+column_metadata+dynamic_extensions+fts~functions+rtree arch=linux-ubuntu22.04-haswell ^tar@1.34%gcc@11.2.0 zip=pigz arch=linux-ubuntu22.04-haswell ^util-linux-uuid@2.37.4%gcc@11.2.0 arch=linux-ubuntu22.04-haswell ^xz@5.2.5%gcc@11.2.0~pic libs=shared,static arch=linux-ubuntu22.04-haswell ^zlib@1.2.12%gcc@11.2.0+optimize+pic+shared patches=0d38234 arch=linux-ubuntu22.04-haswell ^zstd@1.5.2%gcc@11.2.0+programs compression=none libs=shared,static arch=linux-ubuntu22.04-haswell"
        },
        "ids": {
            "original": "/c7o5oa",
            "spliced": "/vnn3dp"
        },
        "original": [],
        "spliced": [],
        "paths": {
            "loads": {
                "original": [
                    "/spack/opt/spack/linux-ubuntu22.04-haswell/gcc-11.2.0/openssl-1.1.1q-gqizvq5o5pipkqv2cxsg3k47lnqi64j3/lib",
                    "/spack/opt/spack/linux-ubuntu22.04-haswell/gcc-11.2.0/zlib-1.2.12-ychk3ix6mv3mgsrtnazfunnmu4vrspkk/lib",
                    "/spack/opt/spack/linux-ubuntu22.04-haswell/gcc-11.2.0/sqlite-3.38.5-d2ea6bj7l73lk6qts76ztojzxfz5mcvc/lib",
                    "/spack/opt/spack/linux-ubuntu22.04-haswell/gcc-11.2.0/expat-2.4.8-owhc2truzoihyzfqo7rxjgd4edfc6j7v/lib",
                    "/spack/opt/spack/linux-ubuntu22.04-haswell/gcc-11.2.0/libbsd-0.11.5-ae73lpti6eu6wivubsemtrytzzf3hez7/lib",
                    "/spack/opt/spack/linux-ubuntu22.04-haswell/gcc-11.2.0/gettext-0.21-u6wcu25n7tfqtrvnexez66utuydb4smx/lib",
                    "/spack/opt/spack/linux-ubuntu22.04-haswell/gcc-11.2.0/ncurses-6.2-2khyzubbcfupjtbj4nkogd7ebonczczr/lib",
                    "/spack/opt/spack/linux-ubuntu22.04-haswell/gcc-11.2.0/berkeley-db-18.1.40-y3xm2b4wnx2tsoeh4mb3glrv4zzgmt57/lib",
                    "/spack/opt/spack/linux-ubuntu22.04-haswell/gcc-11.2.0/libffi-3.4.2-m3zifbsskipiwtc4j55gcuiggbxrlc73/lib",
                    "/spack/opt/spack/linux-ubuntu22.04-haswell/gcc-11.2.0/perl-5.34.1-olweu672du4nrlvjn2shpf62jbgxzzp6/lib",
                    "/spack/opt/spack/linux-ubuntu22.04-haswell/gcc-11.2.0/libmd-1.0.4-ajqlqlpzseqjzps2pjrcxzqgwoqre7id/lib",
                    "/spack/opt/spack/linux-ubuntu22.04-haswell/gcc-11.2.0/pkgconf-1.8.0-ruoukh6z67iefyz4cyphkcqaz2g2hx7f/lib",
                    "/spack/opt/spack/linux-ubuntu22.04-haswell/gcc-11.2.0/py-setuptools-63.0.0-qjixzrrpenjwdukrncgixplgrivtxn4g/lib",
                    "/spack/opt/spack/linux-ubuntu22.04-haswell/gcc-11.2.0/python-3.9.13-q47iise7npr7iijnfw5l66jtgksi4tvc/lib",
                    "/spack/opt/spack/linux-ubuntu22.04-haswell/gcc-11.2.0/xz-5.2.5-ub757pyoqpaurexmrq7oxo7cj35qod2q/lib",
                    "/spack/opt/spack/linux-ubuntu22.04-haswell/gcc-11.2.0/libxml2-2.9.13-7nkjcj7tyvlqw2evbz75lmy3orkmqpmy/lib",
                    "/spack/opt/spack/linux-ubuntu22.04-haswell/gcc-11.2.0/bzip2-1.0.8-szccym2boautmkfmh4m2xm2krbftkd2g/lib",
                    "/spack/opt/spack/linux-ubuntu22.04-haswell/gcc-11.2.0/libiconv-1.16-nylazfnjil3kyc5wyctes6ttimburge6/lib",
                    "/spack/opt/spack/linux-ubuntu22.04-haswell/gcc-11.2.0/zstd-1.5.2-nbvfzv7w6wra46fxbdhk5ewgplaxuwqn/lib",
                    "/spack/opt/spack/linux-ubuntu22.04-haswell/gcc-11.2.0/readline-8.1.2-b7aunqqlalfx6dlbtvcqgzcvtcn4ysjk/lib",
                    "/spack/opt/spack/linux-ubuntu22.04-haswell/gcc-11.2.0/meson-0.58.2-c7o5oaowwtwapuq6w6bt5kdo36j2kwxa/lib",
                    "/spack/opt/spack/linux-ubuntu22.04-haswell/gcc-11.2.0/py-wheel-0.37.1-elguqdgx2rqpyjti3aiugzkciub2w7pc/lib",
                    "/spack/opt/spack/linux-ubuntu22.04-haswell/gcc-11.2.0/gdbm-1.19-wcroyxphbv36i3i7pvflptbcp2fqumx3/lib",
                    "/spack/opt/spack/linux-ubuntu22.04-haswell/gcc-11.2.0/util-linux-uuid-2.37.4-zfqnulivrw2c6ucejn44ozyygbnbgkej/lib",
                    "/spack/opt/spack/linux-ubuntu22.04-haswell/gcc-11.2.0/py-pip-22.1.2-nd5hxakdl6igvv7tx3olohvdz3mufwbb/lib"
                ],
                "spliced": [
                    "/spack/opt/spack/linux-ubuntu22.04-haswell/gcc-11.2.0/py-wheel-0.37.1-ltvvmuvb2dskp25r2n2vjco6dli2mhng/lib",
                    "/spack/opt/spack/linux-ubuntu22.04-haswell/gcc-11.2.0/openssl-1.1.1q-gqizvq5o5pipkqv2cxsg3k47lnqi64j3/lib",
                    "/spack/opt/spack/linux-ubuntu22.04-haswell/gcc-11.2.0/zlib-1.2.12-ychk3ix6mv3mgsrtnazfunnmu4vrspkk/lib",
                    "/spack/opt/spack/linux-ubuntu22.04-haswell/gcc-11.2.0/sqlite-3.38.5-d2ea6bj7l73lk6qts76ztojzxfz5mcvc/lib",
                    "/spack/opt/spack/linux-ubuntu22.04-haswell/gcc-11.2.0/expat-2.4.8-owhc2truzoihyzfqo7rxjgd4edfc6j7v/lib",
                    "/spack/opt/spack/linux-ubuntu22.04-haswell/gcc-11.2.0/libbsd-0.11.5-ae73lpti6eu6wivubsemtrytzzf3hez7/lib",
                    "/spack/opt/spack/linux-ubuntu22.04-haswell/gcc-11.2.0/gettext-0.21-u6wcu25n7tfqtrvnexez66utuydb4smx/lib",
                    "/spack/opt/spack/linux-ubuntu22.04-haswell/gcc-11.2.0/ncurses-6.2-2khyzubbcfupjtbj4nkogd7ebonczczr/lib",
                    "/spack/opt/spack/linux-ubuntu22.04-haswell/gcc-11.2.0/berkeley-db-18.1.40-y3xm2b4wnx2tsoeh4mb3glrv4zzgmt57/lib",
                    "/spack/opt/spack/linux-ubuntu22.04-haswell/gcc-11.2.0/libffi-3.4.2-m3zifbsskipiwtc4j55gcuiggbxrlc73/lib",
                    "/spack/opt/spack/linux-ubuntu22.04-haswell/gcc-11.2.0/py-pip-22.1.2-3okip5kqbvxn6pwmfjb57eogafl7scz2/lib",
                    "/spack/opt/spack/linux-ubuntu22.04-haswell/gcc-11.2.0/perl-5.34.1-olweu672du4nrlvjn2shpf62jbgxzzp6/lib",
                    "/spack/opt/spack/linux-ubuntu22.04-haswell/gcc-11.2.0/libmd-1.0.4-ajqlqlpzseqjzps2pjrcxzqgwoqre7id/lib",
                    "/spack/opt/spack/linux-ubuntu22.04-haswell/gcc-11.2.0/pkgconf-1.8.0-ruoukh6z67iefyz4cyphkcqaz2g2hx7f/lib",
                    "/spack/opt/spack/linux-ubuntu22.04-haswell/gcc-11.2.0/py-setuptools-63.0.0-g475bshoryifohuytt7y3ge2umituppg/lib",
                    "/spack/opt/spack/linux-ubuntu22.04-haswell/gcc-11.2.0/meson-0.58.2-vnn3dpgzgixclz54t2enapqei33kfb4n/lib",
                    "/spack/opt/spack/linux-ubuntu22.04-haswell/gcc-11.2.0/python-3.9.13-q47iise7npr7iijnfw5l66jtgksi4tvc/lib",
                    "/spack/opt/spack/linux-ubuntu22.04-haswell/gcc-11.2.0/xz-5.2.5-ub757pyoqpaurexmrq7oxo7cj35qod2q/lib",
                    "/spack/opt/spack/linux-ubuntu22.04-haswell/gcc-11.2.0/libxml2-2.9.13-7nkjcj7tyvlqw2evbz75lmy3orkmqpmy/lib",
                    "/spack/opt/spack/linux-ubuntu22.04-haswell/gcc-11.2.0/bzip2-1.0.8-szccym2boautmkfmh4m2xm2krbftkd2g/lib",
                    "/spack/opt/spack/linux-ubuntu22.04-haswell/gcc-11.2.0/libiconv-1.16-nylazfnjil3kyc5wyctes6ttimburge6/lib",
                    "/spack/opt/spack/linux-ubuntu22.04-haswell/gcc-11.2.0/zstd-1.5.2-nbvfzv7w6wra46fxbdhk5ewgplaxuwqn/lib",
                    "/spack/opt/spack/linux-ubuntu22.04-haswell/gcc-11.2.0/readline-8.1.2-b7aunqqlalfx6dlbtvcqgzcvtcn4ysjk/lib",
                    "/spack/opt/spack/linux-ubuntu22.04-haswell/gcc-11.2.0/gdbm-1.19-wcroyxphbv36i3i7pvflptbcp2fqumx3/lib",
                    "/spack/opt/spack/linux-ubuntu22.04-haswell/gcc-11.2.0/util-linux-uuid-2.37.4-zfqnulivrw2c6ucejn44ozyygbnbgkej/lib"
                ]
            }
        },
        "predictions": {
            "spack-test": {
                "original": {
                    "message": "==> Spack test zkfeeillg5scgn3xsexyubg76vqqq7k3\n==> Testing package meson-0.58.2-c7o5oao\n==> Error: TestFailure: 1 tests failed.\n\n\nCommand exited with status 1:\n    '/spack/opt/spack/linux-ubuntu22.04-haswell/gcc-11.2.0/python-3.9.13-q47iise7npr7iijnfw5l66jtgksi4tvc/bin/python3.9' '-c' 'import mesonbuild.ast'\nTraceback (most recent call last):\n  File \"<string>\", line 1, in <module>\n  File \"/spack/opt/spack/linux-ubuntu22.04-haswell/gcc-11.2.0/meson-0.58.2-c7o5oaowwtwapuq6w6bt5kdo36j2kwxa/lib/python3.9/site-packages/mesonbuild/ast/__init__.py\", line 30, in <module>\n    from .interpreter import AstInterpreter\n  File \"/spack/opt/spack/linux-ubuntu22.04-haswell/gcc-11.2.0/meson-0.58.2-c7o5oaowwtwapuq6w6bt5kdo36j2kwxa/lib/python3.9/site-packages/mesonbuild/ast/interpreter.py\", line 19, in <module>\n    from .. import interpreterbase, mparser, mesonlib\n  File \"/spack/opt/spack/linux-ubuntu22.04-haswell/gcc-11.2.0/meson-0.58.2-c7o5oaowwtwapuq6w6bt5kdo36j2kwxa/lib/python3.9/site-packages/mesonbuild/interpreterbase.py\", line 19, in <module>\n    from . import environment, dependencies\n  File \"/spack/opt/spack/linux-ubuntu22.04-haswell/gcc-11.2.0/meson-0.58.2-c7o5oaowwtwapuq6w6bt5kdo36j2kwxa/lib/python3.9/site-packages/mesonbuild/dependencies/__init__.py\", line 15, in <module>\n    from .boost import BoostDependency\n  File \"/spack/opt/spack/linux-ubuntu22.04-haswell/gcc-11.2.0/meson-0.58.2-c7o5oaowwtwapuq6w6bt5kdo36j2kwxa/lib/python3.9/site-packages/mesonbuild/dependencies/boost.py\", line 25, in <module>\n    from .base import DependencyException, ExternalDependency, PkgConfigDependency\n  File \"/spack/opt/spack/linux-ubuntu22.04-haswell/gcc-11.2.0/meson-0.58.2-c7o5oaowwtwapuq6w6bt5kdo36j2kwxa/lib/python3.9/site-packages/mesonbuild/dependencies/base.py\", line 41, in <module>\n    from ..interpreterbase import FeatureDeprecated\nImportError: cannot import name 'FeatureDeprecated' from partially initialized module 'mesonbuild.interpreterbase' (most likely due to a circular import) (/spack/opt/spack/linux-ubuntu22.04-haswell/gcc-11.2.0/meson-0.58.2-c7o5oaowwtwapuq6w6bt5kdo36j2kwxa/lib/python3.9/site-packages/mesonbuild/interpreterbase.py)\n\n\n\n1 error found in test log:\n     23        from .boost import BoostDependency\n     24      File \"/spack/opt/spack/linux-ubuntu22.04-haswell/gcc-11.2.0/meson-\n           0.58.2-c7o5oaowwtwapuq6w6bt5kdo36j2kwxa/lib/python3.9/site-packages/\n           mesonbuild/dependencies/boost.py\", line 25, in <module>\n     25        from .base import DependencyException, ExternalDependency, PkgCo\n           nfigDependency\n     26      File \"/spack/opt/spack/linux-ubuntu22.04-haswell/gcc-11.2.0/meson-\n           0.58.2-c7o5oaowwtwapuq6w6bt5kdo36j2kwxa/lib/python3.9/site-packages/\n           mesonbuild/dependencies/base.py\", line 41, in <module>\n     27        from ..interpreterbase import FeatureDeprecated\n     28    ImportError: cannot import name 'FeatureDeprecated' from partially i\n           nitialized module 'mesonbuild.interpreterbase' (most likely due to a\n            circular import) (/spack/opt/spack/linux-ubuntu22.04-haswell/gcc-11\n           .2.0/meson-0.58.2-c7o5oaowwtwapuq6w6bt5kdo36j2kwxa/lib/python3.9/sit\n           e-packages/mesonbuild/interpreterbase.py)\n  >> 29    FAILED: Command exited with status 1:\n     30        '/spack/opt/spack/linux-ubuntu22.04-haswell/gcc-11.2.0/python-3.\n           9.13-q47iise7npr7iijnfw5l66jtgksi4tvc/bin/python3.9' '-c' 'import me\n           sonbuild.ast'\n     31    Traceback (most recent call last):\n     32      File \"<string>\", line 1, in <module>\n     33      File \"/spack/opt/spack/linux-ubuntu22.04-haswell/gcc-11.2.0/meson-\n           0.58.2-c7o5oaowwtwapuq6w6bt5kdo36j2kwxa/lib/python3.9/site-packages/\n           mesonbuild/ast/__init__.py\", line 30, in <module>\n     34        from .interpreter import AstInterpreter\n     35      File \"/spack/opt/spack/linux-ubuntu22.04-haswell/gcc-11.2.0/meson-\n           0.58.2-c7o5oaowwtwapuq6w6bt5kdo36j2kwxa/lib/python3.9/site-packages/\n           mesonbuild/ast/interpreter.py\", line 19, in <module>\n\n\n\n/spack/lib/spack/spack/build_environment.py:1076, in _setup_pkg_and_run:\n       1073        tb_string = traceback.format_exc()\n       1074\n       1075        # build up some context from the offending package so we can\n  >>   1076        # show that, too.\n       1077        package_context = get_package_context(tb)\n       1078\n       1079        logfile = None\n\nSee test log for details:\n  /cache/spack/test/zkfeeillg5scgn3xsexyubg76vqqq7k3/meson-0.58.2-c7o5oao-test-out.txt\n\n==> Error: 1 test(s) in the suite failed.\n\n======================== 1 failed, 0 passed of 1 specs =========================\n",
                    "return_code": 1,
                    "seconds": 2.6403210163116455,
                    "prediction": false,
                    "command": "/spack/bin/spack test run /c7o5oa"
                },
                "spliced": {
                    "message": "==> Spack test vwinc5wi2qrl6yl44ihnqmc2in2w33jh\n==> Testing package meson-0.58.2-vnn3dpg\n==> Error: TestFailure: 1 tests failed.\n\n\nCommand exited with status 1:\n    '/spack/opt/spack/linux-ubuntu22.04-haswell/gcc-11.2.0/python-3.9.13-q47iise7npr7iijnfw5l66jtgksi4tvc/bin/python3.9' '-c' 'import mesonbuild.ast'\nTraceback (most recent call last):\n  File \"<string>\", line 1, in <module>\n  File \"/spack/opt/spack/linux-ubuntu22.04-haswell/gcc-11.2.0/meson-0.58.2-vnn3dpgzgixclz54t2enapqei33kfb4n/lib/python3.9/site-packages/mesonbuild/ast/__init__.py\", line 30, in <module>\n    from .interpreter import AstInterpreter\n  File \"/spack/opt/spack/linux-ubuntu22.04-haswell/gcc-11.2.0/meson-0.58.2-vnn3dpgzgixclz54t2enapqei33kfb4n/lib/python3.9/site-packages/mesonbuild/ast/interpreter.py\", line 19, in <module>\n    from .. import interpreterbase, mparser, mesonlib\n  File \"/spack/opt/spack/linux-ubuntu22.04-haswell/gcc-11.2.0/meson-0.58.2-vnn3dpgzgixclz54t2enapqei33kfb4n/lib/python3.9/site-packages/mesonbuild/interpreterbase.py\", line 19, in <module>\n    from . import environment, dependencies\n  File \"/spack/opt/spack/linux-ubuntu22.04-haswell/gcc-11.2.0/meson-0.58.2-vnn3dpgzgixclz54t2enapqei33kfb4n/lib/python3.9/site-packages/mesonbuild/dependencies/__init__.py\", line 15, in <module>\n    from .boost import BoostDependency\n  File \"/spack/opt/spack/linux-ubuntu22.04-haswell/gcc-11.2.0/meson-0.58.2-vnn3dpgzgixclz54t2enapqei33kfb4n/lib/python3.9/site-packages/mesonbuild/dependencies/boost.py\", line 25, in <module>\n    from .base import DependencyException, ExternalDependency, PkgConfigDependency\n  File \"/spack/opt/spack/linux-ubuntu22.04-haswell/gcc-11.2.0/meson-0.58.2-vnn3dpgzgixclz54t2enapqei33kfb4n/lib/python3.9/site-packages/mesonbuild/dependencies/base.py\", line 41, in <module>\n    from ..interpreterbase import FeatureDeprecated\nImportError: cannot import name 'FeatureDeprecated' from partially initialized module 'mesonbuild.interpreterbase' (most likely due to a circular import) (/spack/opt/spack/linux-ubuntu22.04-haswell/gcc-11.2.0/meson-0.58.2-vnn3dpgzgixclz54t2enapqei33kfb4n/lib/python3.9/site-packages/mesonbuild/interpreterbase.py)\n\n\n\n1 error found in test log:\n     23        from .boost import BoostDependency\n     24      File \"/spack/opt/spack/linux-ubuntu22.04-haswell/gcc-11.2.0/meson-\n           0.58.2-vnn3dpgzgixclz54t2enapqei33kfb4n/lib/python3.9/site-packages/\n           mesonbuild/dependencies/boost.py\", line 25, in <module>\n     25        from .base import DependencyException, ExternalDependency, PkgCo\n           nfigDependency\n     26      File \"/spack/opt/spack/linux-ubuntu22.04-haswell/gcc-11.2.0/meson-\n           0.58.2-vnn3dpgzgixclz54t2enapqei33kfb4n/lib/python3.9/site-packages/\n           mesonbuild/dependencies/base.py\", line 41, in <module>\n     27        from ..interpreterbase import FeatureDeprecated\n     28    ImportError: cannot import name 'FeatureDeprecated' from partially i\n           nitialized module 'mesonbuild.interpreterbase' (most likely due to a\n            circular import) (/spack/opt/spack/linux-ubuntu22.04-haswell/gcc-11\n           .2.0/meson-0.58.2-vnn3dpgzgixclz54t2enapqei33kfb4n/lib/python3.9/sit\n           e-packages/mesonbuild/interpreterbase.py)\n  >> 29    FAILED: Command exited with status 1:\n     30        '/spack/opt/spack/linux-ubuntu22.04-haswell/gcc-11.2.0/python-3.\n           9.13-q47iise7npr7iijnfw5l66jtgksi4tvc/bin/python3.9' '-c' 'import me\n           sonbuild.ast'\n     31    Traceback (most recent call last):\n     32      File \"<string>\", line 1, in <module>\n     33      File \"/spack/opt/spack/linux-ubuntu22.04-haswell/gcc-11.2.0/meson-\n           0.58.2-vnn3dpgzgixclz54t2enapqei33kfb4n/lib/python3.9/site-packages/\n           mesonbuild/ast/__init__.py\", line 30, in <module>\n     34        from .interpreter import AstInterpreter\n     35      File \"/spack/opt/spack/linux-ubuntu22.04-haswell/gcc-11.2.0/meson-\n           0.58.2-vnn3dpgzgixclz54t2enapqei33kfb4n/lib/python3.9/site-packages/\n           mesonbuild/ast/interpreter.py\", line 19, in <module>\n\n\n\n/spack/lib/spack/spack/build_environment.py:1076, in _setup_pkg_and_run:\n       1073        tb_string = traceback.format_exc()\n       1074\n       1075        # build up some context from the offending package so we can\n  >>   1076        # show that, too.\n       1077        package_context = get_package_context(tb)\n       1078\n       1079        logfile = None\n\nSee test log for details:\n  /cache/spack/test/vwinc5wi2qrl6yl44ihnqmc2in2w33jh/meson-0.58.2-vnn3dpg-test-out.txt\n\n==> Error: 1 test(s) in the suite failed.\n\n======================== 1 failed, 0 passed of 1 specs =========================\n",
                    "return_code": 1,
                    "seconds": 3.0359296798706055,
                    "prediction": false,
                    "command": "/spack/bin/spack test run /vnn3dp"
                }
            }
        },
        "stats": {
            "sizes_bytes": {}
        },
        "experiment": "meson",
        "result": "splice-success",
        "success": true,
        "splice": "ninja@1.8.2",
        "package": "meson@0.58.2",
        "different_libs": false
    },
    {
        "specs": {
            "original": "meson@0.58.2%gcc@11.2.0 patches=aa6c50d arch=linux-ubuntu22.04-haswell ^berkeley-db@18.1.40%gcc@11.2.0+cxx~docs+stl patches=b231fcc arch=linux-ubuntu22.04-haswell ^bzip2@1.0.8%gcc@11.2.0~debug~pic+shared arch=linux-ubuntu22.04-haswell ^ca-certificates-mozilla@2022-03-29%gcc@11.2.0 arch=linux-ubuntu22.04-haswell ^diffutils@3.8%gcc@11.2.0 arch=linux-ubuntu22.04-haswell ^expat@2.4.8%gcc@11.2.0+libbsd arch=linux-ubuntu22.04-haswell ^gdbm@1.19%gcc@11.2.0 arch=linux-ubuntu22.04-haswell ^gettext@0.21%gcc@11.2.0+bzip2+curses+git~libunistring+libxml2+tar+xz arch=linux-ubuntu22.04-haswell ^libbsd@0.11.5%gcc@11.2.0 arch=linux-ubuntu22.04-haswell ^libffi@3.4.2%gcc@11.2.0 arch=linux-ubuntu22.04-haswell ^libiconv@1.16%gcc@11.2.0 libs=shared,static arch=linux-ubuntu22.04-haswell ^libmd@1.0.4%gcc@11.2.0 arch=linux-ubuntu22.04-haswell ^libxml2@2.9.13%gcc@11.2.0~python arch=linux-ubuntu22.04-haswell ^ncurses@6.2%gcc@11.2.0~symlinks+termlib abi=none arch=linux-ubuntu22.04-haswell ^ninja@1.11.0%gcc@11.2.0 arch=linux-ubuntu22.04-haswell ^openssl@1.1.1q%gcc@11.2.0~docs~shared certs=mozilla patches=3fdcf2d arch=linux-ubuntu22.04-haswell ^perl@5.34.1%gcc@11.2.0+cpanm+shared+threads arch=linux-ubuntu22.04-haswell ^pigz@2.7%gcc@11.2.0 arch=linux-ubuntu22.04-haswell ^pkgconf@1.8.0%gcc@11.2.0 arch=linux-ubuntu22.04-haswell ^py-pip@22.1.2%gcc@11.2.0 arch=linux-ubuntu22.04-haswell ^py-setuptools@63.0.0%gcc@11.2.0 arch=linux-ubuntu22.04-haswell ^py-wheel@0.37.1%gcc@11.2.0 arch=linux-ubuntu22.04-haswell ^python@3.9.13%gcc@11.2.0+bz2+ctypes+dbm~debug+ensurepip+libxml2+lzma~nis~optimizations+pic+pyexpat+pythoncmd+readline+shared+sqlite3+ssl~tix~tkinter~ucs4+uuid+zlib patches=0d98e93,4c24573,f2fd060 arch=linux-ubuntu22.04-haswell ^readline@8.1.2%gcc@11.2.0 arch=linux-ubuntu22.04-haswell ^sqlite@3.38.5%gcc@11.2.0+column_metadata+dynamic_extensions+fts~functions+rtree arch=linux-ubuntu22.04-haswell ^tar@1.34%gcc@11.2.0 zip=pigz arch=linux-ubuntu22.04-haswell ^util-linux-uuid@2.37.4%gcc@11.2.0 arch=linux-ubuntu22.04-haswell ^xz@5.2.5%gcc@11.2.0~pic libs=shared,static arch=linux-ubuntu22.04-haswell ^zlib@1.2.12%gcc@11.2.0+optimize+pic+shared patches=0d38234 arch=linux-ubuntu22.04-haswell ^zstd@1.5.2%gcc@11.2.0+programs compression=none libs=shared,static arch=linux-ubuntu22.04-haswell",
            "spliced": "meson@0.58.2%gcc@11.2.0 patches=aa6c50d arch=linux-ubuntu22.04-haswell ^berkeley-db@18.1.40%gcc@11.2.0+cxx~docs+stl patches=b231fcc arch=linux-ubuntu22.04-haswell ^bzip2@1.0.8%gcc@11.2.0~debug~pic+shared arch=linux-ubuntu22.04-haswell ^ca-certificates-mozilla@2022-03-29%gcc@11.2.0 arch=linux-ubuntu22.04-haswell ^diffutils@3.8%gcc@11.2.0 arch=linux-ubuntu22.04-haswell ^expat@2.4.8%gcc@11.2.0+libbsd arch=linux-ubuntu22.04-haswell ^gdbm@1.19%gcc@11.2.0 arch=linux-ubuntu22.04-haswell ^gettext@0.21%gcc@11.2.0+bzip2+curses+git~libunistring+libxml2+tar+xz arch=linux-ubuntu22.04-haswell ^libbsd@0.11.5%gcc@11.2.0 arch=linux-ubuntu22.04-haswell ^libffi@3.4.2%gcc@11.2.0 arch=linux-ubuntu22.04-haswell ^libiconv@1.16%gcc@11.2.0 libs=shared,static arch=linux-ubuntu22.04-haswell ^libmd@1.0.4%gcc@11.2.0 arch=linux-ubuntu22.04-haswell ^libxml2@2.9.13%gcc@11.2.0~python arch=linux-ubuntu22.04-haswell ^ncurses@6.2%gcc@11.2.0~symlinks+termlib abi=none arch=linux-ubuntu22.04-haswell ^ninja@1.9.0%gcc@11.2.0 arch=linux-ubuntu22.04-haswell ^openssl@1.1.1q%gcc@11.2.0~docs~shared certs=mozilla patches=3fdcf2d arch=linux-ubuntu22.04-haswell ^perl@5.34.1%gcc@11.2.0+cpanm+shared+threads arch=linux-ubuntu22.04-haswell ^pigz@2.7%gcc@11.2.0 arch=linux-ubuntu22.04-haswell ^pkgconf@1.8.0%gcc@11.2.0 arch=linux-ubuntu22.04-haswell ^py-pip@22.1.2%gcc@11.2.0 arch=linux-ubuntu22.04-haswell ^py-setuptools@63.0.0%gcc@11.2.0 arch=linux-ubuntu22.04-haswell ^py-wheel@0.37.1%gcc@11.2.0 arch=linux-ubuntu22.04-haswell ^python@3.9.13%gcc@11.2.0+bz2+ctypes+dbm~debug+ensurepip+libxml2+lzma~nis~optimizations+pic+pyexpat+pythoncmd+readline+shared+sqlite3+ssl~tix~tkinter~ucs4+uuid+zlib patches=0d98e93,4c24573,f2fd060 arch=linux-ubuntu22.04-haswell ^readline@8.1.2%gcc@11.2.0 arch=linux-ubuntu22.04-haswell ^sqlite@3.38.5%gcc@11.2.0+column_metadata+dynamic_extensions+fts~functions+rtree arch=linux-ubuntu22.04-haswell ^tar@1.34%gcc@11.2.0 zip=pigz arch=linux-ubuntu22.04-haswell ^util-linux-uuid@2.37.4%gcc@11.2.0 arch=linux-ubuntu22.04-haswell ^xz@5.2.5%gcc@11.2.0~pic libs=shared,static arch=linux-ubuntu22.04-haswell ^zlib@1.2.12%gcc@11.2.0+optimize+pic+shared patches=0d38234 arch=linux-ubuntu22.04-haswell ^zstd@1.5.2%gcc@11.2.0+programs compression=none libs=shared,static arch=linux-ubuntu22.04-haswell"
        },
        "ids": {
            "original": "/c7o5oa",
            "spliced": "/wtogvw"
        },
        "original": [],
        "spliced": [],
        "paths": {
            "loads": {
                "original": [
                    "/spack/opt/spack/linux-ubuntu22.04-haswell/gcc-11.2.0/openssl-1.1.1q-gqizvq5o5pipkqv2cxsg3k47lnqi64j3/lib",
                    "/spack/opt/spack/linux-ubuntu22.04-haswell/gcc-11.2.0/zlib-1.2.12-ychk3ix6mv3mgsrtnazfunnmu4vrspkk/lib",
                    "/spack/opt/spack/linux-ubuntu22.04-haswell/gcc-11.2.0/sqlite-3.38.5-d2ea6bj7l73lk6qts76ztojzxfz5mcvc/lib",
                    "/spack/opt/spack/linux-ubuntu22.04-haswell/gcc-11.2.0/expat-2.4.8-owhc2truzoihyzfqo7rxjgd4edfc6j7v/lib",
                    "/spack/opt/spack/linux-ubuntu22.04-haswell/gcc-11.2.0/libbsd-0.11.5-ae73lpti6eu6wivubsemtrytzzf3hez7/lib",
                    "/spack/opt/spack/linux-ubuntu22.04-haswell/gcc-11.2.0/gettext-0.21-u6wcu25n7tfqtrvnexez66utuydb4smx/lib",
                    "/spack/opt/spack/linux-ubuntu22.04-haswell/gcc-11.2.0/ncurses-6.2-2khyzubbcfupjtbj4nkogd7ebonczczr/lib",
                    "/spack/opt/spack/linux-ubuntu22.04-haswell/gcc-11.2.0/berkeley-db-18.1.40-y3xm2b4wnx2tsoeh4mb3glrv4zzgmt57/lib",
                    "/spack/opt/spack/linux-ubuntu22.04-haswell/gcc-11.2.0/libffi-3.4.2-m3zifbsskipiwtc4j55gcuiggbxrlc73/lib",
                    "/spack/opt/spack/linux-ubuntu22.04-haswell/gcc-11.2.0/perl-5.34.1-olweu672du4nrlvjn2shpf62jbgxzzp6/lib",
                    "/spack/opt/spack/linux-ubuntu22.04-haswell/gcc-11.2.0/libmd-1.0.4-ajqlqlpzseqjzps2pjrcxzqgwoqre7id/lib",
                    "/spack/opt/spack/linux-ubuntu22.04-haswell/gcc-11.2.0/pkgconf-1.8.0-ruoukh6z67iefyz4cyphkcqaz2g2hx7f/lib",
                    "/spack/opt/spack/linux-ubuntu22.04-haswell/gcc-11.2.0/py-setuptools-63.0.0-qjixzrrpenjwdukrncgixplgrivtxn4g/lib",
                    "/spack/opt/spack/linux-ubuntu22.04-haswell/gcc-11.2.0/python-3.9.13-q47iise7npr7iijnfw5l66jtgksi4tvc/lib",
                    "/spack/opt/spack/linux-ubuntu22.04-haswell/gcc-11.2.0/xz-5.2.5-ub757pyoqpaurexmrq7oxo7cj35qod2q/lib",
                    "/spack/opt/spack/linux-ubuntu22.04-haswell/gcc-11.2.0/libxml2-2.9.13-7nkjcj7tyvlqw2evbz75lmy3orkmqpmy/lib",
                    "/spack/opt/spack/linux-ubuntu22.04-haswell/gcc-11.2.0/bzip2-1.0.8-szccym2boautmkfmh4m2xm2krbftkd2g/lib",
                    "/spack/opt/spack/linux-ubuntu22.04-haswell/gcc-11.2.0/libiconv-1.16-nylazfnjil3kyc5wyctes6ttimburge6/lib",
                    "/spack/opt/spack/linux-ubuntu22.04-haswell/gcc-11.2.0/zstd-1.5.2-nbvfzv7w6wra46fxbdhk5ewgplaxuwqn/lib",
                    "/spack/opt/spack/linux-ubuntu22.04-haswell/gcc-11.2.0/readline-8.1.2-b7aunqqlalfx6dlbtvcqgzcvtcn4ysjk/lib",
                    "/spack/opt/spack/linux-ubuntu22.04-haswell/gcc-11.2.0/meson-0.58.2-c7o5oaowwtwapuq6w6bt5kdo36j2kwxa/lib",
                    "/spack/opt/spack/linux-ubuntu22.04-haswell/gcc-11.2.0/py-wheel-0.37.1-elguqdgx2rqpyjti3aiugzkciub2w7pc/lib",
                    "/spack/opt/spack/linux-ubuntu22.04-haswell/gcc-11.2.0/gdbm-1.19-wcroyxphbv36i3i7pvflptbcp2fqumx3/lib",
                    "/spack/opt/spack/linux-ubuntu22.04-haswell/gcc-11.2.0/util-linux-uuid-2.37.4-zfqnulivrw2c6ucejn44ozyygbnbgkej/lib",
                    "/spack/opt/spack/linux-ubuntu22.04-haswell/gcc-11.2.0/py-pip-22.1.2-nd5hxakdl6igvv7tx3olohvdz3mufwbb/lib"
                ],
                "spliced": [
                    "/spack/opt/spack/linux-ubuntu22.04-haswell/gcc-11.2.0/py-wheel-0.37.1-ltvvmuvb2dskp25r2n2vjco6dli2mhng/lib",
                    "/spack/opt/spack/linux-ubuntu22.04-haswell/gcc-11.2.0/openssl-1.1.1q-gqizvq5o5pipkqv2cxsg3k47lnqi64j3/lib",
                    "/spack/opt/spack/linux-ubuntu22.04-haswell/gcc-11.2.0/zlib-1.2.12-ychk3ix6mv3mgsrtnazfunnmu4vrspkk/lib",
                    "/spack/opt/spack/linux-ubuntu22.04-haswell/gcc-11.2.0/sqlite-3.38.5-d2ea6bj7l73lk6qts76ztojzxfz5mcvc/lib",
                    "/spack/opt/spack/linux-ubuntu22.04-haswell/gcc-11.2.0/expat-2.4.8-owhc2truzoihyzfqo7rxjgd4edfc6j7v/lib",
                    "/spack/opt/spack/linux-ubuntu22.04-haswell/gcc-11.2.0/libbsd-0.11.5-ae73lpti6eu6wivubsemtrytzzf3hez7/lib",
                    "/spack/opt/spack/linux-ubuntu22.04-haswell/gcc-11.2.0/gettext-0.21-u6wcu25n7tfqtrvnexez66utuydb4smx/lib",
                    "/spack/opt/spack/linux-ubuntu22.04-haswell/gcc-11.2.0/ncurses-6.2-2khyzubbcfupjtbj4nkogd7ebonczczr/lib",
                    "/spack/opt/spack/linux-ubuntu22.04-haswell/gcc-11.2.0/berkeley-db-18.1.40-y3xm2b4wnx2tsoeh4mb3glrv4zzgmt57/lib",
                    "/spack/opt/spack/linux-ubuntu22.04-haswell/gcc-11.2.0/libffi-3.4.2-m3zifbsskipiwtc4j55gcuiggbxrlc73/lib",
                    "/spack/opt/spack/linux-ubuntu22.04-haswell/gcc-11.2.0/py-pip-22.1.2-3okip5kqbvxn6pwmfjb57eogafl7scz2/lib",
                    "/spack/opt/spack/linux-ubuntu22.04-haswell/gcc-11.2.0/meson-0.58.2-wtogvw2w5wm2daakajpkozpk5i3wcks4/lib",
                    "/spack/opt/spack/linux-ubuntu22.04-haswell/gcc-11.2.0/perl-5.34.1-olweu672du4nrlvjn2shpf62jbgxzzp6/lib",
                    "/spack/opt/spack/linux-ubuntu22.04-haswell/gcc-11.2.0/libmd-1.0.4-ajqlqlpzseqjzps2pjrcxzqgwoqre7id/lib",
                    "/spack/opt/spack/linux-ubuntu22.04-haswell/gcc-11.2.0/pkgconf-1.8.0-ruoukh6z67iefyz4cyphkcqaz2g2hx7f/lib",
                    "/spack/opt/spack/linux-ubuntu22.04-haswell/gcc-11.2.0/py-setuptools-63.0.0-g475bshoryifohuytt7y3ge2umituppg/lib",
                    "/spack/opt/spack/linux-ubuntu22.04-haswell/gcc-11.2.0/python-3.9.13-q47iise7npr7iijnfw5l66jtgksi4tvc/lib",
                    "/spack/opt/spack/linux-ubuntu22.04-haswell/gcc-11.2.0/xz-5.2.5-ub757pyoqpaurexmrq7oxo7cj35qod2q/lib",
                    "/spack/opt/spack/linux-ubuntu22.04-haswell/gcc-11.2.0/libxml2-2.9.13-7nkjcj7tyvlqw2evbz75lmy3orkmqpmy/lib",
                    "/spack/opt/spack/linux-ubuntu22.04-haswell/gcc-11.2.0/bzip2-1.0.8-szccym2boautmkfmh4m2xm2krbftkd2g/lib",
                    "/spack/opt/spack/linux-ubuntu22.04-haswell/gcc-11.2.0/libiconv-1.16-nylazfnjil3kyc5wyctes6ttimburge6/lib",
                    "/spack/opt/spack/linux-ubuntu22.04-haswell/gcc-11.2.0/zstd-1.5.2-nbvfzv7w6wra46fxbdhk5ewgplaxuwqn/lib",
                    "/spack/opt/spack/linux-ubuntu22.04-haswell/gcc-11.2.0/readline-8.1.2-b7aunqqlalfx6dlbtvcqgzcvtcn4ysjk/lib",
                    "/spack/opt/spack/linux-ubuntu22.04-haswell/gcc-11.2.0/gdbm-1.19-wcroyxphbv36i3i7pvflptbcp2fqumx3/lib",
                    "/spack/opt/spack/linux-ubuntu22.04-haswell/gcc-11.2.0/util-linux-uuid-2.37.4-zfqnulivrw2c6ucejn44ozyygbnbgkej/lib"
                ]
            }
        },
        "predictions": {
            "spack-test": {
                "original": {
                    "message": "==> Spack test zkfeeillg5scgn3xsexyubg76vqqq7k3\n==> Testing package meson-0.58.2-c7o5oao\n==> Error: TestFailure: 1 tests failed.\n\n\nCommand exited with status 1:\n    '/spack/opt/spack/linux-ubuntu22.04-haswell/gcc-11.2.0/python-3.9.13-q47iise7npr7iijnfw5l66jtgksi4tvc/bin/python3.9' '-c' 'import mesonbuild.ast'\nTraceback (most recent call last):\n  File \"<string>\", line 1, in <module>\n  File \"/spack/opt/spack/linux-ubuntu22.04-haswell/gcc-11.2.0/meson-0.58.2-c7o5oaowwtwapuq6w6bt5kdo36j2kwxa/lib/python3.9/site-packages/mesonbuild/ast/__init__.py\", line 30, in <module>\n    from .interpreter import AstInterpreter\n  File \"/spack/opt/spack/linux-ubuntu22.04-haswell/gcc-11.2.0/meson-0.58.2-c7o5oaowwtwapuq6w6bt5kdo36j2kwxa/lib/python3.9/site-packages/mesonbuild/ast/interpreter.py\", line 19, in <module>\n    from .. import interpreterbase, mparser, mesonlib\n  File \"/spack/opt/spack/linux-ubuntu22.04-haswell/gcc-11.2.0/meson-0.58.2-c7o5oaowwtwapuq6w6bt5kdo36j2kwxa/lib/python3.9/site-packages/mesonbuild/interpreterbase.py\", line 19, in <module>\n    from . import environment, dependencies\n  File \"/spack/opt/spack/linux-ubuntu22.04-haswell/gcc-11.2.0/meson-0.58.2-c7o5oaowwtwapuq6w6bt5kdo36j2kwxa/lib/python3.9/site-packages/mesonbuild/dependencies/__init__.py\", line 15, in <module>\n    from .boost import BoostDependency\n  File \"/spack/opt/spack/linux-ubuntu22.04-haswell/gcc-11.2.0/meson-0.58.2-c7o5oaowwtwapuq6w6bt5kdo36j2kwxa/lib/python3.9/site-packages/mesonbuild/dependencies/boost.py\", line 25, in <module>\n    from .base import DependencyException, ExternalDependency, PkgConfigDependency\n  File \"/spack/opt/spack/linux-ubuntu22.04-haswell/gcc-11.2.0/meson-0.58.2-c7o5oaowwtwapuq6w6bt5kdo36j2kwxa/lib/python3.9/site-packages/mesonbuild/dependencies/base.py\", line 41, in <module>\n    from ..interpreterbase import FeatureDeprecated\nImportError: cannot import name 'FeatureDeprecated' from partially initialized module 'mesonbuild.interpreterbase' (most likely due to a circular import) (/spack/opt/spack/linux-ubuntu22.04-haswell/gcc-11.2.0/meson-0.58.2-c7o5oaowwtwapuq6w6bt5kdo36j2kwxa/lib/python3.9/site-packages/mesonbuild/interpreterbase.py)\n\n\n\n1 error found in test log:\n     23        from .boost import BoostDependency\n     24      File \"/spack/opt/spack/linux-ubuntu22.04-haswell/gcc-11.2.0/meson-\n           0.58.2-c7o5oaowwtwapuq6w6bt5kdo36j2kwxa/lib/python3.9/site-packages/\n           mesonbuild/dependencies/boost.py\", line 25, in <module>\n     25        from .base import DependencyException, ExternalDependency, PkgCo\n           nfigDependency\n     26      File \"/spack/opt/spack/linux-ubuntu22.04-haswell/gcc-11.2.0/meson-\n           0.58.2-c7o5oaowwtwapuq6w6bt5kdo36j2kwxa/lib/python3.9/site-packages/\n           mesonbuild/dependencies/base.py\", line 41, in <module>\n     27        from ..interpreterbase import FeatureDeprecated\n     28    ImportError: cannot import name 'FeatureDeprecated' from partially i\n           nitialized module 'mesonbuild.interpreterbase' (most likely due to a\n            circular import) (/spack/opt/spack/linux-ubuntu22.04-haswell/gcc-11\n           .2.0/meson-0.58.2-c7o5oaowwtwapuq6w6bt5kdo36j2kwxa/lib/python3.9/sit\n           e-packages/mesonbuild/interpreterbase.py)\n  >> 29    FAILED: Command exited with status 1:\n     30        '/spack/opt/spack/linux-ubuntu22.04-haswell/gcc-11.2.0/python-3.\n           9.13-q47iise7npr7iijnfw5l66jtgksi4tvc/bin/python3.9' '-c' 'import me\n           sonbuild.ast'\n     31    Traceback (most recent call last):\n     32      File \"<string>\", line 1, in <module>\n     33      File \"/spack/opt/spack/linux-ubuntu22.04-haswell/gcc-11.2.0/meson-\n           0.58.2-c7o5oaowwtwapuq6w6bt5kdo36j2kwxa/lib/python3.9/site-packages/\n           mesonbuild/ast/__init__.py\", line 30, in <module>\n     34        from .interpreter import AstInterpreter\n     35      File \"/spack/opt/spack/linux-ubuntu22.04-haswell/gcc-11.2.0/meson-\n           0.58.2-c7o5oaowwtwapuq6w6bt5kdo36j2kwxa/lib/python3.9/site-packages/\n           mesonbuild/ast/interpreter.py\", line 19, in <module>\n\n\n\n/spack/lib/spack/spack/build_environment.py:1076, in _setup_pkg_and_run:\n       1073        tb_string = traceback.format_exc()\n       1074\n       1075        # build up some context from the offending package so we can\n  >>   1076        # show that, too.\n       1077        package_context = get_package_context(tb)\n       1078\n       1079        logfile = None\n\nSee test log for details:\n  /cache/spack/test/zkfeeillg5scgn3xsexyubg76vqqq7k3/meson-0.58.2-c7o5oao-test-out.txt\n\n==> Error: 1 test(s) in the suite failed.\n\n======================== 1 failed, 0 passed of 1 specs =========================\n",
                    "return_code": 1,
                    "seconds": 2.6079249382019043,
                    "prediction": false,
                    "command": "/spack/bin/spack test run /c7o5oa"
                },
                "spliced": {
                    "message": "==> Spack test chlcrpobk3ivohfvdfrhfoq4ll6snmqk\n==> Testing package meson-0.58.2-wtogvw2\n==> Error: TestFailure: 1 tests failed.\n\n\nCommand exited with status 1:\n    '/spack/opt/spack/linux-ubuntu22.04-haswell/gcc-11.2.0/python-3.9.13-q47iise7npr7iijnfw5l66jtgksi4tvc/bin/python3.9' '-c' 'import mesonbuild.ast'\nTraceback (most recent call last):\n  File \"<string>\", line 1, in <module>\n  File \"/spack/opt/spack/linux-ubuntu22.04-haswell/gcc-11.2.0/meson-0.58.2-wtogvw2w5wm2daakajpkozpk5i3wcks4/lib/python3.9/site-packages/mesonbuild/ast/__init__.py\", line 30, in <module>\n    from .interpreter import AstInterpreter\n  File \"/spack/opt/spack/linux-ubuntu22.04-haswell/gcc-11.2.0/meson-0.58.2-wtogvw2w5wm2daakajpkozpk5i3wcks4/lib/python3.9/site-packages/mesonbuild/ast/interpreter.py\", line 19, in <module>\n    from .. import interpreterbase, mparser, mesonlib\n  File \"/spack/opt/spack/linux-ubuntu22.04-haswell/gcc-11.2.0/meson-0.58.2-wtogvw2w5wm2daakajpkozpk5i3wcks4/lib/python3.9/site-packages/mesonbuild/interpreterbase.py\", line 19, in <module>\n    from . import environment, dependencies\n  File \"/spack/opt/spack/linux-ubuntu22.04-haswell/gcc-11.2.0/meson-0.58.2-wtogvw2w5wm2daakajpkozpk5i3wcks4/lib/python3.9/site-packages/mesonbuild/dependencies/__init__.py\", line 15, in <module>\n    from .boost import BoostDependency\n  File \"/spack/opt/spack/linux-ubuntu22.04-haswell/gcc-11.2.0/meson-0.58.2-wtogvw2w5wm2daakajpkozpk5i3wcks4/lib/python3.9/site-packages/mesonbuild/dependencies/boost.py\", line 25, in <module>\n    from .base import DependencyException, ExternalDependency, PkgConfigDependency\n  File \"/spack/opt/spack/linux-ubuntu22.04-haswell/gcc-11.2.0/meson-0.58.2-wtogvw2w5wm2daakajpkozpk5i3wcks4/lib/python3.9/site-packages/mesonbuild/dependencies/base.py\", line 41, in <module>\n    from ..interpreterbase import FeatureDeprecated\nImportError: cannot import name 'FeatureDeprecated' from partially initialized module 'mesonbuild.interpreterbase' (most likely due to a circular import) (/spack/opt/spack/linux-ubuntu22.04-haswell/gcc-11.2.0/meson-0.58.2-wtogvw2w5wm2daakajpkozpk5i3wcks4/lib/python3.9/site-packages/mesonbuild/interpreterbase.py)\n\n\n\n1 error found in test log:\n     23        from .boost import BoostDependency\n     24      File \"/spack/opt/spack/linux-ubuntu22.04-haswell/gcc-11.2.0/meson-\n           0.58.2-wtogvw2w5wm2daakajpkozpk5i3wcks4/lib/python3.9/site-packages/\n           mesonbuild/dependencies/boost.py\", line 25, in <module>\n     25        from .base import DependencyException, ExternalDependency, PkgCo\n           nfigDependency\n     26      File \"/spack/opt/spack/linux-ubuntu22.04-haswell/gcc-11.2.0/meson-\n           0.58.2-wtogvw2w5wm2daakajpkozpk5i3wcks4/lib/python3.9/site-packages/\n           mesonbuild/dependencies/base.py\", line 41, in <module>\n     27        from ..interpreterbase import FeatureDeprecated\n     28    ImportError: cannot import name 'FeatureDeprecated' from partially i\n           nitialized module 'mesonbuild.interpreterbase' (most likely due to a\n            circular import) (/spack/opt/spack/linux-ubuntu22.04-haswell/gcc-11\n           .2.0/meson-0.58.2-wtogvw2w5wm2daakajpkozpk5i3wcks4/lib/python3.9/sit\n           e-packages/mesonbuild/interpreterbase.py)\n  >> 29    FAILED: Command exited with status 1:\n     30        '/spack/opt/spack/linux-ubuntu22.04-haswell/gcc-11.2.0/python-3.\n           9.13-q47iise7npr7iijnfw5l66jtgksi4tvc/bin/python3.9' '-c' 'import me\n           sonbuild.ast'\n     31    Traceback (most recent call last):\n     32      File \"<string>\", line 1, in <module>\n     33      File \"/spack/opt/spack/linux-ubuntu22.04-haswell/gcc-11.2.0/meson-\n           0.58.2-wtogvw2w5wm2daakajpkozpk5i3wcks4/lib/python3.9/site-packages/\n           mesonbuild/ast/__init__.py\", line 30, in <module>\n     34        from .interpreter import AstInterpreter\n     35      File \"/spack/opt/spack/linux-ubuntu22.04-haswell/gcc-11.2.0/meson-\n           0.58.2-wtogvw2w5wm2daakajpkozpk5i3wcks4/lib/python3.9/site-packages/\n           mesonbuild/ast/interpreter.py\", line 19, in <module>\n\n\n\n/spack/lib/spack/spack/build_environment.py:1076, in _setup_pkg_and_run:\n       1073        tb_string = traceback.format_exc()\n       1074\n       1075        # build up some context from the offending package so we can\n  >>   1076        # show that, too.\n       1077        package_context = get_package_context(tb)\n       1078\n       1079        logfile = None\n\nSee test log for details:\n  /cache/spack/test/chlcrpobk3ivohfvdfrhfoq4ll6snmqk/meson-0.58.2-wtogvw2-test-out.txt\n\n==> Error: 1 test(s) in the suite failed.\n\n======================== 1 failed, 0 passed of 1 specs =========================\n",
                    "return_code": 1,
                    "seconds": 2.9882826805114746,
                    "prediction": false,
                    "command": "/spack/bin/spack test run /wtogvw"
                }
            }
        },
        "stats": {
            "sizes_bytes": {}
        },
        "experiment": "meson",
        "result": "splice-success",
        "success": true,
        "splice": "ninja@1.9.0",
        "package": "meson@0.58.2",
        "different_libs": false
    },
    {
        "specs": {
            "original": "meson@0.58.2%gcc@11.2.0 patches=aa6c50d arch=linux-ubuntu22.04-haswell ^berkeley-db@18.1.40%gcc@11.2.0+cxx~docs+stl patches=b231fcc arch=linux-ubuntu22.04-haswell ^bzip2@1.0.8%gcc@11.2.0~debug~pic+shared arch=linux-ubuntu22.04-haswell ^ca-certificates-mozilla@2022-03-29%gcc@11.2.0 arch=linux-ubuntu22.04-haswell ^diffutils@3.8%gcc@11.2.0 arch=linux-ubuntu22.04-haswell ^expat@2.4.8%gcc@11.2.0+libbsd arch=linux-ubuntu22.04-haswell ^gdbm@1.19%gcc@11.2.0 arch=linux-ubuntu22.04-haswell ^gettext@0.21%gcc@11.2.0+bzip2+curses+git~libunistring+libxml2+tar+xz arch=linux-ubuntu22.04-haswell ^libbsd@0.11.5%gcc@11.2.0 arch=linux-ubuntu22.04-haswell ^libffi@3.4.2%gcc@11.2.0 arch=linux-ubuntu22.04-haswell ^libiconv@1.16%gcc@11.2.0 libs=shared,static arch=linux-ubuntu22.04-haswell ^libmd@1.0.4%gcc@11.2.0 arch=linux-ubuntu22.04-haswell ^libxml2@2.9.13%gcc@11.2.0~python arch=linux-ubuntu22.04-haswell ^ncurses@6.2%gcc@11.2.0~symlinks+termlib abi=none arch=linux-ubuntu22.04-haswell ^ninja@1.11.0%gcc@11.2.0 arch=linux-ubuntu22.04-haswell ^openssl@1.1.1q%gcc@11.2.0~docs~shared certs=mozilla patches=3fdcf2d arch=linux-ubuntu22.04-haswell ^perl@5.34.1%gcc@11.2.0+cpanm+shared+threads arch=linux-ubuntu22.04-haswell ^pigz@2.7%gcc@11.2.0 arch=linux-ubuntu22.04-haswell ^pkgconf@1.8.0%gcc@11.2.0 arch=linux-ubuntu22.04-haswell ^py-pip@22.1.2%gcc@11.2.0 arch=linux-ubuntu22.04-haswell ^py-setuptools@63.0.0%gcc@11.2.0 arch=linux-ubuntu22.04-haswell ^py-wheel@0.37.1%gcc@11.2.0 arch=linux-ubuntu22.04-haswell ^python@3.9.13%gcc@11.2.0+bz2+ctypes+dbm~debug+ensurepip+libxml2+lzma~nis~optimizations+pic+pyexpat+pythoncmd+readline+shared+sqlite3+ssl~tix~tkinter~ucs4+uuid+zlib patches=0d98e93,4c24573,f2fd060 arch=linux-ubuntu22.04-haswell ^readline@8.1.2%gcc@11.2.0 arch=linux-ubuntu22.04-haswell ^sqlite@3.38.5%gcc@11.2.0+column_metadata+dynamic_extensions+fts~functions+rtree arch=linux-ubuntu22.04-haswell ^tar@1.34%gcc@11.2.0 zip=pigz arch=linux-ubuntu22.04-haswell ^util-linux-uuid@2.37.4%gcc@11.2.0 arch=linux-ubuntu22.04-haswell ^xz@5.2.5%gcc@11.2.0~pic libs=shared,static arch=linux-ubuntu22.04-haswell ^zlib@1.2.12%gcc@11.2.0+optimize+pic+shared patches=0d38234 arch=linux-ubuntu22.04-haswell ^zstd@1.5.2%gcc@11.2.0+programs compression=none libs=shared,static arch=linux-ubuntu22.04-haswell",
            "spliced": "meson@0.58.2%gcc@11.2.0 patches=aa6c50d arch=linux-ubuntu22.04-haswell ^berkeley-db@18.1.40%gcc@11.2.0+cxx~docs+stl patches=b231fcc arch=linux-ubuntu22.04-haswell ^bzip2@1.0.8%gcc@11.2.0~debug~pic+shared arch=linux-ubuntu22.04-haswell ^ca-certificates-mozilla@2022-03-29%gcc@11.2.0 arch=linux-ubuntu22.04-haswell ^diffutils@3.8%gcc@11.2.0 arch=linux-ubuntu22.04-haswell ^expat@2.4.8%gcc@11.2.0+libbsd arch=linux-ubuntu22.04-haswell ^gdbm@1.19%gcc@11.2.0 arch=linux-ubuntu22.04-haswell ^gettext@0.21%gcc@11.2.0+bzip2+curses+git~libunistring+libxml2+tar+xz arch=linux-ubuntu22.04-haswell ^libbsd@0.11.5%gcc@11.2.0 arch=linux-ubuntu22.04-haswell ^libffi@3.4.2%gcc@11.2.0 arch=linux-ubuntu22.04-haswell ^libiconv@1.16%gcc@11.2.0 libs=shared,static arch=linux-ubuntu22.04-haswell ^libmd@1.0.4%gcc@11.2.0 arch=linux-ubuntu22.04-haswell ^libxml2@2.9.13%gcc@11.2.0~python arch=linux-ubuntu22.04-haswell ^ncurses@6.2%gcc@11.2.0~symlinks+termlib abi=none arch=linux-ubuntu22.04-haswell ^ninja@kitware%gcc@11.2.0 arch=linux-ubuntu22.04-haswell ^openssl@1.1.1q%gcc@11.2.0~docs~shared certs=mozilla patches=3fdcf2d arch=linux-ubuntu22.04-haswell ^perl@5.34.1%gcc@11.2.0+cpanm+shared+threads arch=linux-ubuntu22.04-haswell ^pigz@2.7%gcc@11.2.0 arch=linux-ubuntu22.04-haswell ^pkgconf@1.8.0%gcc@11.2.0 arch=linux-ubuntu22.04-haswell ^py-pip@22.1.2%gcc@11.2.0 arch=linux-ubuntu22.04-haswell ^py-setuptools@63.0.0%gcc@11.2.0 arch=linux-ubuntu22.04-haswell ^py-wheel@0.37.1%gcc@11.2.0 arch=linux-ubuntu22.04-haswell ^python@3.9.13%gcc@11.2.0+bz2+ctypes+dbm~debug+ensurepip+libxml2+lzma~nis~optimizations+pic+pyexpat+pythoncmd+readline+shared+sqlite3+ssl~tix~tkinter~ucs4+uuid+zlib patches=0d98e93,4c24573,f2fd060 arch=linux-ubuntu22.04-haswell ^readline@8.1.2%gcc@11.2.0 arch=linux-ubuntu22.04-haswell ^sqlite@3.38.5%gcc@11.2.0+column_metadata+dynamic_extensions+fts~functions+rtree arch=linux-ubuntu22.04-haswell ^tar@1.34%gcc@11.2.0 zip=pigz arch=linux-ubuntu22.04-haswell ^util-linux-uuid@2.37.4%gcc@11.2.0 arch=linux-ubuntu22.04-haswell ^xz@5.2.5%gcc@11.2.0~pic libs=shared,static arch=linux-ubuntu22.04-haswell ^zlib@1.2.12%gcc@11.2.0+optimize+pic+shared patches=0d38234 arch=linux-ubuntu22.04-haswell ^zstd@1.5.2%gcc@11.2.0+programs compression=none libs=shared,static arch=linux-ubuntu22.04-haswell"
        },
        "ids": {
            "original": "/c7o5oa",
            "spliced": "/7h56yj"
        },
        "original": [],
        "spliced": [],
        "paths": {
            "loads": {
                "original": [
                    "/spack/opt/spack/linux-ubuntu22.04-haswell/gcc-11.2.0/openssl-1.1.1q-gqizvq5o5pipkqv2cxsg3k47lnqi64j3/lib",
                    "/spack/opt/spack/linux-ubuntu22.04-haswell/gcc-11.2.0/zlib-1.2.12-ychk3ix6mv3mgsrtnazfunnmu4vrspkk/lib",
                    "/spack/opt/spack/linux-ubuntu22.04-haswell/gcc-11.2.0/sqlite-3.38.5-d2ea6bj7l73lk6qts76ztojzxfz5mcvc/lib",
                    "/spack/opt/spack/linux-ubuntu22.04-haswell/gcc-11.2.0/expat-2.4.8-owhc2truzoihyzfqo7rxjgd4edfc6j7v/lib",
                    "/spack/opt/spack/linux-ubuntu22.04-haswell/gcc-11.2.0/libbsd-0.11.5-ae73lpti6eu6wivubsemtrytzzf3hez7/lib",
                    "/spack/opt/spack/linux-ubuntu22.04-haswell/gcc-11.2.0/gettext-0.21-u6wcu25n7tfqtrvnexez66utuydb4smx/lib",
                    "/spack/opt/spack/linux-ubuntu22.04-haswell/gcc-11.2.0/ncurses-6.2-2khyzubbcfupjtbj4nkogd7ebonczczr/lib",
                    "/spack/opt/spack/linux-ubuntu22.04-haswell/gcc-11.2.0/berkeley-db-18.1.40-y3xm2b4wnx2tsoeh4mb3glrv4zzgmt57/lib",
                    "/spack/opt/spack/linux-ubuntu22.04-haswell/gcc-11.2.0/libffi-3.4.2-m3zifbsskipiwtc4j55gcuiggbxrlc73/lib",
                    "/spack/opt/spack/linux-ubuntu22.04-haswell/gcc-11.2.0/perl-5.34.1-olweu672du4nrlvjn2shpf62jbgxzzp6/lib",
                    "/spack/opt/spack/linux-ubuntu22.04-haswell/gcc-11.2.0/libmd-1.0.4-ajqlqlpzseqjzps2pjrcxzqgwoqre7id/lib",
                    "/spack/opt/spack/linux-ubuntu22.04-haswell/gcc-11.2.0/pkgconf-1.8.0-ruoukh6z67iefyz4cyphkcqaz2g2hx7f/lib",
                    "/spack/opt/spack/linux-ubuntu22.04-haswell/gcc-11.2.0/py-setuptools-63.0.0-qjixzrrpenjwdukrncgixplgrivtxn4g/lib",
                    "/spack/opt/spack/linux-ubuntu22.04-haswell/gcc-11.2.0/python-3.9.13-q47iise7npr7iijnfw5l66jtgksi4tvc/lib",
                    "/spack/opt/spack/linux-ubuntu22.04-haswell/gcc-11.2.0/xz-5.2.5-ub757pyoqpaurexmrq7oxo7cj35qod2q/lib",
                    "/spack/opt/spack/linux-ubuntu22.04-haswell/gcc-11.2.0/libxml2-2.9.13-7nkjcj7tyvlqw2evbz75lmy3orkmqpmy/lib",
                    "/spack/opt/spack/linux-ubuntu22.04-haswell/gcc-11.2.0/bzip2-1.0.8-szccym2boautmkfmh4m2xm2krbftkd2g/lib",
                    "/spack/opt/spack/linux-ubuntu22.04-haswell/gcc-11.2.0/libiconv-1.16-nylazfnjil3kyc5wyctes6ttimburge6/lib",
                    "/spack/opt/spack/linux-ubuntu22.04-haswell/gcc-11.2.0/zstd-1.5.2-nbvfzv7w6wra46fxbdhk5ewgplaxuwqn/lib",
                    "/spack/opt/spack/linux-ubuntu22.04-haswell/gcc-11.2.0/readline-8.1.2-b7aunqqlalfx6dlbtvcqgzcvtcn4ysjk/lib",
                    "/spack/opt/spack/linux-ubuntu22.04-haswell/gcc-11.2.0/meson-0.58.2-c7o5oaowwtwapuq6w6bt5kdo36j2kwxa/lib",
                    "/spack/opt/spack/linux-ubuntu22.04-haswell/gcc-11.2.0/py-wheel-0.37.1-elguqdgx2rqpyjti3aiugzkciub2w7pc/lib",
                    "/spack/opt/spack/linux-ubuntu22.04-haswell/gcc-11.2.0/gdbm-1.19-wcroyxphbv36i3i7pvflptbcp2fqumx3/lib",
                    "/spack/opt/spack/linux-ubuntu22.04-haswell/gcc-11.2.0/util-linux-uuid-2.37.4-zfqnulivrw2c6ucejn44ozyygbnbgkej/lib",
                    "/spack/opt/spack/linux-ubuntu22.04-haswell/gcc-11.2.0/py-pip-22.1.2-nd5hxakdl6igvv7tx3olohvdz3mufwbb/lib"
                ],
                "spliced": [
                    "/spack/opt/spack/linux-ubuntu22.04-haswell/gcc-11.2.0/py-wheel-0.37.1-ltvvmuvb2dskp25r2n2vjco6dli2mhng/lib",
                    "/spack/opt/spack/linux-ubuntu22.04-haswell/gcc-11.2.0/openssl-1.1.1q-gqizvq5o5pipkqv2cxsg3k47lnqi64j3/lib",
                    "/spack/opt/spack/linux-ubuntu22.04-haswell/gcc-11.2.0/zlib-1.2.12-ychk3ix6mv3mgsrtnazfunnmu4vrspkk/lib",
                    "/spack/opt/spack/linux-ubuntu22.04-haswell/gcc-11.2.0/sqlite-3.38.5-d2ea6bj7l73lk6qts76ztojzxfz5mcvc/lib",
                    "/spack/opt/spack/linux-ubuntu22.04-haswell/gcc-11.2.0/expat-2.4.8-owhc2truzoihyzfqo7rxjgd4edfc6j7v/lib",
                    "/spack/opt/spack/linux-ubuntu22.04-haswell/gcc-11.2.0/libbsd-0.11.5-ae73lpti6eu6wivubsemtrytzzf3hez7/lib",
                    "/spack/opt/spack/linux-ubuntu22.04-haswell/gcc-11.2.0/gettext-0.21-u6wcu25n7tfqtrvnexez66utuydb4smx/lib",
                    "/spack/opt/spack/linux-ubuntu22.04-haswell/gcc-11.2.0/ncurses-6.2-2khyzubbcfupjtbj4nkogd7ebonczczr/lib",
                    "/spack/opt/spack/linux-ubuntu22.04-haswell/gcc-11.2.0/berkeley-db-18.1.40-y3xm2b4wnx2tsoeh4mb3glrv4zzgmt57/lib",
                    "/spack/opt/spack/linux-ubuntu22.04-haswell/gcc-11.2.0/libffi-3.4.2-m3zifbsskipiwtc4j55gcuiggbxrlc73/lib",
                    "/spack/opt/spack/linux-ubuntu22.04-haswell/gcc-11.2.0/py-pip-22.1.2-3okip5kqbvxn6pwmfjb57eogafl7scz2/lib",
                    "/spack/opt/spack/linux-ubuntu22.04-haswell/gcc-11.2.0/perl-5.34.1-olweu672du4nrlvjn2shpf62jbgxzzp6/lib",
                    "/spack/opt/spack/linux-ubuntu22.04-haswell/gcc-11.2.0/libmd-1.0.4-ajqlqlpzseqjzps2pjrcxzqgwoqre7id/lib",
                    "/spack/opt/spack/linux-ubuntu22.04-haswell/gcc-11.2.0/pkgconf-1.8.0-ruoukh6z67iefyz4cyphkcqaz2g2hx7f/lib",
                    "/spack/opt/spack/linux-ubuntu22.04-haswell/gcc-11.2.0/py-setuptools-63.0.0-g475bshoryifohuytt7y3ge2umituppg/lib",
                    "/spack/opt/spack/linux-ubuntu22.04-haswell/gcc-11.2.0/python-3.9.13-q47iise7npr7iijnfw5l66jtgksi4tvc/lib",
                    "/spack/opt/spack/linux-ubuntu22.04-haswell/gcc-11.2.0/xz-5.2.5-ub757pyoqpaurexmrq7oxo7cj35qod2q/lib",
                    "/spack/opt/spack/linux-ubuntu22.04-haswell/gcc-11.2.0/libxml2-2.9.13-7nkjcj7tyvlqw2evbz75lmy3orkmqpmy/lib",
                    "/spack/opt/spack/linux-ubuntu22.04-haswell/gcc-11.2.0/bzip2-1.0.8-szccym2boautmkfmh4m2xm2krbftkd2g/lib",
                    "/spack/opt/spack/linux-ubuntu22.04-haswell/gcc-11.2.0/libiconv-1.16-nylazfnjil3kyc5wyctes6ttimburge6/lib",
                    "/spack/opt/spack/linux-ubuntu22.04-haswell/gcc-11.2.0/zstd-1.5.2-nbvfzv7w6wra46fxbdhk5ewgplaxuwqn/lib",
                    "/spack/opt/spack/linux-ubuntu22.04-haswell/gcc-11.2.0/readline-8.1.2-b7aunqqlalfx6dlbtvcqgzcvtcn4ysjk/lib",
                    "/spack/opt/spack/linux-ubuntu22.04-haswell/gcc-11.2.0/meson-0.58.2-7h56yjgfendts4lv7clgnfublnte2yf2/lib",
                    "/spack/opt/spack/linux-ubuntu22.04-haswell/gcc-11.2.0/gdbm-1.19-wcroyxphbv36i3i7pvflptbcp2fqumx3/lib",
                    "/spack/opt/spack/linux-ubuntu22.04-haswell/gcc-11.2.0/util-linux-uuid-2.37.4-zfqnulivrw2c6ucejn44ozyygbnbgkej/lib"
                ]
            }
        },
        "predictions": {
            "spack-test": {
                "original": {
                    "message": "==> Spack test zkfeeillg5scgn3xsexyubg76vqqq7k3\n==> Testing package meson-0.58.2-c7o5oao\n==> Error: TestFailure: 1 tests failed.\n\n\nCommand exited with status 1:\n    '/spack/opt/spack/linux-ubuntu22.04-haswell/gcc-11.2.0/python-3.9.13-q47iise7npr7iijnfw5l66jtgksi4tvc/bin/python3.9' '-c' 'import mesonbuild.ast'\nTraceback (most recent call last):\n  File \"<string>\", line 1, in <module>\n  File \"/spack/opt/spack/linux-ubuntu22.04-haswell/gcc-11.2.0/meson-0.58.2-c7o5oaowwtwapuq6w6bt5kdo36j2kwxa/lib/python3.9/site-packages/mesonbuild/ast/__init__.py\", line 30, in <module>\n    from .interpreter import AstInterpreter\n  File \"/spack/opt/spack/linux-ubuntu22.04-haswell/gcc-11.2.0/meson-0.58.2-c7o5oaowwtwapuq6w6bt5kdo36j2kwxa/lib/python3.9/site-packages/mesonbuild/ast/interpreter.py\", line 19, in <module>\n    from .. import interpreterbase, mparser, mesonlib\n  File \"/spack/opt/spack/linux-ubuntu22.04-haswell/gcc-11.2.0/meson-0.58.2-c7o5oaowwtwapuq6w6bt5kdo36j2kwxa/lib/python3.9/site-packages/mesonbuild/interpreterbase.py\", line 19, in <module>\n    from . import environment, dependencies\n  File \"/spack/opt/spack/linux-ubuntu22.04-haswell/gcc-11.2.0/meson-0.58.2-c7o5oaowwtwapuq6w6bt5kdo36j2kwxa/lib/python3.9/site-packages/mesonbuild/dependencies/__init__.py\", line 15, in <module>\n    from .boost import BoostDependency\n  File \"/spack/opt/spack/linux-ubuntu22.04-haswell/gcc-11.2.0/meson-0.58.2-c7o5oaowwtwapuq6w6bt5kdo36j2kwxa/lib/python3.9/site-packages/mesonbuild/dependencies/boost.py\", line 25, in <module>\n    from .base import DependencyException, ExternalDependency, PkgConfigDependency\n  File \"/spack/opt/spack/linux-ubuntu22.04-haswell/gcc-11.2.0/meson-0.58.2-c7o5oaowwtwapuq6w6bt5kdo36j2kwxa/lib/python3.9/site-packages/mesonbuild/dependencies/base.py\", line 41, in <module>\n    from ..interpreterbase import FeatureDeprecated\nImportError: cannot import name 'FeatureDeprecated' from partially initialized module 'mesonbuild.interpreterbase' (most likely due to a circular import) (/spack/opt/spack/linux-ubuntu22.04-haswell/gcc-11.2.0/meson-0.58.2-c7o5oaowwtwapuq6w6bt5kdo36j2kwxa/lib/python3.9/site-packages/mesonbuild/interpreterbase.py)\n\n\n\n1 error found in test log:\n     23        from .boost import BoostDependency\n     24      File \"/spack/opt/spack/linux-ubuntu22.04-haswell/gcc-11.2.0/meson-\n           0.58.2-c7o5oaowwtwapuq6w6bt5kdo36j2kwxa/lib/python3.9/site-packages/\n           mesonbuild/dependencies/boost.py\", line 25, in <module>\n     25        from .base import DependencyException, ExternalDependency, PkgCo\n           nfigDependency\n     26      File \"/spack/opt/spack/linux-ubuntu22.04-haswell/gcc-11.2.0/meson-\n           0.58.2-c7o5oaowwtwapuq6w6bt5kdo36j2kwxa/lib/python3.9/site-packages/\n           mesonbuild/dependencies/base.py\", line 41, in <module>\n     27        from ..interpreterbase import FeatureDeprecated\n     28    ImportError: cannot import name 'FeatureDeprecated' from partially i\n           nitialized module 'mesonbuild.interpreterbase' (most likely due to a\n            circular import) (/spack/opt/spack/linux-ubuntu22.04-haswell/gcc-11\n           .2.0/meson-0.58.2-c7o5oaowwtwapuq6w6bt5kdo36j2kwxa/lib/python3.9/sit\n           e-packages/mesonbuild/interpreterbase.py)\n  >> 29    FAILED: Command exited with status 1:\n     30        '/spack/opt/spack/linux-ubuntu22.04-haswell/gcc-11.2.0/python-3.\n           9.13-q47iise7npr7iijnfw5l66jtgksi4tvc/bin/python3.9' '-c' 'import me\n           sonbuild.ast'\n     31    Traceback (most recent call last):\n     32      File \"<string>\", line 1, in <module>\n     33      File \"/spack/opt/spack/linux-ubuntu22.04-haswell/gcc-11.2.0/meson-\n           0.58.2-c7o5oaowwtwapuq6w6bt5kdo36j2kwxa/lib/python3.9/site-packages/\n           mesonbuild/ast/__init__.py\", line 30, in <module>\n     34        from .interpreter import AstInterpreter\n     35      File \"/spack/opt/spack/linux-ubuntu22.04-haswell/gcc-11.2.0/meson-\n           0.58.2-c7o5oaowwtwapuq6w6bt5kdo36j2kwxa/lib/python3.9/site-packages/\n           mesonbuild/ast/interpreter.py\", line 19, in <module>\n\n\n\n/spack/lib/spack/spack/build_environment.py:1076, in _setup_pkg_and_run:\n       1073        tb_string = traceback.format_exc()\n       1074\n       1075        # build up some context from the offending package so we can\n  >>   1076        # show that, too.\n       1077        package_context = get_package_context(tb)\n       1078\n       1079        logfile = None\n\nSee test log for details:\n  /cache/spack/test/zkfeeillg5scgn3xsexyubg76vqqq7k3/meson-0.58.2-c7o5oao-test-out.txt\n\n==> Error: 1 test(s) in the suite failed.\n\n======================== 1 failed, 0 passed of 1 specs =========================\n",
                    "return_code": 1,
                    "seconds": 2.6094303131103516,
                    "prediction": false,
                    "command": "/spack/bin/spack test run /c7o5oa"
                },
                "spliced": {
                    "message": "==> Spack test hby5s3x7zti2ysufsmxxnumzoekbhvig\n==> Testing package meson-0.58.2-7h56yjg\n==> Error: TestFailure: 1 tests failed.\n\n\nCommand exited with status 1:\n    '/spack/opt/spack/linux-ubuntu22.04-haswell/gcc-11.2.0/python-3.9.13-q47iise7npr7iijnfw5l66jtgksi4tvc/bin/python3.9' '-c' 'import mesonbuild.ast'\nTraceback (most recent call last):\n  File \"<string>\", line 1, in <module>\n  File \"/spack/opt/spack/linux-ubuntu22.04-haswell/gcc-11.2.0/meson-0.58.2-7h56yjgfendts4lv7clgnfublnte2yf2/lib/python3.9/site-packages/mesonbuild/ast/__init__.py\", line 30, in <module>\n    from .interpreter import AstInterpreter\n  File \"/spack/opt/spack/linux-ubuntu22.04-haswell/gcc-11.2.0/meson-0.58.2-7h56yjgfendts4lv7clgnfublnte2yf2/lib/python3.9/site-packages/mesonbuild/ast/interpreter.py\", line 19, in <module>\n    from .. import interpreterbase, mparser, mesonlib\n  File \"/spack/opt/spack/linux-ubuntu22.04-haswell/gcc-11.2.0/meson-0.58.2-7h56yjgfendts4lv7clgnfublnte2yf2/lib/python3.9/site-packages/mesonbuild/interpreterbase.py\", line 19, in <module>\n    from . import environment, dependencies\n  File \"/spack/opt/spack/linux-ubuntu22.04-haswell/gcc-11.2.0/meson-0.58.2-7h56yjgfendts4lv7clgnfublnte2yf2/lib/python3.9/site-packages/mesonbuild/dependencies/__init__.py\", line 15, in <module>\n    from .boost import BoostDependency\n  File \"/spack/opt/spack/linux-ubuntu22.04-haswell/gcc-11.2.0/meson-0.58.2-7h56yjgfendts4lv7clgnfublnte2yf2/lib/python3.9/site-packages/mesonbuild/dependencies/boost.py\", line 25, in <module>\n    from .base import DependencyException, ExternalDependency, PkgConfigDependency\n  File \"/spack/opt/spack/linux-ubuntu22.04-haswell/gcc-11.2.0/meson-0.58.2-7h56yjgfendts4lv7clgnfublnte2yf2/lib/python3.9/site-packages/mesonbuild/dependencies/base.py\", line 41, in <module>\n    from ..interpreterbase import FeatureDeprecated\nImportError: cannot import name 'FeatureDeprecated' from partially initialized module 'mesonbuild.interpreterbase' (most likely due to a circular import) (/spack/opt/spack/linux-ubuntu22.04-haswell/gcc-11.2.0/meson-0.58.2-7h56yjgfendts4lv7clgnfublnte2yf2/lib/python3.9/site-packages/mesonbuild/interpreterbase.py)\n\n\n\n1 error found in test log:\n     23        from .boost import BoostDependency\n     24      File \"/spack/opt/spack/linux-ubuntu22.04-haswell/gcc-11.2.0/meson-\n           0.58.2-7h56yjgfendts4lv7clgnfublnte2yf2/lib/python3.9/site-packages/\n           mesonbuild/dependencies/boost.py\", line 25, in <module>\n     25        from .base import DependencyException, ExternalDependency, PkgCo\n           nfigDependency\n     26      File \"/spack/opt/spack/linux-ubuntu22.04-haswell/gcc-11.2.0/meson-\n           0.58.2-7h56yjgfendts4lv7clgnfublnte2yf2/lib/python3.9/site-packages/\n           mesonbuild/dependencies/base.py\", line 41, in <module>\n     27        from ..interpreterbase import FeatureDeprecated\n     28    ImportError: cannot import name 'FeatureDeprecated' from partially i\n           nitialized module 'mesonbuild.interpreterbase' (most likely due to a\n            circular import) (/spack/opt/spack/linux-ubuntu22.04-haswell/gcc-11\n           .2.0/meson-0.58.2-7h56yjgfendts4lv7clgnfublnte2yf2/lib/python3.9/sit\n           e-packages/mesonbuild/interpreterbase.py)\n  >> 29    FAILED: Command exited with status 1:\n     30        '/spack/opt/spack/linux-ubuntu22.04-haswell/gcc-11.2.0/python-3.\n           9.13-q47iise7npr7iijnfw5l66jtgksi4tvc/bin/python3.9' '-c' 'import me\n           sonbuild.ast'\n     31    Traceback (most recent call last):\n     32      File \"<string>\", line 1, in <module>\n     33      File \"/spack/opt/spack/linux-ubuntu22.04-haswell/gcc-11.2.0/meson-\n           0.58.2-7h56yjgfendts4lv7clgnfublnte2yf2/lib/python3.9/site-packages/\n           mesonbuild/ast/__init__.py\", line 30, in <module>\n     34        from .interpreter import AstInterpreter\n     35      File \"/spack/opt/spack/linux-ubuntu22.04-haswell/gcc-11.2.0/meson-\n           0.58.2-7h56yjgfendts4lv7clgnfublnte2yf2/lib/python3.9/site-packages/\n           mesonbuild/ast/interpreter.py\", line 19, in <module>\n\n\n\n/spack/lib/spack/spack/build_environment.py:1076, in _setup_pkg_and_run:\n       1073        tb_string = traceback.format_exc()\n       1074\n       1075        # build up some context from the offending package so we can\n  >>   1076        # show that, too.\n       1077        package_context = get_package_context(tb)\n       1078\n       1079        logfile = None\n\nSee test log for details:\n  /cache/spack/test/hby5s3x7zti2ysufsmxxnumzoekbhvig/meson-0.58.2-7h56yjg-test-out.txt\n\n==> Error: 1 test(s) in the suite failed.\n\n======================== 1 failed, 0 passed of 1 specs =========================\n",
                    "return_code": 1,
                    "seconds": 3.0494070053100586,
                    "prediction": false,
                    "command": "/spack/bin/spack test run /7h56yj"
                }
            }
        },
        "stats": {
            "sizes_bytes": {}
        },
        "experiment": "meson",
        "result": "splice-success",
        "success": true,
        "splice": "ninja@kitware",
        "package": "meson@0.58.2",
        "different_libs": false
    },
    {
        "specs": {
            "original": "meson@0.58.2%gcc@11.2.0 patches=aa6c50d arch=linux-ubuntu22.04-haswell ^berkeley-db@18.1.40%gcc@11.2.0+cxx~docs+stl patches=b231fcc arch=linux-ubuntu22.04-haswell ^bzip2@1.0.8%gcc@11.2.0~debug~pic+shared arch=linux-ubuntu22.04-haswell ^ca-certificates-mozilla@2022-03-29%gcc@11.2.0 arch=linux-ubuntu22.04-haswell ^diffutils@3.8%gcc@11.2.0 arch=linux-ubuntu22.04-haswell ^expat@2.4.8%gcc@11.2.0+libbsd arch=linux-ubuntu22.04-haswell ^gdbm@1.19%gcc@11.2.0 arch=linux-ubuntu22.04-haswell ^gettext@0.21%gcc@11.2.0+bzip2+curses+git~libunistring+libxml2+tar+xz arch=linux-ubuntu22.04-haswell ^libbsd@0.11.5%gcc@11.2.0 arch=linux-ubuntu22.04-haswell ^libffi@3.4.2%gcc@11.2.0 arch=linux-ubuntu22.04-haswell ^libiconv@1.16%gcc@11.2.0 libs=shared,static arch=linux-ubuntu22.04-haswell ^libmd@1.0.4%gcc@11.2.0 arch=linux-ubuntu22.04-haswell ^libxml2@2.9.13%gcc@11.2.0~python arch=linux-ubuntu22.04-haswell ^ncurses@6.2%gcc@11.2.0~symlinks+termlib abi=none arch=linux-ubuntu22.04-haswell ^ninja@1.11.0%gcc@11.2.0 arch=linux-ubuntu22.04-haswell ^openssl@1.1.1q%gcc@11.2.0~docs~shared certs=mozilla patches=3fdcf2d arch=linux-ubuntu22.04-haswell ^perl@5.34.1%gcc@11.2.0+cpanm+shared+threads arch=linux-ubuntu22.04-haswell ^pigz@2.7%gcc@11.2.0 arch=linux-ubuntu22.04-haswell ^pkgconf@1.8.0%gcc@11.2.0 arch=linux-ubuntu22.04-haswell ^py-pip@22.1.2%gcc@11.2.0 arch=linux-ubuntu22.04-haswell ^py-setuptools@63.0.0%gcc@11.2.0 arch=linux-ubuntu22.04-haswell ^py-wheel@0.37.1%gcc@11.2.0 arch=linux-ubuntu22.04-haswell ^python@3.9.13%gcc@11.2.0+bz2+ctypes+dbm~debug+ensurepip+libxml2+lzma~nis~optimizations+pic+pyexpat+pythoncmd+readline+shared+sqlite3+ssl~tix~tkinter~ucs4+uuid+zlib patches=0d98e93,4c24573,f2fd060 arch=linux-ubuntu22.04-haswell ^readline@8.1.2%gcc@11.2.0 arch=linux-ubuntu22.04-haswell ^sqlite@3.38.5%gcc@11.2.0+column_metadata+dynamic_extensions+fts~functions+rtree arch=linux-ubuntu22.04-haswell ^tar@1.34%gcc@11.2.0 zip=pigz arch=linux-ubuntu22.04-haswell ^util-linux-uuid@2.37.4%gcc@11.2.0 arch=linux-ubuntu22.04-haswell ^xz@5.2.5%gcc@11.2.0~pic libs=shared,static arch=linux-ubuntu22.04-haswell ^zlib@1.2.12%gcc@11.2.0+optimize+pic+shared patches=0d38234 arch=linux-ubuntu22.04-haswell ^zstd@1.5.2%gcc@11.2.0+programs compression=none libs=shared,static arch=linux-ubuntu22.04-haswell",
            "spliced": "meson@0.58.2%gcc@11.2.0 patches=aa6c50d arch=linux-ubuntu22.04-haswell ^berkeley-db@18.1.40%gcc@11.2.0+cxx~docs+stl patches=b231fcc arch=linux-ubuntu22.04-haswell ^bzip2@1.0.8%gcc@11.2.0~debug~pic+shared arch=linux-ubuntu22.04-haswell ^ca-certificates-mozilla@2022-03-29%gcc@11.2.0 arch=linux-ubuntu22.04-haswell ^diffutils@3.8%gcc@11.2.0 arch=linux-ubuntu22.04-haswell ^expat@2.4.8%gcc@11.2.0+libbsd arch=linux-ubuntu22.04-haswell ^gdbm@1.19%gcc@11.2.0 arch=linux-ubuntu22.04-haswell ^gettext@0.21%gcc@11.2.0+bzip2+curses+git~libunistring+libxml2+tar+xz arch=linux-ubuntu22.04-haswell ^libbsd@0.11.5%gcc@11.2.0 arch=linux-ubuntu22.04-haswell ^libffi@3.4.2%gcc@11.2.0 arch=linux-ubuntu22.04-haswell ^libiconv@1.16%gcc@11.2.0 libs=shared,static arch=linux-ubuntu22.04-haswell ^libmd@1.0.4%gcc@11.2.0 arch=linux-ubuntu22.04-haswell ^libxml2@2.9.13%gcc@11.2.0~python arch=linux-ubuntu22.04-haswell ^ncurses@6.2%gcc@11.2.0~symlinks+termlib abi=none arch=linux-ubuntu22.04-haswell ^ninja@master%gcc@11.2.0 arch=linux-ubuntu22.04-haswell ^openssl@1.1.1q%gcc@11.2.0~docs~shared certs=mozilla patches=3fdcf2d arch=linux-ubuntu22.04-haswell ^perl@5.34.1%gcc@11.2.0+cpanm+shared+threads arch=linux-ubuntu22.04-haswell ^pigz@2.7%gcc@11.2.0 arch=linux-ubuntu22.04-haswell ^pkgconf@1.8.0%gcc@11.2.0 arch=linux-ubuntu22.04-haswell ^py-pip@22.1.2%gcc@11.2.0 arch=linux-ubuntu22.04-haswell ^py-setuptools@63.0.0%gcc@11.2.0 arch=linux-ubuntu22.04-haswell ^py-wheel@0.37.1%gcc@11.2.0 arch=linux-ubuntu22.04-haswell ^python@3.9.13%gcc@11.2.0+bz2+ctypes+dbm~debug+ensurepip+libxml2+lzma~nis~optimizations+pic+pyexpat+pythoncmd+readline+shared+sqlite3+ssl~tix~tkinter~ucs4+uuid+zlib patches=0d98e93,4c24573,f2fd060 arch=linux-ubuntu22.04-haswell ^readline@8.1.2%gcc@11.2.0 arch=linux-ubuntu22.04-haswell ^sqlite@3.38.5%gcc@11.2.0+column_metadata+dynamic_extensions+fts~functions+rtree arch=linux-ubuntu22.04-haswell ^tar@1.34%gcc@11.2.0 zip=pigz arch=linux-ubuntu22.04-haswell ^util-linux-uuid@2.37.4%gcc@11.2.0 arch=linux-ubuntu22.04-haswell ^xz@5.2.5%gcc@11.2.0~pic libs=shared,static arch=linux-ubuntu22.04-haswell ^zlib@1.2.12%gcc@11.2.0+optimize+pic+shared patches=0d38234 arch=linux-ubuntu22.04-haswell ^zstd@1.5.2%gcc@11.2.0+programs compression=none libs=shared,static arch=linux-ubuntu22.04-haswell"
        },
        "ids": {
            "original": "/c7o5oa",
            "spliced": "/edimwm"
        },
        "original": [],
        "spliced": [],
        "paths": {
            "loads": {
                "original": [
                    "/spack/opt/spack/linux-ubuntu22.04-haswell/gcc-11.2.0/openssl-1.1.1q-gqizvq5o5pipkqv2cxsg3k47lnqi64j3/lib",
                    "/spack/opt/spack/linux-ubuntu22.04-haswell/gcc-11.2.0/zlib-1.2.12-ychk3ix6mv3mgsrtnazfunnmu4vrspkk/lib",
                    "/spack/opt/spack/linux-ubuntu22.04-haswell/gcc-11.2.0/sqlite-3.38.5-d2ea6bj7l73lk6qts76ztojzxfz5mcvc/lib",
                    "/spack/opt/spack/linux-ubuntu22.04-haswell/gcc-11.2.0/expat-2.4.8-owhc2truzoihyzfqo7rxjgd4edfc6j7v/lib",
                    "/spack/opt/spack/linux-ubuntu22.04-haswell/gcc-11.2.0/libbsd-0.11.5-ae73lpti6eu6wivubsemtrytzzf3hez7/lib",
                    "/spack/opt/spack/linux-ubuntu22.04-haswell/gcc-11.2.0/gettext-0.21-u6wcu25n7tfqtrvnexez66utuydb4smx/lib",
                    "/spack/opt/spack/linux-ubuntu22.04-haswell/gcc-11.2.0/ncurses-6.2-2khyzubbcfupjtbj4nkogd7ebonczczr/lib",
                    "/spack/opt/spack/linux-ubuntu22.04-haswell/gcc-11.2.0/berkeley-db-18.1.40-y3xm2b4wnx2tsoeh4mb3glrv4zzgmt57/lib",
                    "/spack/opt/spack/linux-ubuntu22.04-haswell/gcc-11.2.0/libffi-3.4.2-m3zifbsskipiwtc4j55gcuiggbxrlc73/lib",
                    "/spack/opt/spack/linux-ubuntu22.04-haswell/gcc-11.2.0/perl-5.34.1-olweu672du4nrlvjn2shpf62jbgxzzp6/lib",
                    "/spack/opt/spack/linux-ubuntu22.04-haswell/gcc-11.2.0/libmd-1.0.4-ajqlqlpzseqjzps2pjrcxzqgwoqre7id/lib",
                    "/spack/opt/spack/linux-ubuntu22.04-haswell/gcc-11.2.0/pkgconf-1.8.0-ruoukh6z67iefyz4cyphkcqaz2g2hx7f/lib",
                    "/spack/opt/spack/linux-ubuntu22.04-haswell/gcc-11.2.0/py-setuptools-63.0.0-qjixzrrpenjwdukrncgixplgrivtxn4g/lib",
                    "/spack/opt/spack/linux-ubuntu22.04-haswell/gcc-11.2.0/python-3.9.13-q47iise7npr7iijnfw5l66jtgksi4tvc/lib",
                    "/spack/opt/spack/linux-ubuntu22.04-haswell/gcc-11.2.0/xz-5.2.5-ub757pyoqpaurexmrq7oxo7cj35qod2q/lib",
                    "/spack/opt/spack/linux-ubuntu22.04-haswell/gcc-11.2.0/libxml2-2.9.13-7nkjcj7tyvlqw2evbz75lmy3orkmqpmy/lib",
                    "/spack/opt/spack/linux-ubuntu22.04-haswell/gcc-11.2.0/bzip2-1.0.8-szccym2boautmkfmh4m2xm2krbftkd2g/lib",
                    "/spack/opt/spack/linux-ubuntu22.04-haswell/gcc-11.2.0/libiconv-1.16-nylazfnjil3kyc5wyctes6ttimburge6/lib",
                    "/spack/opt/spack/linux-ubuntu22.04-haswell/gcc-11.2.0/zstd-1.5.2-nbvfzv7w6wra46fxbdhk5ewgplaxuwqn/lib",
                    "/spack/opt/spack/linux-ubuntu22.04-haswell/gcc-11.2.0/readline-8.1.2-b7aunqqlalfx6dlbtvcqgzcvtcn4ysjk/lib",
                    "/spack/opt/spack/linux-ubuntu22.04-haswell/gcc-11.2.0/meson-0.58.2-c7o5oaowwtwapuq6w6bt5kdo36j2kwxa/lib",
                    "/spack/opt/spack/linux-ubuntu22.04-haswell/gcc-11.2.0/py-wheel-0.37.1-elguqdgx2rqpyjti3aiugzkciub2w7pc/lib",
                    "/spack/opt/spack/linux-ubuntu22.04-haswell/gcc-11.2.0/gdbm-1.19-wcroyxphbv36i3i7pvflptbcp2fqumx3/lib",
                    "/spack/opt/spack/linux-ubuntu22.04-haswell/gcc-11.2.0/util-linux-uuid-2.37.4-zfqnulivrw2c6ucejn44ozyygbnbgkej/lib",
                    "/spack/opt/spack/linux-ubuntu22.04-haswell/gcc-11.2.0/py-pip-22.1.2-nd5hxakdl6igvv7tx3olohvdz3mufwbb/lib"
                ],
                "spliced": [
                    "/spack/opt/spack/linux-ubuntu22.04-haswell/gcc-11.2.0/py-wheel-0.37.1-ltvvmuvb2dskp25r2n2vjco6dli2mhng/lib",
                    "/spack/opt/spack/linux-ubuntu22.04-haswell/gcc-11.2.0/openssl-1.1.1q-gqizvq5o5pipkqv2cxsg3k47lnqi64j3/lib",
                    "/spack/opt/spack/linux-ubuntu22.04-haswell/gcc-11.2.0/zlib-1.2.12-ychk3ix6mv3mgsrtnazfunnmu4vrspkk/lib",
                    "/spack/opt/spack/linux-ubuntu22.04-haswell/gcc-11.2.0/sqlite-3.38.5-d2ea6bj7l73lk6qts76ztojzxfz5mcvc/lib",
                    "/spack/opt/spack/linux-ubuntu22.04-haswell/gcc-11.2.0/expat-2.4.8-owhc2truzoihyzfqo7rxjgd4edfc6j7v/lib",
                    "/spack/opt/spack/linux-ubuntu22.04-haswell/gcc-11.2.0/libbsd-0.11.5-ae73lpti6eu6wivubsemtrytzzf3hez7/lib",
                    "/spack/opt/spack/linux-ubuntu22.04-haswell/gcc-11.2.0/gettext-0.21-u6wcu25n7tfqtrvnexez66utuydb4smx/lib",
                    "/spack/opt/spack/linux-ubuntu22.04-haswell/gcc-11.2.0/ncurses-6.2-2khyzubbcfupjtbj4nkogd7ebonczczr/lib",
                    "/spack/opt/spack/linux-ubuntu22.04-haswell/gcc-11.2.0/berkeley-db-18.1.40-y3xm2b4wnx2tsoeh4mb3glrv4zzgmt57/lib",
                    "/spack/opt/spack/linux-ubuntu22.04-haswell/gcc-11.2.0/libffi-3.4.2-m3zifbsskipiwtc4j55gcuiggbxrlc73/lib",
                    "/spack/opt/spack/linux-ubuntu22.04-haswell/gcc-11.2.0/py-pip-22.1.2-3okip5kqbvxn6pwmfjb57eogafl7scz2/lib",
                    "/spack/opt/spack/linux-ubuntu22.04-haswell/gcc-11.2.0/perl-5.34.1-olweu672du4nrlvjn2shpf62jbgxzzp6/lib",
                    "/spack/opt/spack/linux-ubuntu22.04-haswell/gcc-11.2.0/libmd-1.0.4-ajqlqlpzseqjzps2pjrcxzqgwoqre7id/lib",
                    "/spack/opt/spack/linux-ubuntu22.04-haswell/gcc-11.2.0/pkgconf-1.8.0-ruoukh6z67iefyz4cyphkcqaz2g2hx7f/lib",
                    "/spack/opt/spack/linux-ubuntu22.04-haswell/gcc-11.2.0/py-setuptools-63.0.0-g475bshoryifohuytt7y3ge2umituppg/lib",
                    "/spack/opt/spack/linux-ubuntu22.04-haswell/gcc-11.2.0/python-3.9.13-q47iise7npr7iijnfw5l66jtgksi4tvc/lib",
                    "/spack/opt/spack/linux-ubuntu22.04-haswell/gcc-11.2.0/xz-5.2.5-ub757pyoqpaurexmrq7oxo7cj35qod2q/lib",
                    "/spack/opt/spack/linux-ubuntu22.04-haswell/gcc-11.2.0/libxml2-2.9.13-7nkjcj7tyvlqw2evbz75lmy3orkmqpmy/lib",
                    "/spack/opt/spack/linux-ubuntu22.04-haswell/gcc-11.2.0/bzip2-1.0.8-szccym2boautmkfmh4m2xm2krbftkd2g/lib",
                    "/spack/opt/spack/linux-ubuntu22.04-haswell/gcc-11.2.0/libiconv-1.16-nylazfnjil3kyc5wyctes6ttimburge6/lib",
                    "/spack/opt/spack/linux-ubuntu22.04-haswell/gcc-11.2.0/meson-0.58.2-edimwmdacqdytyanq2da6wer2k6767dq/lib",
                    "/spack/opt/spack/linux-ubuntu22.04-haswell/gcc-11.2.0/zstd-1.5.2-nbvfzv7w6wra46fxbdhk5ewgplaxuwqn/lib",
                    "/spack/opt/spack/linux-ubuntu22.04-haswell/gcc-11.2.0/readline-8.1.2-b7aunqqlalfx6dlbtvcqgzcvtcn4ysjk/lib",
                    "/spack/opt/spack/linux-ubuntu22.04-haswell/gcc-11.2.0/gdbm-1.19-wcroyxphbv36i3i7pvflptbcp2fqumx3/lib",
                    "/spack/opt/spack/linux-ubuntu22.04-haswell/gcc-11.2.0/util-linux-uuid-2.37.4-zfqnulivrw2c6ucejn44ozyygbnbgkej/lib"
                ]
            }
        },
        "predictions": {
            "spack-test": {
                "original": {
                    "message": "==> Spack test zkfeeillg5scgn3xsexyubg76vqqq7k3\n==> Testing package meson-0.58.2-c7o5oao\n==> Error: TestFailure: 1 tests failed.\n\n\nCommand exited with status 1:\n    '/spack/opt/spack/linux-ubuntu22.04-haswell/gcc-11.2.0/python-3.9.13-q47iise7npr7iijnfw5l66jtgksi4tvc/bin/python3.9' '-c' 'import mesonbuild.ast'\nTraceback (most recent call last):\n  File \"<string>\", line 1, in <module>\n  File \"/spack/opt/spack/linux-ubuntu22.04-haswell/gcc-11.2.0/meson-0.58.2-c7o5oaowwtwapuq6w6bt5kdo36j2kwxa/lib/python3.9/site-packages/mesonbuild/ast/__init__.py\", line 30, in <module>\n    from .interpreter import AstInterpreter\n  File \"/spack/opt/spack/linux-ubuntu22.04-haswell/gcc-11.2.0/meson-0.58.2-c7o5oaowwtwapuq6w6bt5kdo36j2kwxa/lib/python3.9/site-packages/mesonbuild/ast/interpreter.py\", line 19, in <module>\n    from .. import interpreterbase, mparser, mesonlib\n  File \"/spack/opt/spack/linux-ubuntu22.04-haswell/gcc-11.2.0/meson-0.58.2-c7o5oaowwtwapuq6w6bt5kdo36j2kwxa/lib/python3.9/site-packages/mesonbuild/interpreterbase.py\", line 19, in <module>\n    from . import environment, dependencies\n  File \"/spack/opt/spack/linux-ubuntu22.04-haswell/gcc-11.2.0/meson-0.58.2-c7o5oaowwtwapuq6w6bt5kdo36j2kwxa/lib/python3.9/site-packages/mesonbuild/dependencies/__init__.py\", line 15, in <module>\n    from .boost import BoostDependency\n  File \"/spack/opt/spack/linux-ubuntu22.04-haswell/gcc-11.2.0/meson-0.58.2-c7o5oaowwtwapuq6w6bt5kdo36j2kwxa/lib/python3.9/site-packages/mesonbuild/dependencies/boost.py\", line 25, in <module>\n    from .base import DependencyException, ExternalDependency, PkgConfigDependency\n  File \"/spack/opt/spack/linux-ubuntu22.04-haswell/gcc-11.2.0/meson-0.58.2-c7o5oaowwtwapuq6w6bt5kdo36j2kwxa/lib/python3.9/site-packages/mesonbuild/dependencies/base.py\", line 41, in <module>\n    from ..interpreterbase import FeatureDeprecated\nImportError: cannot import name 'FeatureDeprecated' from partially initialized module 'mesonbuild.interpreterbase' (most likely due to a circular import) (/spack/opt/spack/linux-ubuntu22.04-haswell/gcc-11.2.0/meson-0.58.2-c7o5oaowwtwapuq6w6bt5kdo36j2kwxa/lib/python3.9/site-packages/mesonbuild/interpreterbase.py)\n\n\n\n1 error found in test log:\n     23        from .boost import BoostDependency\n     24      File \"/spack/opt/spack/linux-ubuntu22.04-haswell/gcc-11.2.0/meson-\n           0.58.2-c7o5oaowwtwapuq6w6bt5kdo36j2kwxa/lib/python3.9/site-packages/\n           mesonbuild/dependencies/boost.py\", line 25, in <module>\n     25        from .base import DependencyException, ExternalDependency, PkgCo\n           nfigDependency\n     26      File \"/spack/opt/spack/linux-ubuntu22.04-haswell/gcc-11.2.0/meson-\n           0.58.2-c7o5oaowwtwapuq6w6bt5kdo36j2kwxa/lib/python3.9/site-packages/\n           mesonbuild/dependencies/base.py\", line 41, in <module>\n     27        from ..interpreterbase import FeatureDeprecated\n     28    ImportError: cannot import name 'FeatureDeprecated' from partially i\n           nitialized module 'mesonbuild.interpreterbase' (most likely due to a\n            circular import) (/spack/opt/spack/linux-ubuntu22.04-haswell/gcc-11\n           .2.0/meson-0.58.2-c7o5oaowwtwapuq6w6bt5kdo36j2kwxa/lib/python3.9/sit\n           e-packages/mesonbuild/interpreterbase.py)\n  >> 29    FAILED: Command exited with status 1:\n     30        '/spack/opt/spack/linux-ubuntu22.04-haswell/gcc-11.2.0/python-3.\n           9.13-q47iise7npr7iijnfw5l66jtgksi4tvc/bin/python3.9' '-c' 'import me\n           sonbuild.ast'\n     31    Traceback (most recent call last):\n     32      File \"<string>\", line 1, in <module>\n     33      File \"/spack/opt/spack/linux-ubuntu22.04-haswell/gcc-11.2.0/meson-\n           0.58.2-c7o5oaowwtwapuq6w6bt5kdo36j2kwxa/lib/python3.9/site-packages/\n           mesonbuild/ast/__init__.py\", line 30, in <module>\n     34        from .interpreter import AstInterpreter\n     35      File \"/spack/opt/spack/linux-ubuntu22.04-haswell/gcc-11.2.0/meson-\n           0.58.2-c7o5oaowwtwapuq6w6bt5kdo36j2kwxa/lib/python3.9/site-packages/\n           mesonbuild/ast/interpreter.py\", line 19, in <module>\n\n\n\n/spack/lib/spack/spack/build_environment.py:1076, in _setup_pkg_and_run:\n       1073        tb_string = traceback.format_exc()\n       1074\n       1075        # build up some context from the offending package so we can\n  >>   1076        # show that, too.\n       1077        package_context = get_package_context(tb)\n       1078\n       1079        logfile = None\n\nSee test log for details:\n  /cache/spack/test/zkfeeillg5scgn3xsexyubg76vqqq7k3/meson-0.58.2-c7o5oao-test-out.txt\n\n==> Error: 1 test(s) in the suite failed.\n\n======================== 1 failed, 0 passed of 1 specs =========================\n",
                    "return_code": 1,
                    "seconds": 2.5968611240386963,
                    "prediction": false,
                    "command": "/spack/bin/spack test run /c7o5oa"
                },
                "spliced": {
                    "message": "==> Spack test pyaro6zdixbfggtserg5rytnfpmo4aup\n==> Testing package meson-0.58.2-edimwmd\n==> Error: TestFailure: 1 tests failed.\n\n\nCommand exited with status 1:\n    '/spack/opt/spack/linux-ubuntu22.04-haswell/gcc-11.2.0/python-3.9.13-q47iise7npr7iijnfw5l66jtgksi4tvc/bin/python3.9' '-c' 'import mesonbuild.ast'\nTraceback (most recent call last):\n  File \"<string>\", line 1, in <module>\n  File \"/spack/opt/spack/linux-ubuntu22.04-haswell/gcc-11.2.0/meson-0.58.2-edimwmdacqdytyanq2da6wer2k6767dq/lib/python3.9/site-packages/mesonbuild/ast/__init__.py\", line 30, in <module>\n    from .interpreter import AstInterpreter\n  File \"/spack/opt/spack/linux-ubuntu22.04-haswell/gcc-11.2.0/meson-0.58.2-edimwmdacqdytyanq2da6wer2k6767dq/lib/python3.9/site-packages/mesonbuild/ast/interpreter.py\", line 19, in <module>\n    from .. import interpreterbase, mparser, mesonlib\n  File \"/spack/opt/spack/linux-ubuntu22.04-haswell/gcc-11.2.0/meson-0.58.2-edimwmdacqdytyanq2da6wer2k6767dq/lib/python3.9/site-packages/mesonbuild/interpreterbase.py\", line 19, in <module>\n    from . import environment, dependencies\n  File \"/spack/opt/spack/linux-ubuntu22.04-haswell/gcc-11.2.0/meson-0.58.2-edimwmdacqdytyanq2da6wer2k6767dq/lib/python3.9/site-packages/mesonbuild/dependencies/__init__.py\", line 15, in <module>\n    from .boost import BoostDependency\n  File \"/spack/opt/spack/linux-ubuntu22.04-haswell/gcc-11.2.0/meson-0.58.2-edimwmdacqdytyanq2da6wer2k6767dq/lib/python3.9/site-packages/mesonbuild/dependencies/boost.py\", line 25, in <module>\n    from .base import DependencyException, ExternalDependency, PkgConfigDependency\n  File \"/spack/opt/spack/linux-ubuntu22.04-haswell/gcc-11.2.0/meson-0.58.2-edimwmdacqdytyanq2da6wer2k6767dq/lib/python3.9/site-packages/mesonbuild/dependencies/base.py\", line 41, in <module>\n    from ..interpreterbase import FeatureDeprecated\nImportError: cannot import name 'FeatureDeprecated' from partially initialized module 'mesonbuild.interpreterbase' (most likely due to a circular import) (/spack/opt/spack/linux-ubuntu22.04-haswell/gcc-11.2.0/meson-0.58.2-edimwmdacqdytyanq2da6wer2k6767dq/lib/python3.9/site-packages/mesonbuild/interpreterbase.py)\n\n\n\n1 error found in test log:\n     23        from .boost import BoostDependency\n     24      File \"/spack/opt/spack/linux-ubuntu22.04-haswell/gcc-11.2.0/meson-\n           0.58.2-edimwmdacqdytyanq2da6wer2k6767dq/lib/python3.9/site-packages/\n           mesonbuild/dependencies/boost.py\", line 25, in <module>\n     25        from .base import DependencyException, ExternalDependency, PkgCo\n           nfigDependency\n     26      File \"/spack/opt/spack/linux-ubuntu22.04-haswell/gcc-11.2.0/meson-\n           0.58.2-edimwmdacqdytyanq2da6wer2k6767dq/lib/python3.9/site-packages/\n           mesonbuild/dependencies/base.py\", line 41, in <module>\n     27        from ..interpreterbase import FeatureDeprecated\n     28    ImportError: cannot import name 'FeatureDeprecated' from partially i\n           nitialized module 'mesonbuild.interpreterbase' (most likely due to a\n            circular import) (/spack/opt/spack/linux-ubuntu22.04-haswell/gcc-11\n           .2.0/meson-0.58.2-edimwmdacqdytyanq2da6wer2k6767dq/lib/python3.9/sit\n           e-packages/mesonbuild/interpreterbase.py)\n  >> 29    FAILED: Command exited with status 1:\n     30        '/spack/opt/spack/linux-ubuntu22.04-haswell/gcc-11.2.0/python-3.\n           9.13-q47iise7npr7iijnfw5l66jtgksi4tvc/bin/python3.9' '-c' 'import me\n           sonbuild.ast'\n     31    Traceback (most recent call last):\n     32      File \"<string>\", line 1, in <module>\n     33      File \"/spack/opt/spack/linux-ubuntu22.04-haswell/gcc-11.2.0/meson-\n           0.58.2-edimwmdacqdytyanq2da6wer2k6767dq/lib/python3.9/site-packages/\n           mesonbuild/ast/__init__.py\", line 30, in <module>\n     34        from .interpreter import AstInterpreter\n     35      File \"/spack/opt/spack/linux-ubuntu22.04-haswell/gcc-11.2.0/meson-\n           0.58.2-edimwmdacqdytyanq2da6wer2k6767dq/lib/python3.9/site-packages/\n           mesonbuild/ast/interpreter.py\", line 19, in <module>\n\n\n\n/spack/lib/spack/spack/build_environment.py:1076, in _setup_pkg_and_run:\n       1073        tb_string = traceback.format_exc()\n       1074\n       1075        # build up some context from the offending package so we can\n  >>   1076        # show that, too.\n       1077        package_context = get_package_context(tb)\n       1078\n       1079        logfile = None\n\nSee test log for details:\n  /cache/spack/test/pyaro6zdixbfggtserg5rytnfpmo4aup/meson-0.58.2-edimwmd-test-out.txt\n\n==> Error: 1 test(s) in the suite failed.\n\n======================== 1 failed, 0 passed of 1 specs =========================\n",
                    "return_code": 1,
                    "seconds": 3.041874647140503,
                    "prediction": false,
                    "command": "/spack/bin/spack test run /edimwm"
                }
            }
        },
        "stats": {
            "sizes_bytes": {}
        },
        "experiment": "meson",
        "result": "splice-success",
        "success": true,
        "splice": "ninja@master",
        "package": "meson@0.58.2",
        "different_libs": false
    }
]