[
    {
        "specs": {
            "original": "meson@0.58.0%gcc@11.2.0 patches=aa6c50d arch=linux-ubuntu22.04-x86_64_v4 ^berkeley-db@18.1.40%gcc@11.2.0+cxx~docs+stl patches=b231fcc arch=linux-ubuntu22.04-x86_64_v4 ^bzip2@1.0.8%gcc@11.2.0~debug~pic+shared arch=linux-ubuntu22.04-x86_64_v4 ^ca-certificates-mozilla@2022-03-29%gcc@11.2.0 arch=linux-ubuntu22.04-x86_64_v4 ^diffutils@3.8%gcc@11.2.0 arch=linux-ubuntu22.04-x86_64_v4 ^expat@2.4.8%gcc@11.2.0+libbsd arch=linux-ubuntu22.04-x86_64_v4 ^gdbm@1.19%gcc@11.2.0 arch=linux-ubuntu22.04-x86_64_v4 ^gettext@0.21%gcc@11.2.0+bzip2+curses+git~libunistring+libxml2+tar+xz arch=linux-ubuntu22.04-x86_64_v4 ^libbsd@0.11.5%gcc@11.2.0 arch=linux-ubuntu22.04-x86_64_v4 ^libffi@3.4.2%gcc@11.2.0 arch=linux-ubuntu22.04-x86_64_v4 ^libiconv@1.16%gcc@11.2.0 libs=shared,static arch=linux-ubuntu22.04-x86_64_v4 ^libmd@1.0.4%gcc@11.2.0 arch=linux-ubuntu22.04-x86_64_v4 ^libxml2@2.9.13%gcc@11.2.0~python arch=linux-ubuntu22.04-x86_64_v4 ^ncurses@6.2%gcc@11.2.0~symlinks+termlib abi=none arch=linux-ubuntu22.04-x86_64_v4 ^ninja@1.11.0%gcc@11.2.0 arch=linux-ubuntu22.04-x86_64_v4 ^openssl@1.1.1q%gcc@11.2.0~docs~shared certs=mozilla patches=3fdcf2d arch=linux-ubuntu22.04-x86_64_v4 ^perl@5.34.1%gcc@11.2.0+cpanm+shared+threads arch=linux-ubuntu22.04-x86_64_v4 ^pigz@2.7%gcc@11.2.0 arch=linux-ubuntu22.04-x86_64_v4 ^pkgconf@1.8.0%gcc@11.2.0 arch=linux-ubuntu22.04-x86_64_v4 ^py-pip@22.1.2%gcc@11.2.0 arch=linux-ubuntu22.04-x86_64_v4 ^py-setuptools@63.0.0%gcc@11.2.0 arch=linux-ubuntu22.04-x86_64_v4 ^py-wheel@0.37.1%gcc@11.2.0 arch=linux-ubuntu22.04-x86_64_v4 ^python@3.9.13%gcc@11.2.0+bz2+ctypes+dbm~debug+ensurepip+libxml2+lzma~nis~optimizations+pic+pyexpat+pythoncmd+readline+shared+sqlite3+ssl~tix~tkinter~ucs4+uuid+zlib patches=0d98e93,4c24573,f2fd060 arch=linux-ubuntu22.04-x86_64_v4 ^readline@8.1.2%gcc@11.2.0 arch=linux-ubuntu22.04-x86_64_v4 ^sqlite@3.38.5%gcc@11.2.0+column_metadata+dynamic_extensions+fts~functions+rtree arch=linux-ubuntu22.04-x86_64_v4 ^tar@1.34%gcc@11.2.0 zip=pigz arch=linux-ubuntu22.04-x86_64_v4 ^util-linux-uuid@2.37.4%gcc@11.2.0 arch=linux-ubuntu22.04-x86_64_v4 ^xz@5.2.5%gcc@11.2.0~pic libs=shared,static arch=linux-ubuntu22.04-x86_64_v4 ^zlib@1.2.12%gcc@11.2.0+optimize+pic+shared patches=0d38234 arch=linux-ubuntu22.04-x86_64_v4 ^zstd@1.5.2%gcc@11.2.0+programs compression=none libs=shared,static arch=linux-ubuntu22.04-x86_64_v4",
            "spliced": "meson@0.58.0%gcc@11.2.0 patches=aa6c50d arch=linux-ubuntu22.04-x86_64_v4 ^berkeley-db@18.1.40%gcc@11.2.0+cxx~docs+stl patches=b231fcc arch=linux-ubuntu22.04-x86_64_v4 ^bzip2@1.0.8%gcc@11.2.0~debug~pic+shared arch=linux-ubuntu22.04-x86_64_v4 ^ca-certificates-mozilla@2022-03-29%gcc@11.2.0 arch=linux-ubuntu22.04-x86_64_v4 ^diffutils@3.8%gcc@11.2.0 arch=linux-ubuntu22.04-x86_64_v4 ^expat@2.4.8%gcc@11.2.0+libbsd arch=linux-ubuntu22.04-x86_64_v4 ^gdbm@1.19%gcc@11.2.0 arch=linux-ubuntu22.04-x86_64_v4 ^gettext@0.21%gcc@11.2.0+bzip2+curses+git~libunistring+libxml2+tar+xz arch=linux-ubuntu22.04-x86_64_v4 ^libbsd@0.11.5%gcc@11.2.0 arch=linux-ubuntu22.04-x86_64_v4 ^libffi@3.4.2%gcc@11.2.0 arch=linux-ubuntu22.04-x86_64_v4 ^libiconv@1.16%gcc@11.2.0 libs=shared,static arch=linux-ubuntu22.04-x86_64_v4 ^libmd@1.0.4%gcc@11.2.0 arch=linux-ubuntu22.04-x86_64_v4 ^libxml2@2.9.13%gcc@11.2.0~python arch=linux-ubuntu22.04-x86_64_v4 ^ncurses@6.2%gcc@11.2.0~symlinks+termlib abi=none arch=linux-ubuntu22.04-x86_64_v4 ^ninja@1.11.0%gcc@11.2.0 arch=linux-ubuntu22.04-x86_64_v4 ^openssl@1.1.1q%gcc@11.2.0~docs~shared certs=mozilla patches=3fdcf2d arch=linux-ubuntu22.04-x86_64_v4 ^perl@5.34.1%gcc@11.2.0+cpanm+shared+threads arch=linux-ubuntu22.04-x86_64_v4 ^pigz@2.7%gcc@11.2.0 arch=linux-ubuntu22.04-x86_64_v4 ^pkgconf@1.8.0%gcc@11.2.0 arch=linux-ubuntu22.04-x86_64_v4 ^py-pip@22.1.2%gcc@11.2.0 arch=linux-ubuntu22.04-x86_64_v4 ^py-setuptools@63.0.0%gcc@11.2.0 arch=linux-ubuntu22.04-x86_64_v4 ^py-wheel@0.37.1%gcc@11.2.0 arch=linux-ubuntu22.04-x86_64_v4 ^python@3.9.13%gcc@11.2.0+bz2+ctypes+dbm~debug+ensurepip+libxml2+lzma~nis~optimizations+pic+pyexpat+pythoncmd+readline+shared+sqlite3+ssl~tix~tkinter~ucs4+uuid+zlib patches=0d98e93,4c24573,f2fd060 arch=linux-ubuntu22.04-x86_64_v4 ^readline@8.1.2%gcc@11.2.0 arch=linux-ubuntu22.04-x86_64_v4 ^sqlite@3.38.5%gcc@11.2.0+column_metadata+dynamic_extensions+fts~functions+rtree arch=linux-ubuntu22.04-x86_64_v4 ^tar@1.34%gcc@11.2.0 zip=pigz arch=linux-ubuntu22.04-x86_64_v4 ^util-linux-uuid@2.37.4%gcc@11.2.0 arch=linux-ubuntu22.04-x86_64_v4 ^xz@5.2.5%gcc@11.2.0~pic libs=shared,static arch=linux-ubuntu22.04-x86_64_v4 ^zlib@1.2.12%gcc@11.2.0+optimize+pic+shared patches=0d38234 arch=linux-ubuntu22.04-x86_64_v4 ^zstd@1.5.2%gcc@11.2.0+programs compression=none libs=shared,static arch=linux-ubuntu22.04-x86_64_v4"
        },
        "ids": {
            "original": "/ziebti",
            "spliced": "/a64pev"
        },
        "original": [],
        "spliced": [],
        "paths": {
            "loads": {
                "original": [
                    "/spack/opt/spack/linux-ubuntu22.04-x86_64_v4/gcc-11.2.0/berkeley-db-18.1.40-rghamddf2h2qmwxqzl66qzbjjtvkky5u/lib",
                    "/spack/opt/spack/linux-ubuntu22.04-x86_64_v4/gcc-11.2.0/py-setuptools-63.0.0-gemzv7zoi6ryzfrqiq35l5pe2bnt4i6p/lib",
                    "/spack/opt/spack/linux-ubuntu22.04-x86_64_v4/gcc-11.2.0/py-wheel-0.37.1-cnw6o5yhsd46wztp6vhvwlp7evxwigc6/lib",
                    "/spack/opt/spack/linux-ubuntu22.04-x86_64_v4/gcc-11.2.0/util-linux-uuid-2.37.4-bsto4aqxpae6ahekgqhgwv7d5imqzjir/lib",
                    "/spack/opt/spack/linux-ubuntu22.04-x86_64_v4/gcc-11.2.0/xz-5.2.5-2emntpn7rbcpn2w6vouqgr2knpyvtkre/lib",
                    "/spack/opt/spack/linux-ubuntu22.04-x86_64_v4/gcc-11.2.0/libbsd-0.11.5-bzcigiybl7sofxasuc2meyh5vpczbsfq/lib",
                    "/spack/opt/spack/linux-ubuntu22.04-x86_64_v4/gcc-11.2.0/libiconv-1.16-spihuvccgglc2kwv6l6ig75vo74qr742/lib",
                    "/spack/opt/spack/linux-ubuntu22.04-x86_64_v4/gcc-11.2.0/gdbm-1.19-6oga5z7ci5jruupmirux4neifsyblyfz/lib",
                    "/spack/opt/spack/linux-ubuntu22.04-x86_64_v4/gcc-11.2.0/readline-8.1.2-g3ekkwokhxgude2tvtgxnidmyn4ylloq/lib",
                    "/spack/opt/spack/linux-ubuntu22.04-x86_64_v4/gcc-11.2.0/py-pip-22.1.2-qijpvpn7btielxvuzyuvmrptsh3goejy/lib",
                    "/spack/opt/spack/linux-ubuntu22.04-x86_64_v4/gcc-11.2.0/sqlite-3.38.5-42fvgncjooinicry2o7fhni6ovtuofzd/lib",
                    "/spack/opt/spack/linux-ubuntu22.04-x86_64_v4/gcc-11.2.0/zstd-1.5.2-3v57d7icvaltd3myvdxqwpfhabte7jnm/lib",
                    "/spack/opt/spack/linux-ubuntu22.04-x86_64_v4/gcc-11.2.0/ncurses-6.2-ncnrv2p753lgdghoapjrjpryk2ogkct3/lib",
                    "/spack/opt/spack/linux-ubuntu22.04-x86_64_v4/gcc-11.2.0/python-3.9.13-mgnzob74nbcueiich3dqlgbqwelqnu26/lib",
                    "/spack/opt/spack/linux-ubuntu22.04-x86_64_v4/gcc-11.2.0/gettext-0.21-s34rccrsz36hgcyxpn6rzldnxrqsrymv/lib",
                    "/spack/opt/spack/linux-ubuntu22.04-x86_64_v4/gcc-11.2.0/bzip2-1.0.8-fh7xswtqghrdaobdrrrohk5nr2iomteu/lib",
                    "/spack/opt/spack/linux-ubuntu22.04-x86_64_v4/gcc-11.2.0/libxml2-2.9.13-aibkq4n2tg367zub2obvmcghgrm6hvm7/lib",
                    "/spack/opt/spack/linux-ubuntu22.04-x86_64_v4/gcc-11.2.0/expat-2.4.8-s5vsv76isyubw5hyxj52f22oru4gnlkl/lib",
                    "/spack/opt/spack/linux-ubuntu22.04-x86_64_v4/gcc-11.2.0/meson-0.58.0-ziebtikhs2v6xnfbolmsmiitvatqk7co/lib",
                    "/spack/opt/spack/linux-ubuntu22.04-x86_64_v4/gcc-11.2.0/libffi-3.4.2-rwchh7tslhtpmiha6ciynhe6fij7u7zz/lib",
                    "/spack/opt/spack/linux-ubuntu22.04-x86_64_v4/gcc-11.2.0/openssl-1.1.1q-q5lvo4oel6bposdvpn5sh4cnxcyuv63j/lib",
                    "/spack/opt/spack/linux-ubuntu22.04-x86_64_v4/gcc-11.2.0/libmd-1.0.4-a6uikiyvtup4aooi3hyjaaapqxbzitpu/lib",
                    "/spack/opt/spack/linux-ubuntu22.04-x86_64_v4/gcc-11.2.0/pkgconf-1.8.0-f7tw6htx3e7byzstxk6tf5nsthuax6qg/lib",
                    "/spack/opt/spack/linux-ubuntu22.04-x86_64_v4/gcc-11.2.0/perl-5.34.1-lnvbwv4yorlcyq5oq73hlthgaaauofxv/lib",
                    "/spack/opt/spack/linux-ubuntu22.04-x86_64_v4/gcc-11.2.0/zlib-1.2.12-luwgiwun44dt7hmxv4ki6xjnxyucze7f/lib"
                ],
                "spliced": [
                    "/spack/opt/spack/linux-ubuntu22.04-x86_64_v4/gcc-11.2.0/berkeley-db-18.1.40-rghamddf2h2qmwxqzl66qzbjjtvkky5u/lib",
                    "/spack/opt/spack/linux-ubuntu22.04-x86_64_v4/gcc-11.2.0/py-pip-22.1.2-w6gpvbw62mazrfq5knk6mt2gnsqns75w/lib",
                    "/spack/opt/spack/linux-ubuntu22.04-x86_64_v4/gcc-11.2.0/util-linux-uuid-2.37.4-bsto4aqxpae6ahekgqhgwv7d5imqzjir/lib",
                    "/spack/opt/spack/linux-ubuntu22.04-x86_64_v4/gcc-11.2.0/py-setuptools-63.0.0-knhzl4xcdkrxxb3fqm3dqxzottusfnsk/lib",
                    "/spack/opt/spack/linux-ubuntu22.04-x86_64_v4/gcc-11.2.0/xz-5.2.5-2emntpn7rbcpn2w6vouqgr2knpyvtkre/lib",
                    "/spack/opt/spack/linux-ubuntu22.04-x86_64_v4/gcc-11.2.0/libbsd-0.11.5-bzcigiybl7sofxasuc2meyh5vpczbsfq/lib",
                    "/spack/opt/spack/linux-ubuntu22.04-x86_64_v4/gcc-11.2.0/libiconv-1.16-spihuvccgglc2kwv6l6ig75vo74qr742/lib",
                    "/spack/opt/spack/linux-ubuntu22.04-x86_64_v4/gcc-11.2.0/gdbm-1.19-6oga5z7ci5jruupmirux4neifsyblyfz/lib",
                    "/spack/opt/spack/linux-ubuntu22.04-x86_64_v4/gcc-11.2.0/readline-8.1.2-g3ekkwokhxgude2tvtgxnidmyn4ylloq/lib",
                    "/spack/opt/spack/linux-ubuntu22.04-x86_64_v4/gcc-11.2.0/sqlite-3.38.5-42fvgncjooinicry2o7fhni6ovtuofzd/lib",
                    "/spack/opt/spack/linux-ubuntu22.04-x86_64_v4/gcc-11.2.0/zstd-1.5.2-3v57d7icvaltd3myvdxqwpfhabte7jnm/lib",
                    "/spack/opt/spack/linux-ubuntu22.04-x86_64_v4/gcc-11.2.0/ncurses-6.2-ncnrv2p753lgdghoapjrjpryk2ogkct3/lib",
                    "/spack/opt/spack/linux-ubuntu22.04-x86_64_v4/gcc-11.2.0/python-3.9.13-mgnzob74nbcueiich3dqlgbqwelqnu26/lib",
                    "/spack/opt/spack/linux-ubuntu22.04-x86_64_v4/gcc-11.2.0/gettext-0.21-s34rccrsz36hgcyxpn6rzldnxrqsrymv/lib",
                    "/spack/opt/spack/linux-ubuntu22.04-x86_64_v4/gcc-11.2.0/bzip2-1.0.8-fh7xswtqghrdaobdrrrohk5nr2iomteu/lib",
                    "/spack/opt/spack/linux-ubuntu22.04-x86_64_v4/gcc-11.2.0/libxml2-2.9.13-aibkq4n2tg367zub2obvmcghgrm6hvm7/lib",
                    "/spack/opt/spack/linux-ubuntu22.04-x86_64_v4/gcc-11.2.0/expat-2.4.8-s5vsv76isyubw5hyxj52f22oru4gnlkl/lib",
                    "/spack/opt/spack/linux-ubuntu22.04-x86_64_v4/gcc-11.2.0/libffi-3.4.2-rwchh7tslhtpmiha6ciynhe6fij7u7zz/lib",
                    "/spack/opt/spack/linux-ubuntu22.04-x86_64_v4/gcc-11.2.0/py-wheel-0.37.1-uwvp22hi7aq26xbr3b7pweuzhadigyek/lib",
                    "/spack/opt/spack/linux-ubuntu22.04-x86_64_v4/gcc-11.2.0/openssl-1.1.1q-q5lvo4oel6bposdvpn5sh4cnxcyuv63j/lib",
                    "/spack/opt/spack/linux-ubuntu22.04-x86_64_v4/gcc-11.2.0/libmd-1.0.4-a6uikiyvtup4aooi3hyjaaapqxbzitpu/lib",
                    "/spack/opt/spack/linux-ubuntu22.04-x86_64_v4/gcc-11.2.0/pkgconf-1.8.0-f7tw6htx3e7byzstxk6tf5nsthuax6qg/lib",
                    "/spack/opt/spack/linux-ubuntu22.04-x86_64_v4/gcc-11.2.0/meson-0.58.0-a64pevqiywnee6uopajx4bfk55pscool/lib",
                    "/spack/opt/spack/linux-ubuntu22.04-x86_64_v4/gcc-11.2.0/perl-5.34.1-lnvbwv4yorlcyq5oq73hlthgaaauofxv/lib",
                    "/spack/opt/spack/linux-ubuntu22.04-x86_64_v4/gcc-11.2.0/zlib-1.2.12-luwgiwun44dt7hmxv4ki6xjnxyucze7f/lib"
                ]
            }
        },
        "predictions": {
            "spack-test": {
                "original": {
                    "message": "==> Spack test yknjxsky4brbdelygxzb3fowi7rgu3ki\n==> Testing package meson-0.58.0-ziebtik\n==> Error: TestFailure: 1 tests failed.\n\n\nCommand exited with status 1:\n    '/spack/opt/spack/linux-ubuntu22.04-x86_64_v4/gcc-11.2.0/python-3.9.13-mgnzob74nbcueiich3dqlgbqwelqnu26/bin/python3.9' '-c' 'import mesonbuild.ast'\nTraceback (most recent call last):\n  File \"<string>\", line 1, in <module>\n  File \"/spack/opt/spack/linux-ubuntu22.04-x86_64_v4/gcc-11.2.0/meson-0.58.0-ziebtikhs2v6xnfbolmsmiitvatqk7co/lib/python3.9/site-packages/mesonbuild/ast/__init__.py\", line 30, in <module>\n    from .interpreter import AstInterpreter\n  File \"/spack/opt/spack/linux-ubuntu22.04-x86_64_v4/gcc-11.2.0/meson-0.58.0-ziebtikhs2v6xnfbolmsmiitvatqk7co/lib/python3.9/site-packages/mesonbuild/ast/interpreter.py\", line 19, in <module>\n    from .. import interpreterbase, mparser, mesonlib\n  File \"/spack/opt/spack/linux-ubuntu22.04-x86_64_v4/gcc-11.2.0/meson-0.58.0-ziebtikhs2v6xnfbolmsmiitvatqk7co/lib/python3.9/site-packages/mesonbuild/interpreterbase.py\", line 19, in <module>\n    from . import environment, dependencies\n  File \"/spack/opt/spack/linux-ubuntu22.04-x86_64_v4/gcc-11.2.0/meson-0.58.0-ziebtikhs2v6xnfbolmsmiitvatqk7co/lib/python3.9/site-packages/mesonbuild/dependencies/__init__.py\", line 15, in <module>\n    from .boost import BoostDependency\n  File \"/spack/opt/spack/linux-ubuntu22.04-x86_64_v4/gcc-11.2.0/meson-0.58.0-ziebtikhs2v6xnfbolmsmiitvatqk7co/lib/python3.9/site-packages/mesonbuild/dependencies/boost.py\", line 25, in <module>\n    from .base import DependencyException, ExternalDependency, PkgConfigDependency\n  File \"/spack/opt/spack/linux-ubuntu22.04-x86_64_v4/gcc-11.2.0/meson-0.58.0-ziebtikhs2v6xnfbolmsmiitvatqk7co/lib/python3.9/site-packages/mesonbuild/dependencies/base.py\", line 41, in <module>\n    from ..interpreterbase import FeatureDeprecated\nImportError: cannot import name 'FeatureDeprecated' from partially initialized module 'mesonbuild.interpreterbase' (most likely due to a circular import) (/spack/opt/spack/linux-ubuntu22.04-x86_64_v4/gcc-11.2.0/meson-0.58.0-ziebtikhs2v6xnfbolmsmiitvatqk7co/lib/python3.9/site-packages/mesonbuild/interpreterbase.py)\n\n\n\n1 error found in test log:\n     23        from .boost import BoostDependency\n     24      File \"/spack/opt/spack/linux-ubuntu22.04-x86_64_v4/gcc-11.2.0/meso\n           n-0.58.0-ziebtikhs2v6xnfbolmsmiitvatqk7co/lib/python3.9/site-package\n           s/mesonbuild/dependencies/boost.py\", line 25, in <module>\n     25        from .base import DependencyException, ExternalDependency, PkgCo\n           nfigDependency\n     26      File \"/spack/opt/spack/linux-ubuntu22.04-x86_64_v4/gcc-11.2.0/meso\n           n-0.58.0-ziebtikhs2v6xnfbolmsmiitvatqk7co/lib/python3.9/site-package\n           s/mesonbuild/dependencies/base.py\", line 41, in <module>\n     27        from ..interpreterbase import FeatureDeprecated\n     28    ImportError: cannot import name 'FeatureDeprecated' from partially i\n           nitialized module 'mesonbuild.interpreterbase' (most likely due to a\n            circular import) (/spack/opt/spack/linux-ubuntu22.04-x86_64_v4/gcc-\n           11.2.0/meson-0.58.0-ziebtikhs2v6xnfbolmsmiitvatqk7co/lib/python3.9/s\n           ite-packages/mesonbuild/interpreterbase.py)\n  >> 29    FAILED: Command exited with status 1:\n     30        '/spack/opt/spack/linux-ubuntu22.04-x86_64_v4/gcc-11.2.0/python-\n           3.9.13-mgnzob74nbcueiich3dqlgbqwelqnu26/bin/python3.9' '-c' 'import \n           mesonbuild.ast'\n     31    Traceback (most recent call last):\n     32      File \"<string>\", line 1, in <module>\n     33      File \"/spack/opt/spack/linux-ubuntu22.04-x86_64_v4/gcc-11.2.0/meso\n           n-0.58.0-ziebtikhs2v6xnfbolmsmiitvatqk7co/lib/python3.9/site-package\n           s/mesonbuild/ast/__init__.py\", line 30, in <module>\n     34        from .interpreter import AstInterpreter\n     35      File \"/spack/opt/spack/linux-ubuntu22.04-x86_64_v4/gcc-11.2.0/meso\n           n-0.58.0-ziebtikhs2v6xnfbolmsmiitvatqk7co/lib/python3.9/site-package\n           s/mesonbuild/ast/interpreter.py\", line 19, in <module>\n\n\n\n/spack/lib/spack/spack/build_environment.py:1076, in _setup_pkg_and_run:\n       1073        tb_string = traceback.format_exc()\n       1074\n       1075        # build up some context from the offending package so we can\n  >>   1076        # show that, too.\n       1077        package_context = get_package_context(tb)\n       1078\n       1079        logfile = None\n\nSee test log for details:\n  /cache/spack/test/yknjxsky4brbdelygxzb3fowi7rgu3ki/meson-0.58.0-ziebtik-test-out.txt\n\n==> Error: 1 test(s) in the suite failed.\n\n======================== 1 failed, 0 passed of 1 specs =========================\n",
                    "return_code": 1,
                    "seconds": 2.193620443344116,
                    "prediction": false,
                    "command": "/spack/bin/spack test run /ziebti"
                },
                "spliced": {
                    "message": "==> Spack test 7vbhzkkde6dotna24gd6owavnwc27553\n==> Testing package meson-0.58.0-a64pevq\n==> Error: TestFailure: 1 tests failed.\n\n\nCommand exited with status 1:\n    '/spack/opt/spack/linux-ubuntu22.04-x86_64_v4/gcc-11.2.0/python-3.9.13-mgnzob74nbcueiich3dqlgbqwelqnu26/bin/python3.9' '-c' 'import mesonbuild.ast'\nTraceback (most recent call last):\n  File \"<string>\", line 1, in <module>\n  File \"/spack/opt/spack/linux-ubuntu22.04-x86_64_v4/gcc-11.2.0/meson-0.58.0-a64pevqiywnee6uopajx4bfk55pscool/lib/python3.9/site-packages/mesonbuild/ast/__init__.py\", line 30, in <module>\n    from .interpreter import AstInterpreter\n  File \"/spack/opt/spack/linux-ubuntu22.04-x86_64_v4/gcc-11.2.0/meson-0.58.0-a64pevqiywnee6uopajx4bfk55pscool/lib/python3.9/site-packages/mesonbuild/ast/interpreter.py\", line 19, in <module>\n    from .. import interpreterbase, mparser, mesonlib\n  File \"/spack/opt/spack/linux-ubuntu22.04-x86_64_v4/gcc-11.2.0/meson-0.58.0-a64pevqiywnee6uopajx4bfk55pscool/lib/python3.9/site-packages/mesonbuild/interpreterbase.py\", line 19, in <module>\n    from . import environment, dependencies\n  File \"/spack/opt/spack/linux-ubuntu22.04-x86_64_v4/gcc-11.2.0/meson-0.58.0-a64pevqiywnee6uopajx4bfk55pscool/lib/python3.9/site-packages/mesonbuild/dependencies/__init__.py\", line 15, in <module>\n    from .boost import BoostDependency\n  File \"/spack/opt/spack/linux-ubuntu22.04-x86_64_v4/gcc-11.2.0/meson-0.58.0-a64pevqiywnee6uopajx4bfk55pscool/lib/python3.9/site-packages/mesonbuild/dependencies/boost.py\", line 25, in <module>\n    from .base import DependencyException, ExternalDependency, PkgConfigDependency\n  File \"/spack/opt/spack/linux-ubuntu22.04-x86_64_v4/gcc-11.2.0/meson-0.58.0-a64pevqiywnee6uopajx4bfk55pscool/lib/python3.9/site-packages/mesonbuild/dependencies/base.py\", line 41, in <module>\n    from ..interpreterbase import FeatureDeprecated\nImportError: cannot import name 'FeatureDeprecated' from partially initialized module 'mesonbuild.interpreterbase' (most likely due to a circular import) (/spack/opt/spack/linux-ubuntu22.04-x86_64_v4/gcc-11.2.0/meson-0.58.0-a64pevqiywnee6uopajx4bfk55pscool/lib/python3.9/site-packages/mesonbuild/interpreterbase.py)\n\n\n\n1 error found in test log:\n     23        from .boost import BoostDependency\n     24      File \"/spack/opt/spack/linux-ubuntu22.04-x86_64_v4/gcc-11.2.0/meso\n           n-0.58.0-a64pevqiywnee6uopajx4bfk55pscool/lib/python3.9/site-package\n           s/mesonbuild/dependencies/boost.py\", line 25, in <module>\n     25        from .base import DependencyException, ExternalDependency, PkgCo\n           nfigDependency\n     26      File \"/spack/opt/spack/linux-ubuntu22.04-x86_64_v4/gcc-11.2.0/meso\n           n-0.58.0-a64pevqiywnee6uopajx4bfk55pscool/lib/python3.9/site-package\n           s/mesonbuild/dependencies/base.py\", line 41, in <module>\n     27        from ..interpreterbase import FeatureDeprecated\n     28    ImportError: cannot import name 'FeatureDeprecated' from partially i\n           nitialized module 'mesonbuild.interpreterbase' (most likely due to a\n            circular import) (/spack/opt/spack/linux-ubuntu22.04-x86_64_v4/gcc-\n           11.2.0/meson-0.58.0-a64pevqiywnee6uopajx4bfk55pscool/lib/python3.9/s\n           ite-packages/mesonbuild/interpreterbase.py)\n  >> 29    FAILED: Command exited with status 1:\n     30        '/spack/opt/spack/linux-ubuntu22.04-x86_64_v4/gcc-11.2.0/python-\n           3.9.13-mgnzob74nbcueiich3dqlgbqwelqnu26/bin/python3.9' '-c' 'import \n           mesonbuild.ast'\n     31    Traceback (most recent call last):\n     32      File \"<string>\", line 1, in <module>\n     33      File \"/spack/opt/spack/linux-ubuntu22.04-x86_64_v4/gcc-11.2.0/meso\n           n-0.58.0-a64pevqiywnee6uopajx4bfk55pscool/lib/python3.9/site-package\n           s/mesonbuild/ast/__init__.py\", line 30, in <module>\n     34        from .interpreter import AstInterpreter\n     35      File \"/spack/opt/spack/linux-ubuntu22.04-x86_64_v4/gcc-11.2.0/meso\n           n-0.58.0-a64pevqiywnee6uopajx4bfk55pscool/lib/python3.9/site-package\n           s/mesonbuild/ast/interpreter.py\", line 19, in <module>\n\n\n\n/spack/lib/spack/spack/build_environment.py:1076, in _setup_pkg_and_run:\n       1073        tb_string = traceback.format_exc()\n       1074\n       1075        # build up some context from the offending package so we can\n  >>   1076        # show that, too.\n       1077        package_context = get_package_context(tb)\n       1078\n       1079        logfile = None\n\nSee test log for details:\n  /cache/spack/test/7vbhzkkde6dotna24gd6owavnwc27553/meson-0.58.0-a64pevq-test-out.txt\n\n==> Error: 1 test(s) in the suite failed.\n\n======================== 1 failed, 0 passed of 1 specs =========================\n",
                    "return_code": 1,
                    "seconds": 2.3979389667510986,
                    "prediction": false,
                    "command": "/spack/bin/spack test run /a64pev"
                }
            }
        },
        "stats": {
            "sizes_bytes": {}
        },
        "experiment": "meson",
        "result": "splice-success",
        "success": true,
        "splice": "python@3.9.13",
        "package": "meson@0.58.0",
        "different_libs": false
    }
]