[
    {
        "specs": {
            "original": "meson@0.58.1%gcc@11.2.0 patches=aa6c50d arch=linux-ubuntu22.04-haswell ^berkeley-db@18.1.40%gcc@11.2.0+cxx~docs+stl patches=b231fcc arch=linux-ubuntu22.04-haswell ^bzip2@1.0.8%gcc@11.2.0~debug~pic+shared arch=linux-ubuntu22.04-haswell ^ca-certificates-mozilla@2022-03-29%gcc@11.2.0 arch=linux-ubuntu22.04-haswell ^diffutils@3.8%gcc@11.2.0 arch=linux-ubuntu22.04-haswell ^expat@2.4.8%gcc@11.2.0+libbsd arch=linux-ubuntu22.04-haswell ^gdbm@1.19%gcc@11.2.0 arch=linux-ubuntu22.04-haswell ^gettext@0.21%gcc@11.2.0+bzip2+curses+git~libunistring+libxml2+tar+xz arch=linux-ubuntu22.04-haswell ^libbsd@0.11.5%gcc@11.2.0 arch=linux-ubuntu22.04-haswell ^libffi@3.4.2%gcc@11.2.0 arch=linux-ubuntu22.04-haswell ^libiconv@1.16%gcc@11.2.0 libs=shared,static arch=linux-ubuntu22.04-haswell ^libmd@1.0.4%gcc@11.2.0 arch=linux-ubuntu22.04-haswell ^libxml2@2.9.13%gcc@11.2.0~python arch=linux-ubuntu22.04-haswell ^ncurses@6.2%gcc@11.2.0~symlinks+termlib abi=none arch=linux-ubuntu22.04-haswell ^ninja@1.11.0%gcc@11.2.0 arch=linux-ubuntu22.04-haswell ^openssl@1.1.1q%gcc@11.2.0~docs~shared certs=mozilla patches=3fdcf2d arch=linux-ubuntu22.04-haswell ^perl@5.34.1%gcc@11.2.0+cpanm+shared+threads arch=linux-ubuntu22.04-haswell ^pigz@2.7%gcc@11.2.0 arch=linux-ubuntu22.04-haswell ^pkgconf@1.8.0%gcc@11.2.0 arch=linux-ubuntu22.04-haswell ^py-pip@22.1.2%gcc@11.2.0 arch=linux-ubuntu22.04-haswell ^py-setuptools@63.0.0%gcc@11.2.0 arch=linux-ubuntu22.04-haswell ^py-wheel@0.37.1%gcc@11.2.0 arch=linux-ubuntu22.04-haswell ^python@3.9.13%gcc@11.2.0+bz2+ctypes+dbm~debug+ensurepip+libxml2+lzma~nis~optimizations+pic+pyexpat+pythoncmd+readline+shared+sqlite3+ssl~tix~tkinter~ucs4+uuid+zlib patches=0d98e93,4c24573,f2fd060 arch=linux-ubuntu22.04-haswell ^readline@8.1.2%gcc@11.2.0 arch=linux-ubuntu22.04-haswell ^sqlite@3.38.5%gcc@11.2.0+column_metadata+dynamic_extensions+fts~functions+rtree arch=linux-ubuntu22.04-haswell ^tar@1.34%gcc@11.2.0 zip=pigz arch=linux-ubuntu22.04-haswell ^util-linux-uuid@2.37.4%gcc@11.2.0 arch=linux-ubuntu22.04-haswell ^xz@5.2.5%gcc@11.2.0~pic libs=shared,static arch=linux-ubuntu22.04-haswell ^zlib@1.2.12%gcc@11.2.0+optimize+pic+shared patches=0d38234 arch=linux-ubuntu22.04-haswell ^zstd@1.5.2%gcc@11.2.0+programs compression=none libs=shared,static arch=linux-ubuntu22.04-haswell",
            "spliced": "meson@0.58.1%gcc@11.2.0 patches=aa6c50d arch=linux-ubuntu22.04-haswell ^berkeley-db@18.1.40%gcc@11.2.0+cxx~docs+stl patches=b231fcc arch=linux-ubuntu22.04-haswell ^bzip2@1.0.8%gcc@11.2.0~debug~pic+shared arch=linux-ubuntu22.04-haswell ^ca-certificates-mozilla@2022-03-29%gcc@11.2.0 arch=linux-ubuntu22.04-haswell ^diffutils@3.8%gcc@11.2.0 arch=linux-ubuntu22.04-haswell ^expat@2.4.8%gcc@11.2.0+libbsd arch=linux-ubuntu22.04-haswell ^gdbm@1.19%gcc@11.2.0 arch=linux-ubuntu22.04-haswell ^gettext@0.21%gcc@11.2.0+bzip2+curses+git~libunistring+libxml2+tar+xz arch=linux-ubuntu22.04-haswell ^libbsd@0.11.5%gcc@11.2.0 arch=linux-ubuntu22.04-haswell ^libffi@3.4.2%gcc@11.2.0 arch=linux-ubuntu22.04-haswell ^libiconv@1.16%gcc@11.2.0 libs=shared,static arch=linux-ubuntu22.04-haswell ^libmd@1.0.4%gcc@11.2.0 arch=linux-ubuntu22.04-haswell ^libxml2@2.9.13%gcc@11.2.0~python arch=linux-ubuntu22.04-haswell ^ncurses@6.2%gcc@11.2.0~symlinks+termlib abi=none arch=linux-ubuntu22.04-haswell ^ninja@1.11.0%gcc@11.2.0 arch=linux-ubuntu22.04-haswell ^openssl@1.1.1q%gcc@11.2.0~docs~shared certs=mozilla patches=3fdcf2d arch=linux-ubuntu22.04-haswell ^perl@5.34.1%gcc@11.2.0+cpanm+shared+threads arch=linux-ubuntu22.04-haswell ^pigz@2.7%gcc@11.2.0 arch=linux-ubuntu22.04-haswell ^pkgconf@1.8.0%gcc@11.2.0 arch=linux-ubuntu22.04-haswell ^py-pip@22.1.2%gcc@11.2.0 arch=linux-ubuntu22.04-haswell ^py-setuptools@63.0.0%gcc@11.2.0 arch=linux-ubuntu22.04-haswell ^py-wheel@0.37.1%gcc@11.2.0 arch=linux-ubuntu22.04-haswell ^python@3.9.13%gcc@11.2.0+bz2+ctypes+dbm~debug+ensurepip+libxml2+lzma~nis~optimizations+pic+pyexpat+pythoncmd+readline+shared+sqlite3+ssl~tix~tkinter~ucs4+uuid+zlib patches=0d98e93,4c24573,f2fd060 arch=linux-ubuntu22.04-haswell ^readline@8.1.2%gcc@11.2.0 arch=linux-ubuntu22.04-haswell ^sqlite@3.38.5%gcc@11.2.0+column_metadata+dynamic_extensions+fts~functions+rtree arch=linux-ubuntu22.04-haswell ^tar@1.34%gcc@11.2.0 zip=pigz arch=linux-ubuntu22.04-haswell ^util-linux-uuid@2.37.4%gcc@11.2.0 arch=linux-ubuntu22.04-haswell ^xz@5.2.5%gcc@11.2.0~pic libs=shared,static arch=linux-ubuntu22.04-haswell ^zlib@1.2.12%gcc@11.2.0+optimize+pic+shared patches=0d38234 arch=linux-ubuntu22.04-haswell ^zstd@1.5.2%gcc@11.2.0+programs compression=none libs=shared,static arch=linux-ubuntu22.04-haswell"
        },
        "ids": {
            "original": "/rlbyly",
            "spliced": "/tuhzjk"
        },
        "original": [],
        "spliced": [],
        "paths": {
            "loads": {
                "original": [
                    "/spack/opt/spack/linux-ubuntu22.04-haswell/gcc-11.2.0/python-3.9.13-q47iise7npr7iijnfw5l66jtgksi4tvc/lib",
                    "/spack/opt/spack/linux-ubuntu22.04-haswell/gcc-11.2.0/py-setuptools-63.0.0-qjixzrrpenjwdukrncgixplgrivtxn4g/lib",
                    "/spack/opt/spack/linux-ubuntu22.04-haswell/gcc-11.2.0/libiconv-1.16-nylazfnjil3kyc5wyctes6ttimburge6/lib",
                    "/spack/opt/spack/linux-ubuntu22.04-haswell/gcc-11.2.0/perl-5.34.1-olweu672du4nrlvjn2shpf62jbgxzzp6/lib",
                    "/spack/opt/spack/linux-ubuntu22.04-haswell/gcc-11.2.0/ncurses-6.2-2khyzubbcfupjtbj4nkogd7ebonczczr/lib",
                    "/spack/opt/spack/linux-ubuntu22.04-haswell/gcc-11.2.0/gettext-0.21-u6wcu25n7tfqtrvnexez66utuydb4smx/lib",
                    "/spack/opt/spack/linux-ubuntu22.04-haswell/gcc-11.2.0/bzip2-1.0.8-szccym2boautmkfmh4m2xm2krbftkd2g/lib",
                    "/spack/opt/spack/linux-ubuntu22.04-haswell/gcc-11.2.0/libxml2-2.9.13-7nkjcj7tyvlqw2evbz75lmy3orkmqpmy/lib",
                    "/spack/opt/spack/linux-ubuntu22.04-haswell/gcc-11.2.0/libbsd-0.11.5-ae73lpti6eu6wivubsemtrytzzf3hez7/lib",
                    "/spack/opt/spack/linux-ubuntu22.04-haswell/gcc-11.2.0/gdbm-1.19-wcroyxphbv36i3i7pvflptbcp2fqumx3/lib",
                    "/spack/opt/spack/linux-ubuntu22.04-haswell/gcc-11.2.0/expat-2.4.8-owhc2truzoihyzfqo7rxjgd4edfc6j7v/lib",
                    "/spack/opt/spack/linux-ubuntu22.04-haswell/gcc-11.2.0/libmd-1.0.4-ajqlqlpzseqjzps2pjrcxzqgwoqre7id/lib",
                    "/spack/opt/spack/linux-ubuntu22.04-haswell/gcc-11.2.0/py-wheel-0.37.1-elguqdgx2rqpyjti3aiugzkciub2w7pc/lib",
                    "/spack/opt/spack/linux-ubuntu22.04-haswell/gcc-11.2.0/openssl-1.1.1q-gqizvq5o5pipkqv2cxsg3k47lnqi64j3/lib",
                    "/spack/opt/spack/linux-ubuntu22.04-haswell/gcc-11.2.0/meson-0.58.1-rlbylyrfsargexmooyzejfk3sbh4s4fj/lib",
                    "/spack/opt/spack/linux-ubuntu22.04-haswell/gcc-11.2.0/readline-8.1.2-b7aunqqlalfx6dlbtvcqgzcvtcn4ysjk/lib",
                    "/spack/opt/spack/linux-ubuntu22.04-haswell/gcc-11.2.0/pkgconf-1.8.0-ruoukh6z67iefyz4cyphkcqaz2g2hx7f/lib",
                    "/spack/opt/spack/linux-ubuntu22.04-haswell/gcc-11.2.0/py-pip-22.1.2-nd5hxakdl6igvv7tx3olohvdz3mufwbb/lib",
                    "/spack/opt/spack/linux-ubuntu22.04-haswell/gcc-11.2.0/zstd-1.5.2-nbvfzv7w6wra46fxbdhk5ewgplaxuwqn/lib",
                    "/spack/opt/spack/linux-ubuntu22.04-haswell/gcc-11.2.0/xz-5.2.5-ub757pyoqpaurexmrq7oxo7cj35qod2q/lib",
                    "/spack/opt/spack/linux-ubuntu22.04-haswell/gcc-11.2.0/zlib-1.2.12-ychk3ix6mv3mgsrtnazfunnmu4vrspkk/lib",
                    "/spack/opt/spack/linux-ubuntu22.04-haswell/gcc-11.2.0/sqlite-3.38.5-d2ea6bj7l73lk6qts76ztojzxfz5mcvc/lib",
                    "/spack/opt/spack/linux-ubuntu22.04-haswell/gcc-11.2.0/berkeley-db-18.1.40-y3xm2b4wnx2tsoeh4mb3glrv4zzgmt57/lib",
                    "/spack/opt/spack/linux-ubuntu22.04-haswell/gcc-11.2.0/libffi-3.4.2-m3zifbsskipiwtc4j55gcuiggbxrlc73/lib",
                    "/spack/opt/spack/linux-ubuntu22.04-haswell/gcc-11.2.0/util-linux-uuid-2.37.4-zfqnulivrw2c6ucejn44ozyygbnbgkej/lib"
                ],
                "spliced": [
                    "/spack/opt/spack/linux-ubuntu22.04-haswell/gcc-11.2.0/python-3.9.13-q47iise7npr7iijnfw5l66jtgksi4tvc/lib",
                    "/spack/opt/spack/linux-ubuntu22.04-haswell/gcc-11.2.0/py-setuptools-63.0.0-g475bshoryifohuytt7y3ge2umituppg/lib",
                    "/spack/opt/spack/linux-ubuntu22.04-haswell/gcc-11.2.0/libiconv-1.16-nylazfnjil3kyc5wyctes6ttimburge6/lib",
                    "/spack/opt/spack/linux-ubuntu22.04-haswell/gcc-11.2.0/perl-5.34.1-olweu672du4nrlvjn2shpf62jbgxzzp6/lib",
                    "/spack/opt/spack/linux-ubuntu22.04-haswell/gcc-11.2.0/ncurses-6.2-2khyzubbcfupjtbj4nkogd7ebonczczr/lib",
                    "/spack/opt/spack/linux-ubuntu22.04-haswell/gcc-11.2.0/gettext-0.21-u6wcu25n7tfqtrvnexez66utuydb4smx/lib",
                    "/spack/opt/spack/linux-ubuntu22.04-haswell/gcc-11.2.0/bzip2-1.0.8-szccym2boautmkfmh4m2xm2krbftkd2g/lib",
                    "/spack/opt/spack/linux-ubuntu22.04-haswell/gcc-11.2.0/libxml2-2.9.13-7nkjcj7tyvlqw2evbz75lmy3orkmqpmy/lib",
                    "/spack/opt/spack/linux-ubuntu22.04-haswell/gcc-11.2.0/libbsd-0.11.5-ae73lpti6eu6wivubsemtrytzzf3hez7/lib",
                    "/spack/opt/spack/linux-ubuntu22.04-haswell/gcc-11.2.0/gdbm-1.19-wcroyxphbv36i3i7pvflptbcp2fqumx3/lib",
                    "/spack/opt/spack/linux-ubuntu22.04-haswell/gcc-11.2.0/expat-2.4.8-owhc2truzoihyzfqo7rxjgd4edfc6j7v/lib",
                    "/spack/opt/spack/linux-ubuntu22.04-haswell/gcc-11.2.0/libmd-1.0.4-ajqlqlpzseqjzps2pjrcxzqgwoqre7id/lib",
                    "/spack/opt/spack/linux-ubuntu22.04-haswell/gcc-11.2.0/openssl-1.1.1q-gqizvq5o5pipkqv2cxsg3k47lnqi64j3/lib",
                    "/spack/opt/spack/linux-ubuntu22.04-haswell/gcc-11.2.0/readline-8.1.2-b7aunqqlalfx6dlbtvcqgzcvtcn4ysjk/lib",
                    "/spack/opt/spack/linux-ubuntu22.04-haswell/gcc-11.2.0/pkgconf-1.8.0-ruoukh6z67iefyz4cyphkcqaz2g2hx7f/lib",
                    "/spack/opt/spack/linux-ubuntu22.04-haswell/gcc-11.2.0/zstd-1.5.2-nbvfzv7w6wra46fxbdhk5ewgplaxuwqn/lib",
                    "/spack/opt/spack/linux-ubuntu22.04-haswell/gcc-11.2.0/xz-5.2.5-ub757pyoqpaurexmrq7oxo7cj35qod2q/lib",
                    "/spack/opt/spack/linux-ubuntu22.04-haswell/gcc-11.2.0/py-pip-22.1.2-3okip5kqbvxn6pwmfjb57eogafl7scz2/lib",
                    "/spack/opt/spack/linux-ubuntu22.04-haswell/gcc-11.2.0/py-wheel-0.37.1-ltvvmuvb2dskp25r2n2vjco6dli2mhng/lib",
                    "/spack/opt/spack/linux-ubuntu22.04-haswell/gcc-11.2.0/zlib-1.2.12-ychk3ix6mv3mgsrtnazfunnmu4vrspkk/lib",
                    "/spack/opt/spack/linux-ubuntu22.04-haswell/gcc-11.2.0/sqlite-3.38.5-d2ea6bj7l73lk6qts76ztojzxfz5mcvc/lib",
                    "/spack/opt/spack/linux-ubuntu22.04-haswell/gcc-11.2.0/berkeley-db-18.1.40-y3xm2b4wnx2tsoeh4mb3glrv4zzgmt57/lib",
                    "/spack/opt/spack/linux-ubuntu22.04-haswell/gcc-11.2.0/libffi-3.4.2-m3zifbsskipiwtc4j55gcuiggbxrlc73/lib",
                    "/spack/opt/spack/linux-ubuntu22.04-haswell/gcc-11.2.0/meson-0.58.1-tuhzjkoqm5segyou6egghg3tbbaa4mzb/lib",
                    "/spack/opt/spack/linux-ubuntu22.04-haswell/gcc-11.2.0/util-linux-uuid-2.37.4-zfqnulivrw2c6ucejn44ozyygbnbgkej/lib"
                ]
            }
        },
        "predictions": {
            "spack-test": {
                "original": {
                    "message": "==> Spack test v7hvumkhqz2zv4hfi3k6qxdjqt4cbniy\n==> Testing package meson-0.58.1-rlbylyr\n==> Error: TestFailure: 1 tests failed.\n\n\nCommand exited with status 1:\n    '/spack/opt/spack/linux-ubuntu22.04-haswell/gcc-11.2.0/python-3.9.13-q47iise7npr7iijnfw5l66jtgksi4tvc/bin/python3.9' '-c' 'import mesonbuild.ast'\nTraceback (most recent call last):\n  File \"<string>\", line 1, in <module>\n  File \"/spack/opt/spack/linux-ubuntu22.04-haswell/gcc-11.2.0/meson-0.58.1-rlbylyrfsargexmooyzejfk3sbh4s4fj/lib/python3.9/site-packages/mesonbuild/ast/__init__.py\", line 30, in <module>\n    from .interpreter import AstInterpreter\n  File \"/spack/opt/spack/linux-ubuntu22.04-haswell/gcc-11.2.0/meson-0.58.1-rlbylyrfsargexmooyzejfk3sbh4s4fj/lib/python3.9/site-packages/mesonbuild/ast/interpreter.py\", line 19, in <module>\n    from .. import interpreterbase, mparser, mesonlib\n  File \"/spack/opt/spack/linux-ubuntu22.04-haswell/gcc-11.2.0/meson-0.58.1-rlbylyrfsargexmooyzejfk3sbh4s4fj/lib/python3.9/site-packages/mesonbuild/interpreterbase.py\", line 19, in <module>\n    from . import environment, dependencies\n  File \"/spack/opt/spack/linux-ubuntu22.04-haswell/gcc-11.2.0/meson-0.58.1-rlbylyrfsargexmooyzejfk3sbh4s4fj/lib/python3.9/site-packages/mesonbuild/dependencies/__init__.py\", line 15, in <module>\n    from .boost import BoostDependency\n  File \"/spack/opt/spack/linux-ubuntu22.04-haswell/gcc-11.2.0/meson-0.58.1-rlbylyrfsargexmooyzejfk3sbh4s4fj/lib/python3.9/site-packages/mesonbuild/dependencies/boost.py\", line 25, in <module>\n    from .base import DependencyException, ExternalDependency, PkgConfigDependency\n  File \"/spack/opt/spack/linux-ubuntu22.04-haswell/gcc-11.2.0/meson-0.58.1-rlbylyrfsargexmooyzejfk3sbh4s4fj/lib/python3.9/site-packages/mesonbuild/dependencies/base.py\", line 41, in <module>\n    from ..interpreterbase import FeatureDeprecated\nImportError: cannot import name 'FeatureDeprecated' from partially initialized module 'mesonbuild.interpreterbase' (most likely due to a circular import) (/spack/opt/spack/linux-ubuntu22.04-haswell/gcc-11.2.0/meson-0.58.1-rlbylyrfsargexmooyzejfk3sbh4s4fj/lib/python3.9/site-packages/mesonbuild/interpreterbase.py)\n\n\n\n1 error found in test log:\n     23        from .boost import BoostDependency\n     24      File \"/spack/opt/spack/linux-ubuntu22.04-haswell/gcc-11.2.0/meson-\n           0.58.1-rlbylyrfsargexmooyzejfk3sbh4s4fj/lib/python3.9/site-packages/\n           mesonbuild/dependencies/boost.py\", line 25, in <module>\n     25        from .base import DependencyException, ExternalDependency, PkgCo\n           nfigDependency\n     26      File \"/spack/opt/spack/linux-ubuntu22.04-haswell/gcc-11.2.0/meson-\n           0.58.1-rlbylyrfsargexmooyzejfk3sbh4s4fj/lib/python3.9/site-packages/\n           mesonbuild/dependencies/base.py\", line 41, in <module>\n     27        from ..interpreterbase import FeatureDeprecated\n     28    ImportError: cannot import name 'FeatureDeprecated' from partially i\n           nitialized module 'mesonbuild.interpreterbase' (most likely due to a\n            circular import) (/spack/opt/spack/linux-ubuntu22.04-haswell/gcc-11\n           .2.0/meson-0.58.1-rlbylyrfsargexmooyzejfk3sbh4s4fj/lib/python3.9/sit\n           e-packages/mesonbuild/interpreterbase.py)\n  >> 29    FAILED: Command exited with status 1:\n     30        '/spack/opt/spack/linux-ubuntu22.04-haswell/gcc-11.2.0/python-3.\n           9.13-q47iise7npr7iijnfw5l66jtgksi4tvc/bin/python3.9' '-c' 'import me\n           sonbuild.ast'\n     31    Traceback (most recent call last):\n     32      File \"<string>\", line 1, in <module>\n     33      File \"/spack/opt/spack/linux-ubuntu22.04-haswell/gcc-11.2.0/meson-\n           0.58.1-rlbylyrfsargexmooyzejfk3sbh4s4fj/lib/python3.9/site-packages/\n           mesonbuild/ast/__init__.py\", line 30, in <module>\n     34        from .interpreter import AstInterpreter\n     35      File \"/spack/opt/spack/linux-ubuntu22.04-haswell/gcc-11.2.0/meson-\n           0.58.1-rlbylyrfsargexmooyzejfk3sbh4s4fj/lib/python3.9/site-packages/\n           mesonbuild/ast/interpreter.py\", line 19, in <module>\n\n\n\n/spack/lib/spack/spack/build_environment.py:1076, in _setup_pkg_and_run:\n       1073        tb_string = traceback.format_exc()\n       1074\n       1075        # build up some context from the offending package so we can\n  >>   1076        # show that, too.\n       1077        package_context = get_package_context(tb)\n       1078\n       1079        logfile = None\n\nSee test log for details:\n  /cache/spack/test/v7hvumkhqz2zv4hfi3k6qxdjqt4cbniy/meson-0.58.1-rlbylyr-test-out.txt\n\n==> Error: 1 test(s) in the suite failed.\n\n======================== 1 failed, 0 passed of 1 specs =========================\n",
                    "return_code": 1,
                    "seconds": 2.7409567832946777,
                    "prediction": false,
                    "command": "/spack/bin/spack test run /rlbyly"
                },
                "spliced": {
                    "message": "==> Spack test bhoye3f67fkzwxlqyghszyjofiklbg25\n==> Testing package meson-0.58.1-tuhzjko\n==> Error: TestFailure: 1 tests failed.\n\n\nCommand exited with status 1:\n    '/spack/opt/spack/linux-ubuntu22.04-haswell/gcc-11.2.0/python-3.9.13-q47iise7npr7iijnfw5l66jtgksi4tvc/bin/python3.9' '-c' 'import mesonbuild.ast'\nTraceback (most recent call last):\n  File \"<string>\", line 1, in <module>\n  File \"/spack/opt/spack/linux-ubuntu22.04-haswell/gcc-11.2.0/meson-0.58.1-tuhzjkoqm5segyou6egghg3tbbaa4mzb/lib/python3.9/site-packages/mesonbuild/ast/__init__.py\", line 30, in <module>\n    from .interpreter import AstInterpreter\n  File \"/spack/opt/spack/linux-ubuntu22.04-haswell/gcc-11.2.0/meson-0.58.1-tuhzjkoqm5segyou6egghg3tbbaa4mzb/lib/python3.9/site-packages/mesonbuild/ast/interpreter.py\", line 19, in <module>\n    from .. import interpreterbase, mparser, mesonlib\n  File \"/spack/opt/spack/linux-ubuntu22.04-haswell/gcc-11.2.0/meson-0.58.1-tuhzjkoqm5segyou6egghg3tbbaa4mzb/lib/python3.9/site-packages/mesonbuild/interpreterbase.py\", line 19, in <module>\n    from . import environment, dependencies\n  File \"/spack/opt/spack/linux-ubuntu22.04-haswell/gcc-11.2.0/meson-0.58.1-tuhzjkoqm5segyou6egghg3tbbaa4mzb/lib/python3.9/site-packages/mesonbuild/dependencies/__init__.py\", line 15, in <module>\n    from .boost import BoostDependency\n  File \"/spack/opt/spack/linux-ubuntu22.04-haswell/gcc-11.2.0/meson-0.58.1-tuhzjkoqm5segyou6egghg3tbbaa4mzb/lib/python3.9/site-packages/mesonbuild/dependencies/boost.py\", line 25, in <module>\n    from .base import DependencyException, ExternalDependency, PkgConfigDependency\n  File \"/spack/opt/spack/linux-ubuntu22.04-haswell/gcc-11.2.0/meson-0.58.1-tuhzjkoqm5segyou6egghg3tbbaa4mzb/lib/python3.9/site-packages/mesonbuild/dependencies/base.py\", line 41, in <module>\n    from ..interpreterbase import FeatureDeprecated\nImportError: cannot import name 'FeatureDeprecated' from partially initialized module 'mesonbuild.interpreterbase' (most likely due to a circular import) (/spack/opt/spack/linux-ubuntu22.04-haswell/gcc-11.2.0/meson-0.58.1-tuhzjkoqm5segyou6egghg3tbbaa4mzb/lib/python3.9/site-packages/mesonbuild/interpreterbase.py)\n\n\n\n1 error found in test log:\n     23        from .boost import BoostDependency\n     24      File \"/spack/opt/spack/linux-ubuntu22.04-haswell/gcc-11.2.0/meson-\n           0.58.1-tuhzjkoqm5segyou6egghg3tbbaa4mzb/lib/python3.9/site-packages/\n           mesonbuild/dependencies/boost.py\", line 25, in <module>\n     25        from .base import DependencyException, ExternalDependency, PkgCo\n           nfigDependency\n     26      File \"/spack/opt/spack/linux-ubuntu22.04-haswell/gcc-11.2.0/meson-\n           0.58.1-tuhzjkoqm5segyou6egghg3tbbaa4mzb/lib/python3.9/site-packages/\n           mesonbuild/dependencies/base.py\", line 41, in <module>\n     27        from ..interpreterbase import FeatureDeprecated\n     28    ImportError: cannot import name 'FeatureDeprecated' from partially i\n           nitialized module 'mesonbuild.interpreterbase' (most likely due to a\n            circular import) (/spack/opt/spack/linux-ubuntu22.04-haswell/gcc-11\n           .2.0/meson-0.58.1-tuhzjkoqm5segyou6egghg3tbbaa4mzb/lib/python3.9/sit\n           e-packages/mesonbuild/interpreterbase.py)\n  >> 29    FAILED: Command exited with status 1:\n     30        '/spack/opt/spack/linux-ubuntu22.04-haswell/gcc-11.2.0/python-3.\n           9.13-q47iise7npr7iijnfw5l66jtgksi4tvc/bin/python3.9' '-c' 'import me\n           sonbuild.ast'\n     31    Traceback (most recent call last):\n     32      File \"<string>\", line 1, in <module>\n     33      File \"/spack/opt/spack/linux-ubuntu22.04-haswell/gcc-11.2.0/meson-\n           0.58.1-tuhzjkoqm5segyou6egghg3tbbaa4mzb/lib/python3.9/site-packages/\n           mesonbuild/ast/__init__.py\", line 30, in <module>\n     34        from .interpreter import AstInterpreter\n     35      File \"/spack/opt/spack/linux-ubuntu22.04-haswell/gcc-11.2.0/meson-\n           0.58.1-tuhzjkoqm5segyou6egghg3tbbaa4mzb/lib/python3.9/site-packages/\n           mesonbuild/ast/interpreter.py\", line 19, in <module>\n\n\n\n/spack/lib/spack/spack/build_environment.py:1076, in _setup_pkg_and_run:\n       1073        tb_string = traceback.format_exc()\n       1074\n       1075        # build up some context from the offending package so we can\n  >>   1076        # show that, too.\n       1077        package_context = get_package_context(tb)\n       1078\n       1079        logfile = None\n\nSee test log for details:\n  /cache/spack/test/bhoye3f67fkzwxlqyghszyjofiklbg25/meson-0.58.1-tuhzjko-test-out.txt\n\n==> Error: 1 test(s) in the suite failed.\n\n======================== 1 failed, 0 passed of 1 specs =========================\n",
                    "return_code": 1,
                    "seconds": 3.0100698471069336,
                    "prediction": false,
                    "command": "/spack/bin/spack test run /tuhzjk"
                }
            }
        },
        "stats": {
            "sizes_bytes": {}
        },
        "experiment": "meson",
        "result": "splice-success",
        "success": true,
        "splice": "python@3.9.13",
        "package": "meson@0.58.1",
        "different_libs": false
    }
]