[
    {
        "specs": {
            "original": "arborx@1.0%gcc@11.2.0~cuda~ipo+mpi~openmp~rocm+serial~sycl~trilinos build_type=RelWithDebInfo arch=linux-ubuntu22.04-x86_64_v4 ^autoconf@2.71%gcc@11.2.0 arch=linux-ubuntu22.04-x86_64_v4 ^automake@1.16.5%gcc@11.2.0 arch=linux-ubuntu22.04-x86_64_v4 ^berkeley-db@18.1.40%gcc@11.2.0+cxx~docs+stl patches=b231fcc arch=linux-ubuntu22.04-x86_64_v4 ^bison@3.8.2%gcc@11.2.0 arch=linux-ubuntu22.04-x86_64_v4 ^bzip2@1.0.8%gcc@11.2.0~debug~pic+shared arch=linux-ubuntu22.04-x86_64_v4 ^ca-certificates-mozilla@2022-03-29%gcc@11.2.0 arch=linux-ubuntu22.04-x86_64_v4 ^cmake@3.23.2%gcc@11.2.0~doc+ncurses+ownlibs~qt build_type=Release arch=linux-ubuntu22.04-x86_64_v4 ^diffutils@3.8%gcc@11.2.0 arch=linux-ubuntu22.04-x86_64_v4 ^gdbm@1.19%gcc@11.2.0 arch=linux-ubuntu22.04-x86_64_v4 ^gettext@0.21%gcc@11.2.0+bzip2+curses+git~libunistring+libxml2+tar+xz arch=linux-ubuntu22.04-x86_64_v4 ^hwloc@2.7.1%gcc@11.2.0~cairo~cuda~gl~libudev+libxml2~netloc~nvml~oneapi-level-zero~opencl+pci~rocm+shared arch=linux-ubuntu22.04-x86_64_v4 ^kokkos@3.6.01%gcc@11.2.0~aggressive_vectorization~compiler_warnings~cuda~cuda_constexpr~cuda_lambda~cuda_ldg_intrinsic~cuda_relocatable_device_code~cuda_uvm~debug~debug_bounds_check~debug_dualview_modify_check~deprecated_code~examples~explicit_instantiation~hpx~hpx_async_dispatch~hwloc~ipo~memkind~numactl~openmp~openmptarget~pic+profiling~profiling_load_print~pthread~qthread~rocm+serial+shared~sycl~tests~tuning~wrapper build_type=RelWithDebInfo intel_gpu_arch=none std=14 arch=linux-ubuntu22.04-x86_64_v4 ^krb5@1.19.3%gcc@11.2.0+shared arch=linux-ubuntu22.04-x86_64_v4 ^libedit@3.1-20210216%gcc@11.2.0 arch=linux-ubuntu22.04-x86_64_v4 ^libevent@2.1.12%gcc@11.2.0+openssl arch=linux-ubuntu22.04-x86_64_v4 ^libiconv@1.16%gcc@11.2.0 libs=shared,static arch=linux-ubuntu22.04-x86_64_v4 ^libpciaccess@0.16%gcc@11.2.0 arch=linux-ubuntu22.04-x86_64_v4 ^libsigsegv@2.13%gcc@11.2.0 arch=linux-ubuntu22.04-x86_64_v4 ^libtool@2.4.7%gcc@11.2.0 arch=linux-ubuntu22.04-x86_64_v4 ^libxml2@2.9.13%gcc@11.2.0~python arch=linux-ubuntu22.04-x86_64_v4 ^m4@1.4.19%gcc@11.2.0+sigsegv patches=9dc5fbd,bfdffa7 arch=linux-ubuntu22.04-x86_64_v4 ^ncurses@6.2%gcc@11.2.0~symlinks+termlib abi=none arch=linux-ubuntu22.04-x86_64_v4 ^numactl@2.0.14%gcc@11.2.0 patches=4e1d78c,62fc8a8,ff37630 arch=linux-ubuntu22.04-x86_64_v4 ^openmpi@4.1.4%gcc@11.2.0~atomics~cuda~cxx~cxx_exceptions~gpfs~internal-hwloc~java~legacylaunchers~lustre~memchecker~pmi+romio+rsh~singularity+static+vt+wrapper-rpath fabrics=none schedulers=none arch=linux-ubuntu22.04-x86_64_v4 ^openssh@9.0p1%gcc@11.2.0+gssapi arch=linux-ubuntu22.04-x86_64_v4 ^openssl@1.1.1q%gcc@11.2.0~docs~shared certs=mozilla patches=3fdcf2d arch=linux-ubuntu22.04-x86_64_v4 ^perl@5.34.1%gcc@11.2.0+cpanm+shared+threads arch=linux-ubuntu22.04-x86_64_v4 ^pigz@2.7%gcc@11.2.0 arch=linux-ubuntu22.04-x86_64_v4 ^pkgconf@1.8.0%gcc@11.2.0 arch=linux-ubuntu22.04-x86_64_v4 ^pmix@4.1.2%gcc@11.2.0~docs+pmi_backwards_compatibility~restful arch=linux-ubuntu22.04-x86_64_v4 ^readline@8.1.2%gcc@11.2.0 arch=linux-ubuntu22.04-x86_64_v4 ^tar@1.34%gcc@11.2.0 zip=pigz arch=linux-ubuntu22.04-x86_64_v4 ^util-macros@1.19.3%gcc@11.2.0 arch=linux-ubuntu22.04-x86_64_v4 ^xz@5.2.5%gcc@11.2.0~pic libs=shared,static arch=linux-ubuntu22.04-x86_64_v4 ^zlib@1.2.12%gcc@11.2.0+optimize+pic+shared patches=0d38234 arch=linux-ubuntu22.04-x86_64_v4 ^zstd@1.5.2%gcc@11.2.0+programs compression=none libs=shared,static arch=linux-ubuntu22.04-x86_64_v4",
            "spliced": "arborx@1.0%gcc@11.2.0~cuda~ipo+mpi~openmp~rocm+serial~sycl~trilinos build_type=RelWithDebInfo arch=linux-ubuntu22.04-x86_64_v4 ^autoconf@2.71%gcc@11.2.0 arch=linux-ubuntu22.04-x86_64_v4 ^automake@1.16.5%gcc@11.2.0 arch=linux-ubuntu22.04-x86_64_v4 ^berkeley-db@18.1.40%gcc@11.2.0+cxx~docs+stl patches=b231fcc arch=linux-ubuntu22.04-x86_64_v4 ^bison@3.8.2%gcc@11.2.0 arch=linux-ubuntu22.04-x86_64_v4 ^bzip2@1.0.8%gcc@11.2.0~debug~pic+shared arch=linux-ubuntu22.04-x86_64_v4 ^ca-certificates-mozilla@2022-03-29%gcc@11.2.0 arch=linux-ubuntu22.04-x86_64_v4 ^cmake@3.23.2%gcc@11.2.0~doc+ncurses+ownlibs~qt build_type=Release arch=linux-ubuntu22.04-x86_64_v4 ^diffutils@3.8%gcc@11.2.0 arch=linux-ubuntu22.04-x86_64_v4 ^gdbm@1.19%gcc@11.2.0 arch=linux-ubuntu22.04-x86_64_v4 ^gettext@0.21%gcc@11.2.0+bzip2+curses+git~libunistring+libxml2+tar+xz arch=linux-ubuntu22.04-x86_64_v4 ^hwloc@2.7.1%gcc@11.2.0~cairo~cuda~gl~libudev+libxml2~netloc~nvml~oneapi-level-zero~opencl+pci~rocm+shared arch=linux-ubuntu22.04-x86_64_v4 ^kokkos@3.0.00%gcc@11.2.0~aggressive_vectorization~compiler_warnings~cuda~cuda_constexpr~cuda_lambda~cuda_ldg_intrinsic~cuda_relocatable_device_code~cuda_uvm~debug~debug_bounds_check~debug_dualview_modify_check~deprecated_code~examples~explicit_instantiation~hpx~hpx_async_dispatch~hwloc~ipo~memkind~numactl~openmp~openmptarget~pic+profiling~profiling_load_print~pthread~qthread~rocm+serial+shared~sycl~tests~tuning~wrapper build_type=RelWithDebInfo intel_gpu_arch=none std=14 arch=linux-ubuntu22.04-x86_64_v4 ^krb5@1.19.3%gcc@11.2.0+shared arch=linux-ubuntu22.04-x86_64_v4 ^libedit@3.1-20210216%gcc@11.2.0 arch=linux-ubuntu22.04-x86_64_v4 ^libevent@2.1.12%gcc@11.2.0+openssl arch=linux-ubuntu22.04-x86_64_v4 ^libiconv@1.16%gcc@11.2.0 libs=shared,static arch=linux-ubuntu22.04-x86_64_v4 ^libpciaccess@0.16%gcc@11.2.0 arch=linux-ubuntu22.04-x86_64_v4 ^libsigsegv@2.13%gcc@11.2.0 arch=linux-ubuntu22.04-x86_64_v4 ^libtool@2.4.7%gcc@11.2.0 arch=linux-ubuntu22.04-x86_64_v4 ^libxml2@2.9.13%gcc@11.2.0~python arch=linux-ubuntu22.04-x86_64_v4 ^m4@1.4.19%gcc@11.2.0+sigsegv patches=9dc5fbd,bfdffa7 arch=linux-ubuntu22.04-x86_64_v4 ^ncurses@6.2%gcc@11.2.0~symlinks+termlib abi=none arch=linux-ubuntu22.04-x86_64_v4 ^numactl@2.0.14%gcc@11.2.0 patches=4e1d78c,62fc8a8,ff37630 arch=linux-ubuntu22.04-x86_64_v4 ^openmpi@4.1.4%gcc@11.2.0~atomics~cuda~cxx~cxx_exceptions~gpfs~internal-hwloc~java~legacylaunchers~lustre~memchecker~pmi+romio+rsh~singularity+static+vt+wrapper-rpath fabrics=none schedulers=none arch=linux-ubuntu22.04-x86_64_v4 ^openssh@9.0p1%gcc@11.2.0+gssapi arch=linux-ubuntu22.04-x86_64_v4 ^openssl@1.1.1q%gcc@11.2.0~docs~shared certs=mozilla patches=3fdcf2d arch=linux-ubuntu22.04-x86_64_v4 ^perl@5.34.1%gcc@11.2.0+cpanm+shared+threads arch=linux-ubuntu22.04-x86_64_v4 ^pigz@2.7%gcc@11.2.0 arch=linux-ubuntu22.04-x86_64_v4 ^pkgconf@1.8.0%gcc@11.2.0 arch=linux-ubuntu22.04-x86_64_v4 ^pmix@4.1.2%gcc@11.2.0~docs+pmi_backwards_compatibility~restful arch=linux-ubuntu22.04-x86_64_v4 ^readline@8.1.2%gcc@11.2.0 arch=linux-ubuntu22.04-x86_64_v4 ^tar@1.34%gcc@11.2.0 zip=pigz arch=linux-ubuntu22.04-x86_64_v4 ^util-macros@1.19.3%gcc@11.2.0 arch=linux-ubuntu22.04-x86_64_v4 ^xz@5.2.5%gcc@11.2.0~pic libs=shared,static arch=linux-ubuntu22.04-x86_64_v4 ^zlib@1.2.12%gcc@11.2.0+optimize+pic+shared patches=0d38234 arch=linux-ubuntu22.04-x86_64_v4 ^zstd@1.5.2%gcc@11.2.0+programs compression=none libs=shared,static arch=linux-ubuntu22.04-x86_64_v4"
        },
        "ids": {
            "original": "/egdh2s",
            "spliced": "/dv3byt"
        },
        "original": [],
        "spliced": [],
        "paths": {
            "loads": {
                "original": [
                    "/spack/opt/spack/linux-ubuntu22.04-x86_64_v4/gcc-11.2.0/openmpi-4.1.4-j42gd7rxje3nbc3niuw6pa3rd4flosht/lib",
                    "/spack/opt/spack/linux-ubuntu22.04-x86_64_v4/gcc-11.2.0/libtool-2.4.7-wiaidgsqbqofkcpwnzweqajx4qevtgs4/lib",
                    "/spack/opt/spack/linux-ubuntu22.04-x86_64_v4/gcc-11.2.0/pmix-4.1.2-6pjyx3i4jcgoo3d25ah6nvqb2o7l7khr/lib",
                    "/spack/opt/spack/linux-ubuntu22.04-x86_64_v4/gcc-11.2.0/libedit-3.1-20210216-5m5i5mw2asyyo3k5bvpfetwbgoot67md/lib",
                    "/spack/opt/spack/linux-ubuntu22.04-x86_64_v4/gcc-11.2.0/ncurses-6.2-ncnrv2p753lgdghoapjrjpryk2ogkct3/lib",
                    "/spack/opt/spack/linux-ubuntu22.04-x86_64_v4/gcc-11.2.0/zlib-1.2.12-luwgiwun44dt7hmxv4ki6xjnxyucze7f/lib",
                    "/spack/opt/spack/linux-ubuntu22.04-x86_64_v4/gcc-11.2.0/gettext-0.21-s34rccrsz36hgcyxpn6rzldnxrqsrymv/lib",
                    "/spack/opt/spack/linux-ubuntu22.04-x86_64_v4/gcc-11.2.0/xz-5.2.5-2emntpn7rbcpn2w6vouqgr2knpyvtkre/lib",
                    "/spack/opt/spack/linux-ubuntu22.04-x86_64_v4/gcc-11.2.0/libiconv-1.16-spihuvccgglc2kwv6l6ig75vo74qr742/lib",
                    "/spack/opt/spack/linux-ubuntu22.04-x86_64_v4/gcc-11.2.0/zstd-1.5.2-3v57d7icvaltd3myvdxqwpfhabte7jnm/lib",
                    "/spack/opt/spack/linux-ubuntu22.04-x86_64_v4/gcc-11.2.0/perl-5.34.1-lnvbwv4yorlcyq5oq73hlthgaaauofxv/lib",
                    "/spack/opt/spack/linux-ubuntu22.04-x86_64_v4/gcc-11.2.0/arborx-1.0-egdh2svkikotxbtlylrnkeh5qbwgja4d/lib",
                    "/spack/opt/spack/linux-ubuntu22.04-x86_64_v4/gcc-11.2.0/libevent-2.1.12-bkp3hlryxfayyu7gckztfae7iaede37k/lib",
                    "/spack/opt/spack/linux-ubuntu22.04-x86_64_v4/gcc-11.2.0/openssl-1.1.1q-q5lvo4oel6bposdvpn5sh4cnxcyuv63j/lib",
                    "/spack/opt/spack/linux-ubuntu22.04-x86_64_v4/gcc-11.2.0/bzip2-1.0.8-fh7xswtqghrdaobdrrrohk5nr2iomteu/lib",
                    "/spack/opt/spack/linux-ubuntu22.04-x86_64_v4/gcc-11.2.0/berkeley-db-18.1.40-rghamddf2h2qmwxqzl66qzbjjtvkky5u/lib",
                    "/spack/opt/spack/linux-ubuntu22.04-x86_64_v4/gcc-11.2.0/pkgconf-1.8.0-f7tw6htx3e7byzstxk6tf5nsthuax6qg/lib",
                    "/spack/opt/spack/linux-ubuntu22.04-x86_64_v4/gcc-11.2.0/hwloc-2.7.1-h6lsolfjhr7mcyh4ivltbyc7i5cfolqs/lib",
                    "/spack/opt/spack/linux-ubuntu22.04-x86_64_v4/gcc-11.2.0/libpciaccess-0.16-ewqznklrezou3pet3glusjs3tkkvc2nh/lib",
                    "/spack/opt/spack/linux-ubuntu22.04-x86_64_v4/gcc-11.2.0/bison-3.8.2-mmry25vmqygvpksldnwbqkkvd34z43gt/lib",
                    "/spack/opt/spack/linux-ubuntu22.04-x86_64_v4/gcc-11.2.0/libsigsegv-2.13-n3bp3wwtgw7y2klh3f7aajspvv2neeb6/lib",
                    "/spack/opt/spack/linux-ubuntu22.04-x86_64_v4/gcc-11.2.0/kokkos-3.6.01-hyt3evnyvrlwmgywjs3irpde5zll4evl/lib",
                    "/spack/opt/spack/linux-ubuntu22.04-x86_64_v4/gcc-11.2.0/numactl-2.0.14-v2sxxwaskjqjm5nl4dt3vptfg2k2t4vy/lib",
                    "/spack/opt/spack/linux-ubuntu22.04-x86_64_v4/gcc-11.2.0/libxml2-2.9.13-aibkq4n2tg367zub2obvmcghgrm6hvm7/lib",
                    "/spack/opt/spack/linux-ubuntu22.04-x86_64_v4/gcc-11.2.0/readline-8.1.2-g3ekkwokhxgude2tvtgxnidmyn4ylloq/lib",
                    "/spack/opt/spack/linux-ubuntu22.04-x86_64_v4/gcc-11.2.0/krb5-1.19.3-o4cbclqniyimq3mxyskzzatw23so3wr4/lib",
                    "/spack/opt/spack/linux-ubuntu22.04-x86_64_v4/gcc-11.2.0/gdbm-1.19-6oga5z7ci5jruupmirux4neifsyblyfz/lib"
                ],
                "spliced": [
                    "/spack/opt/spack/linux-ubuntu22.04-x86_64_v4/gcc-11.2.0/gettext-0.21-vr5smxmilqsws5ylp6zccby2olxujo4l/lib",
                    "/spack/opt/spack/linux-ubuntu22.04-x86_64_v4/gcc-11.2.0/libpciaccess-0.16-qu5qqvl3enimxln6pwet4gt5ga5qafe3/lib",
                    "/spack/opt/spack/linux-ubuntu22.04-x86_64_v4/gcc-11.2.0/pmix-4.1.2-42tpo5vci7gk6hdkjgk7pqjzkrgmpy7t/lib",
                    "/spack/opt/spack/linux-ubuntu22.04-x86_64_v4/gcc-11.2.0/bison-3.8.2-iuqwa4jtquymxdokamdmkgnckj5ib2y2/lib",
                    "/spack/opt/spack/linux-ubuntu22.04-x86_64_v4/gcc-11.2.0/libedit-3.1-20210216-e6pio7jtvur4r7do7mbqtc5vxj745gkn/lib",
                    "/spack/opt/spack/linux-ubuntu22.04-x86_64_v4/gcc-11.2.0/ncurses-6.2-ncnrv2p753lgdghoapjrjpryk2ogkct3/lib",
                    "/spack/opt/spack/linux-ubuntu22.04-x86_64_v4/gcc-11.2.0/zlib-1.2.12-luwgiwun44dt7hmxv4ki6xjnxyucze7f/lib",
                    "/spack/opt/spack/linux-ubuntu22.04-x86_64_v4/gcc-11.2.0/xz-5.2.5-2emntpn7rbcpn2w6vouqgr2knpyvtkre/lib",
                    "/spack/opt/spack/linux-ubuntu22.04-x86_64_v4/gcc-11.2.0/libiconv-1.16-spihuvccgglc2kwv6l6ig75vo74qr742/lib",
                    "/spack/opt/spack/linux-ubuntu22.04-x86_64_v4/gcc-11.2.0/libxml2-2.9.13-t2cqzgkmecdsfppdno3grx3af4vxy2zo/lib",
                    "/spack/opt/spack/linux-ubuntu22.04-x86_64_v4/gcc-11.2.0/zstd-1.5.2-3v57d7icvaltd3myvdxqwpfhabte7jnm/lib",
                    "/spack/opt/spack/linux-ubuntu22.04-x86_64_v4/gcc-11.2.0/numactl-2.0.14-f5at5be2g3wyhnmwsm7rwn3nr6nx6dvw/lib",
                    "/spack/opt/spack/linux-ubuntu22.04-x86_64_v4/gcc-11.2.0/perl-5.34.1-lnvbwv4yorlcyq5oq73hlthgaaauofxv/lib",
                    "/spack/opt/spack/linux-ubuntu22.04-x86_64_v4/gcc-11.2.0/krb5-1.19.3-r5ikhpexnfh2i656ihynaeiwvouhsghf/lib",
                    "/spack/opt/spack/linux-ubuntu22.04-x86_64_v4/gcc-11.2.0/openssl-1.1.1q-q5lvo4oel6bposdvpn5sh4cnxcyuv63j/lib",
                    "/spack/opt/spack/linux-ubuntu22.04-x86_64_v4/gcc-11.2.0/arborx-1.0-dv3bytx6qc73grum6o47teepntwlivm5/lib",
                    "/spack/opt/spack/linux-ubuntu22.04-x86_64_v4/gcc-11.2.0/bzip2-1.0.8-fh7xswtqghrdaobdrrrohk5nr2iomteu/lib",
                    "/spack/opt/spack/linux-ubuntu22.04-x86_64_v4/gcc-11.2.0/libevent-2.1.12-q2h22ji337wxgjtxozb4fhwjvy42pvxp/lib",
                    "/spack/opt/spack/linux-ubuntu22.04-x86_64_v4/gcc-11.2.0/berkeley-db-18.1.40-rghamddf2h2qmwxqzl66qzbjjtvkky5u/lib",
                    "/spack/opt/spack/linux-ubuntu22.04-x86_64_v4/gcc-11.2.0/hwloc-2.7.1-kadduktnplg5zau5tglovhlz7msvvyst/lib",
                    "/spack/opt/spack/linux-ubuntu22.04-x86_64_v4/gcc-11.2.0/pkgconf-1.8.0-f7tw6htx3e7byzstxk6tf5nsthuax6qg/lib",
                    "/spack/opt/spack/linux-ubuntu22.04-x86_64_v4/gcc-11.2.0/kokkos-3.0.00-pwvdfmdeefgzqnorfghol6w6tgl6sutg/lib",
                    "/spack/opt/spack/linux-ubuntu22.04-x86_64_v4/gcc-11.2.0/libsigsegv-2.13-n3bp3wwtgw7y2klh3f7aajspvv2neeb6/lib",
                    "/spack/opt/spack/linux-ubuntu22.04-x86_64_v4/gcc-11.2.0/openmpi-4.1.4-gz542pewivxumo6kh66dkev2srj4675z/lib",
                    "/spack/opt/spack/linux-ubuntu22.04-x86_64_v4/gcc-11.2.0/readline-8.1.2-g3ekkwokhxgude2tvtgxnidmyn4ylloq/lib",
                    "/spack/opt/spack/linux-ubuntu22.04-x86_64_v4/gcc-11.2.0/libtool-2.4.7-6pre62mxj45iw4dnoho23smsp7663ry5/lib",
                    "/spack/opt/spack/linux-ubuntu22.04-x86_64_v4/gcc-11.2.0/gdbm-1.19-6oga5z7ci5jruupmirux4neifsyblyfz/lib"
                ]
            }
        },
        "predictions": {
            "spack-test": {
                "original": {
                    "message": "==> Spack test wnjjlbbbidbevq5tfozbd3agamc3ygwe\n==> Testing package arborx-1.0-egdh2sv\n============================= 1 passed of 1 specs ==============================\n",
                    "return_code": 0,
                    "seconds": 13.71337342262268,
                    "prediction": true,
                    "command": "/spack/bin/spack test run /egdh2s"
                },
                "spliced": {
                    "message": "==> Spack test ifnteqilie3basslvhzyagbd2jw4w3m7\n==> Testing package arborx-1.0-dv3bytx\n==> Error: TestFailure: 2 tests failed.\n\n\nCommand exited with status 2:\n    '/usr/bin/make'\n[ 25%] Building CXX object access_traits/CMakeFiles/ArborX_HostAccessTraits.exe.dir/example_host_access_traits.cpp.o\nIn file included from /spack/opt/spack/linux-ubuntu22.04-x86_64_v4/gcc-11.2.0/arborx-1.0-dv3bytx6qc73grum6o47teepntwlivm5/include/details/ArborX_Box.hpp:17,\n                 from /spack/opt/spack/linux-ubuntu22.04-x86_64_v4/gcc-11.2.0/arborx-1.0-dv3bytx6qc73grum6o47teepntwlivm5/include/ArborX.hpp:17,\n                 from /cache/spack/test/ifnteqilie3basslvhzyagbd2jw4w3m7/arborx-1.0-dv3bytx/cache/arborx/examples/access_traits/example_host_access_traits.cpp:12:\n/spack/opt/spack/linux-ubuntu22.04-x86_64_v4/gcc-11.2.0/arborx-1.0-dv3bytx6qc73grum6o47teepntwlivm5/include/details/ArborX_Point.hpp:35:3: error: 'KOKKOS_DEFAULTED_FUNCTION' does not name a type; did you mean 'KOKKOS_INLINE_FUNCTION'?\n   35 |   KOKKOS_DEFAULTED_FUNCTION\n      |   ^~~~~~~~~~~~~~~~~~~~~~~~~\n      |   KOKKOS_INLINE_FUNCTION\nIn file included from /spack/opt/spack/linux-ubuntu22.04-x86_64_v4/gcc-11.2.0/arborx-1.0-dv3bytx6qc73grum6o47teepntwlivm5/include/ArborX.hpp:17,\n                 from /cache/spack/test/ifnteqilie3basslvhzyagbd2jw4w3m7/arborx-1.0-dv3bytx/cache/arborx/examples/access_traits/example_host_access_traits.cpp:12:\n/spack/opt/spack/linux-ubuntu22.04-x86_64_v4/gcc-11.2.0/arborx-1.0-dv3bytx6qc73grum6o47teepntwlivm5/include/details/ArborX_Box.hpp:30:3: error: 'KOKKOS_DEFAULTED_FUNCTION' does not name a type; did you mean 'KOKKOS_INLINE_FUNCTION'?\n   30 |   KOKKOS_DEFAULTED_FUNCTION\n      |   ^~~~~~~~~~~~~~~~~~~~~~~~~\n      |   KOKKOS_INLINE_FUNCTION\nIn file included from /spack/opt/spack/linux-ubuntu22.04-x86_64_v4/gcc-11.2.0/arborx-1.0-dv3bytx6qc73grum6o47teepntwlivm5/include/details/ArborX_DetailsPriorityQueue.hpp:14,\n                 from /spack/opt/spack/linux-ubuntu22.04-x86_64_v4/gcc-11.2.0/arborx-1.0-dv3bytx6qc73grum6o47teepntwlivm5/include/details/ArborX_DetailsDistributedTreeImpl.hpp:18,\n                 from /spack/opt/spack/linux-ubuntu22.04-x86_64_v4/gcc-11.2.0/arborx-1.0-dv3bytx6qc73grum6o47teepntwlivm5/include/ArborX_DistributedTree.hpp:16,\n                 from /spack/opt/spack/linux-ubuntu22.04-x86_64_v4/gcc-11.2.0/arborx-1.0-dv3bytx6qc73grum6o47teepntwlivm5/include/ArborX.hpp:19,\n                 from /cache/spack/test/ifnteqilie3basslvhzyagbd2jw4w3m7/arborx-1.0-dv3bytx/cache/arborx/examples/access_traits/example_host_access_traits.cpp:12:\n/spack/opt/spack/linux-ubuntu22.04-x86_64_v4/gcc-11.2.0/arborx-1.0-dv3bytx6qc73grum6o47teepntwlivm5/include/details/ArborX_DetailsContainers.hpp:38:5: error: 'KOKKOS_DEFAULTED_FUNCTION' does not name a type; did you mean 'KOKKOS_INLINE_FUNCTION'?\n   38 |     KOKKOS_DEFAULTED_FUNCTION StaticVector() = default;\n      |     ^~~~~~~~~~~~~~~~~~~~~~~~~\n      |     KOKKOS_INLINE_FUNCTION\nIn file included from /spack/opt/spack/linux-ubuntu22.04-x86_64_v4/gcc-11.2.0/arborx-1.0-dv3bytx6qc73grum6o47teepntwlivm5/include/details/ArborX_DetailsDistributedTreeImpl.hpp:18,\n                 from /spack/opt/spack/linux-ubuntu22.04-x86_64_v4/gcc-11.2.0/arborx-1.0-dv3bytx6qc73grum6o47teepntwlivm5/include/ArborX_DistributedTree.hpp:16,\n                 from /spack/opt/spack/linux-ubuntu22.04-x86_64_v4/gcc-11.2.0/arborx-1.0-dv3bytx6qc73grum6o47teepntwlivm5/include/ArborX.hpp:19,\n                 from /cache/spack/test/ifnteqilie3basslvhzyagbd2jw4w3m7/arborx-1.0-dv3bytx/cache/arborx/examples/access_traits/example_host_access_traits.cpp:12:\n/spack/opt/spack/linux-ubuntu22.04-x86_64_v4/gcc-11.2.0/arborx-1.0-dv3bytx6qc73grum6o47teepntwlivm5/include/details/ArborX_DetailsPriorityQueue.hpp:45:3: error: 'KOKKOS_DEFAULTED_FUNCTION' does not name a type; did you mean 'KOKKOS_INLINE_FUNCTION'?\n   45 |   KOKKOS_DEFAULTED_FUNCTION PriorityQueue() = default;\n      |   ^~~~~~~~~~~~~~~~~~~~~~~~~\n      |   KOKKOS_INLINE_FUNCTION\nIn file included from /spack/opt/spack/linux-ubuntu22.04-x86_64_v4/gcc-11.2.0/arborx-1.0-dv3bytx6qc73grum6o47teepntwlivm5/include/details/ArborX_DetailsAlgorithms.hpp:18,\n                 from /spack/opt/spack/linux-ubuntu22.04-x86_64_v4/gcc-11.2.0/arborx-1.0-dv3bytx6qc73grum6o47teepntwlivm5/include/details/ArborX_Predicates.hpp:14,\n                 from /spack/opt/spack/linux-ubuntu22.04-x86_64_v4/gcc-11.2.0/arborx-1.0-dv3bytx6qc73grum6o47teepntwlivm5/include/details/ArborX_AccessTraits.hpp:18,\n                 from /spack/opt/spack/linux-ubuntu22.04-x86_64_v4/gcc-11.2.0/arborx-1.0-dv3bytx6qc73grum6o47teepntwlivm5/include/ArborX_LinearBVH.hpp:15,\n                 from /spack/opt/spack/linux-ubuntu22.04-x86_64_v4/gcc-11.2.0/arborx-1.0-dv3bytx6qc73grum6o47teepntwlivm5/include/details/ArborX_DetailsDistributedTreeImpl.hpp:20,\n                 from /spack/opt/spack/linux-ubuntu22.04-x86_64_v4/gcc-11.2.0/arborx-1.0-dv3bytx6qc73grum6o47teepntwlivm5/include/ArborX_DistributedTree.hpp:16,\n                 from /spack/opt/spack/linux-ubuntu22.04-x86_64_v4/gcc-11.2.0/arborx-1.0-dv3bytx6qc73grum6o47teepntwlivm5/include/ArborX.hpp:19,\n                 from /cache/spack/test/ifnteqilie3basslvhzyagbd2jw4w3m7/arborx-1.0-dv3bytx/cache/arborx/examples/access_traits/example_host_access_traits.cpp:12:\n/spack/opt/spack/linux-ubuntu22.04-x86_64_v4/gcc-11.2.0/arborx-1.0-dv3bytx6qc73grum6o47teepntwlivm5/include/details/ArborX_Sphere.hpp:23:3: error: 'KOKKOS_DEFAULTED_FUNCTION' does not name a type; did you mean 'KOKKOS_INLINE_FUNCTION'?\n   23 |   KOKKOS_DEFAULTED_FUNCTION\n      |   ^~~~~~~~~~~~~~~~~~~~~~~~~\n      |   KOKKOS_INLINE_FUNCTION\n/spack/opt/spack/linux-ubuntu22.04-x86_64_v4/gcc-11.2.0/arborx-1.0-dv3bytx6qc73grum6o47teepntwlivm5/include/details/ArborX_Sphere.hpp:42:22: error: could not convert '<brace-enclosed initializer list>()' from '<brace-enclosed initializer list>' to 'ArborX::Point'\n   42 |   Point _centroid = {};\n      |                      ^\n      |                      |\n      |                      <brace-enclosed initializer list>\nIn file included from /spack/opt/spack/linux-ubuntu22.04-x86_64_v4/gcc-11.2.0/arborx-1.0-dv3bytx6qc73grum6o47teepntwlivm5/include/details/ArborX_Predicates.hpp:14,\n                 from /spack/opt/spack/linux-ubuntu22.04-x86_64_v4/gcc-11.2.0/arborx-1.0-dv3bytx6qc73grum6o47teepntwlivm5/include/details/ArborX_AccessTraits.hpp:18,\n                 from /spack/opt/spack/linux-ubuntu22.04-x86_64_v4/gcc-11.2.0/arborx-1.0-dv3bytx6qc73grum6o47teepntwlivm5/include/ArborX_LinearBVH.hpp:15,\n                 from /spack/opt/spack/linux-ubuntu22.04-x86_64_v4/gcc-11.2.0/arborx-1.0-dv3bytx6qc73grum6o47teepntwlivm5/include/details/ArborX_DetailsDistributedTreeImpl.hpp:20,\n                 from /spack/opt/spack/linux-ubuntu22.04-x86_64_v4/gcc-11.2.0/arborx-1.0-dv3bytx6qc73grum6o47teepntwlivm5/include/ArborX_DistributedTree.hpp:16,\n                 from /spack/opt/spack/linux-ubuntu22.04-x86_64_v4/gcc-11.2.0/arborx-1.0-dv3bytx6qc73grum6o47teepntwlivm5/include/ArborX.hpp:19,\n                 from /cache/spack/test/ifnteqilie3basslvhzyagbd2jw4w3m7/arborx-1.0-dv3bytx/cache/arborx/examples/access_traits/example_host_access_traits.cpp:12:\n/spack/opt/spack/linux-ubuntu22.04-x86_64_v4/gcc-11.2.0/arborx-1.0-dv3bytx6qc73grum6o47teepntwlivm5/include/details/ArborX_DetailsAlgorithms.hpp: In function 'float ArborX::Details::distance(const ArborX::Point&, const ArborX::Box&)':\n/spack/opt/spack/linux-ubuntu22.04-x86_64_v4/gcc-11.2.0/arborx-1.0-dv3bytx6qc73grum6o47teepntwlivm5/include/details/ArborX_DetailsAlgorithms.hpp:96:9: error: no matching function for call to 'ArborX::Point::Point()'\n   96 |   Point projected_point;\n      |         ^~~~~~~~~~~~~~~\nIn file included from /spack/opt/spack/linux-ubuntu22.04-x86_64_v4/gcc-11.2.0/arborx-1.0-dv3bytx6qc73grum6o47teepntwlivm5/include/details/ArborX_Box.hpp:17,\n                 from /spack/opt/spack/linux-ubuntu22.04-x86_64_v4/gcc-11.2.0/arborx-1.0-dv3bytx6qc73grum6o47teepntwlivm5/include/ArborX.hpp:17,\n                 from /cache/spack/test/ifnteqilie3basslvhzyagbd2jw4w3m7/arborx-1.0-dv3bytx/cache/arborx/examples/access_traits/example_host_access_traits.cpp:12:\n/spack/opt/spack/linux-ubuntu22.04-x86_64_v4/gcc-11.2.0/arborx-1.0-dv3bytx6qc73grum6o47teepntwlivm5/include/details/ArborX_Point.hpp:46:13: note: candidate: 'constexpr ArborX::Point::Point(float, float, float)'\n   46 |   constexpr Point(float x, float y, float z)\n      |             ^~~~~\n/spack/opt/spack/linux-ubuntu22.04-x86_64_v4/gcc-11.2.0/arborx-1.0-dv3bytx6qc73grum6o47teepntwlivm5/include/details/ArborX_Point.hpp:46:13: note:   candidate expects 3 arguments, 0 provided\n/spack/opt/spack/linux-ubuntu22.04-x86_64_v4/gcc-11.2.0/arborx-1.0-dv3bytx6qc73grum6o47teepntwlivm5/include/details/ArborX_Point.hpp:39:13: note: candidate: 'constexpr ArborX::Point::Point(ArborX::Point::Abomination)'\n   39 |   constexpr Point(Abomination data)\n      |             ^~~~~\n/spack/opt/spack/linux-ubuntu22.04-x86_64_v4/gcc-11.2.0/arborx-1.0-dv3bytx6qc73grum6o47teepntwlivm5/include/details/ArborX_Point.hpp:39:13: note:   candidate expects 1 argument, 0 provided\n/spack/opt/spack/linux-ubuntu22.04-x86_64_v4/gcc-11.2.0/arborx-1.0-dv3bytx6qc73grum6o47teepntwlivm5/include/details/ArborX_Point.hpp:21:7: note: candidate: 'constexpr ArborX::Point::Point(const ArborX::Point&)'\n   21 | class Point\n      |       ^~~~~\n/spack/opt/spack/linux-ubuntu22.04-x86_64_v4/gcc-11.2.0/arborx-1.0-dv3bytx6qc73grum6o47teepntwlivm5/include/details/ArborX_Point.hpp:21:7: note:   candidate expects 1 argument, 0 provided\n/spack/opt/spack/linux-ubuntu22.04-x86_64_v4/gcc-11.2.0/arborx-1.0-dv3bytx6qc73grum6o47teepntwlivm5/include/details/ArborX_Point.hpp:21:7: note: candidate: 'constexpr ArborX::Point::Point(ArborX::Point&&)'\n/spack/opt/spack/linux-ubuntu22.04-x86_64_v4/gcc-11.2.0/arborx-1.0-dv3bytx6qc73grum6o47teepntwlivm5/include/details/ArborX_Point.hpp:21:7: note:   candidate expects 1 argument, 0 provided\nIn file included from /spack/opt/spack/linux-ubuntu22.04-x86_64_v4/gcc-11.2.0/arborx-1.0-dv3bytx6qc73grum6o47teepntwlivm5/include/details/ArborX_Predicates.hpp:14,\n                 from /spack/opt/spack/linux-ubuntu22.04-x86_64_v4/gcc-11.2.0/arborx-1.0-dv3bytx6qc73grum6o47teepntwlivm5/include/details/ArborX_AccessTraits.hpp:18,\n                 from /spack/opt/spack/linux-ubuntu22.04-x86_64_v4/gcc-11.2.0/arborx-1.0-dv3bytx6qc73grum6o47teepntwlivm5/include/ArborX_LinearBVH.hpp:15,\n                 from /spack/opt/spack/linux-ubuntu22.04-x86_64_v4/gcc-11.2.0/arborx-1.0-dv3bytx6qc73grum6o47teepntwlivm5/include/details/ArborX_DetailsDistributedTreeImpl.hpp:20,\n                 from /spack/opt/spack/linux-ubuntu22.04-x86_64_v4/gcc-11.2.0/arborx-1.0-dv3bytx6qc73grum6o47teepntwlivm5/include/ArborX_DistributedTree.hpp:16,\n                 from /spack/opt/spack/linux-ubuntu22.04-x86_64_v4/gcc-11.2.0/arborx-1.0-dv3bytx6qc73grum6o47teepntwlivm5/include/ArborX.hpp:19,\n                 from /cache/spack/test/ifnteqilie3basslvhzyagbd2jw4w3m7/arborx-1.0-dv3bytx/cache/arborx/examples/access_traits/example_host_access_traits.cpp:12:\n/spack/opt/spack/linux-ubuntu22.04-x86_64_v4/gcc-11.2.0/arborx-1.0-dv3bytx6qc73grum6o47teepntwlivm5/include/details/ArborX_DetailsAlgorithms.hpp: In function 'ArborX::Point ArborX::Details::returnCentroid(const ArborX::Box&)':\n/spack/opt/spack/linux-ubuntu22.04-x86_64_v4/gcc-11.2.0/arborx-1.0-dv3bytx6qc73grum6o47teepntwlivm5/include/details/ArborX_DetailsAlgorithms.hpp:195:9: error: no matching function for call to 'ArborX::Point::Point()'\n  195 |   Point c;\n      |         ^\nIn file included from /spack/opt/spack/linux-ubuntu22.04-x86_64_v4/gcc-11.2.0/arborx-1.0-dv3bytx6qc73grum6o47teepntwlivm5/include/details/ArborX_Box.hpp:17,\n                 from /spack/opt/spack/linux-ubuntu22.04-x86_64_v4/gcc-11.2.0/arborx-1.0-dv3bytx6qc73grum6o47teepntwlivm5/include/ArborX.hpp:17,\n                 from /cache/spack/test/ifnteqilie3basslvhzyagbd2jw4w3m7/arborx-1.0-dv3bytx/cache/arborx/examples/access_traits/example_host_access_traits.cpp:12:\n/spack/opt/spack/linux-ubuntu22.04-x86_64_v4/gcc-11.2.0/arborx-1.0-dv3bytx6qc73grum6o47teepntwlivm5/include/details/ArborX_Point.hpp:46:13: note: candidate: 'constexpr ArborX::Point::Point(float, float, float)'\n   46 |   constexpr Point(float x, float y, float z)\n      |             ^~~~~\n/spack/opt/spack/linux-ubuntu22.04-x86_64_v4/gcc-11.2.0/arborx-1.0-dv3bytx6qc73grum6o47teepntwlivm5/include/details/ArborX_Point.hpp:46:13: note:   candidate expects 3 arguments, 0 provided\n/spack/opt/spack/linux-ubuntu22.04-x86_64_v4/gcc-11.2.0/arborx-1.0-dv3bytx6qc73grum6o47teepntwlivm5/include/details/ArborX_Point.hpp:39:13: note: candidate: 'constexpr ArborX::Point::Point(ArborX::Point::Abomination)'\n   39 |   constexpr Point(Abomination data)\n      |             ^~~~~\n/spack/opt/spack/linux-ubuntu22.04-x86_64_v4/gcc-11.2.0/arborx-1.0-dv3bytx6qc73grum6o47teepntwlivm5/include/details/ArborX_Point.hpp:39:13: note:   candidate expects 1 argument, 0 provided\n/spack/opt/spack/linux-ubuntu22.04-x86_64_v4/gcc-11.2.0/arborx-1.0-dv3bytx6qc73grum6o47teepntwlivm5/include/details/ArborX_Point.hpp:21:7: note: candidate: 'constexpr ArborX::Point::Point(const ArborX::Point&)'\n   21 | class Point\n      |       ^~~~~\n/spack/opt/spack/linux-ubuntu22.04-x86_64_v4/gcc-11.2.0/arborx-1.0-dv3bytx6qc73grum6o47teepntwlivm5/include/details/ArborX_Point.hpp:21:7: note:   candidate expects 1 argument, 0 provided\n/spack/opt/spack/linux-ubuntu22.04-x86_64_v4/gcc-11.2.0/arborx-1.0-dv3bytx6qc73grum6o47teepntwlivm5/include/details/ArborX_Point.hpp:21:7: note: candidate: 'constexpr ArborX::Point::Point(ArborX::Point&&)'\n/spack/opt/spack/linux-ubuntu22.04-x86_64_v4/gcc-11.2.0/arborx-1.0-dv3bytx6qc73grum6o47teepntwlivm5/include/details/ArborX_Point.hpp:21:7: note:   candidate expects 1 argument, 0 provided\nIn file included from /spack/opt/spack/linux-ubuntu22.04-x86_64_v4/gcc-11.2.0/arborx-1.0-dv3bytx6qc73grum6o47teepntwlivm5/include/details/ArborX_AccessTraits.hpp:18,\n                 from /spack/opt/spack/linux-ubuntu22.04-x86_64_v4/gcc-11.2.0/arborx-1.0-dv3bytx6qc73grum6o47teepntwlivm5/include/ArborX_LinearBVH.hpp:15,\n                 from /spack/opt/spack/linux-ubuntu22.04-x86_64_v4/gcc-11.2.0/arborx-1.0-dv3bytx6qc73grum6o47teepntwlivm5/include/details/ArborX_DetailsDistributedTreeImpl.hpp:20,\n                 from /spack/opt/spack/linux-ubuntu22.04-x86_64_v4/gcc-11.2.0/arborx-1.0-dv3bytx6qc73grum6o47teepntwlivm5/include/ArborX_DistributedTree.hpp:16,\n                 from /spack/opt/spack/linux-ubuntu22.04-x86_64_v4/gcc-11.2.0/arborx-1.0-dv3bytx6qc73grum6o47teepntwlivm5/include/ArborX.hpp:19,\n                 from /cache/spack/test/ifnteqilie3basslvhzyagbd2jw4w3m7/arborx-1.0-dv3bytx/cache/arborx/examples/access_traits/example_host_access_traits.cpp:12:\n/spack/opt/spack/linux-ubuntu22.04-x86_64_v4/gcc-11.2.0/arborx-1.0-dv3bytx6qc73grum6o47teepntwlivm5/include/details/ArborX_Predicates.hpp: At global scope:\n/spack/opt/spack/linux-ubuntu22.04-x86_64_v4/gcc-11.2.0/arborx-1.0-dv3bytx6qc73grum6o47teepntwlivm5/include/details/ArborX_Predicates.hpp:33:3: error: 'KOKKOS_DEFAULTED_FUNCTION' does not name a type; did you mean 'KOKKOS_INLINE_FUNCTION'?\n   33 |   KOKKOS_DEFAULTED_FUNCTION\n      |   ^~~~~~~~~~~~~~~~~~~~~~~~~\n      |   KOKKOS_INLINE_FUNCTION\n/spack/opt/spack/linux-ubuntu22.04-x86_64_v4/gcc-11.2.0/arborx-1.0-dv3bytx6qc73grum6o47teepntwlivm5/include/details/ArborX_Predicates.hpp:52:3: error: 'KOKKOS_DEFAULTED_FUNCTION' does not name a type; did you mean 'KOKKOS_INLINE_FUNCTION'?\n   52 |   KOKKOS_DEFAULTED_FUNCTION Intersects() = default;\n      |   ^~~~~~~~~~~~~~~~~~~~~~~~~\n      |   KOKKOS_INLINE_FUNCTION\n/spack/opt/spack/linux-ubuntu22.04-x86_64_v4/gcc-11.2.0/arborx-1.0-dv3bytx6qc73grum6o47teepntwlivm5/include/details/ArborX_Predicates.hpp:105:3: error: 'KOKKOS_DEFAULTED_FUNCTION' does not name a type; did you mean 'KOKKOS_INLINE_FUNCTION'?\n  105 |   KOKKOS_DEFAULTED_FUNCTION PredicateWithAttachment() = default;\n      |   ^~~~~~~~~~~~~~~~~~~~~~~~~\n      |   KOKKOS_INLINE_FUNCTION\nIn file included from /spack/opt/spack/linux-ubuntu22.04-x86_64_v4/gcc-11.2.0/arborx-1.0-dv3bytx6qc73grum6o47teepntwlivm5/include/ArborX_LinearBVH.hpp:22,\n                 from /spack/opt/spack/linux-ubuntu22.04-x86_64_v4/gcc-11.2.0/arborx-1.0-dv3bytx6qc73grum6o47teepntwlivm5/include/details/ArborX_DetailsDistributedTreeImpl.hpp:20,\n                 from /spack/opt/spack/linux-ubuntu22.04-x86_64_v4/gcc-11.2.0/arborx-1.0-dv3bytx6qc73grum6o47teepntwlivm5/include/ArborX_DistributedTree.hpp:16,\n                 from /spack/opt/spack/linux-ubuntu22.04-x86_64_v4/gcc-11.2.0/arborx-1.0-dv3bytx6qc73grum6o47teepntwlivm5/include/ArborX.hpp:19,\n                 from /cache/spack/test/ifnteqilie3basslvhzyagbd2jw4w3m7/arborx-1.0-dv3bytx/cache/arborx/examples/access_traits/example_host_access_traits.cpp:12:\n/spack/opt/spack/linux-ubuntu22.04-x86_64_v4/gcc-11.2.0/arborx-1.0-dv3bytx6qc73grum6o47teepntwlivm5/include/details/ArborX_DetailsNode.hpp:41:3: error: 'KOKKOS_DEFAULTED_FUNCTION' does not name a type; did you mean 'KOKKOS_INLINE_FUNCTION'?\n   41 |   KOKKOS_DEFAULTED_FUNCTION\n      |   ^~~~~~~~~~~~~~~~~~~~~~~~~\n      |   KOKKOS_INLINE_FUNCTION\nIn file included from /spack/opt/spack/linux-ubuntu22.04-x86_64_v4/gcc-11.2.0/arborx-1.0-dv3bytx6qc73grum6o47teepntwlivm5/include/ArborX_LinearBVH.hpp:22,\n                 from /spack/opt/spack/linux-ubuntu22.04-x86_64_v4/gcc-11.2.0/arborx-1.0-dv3bytx6qc73grum6o47teepntwlivm5/include/details/ArborX_DetailsDistributedTreeImpl.hpp:20,\n                 from /spack/opt/spack/linux-ubuntu22.04-x86_64_v4/gcc-11.2.0/arborx-1.0-dv3bytx6qc73grum6o47teepntwlivm5/include/ArborX_DistributedTree.hpp:16,\n                 from /spack/opt/spack/linux-ubuntu22.04-x86_64_v4/gcc-11.2.0/arborx-1.0-dv3bytx6qc73grum6o47teepntwlivm5/include/ArborX.hpp:19,\n                 from /cache/spack/test/ifnteqilie3basslvhzyagbd2jw4w3m7/arborx-1.0-dv3bytx/cache/arborx/examples/access_traits/example_host_access_traits.cpp:12:\n/spack/opt/spack/linux-ubuntu22.04-x86_64_v4/gcc-11.2.0/arborx-1.0-dv3bytx6qc73grum6o47teepntwlivm5/include/details/ArborX_DetailsNode.hpp:77:3: error: 'KOKKOS_DEFAULTED_FUNCTION' does not name a type; did you mean 'KOKKOS_INLINE_FUNCTION'?\n   77 |   KOKKOS_DEFAULTED_FUNCTION\n      |   ^~~~~~~~~~~~~~~~~~~~~~~~~\n      |   KOKKOS_INLINE_FUNCTION\nIn file included from /spack/opt/spack/linux-ubuntu22.04-x86_64_v4/gcc-11.2.0/arborx-1.0-dv3bytx6qc73grum6o47teepntwlivm5/include/ArborX_LinearBVH.hpp:25,\n                 from /spack/opt/spack/linux-ubuntu22.04-x86_64_v4/gcc-11.2.0/arborx-1.0-dv3bytx6qc73grum6o47teepntwlivm5/include/details/ArborX_DetailsDistributedTreeImpl.hpp:20,\n                 from /spack/opt/spack/linux-ubuntu22.04-x86_64_v4/gcc-11.2.0/arborx-1.0-dv3bytx6qc73grum6o47teepntwlivm5/include/ArborX_DistributedTree.hpp:16,\n                 from /spack/opt/spack/linux-ubuntu22.04-x86_64_v4/gcc-11.2.0/arborx-1.0-dv3bytx6qc73grum6o47teepntwlivm5/include/ArborX.hpp:19,\n                 from /cache/spack/test/ifnteqilie3basslvhzyagbd2jw4w3m7/arborx-1.0-dv3bytx/cache/arborx/examples/access_traits/example_host_access_traits.cpp:12:\n/spack/opt/spack/linux-ubuntu22.04-x86_64_v4/gcc-11.2.0/arborx-1.0-dv3bytx6qc73grum6o47teepntwlivm5/include/details/ArborX_DetailsTreeConstruction.hpp: In static member function 'static ArborX::Box Kokkos::reduction_identity<ArborX::Box>::sum()':\n/spack/opt/spack/linux-ubuntu22.04-x86_64_v4/gcc-11.2.0/arborx-1.0-dv3bytx6qc73grum6o47teepntwlivm5/include/details/ArborX_DetailsTreeConstruction.hpp:31:54: error: could not convert '<brace-enclosed initializer list>()' from '<brace-enclosed initializer list>' to 'ArborX::Box'\n   31 |   KOKKOS_FUNCTION static ArborX::Box sum() { return {}; }\n      |                                                      ^\n      |                                                      |\n      |                                                      <brace-enclosed initializer list>\nIn file included from /spack/opt/spack/linux-ubuntu22.04-x86_64_v4/gcc-11.2.0/arborx-1.0-dv3bytx6qc73grum6o47teepntwlivm5/include/details/ArborX_DetailsTreeTraversal.hpp:19,\n                 from /spack/opt/spack/linux-ubuntu22.04-x86_64_v4/gcc-11.2.0/arborx-1.0-dv3bytx6qc73grum6o47teepntwlivm5/include/ArborX_LinearBVH.hpp:26,\n                 from /spack/opt/spack/linux-ubuntu22.04-x86_64_v4/gcc-11.2.0/arborx-1.0-dv3bytx6qc73grum6o47teepntwlivm5/include/details/ArborX_DetailsDistributedTreeImpl.hpp:20,\n                 from /spack/opt/spack/linux-ubuntu22.04-x86_64_v4/gcc-11.2.0/arborx-1.0-dv3bytx6qc73grum6o47teepntwlivm5/include/ArborX_DistributedTree.hpp:16,\n                 from /spack/opt/spack/linux-ubuntu22.04-x86_64_v4/gcc-11.2.0/arborx-1.0-dv3bytx6qc73grum6o47teepntwlivm5/include/ArborX.hpp:19,\n                 from /cache/spack/test/ifnteqilie3basslvhzyagbd2jw4w3m7/arborx-1.0-dv3bytx/cache/arborx/examples/access_traits/example_host_access_traits.cpp:12:\n/spack/opt/spack/linux-ubuntu22.04-x86_64_v4/gcc-11.2.0/arborx-1.0-dv3bytx6qc73grum6o47teepntwlivm5/include/details/ArborX_DetailsStack.hpp: At global scope:\n/spack/opt/spack/linux-ubuntu22.04-x86_64_v4/gcc-11.2.0/arborx-1.0-dv3bytx6qc73grum6o47teepntwlivm5/include/details/ArborX_DetailsStack.hpp:40:3: error: 'KOKKOS_DEFAULTED_FUNCTION' does not name a type; did you mean 'KOKKOS_INLINE_FUNCTION'?\n   40 |   KOKKOS_DEFAULTED_FUNCTION Stack() = default;\n      |   ^~~~~~~~~~~~~~~~~~~~~~~~~\n      |   KOKKOS_INLINE_FUNCTION\nIn file included from /spack/opt/spack/linux-ubuntu22.04-x86_64_v4/gcc-11.2.0/arborx-1.0-dv3bytx6qc73grum6o47teepntwlivm5/include/details/ArborX_DetailsDistributedTreeImpl.hpp:20,\n                 from /spack/opt/spack/linux-ubuntu22.04-x86_64_v4/gcc-11.2.0/arborx-1.0-dv3bytx6qc73grum6o47teepntwlivm5/include/ArborX_DistributedTree.hpp:16,\n                 from /spack/opt/spack/linux-ubuntu22.04-x86_64_v4/gcc-11.2.0/arborx-1.0-dv3bytx6qc73grum6o47teepntwlivm5/include/ArborX.hpp:19,\n                 from /cache/spack/test/ifnteqilie3basslvhzyagbd2jw4w3m7/arborx-1.0-dv3bytx/cache/arborx/examples/access_traits/example_host_access_traits.cpp:12:\n/spack/opt/spack/linux-ubuntu22.04-x86_64_v4/gcc-11.2.0/arborx-1.0-dv3bytx6qc73grum6o47teepntwlivm5/include/ArborX_LinearBVH.hpp:161:42: error: 'is_device' is not a member of 'Kokkos'; did you mean 'Device'?\n  161 |     DeviceType, std::enable_if_t<Kokkos::is_device<DeviceType>::value>>\n      |                                          ^~~~~~~~~\n      |                                          Device\n/spack/opt/spack/linux-ubuntu22.04-x86_64_v4/gcc-11.2.0/arborx-1.0-dv3bytx6qc73grum6o47teepntwlivm5/include/ArborX_LinearBVH.hpp:161:62: error: template argument 1 is invalid\n  161 |     DeviceType, std::enable_if_t<Kokkos::is_device<DeviceType>::value>>\n      |                                                              ^\n/spack/opt/spack/linux-ubuntu22.04-x86_64_v4/gcc-11.2.0/arborx-1.0-dv3bytx6qc73grum6o47teepntwlivm5/include/ArborX_LinearBVH.hpp:161:65: error: template argument 2 is invalid\n  161 |     DeviceType, std::enable_if_t<Kokkos::is_device<DeviceType>::value>>\n      |                                                                 ^~~~~\n/spack/opt/spack/linux-ubuntu22.04-x86_64_v4/gcc-11.2.0/arborx-1.0-dv3bytx6qc73grum6o47teepntwlivm5/include/ArborX_LinearBVH.hpp:161:70: error: expected unqualified-id before '>' token\n  161 |     DeviceType, std::enable_if_t<Kokkos::is_device<DeviceType>::value>>\n      |                                                                      ^~\nIn file included from /spack/opt/spack/linux-ubuntu22.04-x86_64_v4/gcc-11.2.0/arborx-1.0-dv3bytx6qc73grum6o47teepntwlivm5/include/ArborX_DistributedTree.hpp:16,\n                 from /spack/opt/spack/linux-ubuntu22.04-x86_64_v4/gcc-11.2.0/arborx-1.0-dv3bytx6qc73grum6o47teepntwlivm5/include/ArborX.hpp:19,\n                 from /cache/spack/test/ifnteqilie3basslvhzyagbd2jw4w3m7/arborx-1.0-dv3bytx/cache/arborx/examples/access_traits/example_host_access_traits.cpp:12:\n/spack/opt/spack/linux-ubuntu22.04-x86_64_v4/gcc-11.2.0/arborx-1.0-dv3bytx6qc73grum6o47teepntwlivm5/include/details/ArborX_DetailsDistributedTreeImpl.hpp: In static member function 'static void ArborX::Details::DistributedTreeImpl<DeviceType>::reassessStrategy(const ExecutionSpace&, const Predicates&, const DistributedTree&, Indices&, Offset&, Distances&)':\n/spack/opt/spack/linux-ubuntu22.04-x86_64_v4/gcc-11.2.0/arborx-1.0-dv3bytx6qc73grum6o47teepntwlivm5/include/details/ArborX_DetailsDistributedTreeImpl.hpp:410:36: error: no matching function for call to 'ArborX::Sphere::Sphere(<brace-enclosed initializer list>)'\n  410 |   Kokkos::View<decltype(intersects(Sphere{})) *, DeviceType> radius_searches(\n      |                                    ^~~~~~~~\nIn file included from /spack/opt/spack/linux-ubuntu22.04-x86_64_v4/gcc-11.2.0/arborx-1.0-dv3bytx6qc73grum6o47teepntwlivm5/include/details/ArborX_DetailsAlgorithms.hpp:18,\n                 from /spack/opt/spack/linux-ubuntu22.04-x86_64_v4/gcc-11.2.0/arborx-1.0-dv3bytx6qc73grum6o47teepntwlivm5/include/details/ArborX_Predicates.hpp:14,\n                 from /spack/opt/spack/linux-ubuntu22.04-x86_64_v4/gcc-11.2.0/arborx-1.0-dv3bytx6qc73grum6o47teepntwlivm5/include/details/ArborX_AccessTraits.hpp:18,\n                 from /spack/opt/spack/linux-ubuntu22.04-x86_64_v4/gcc-11.2.0/arborx-1.0-dv3bytx6qc73grum6o47teepntwlivm5/include/ArborX_LinearBVH.hpp:15,\n                 from /spack/opt/spack/linux-ubuntu22.04-x86_64_v4/gcc-11.2.0/arborx-1.0-dv3bytx6qc73grum6o47teepntwlivm5/include/details/ArborX_DetailsDistributedTreeImpl.hpp:20,\n                 from /spack/opt/spack/linux-ubuntu22.04-x86_64_v4/gcc-11.2.0/arborx-1.0-dv3bytx6qc73grum6o47teepntwlivm5/include/ArborX_DistributedTree.hpp:16,\n                 from /spack/opt/spack/linux-ubuntu22.04-x86_64_v4/gcc-11.2.0/arborx-1.0-dv3bytx6qc73grum6o47teepntwlivm5/include/ArborX.hpp:19,\n                 from /cache/spack/test/ifnteqilie3basslvhzyagbd2jw4w3m7/arborx-1.0-dv3bytx/cache/arborx/examples/access_traits/example_host_access_traits.cpp:12:\n/spack/opt/spack/linux-ubuntu22.04-x86_64_v4/gcc-11.2.0/arborx-1.0-dv3bytx6qc73grum6o47teepntwlivm5/include/details/ArborX_Sphere.hpp:27:13: note: candidate: 'constexpr ArborX::Sphere::Sphere(const ArborX::Point&, double)'\n   27 |   constexpr Sphere(Point const &centroid, double radius) // FIXME\n      |             ^~~~~~\n/spack/opt/spack/linux-ubuntu22.04-x86_64_v4/gcc-11.2.0/arborx-1.0-dv3bytx6qc73grum6o47teepntwlivm5/include/details/ArborX_Sphere.hpp:27:13: note:   candidate expects 2 arguments, 0 provided\n/spack/opt/spack/linux-ubuntu22.04-x86_64_v4/gcc-11.2.0/arborx-1.0-dv3bytx6qc73grum6o47teepntwlivm5/include/details/ArborX_Sphere.hpp:21:8: note: candidate: 'constexpr ArborX::Sphere::Sphere(const ArborX::Sphere&)'\n   21 | struct Sphere\n      |        ^~~~~~\n/spack/opt/spack/linux-ubuntu22.04-x86_64_v4/gcc-11.2.0/arborx-1.0-dv3bytx6qc73grum6o47teepntwlivm5/include/details/ArborX_Sphere.hpp:21:8: note:   candidate expects 1 argument, 0 provided\n/spack/opt/spack/linux-ubuntu22.04-x86_64_v4/gcc-11.2.0/arborx-1.0-dv3bytx6qc73grum6o47teepntwlivm5/include/details/ArborX_Sphere.hpp:21:8: note: candidate: 'constexpr ArborX::Sphere::Sphere(ArborX::Sphere&&)'\n/spack/opt/spack/linux-ubuntu22.04-x86_64_v4/gcc-11.2.0/arborx-1.0-dv3bytx6qc73grum6o47teepntwlivm5/include/details/ArborX_Sphere.hpp:21:8: note:   candidate expects 1 argument, 0 provided\nIn file included from /spack/opt/spack/linux-ubuntu22.04-x86_64_v4/gcc-11.2.0/arborx-1.0-dv3bytx6qc73grum6o47teepntwlivm5/include/ArborX_DistributedTree.hpp:16,\n                 from /spack/opt/spack/linux-ubuntu22.04-x86_64_v4/gcc-11.2.0/arborx-1.0-dv3bytx6qc73grum6o47teepntwlivm5/include/ArborX.hpp:19,\n                 from /cache/spack/test/ifnteqilie3basslvhzyagbd2jw4w3m7/arborx-1.0-dv3bytx/cache/arborx/examples/access_traits/example_host_access_traits.cpp:12:\n/spack/opt/spack/linux-ubuntu22.04-x86_64_v4/gcc-11.2.0/arborx-1.0-dv3bytx6qc73grum6o47teepntwlivm5/include/details/ArborX_DetailsDistributedTreeImpl.hpp:410:60: error: template argument 1 is invalid\n  410 |   Kokkos::View<decltype(intersects(Sphere{})) *, DeviceType> radius_searches(\n      |                                                            ^\n/spack/opt/spack/linux-ubuntu22.04-x86_64_v4/gcc-11.2.0/arborx-1.0-dv3bytx6qc73grum6o47teepntwlivm5/include/details/ArborX_DetailsDistributedTreeImpl.hpp:413:16: error: expression list treated as compound expression in initializer [-fpermissive]\n  413 |       n_queries);\n      |                ^\n/spack/opt/spack/linux-ubuntu22.04-x86_64_v4/gcc-11.2.0/arborx-1.0-dv3bytx6qc73grum6o47teepntwlivm5/include/details/ArborX_DetailsDistributedTreeImpl.hpp: In lambda function:\n/spack/opt/spack/linux-ubuntu22.04-x86_64_v4/gcc-11.2.0/arborx-1.0-dv3bytx6qc73grum6o47teepntwlivm5/include/details/ArborX_DetailsDistributedTreeImpl.hpp:418:24: error: 'radius_searches' cannot be used as a function\n  418 |         radius_searches(i) = intersects(Sphere{\n      |         ~~~~~~~~~~~~~~~^~~\nIn file included from /spack/opt/spack/linux-ubuntu22.04-x86_64_v4/gcc-11.2.0/arborx-1.0-dv3bytx6qc73grum6o47teepntwlivm5/include/ArborX.hpp:19,\n                 from /cache/spack/test/ifnteqilie3basslvhzyagbd2jw4w3m7/arborx-1.0-dv3bytx/cache/arborx/examples/access_traits/example_host_access_traits.cpp:12:\n/spack/opt/spack/linux-ubuntu22.04-x86_64_v4/gcc-11.2.0/arborx-1.0-dv3bytx6qc73grum6o47teepntwlivm5/include/ArborX_DistributedTree.hpp: At global scope:\n/spack/opt/spack/linux-ubuntu22.04-x86_64_v4/gcc-11.2.0/arborx-1.0-dv3bytx6qc73grum6o47teepntwlivm5/include/ArborX_DistributedTree.hpp:190:48: error: 'is_device' is not a member of 'Kokkos'; did you mean 'Device'?\n  190 |                       std::enable_if_t<Kokkos::is_device<DeviceType>::value>>\n      |                                                ^~~~~~~~~\n      |                                                Device\n/spack/opt/spack/linux-ubuntu22.04-x86_64_v4/gcc-11.2.0/arborx-1.0-dv3bytx6qc73grum6o47teepntwlivm5/include/ArborX_DistributedTree.hpp:190:68: error: template argument 1 is invalid\n  190 |                       std::enable_if_t<Kokkos::is_device<DeviceType>::value>>\n      |                                                                    ^\n/spack/opt/spack/linux-ubuntu22.04-x86_64_v4/gcc-11.2.0/arborx-1.0-dv3bytx6qc73grum6o47teepntwlivm5/include/ArborX_DistributedTree.hpp:190:71: error: template argument 2 is invalid\n  190 |                       std::enable_if_t<Kokkos::is_device<DeviceType>::value>>\n      |                                                                       ^~~~~\n/spack/opt/spack/linux-ubuntu22.04-x86_64_v4/gcc-11.2.0/arborx-1.0-dv3bytx6qc73grum6o47teepntwlivm5/include/ArborX_DistributedTree.hpp:190:76: error: expected unqualified-id before '>' token\n  190 |                       std::enable_if_t<Kokkos::is_device<DeviceType>::value>>\n      |                                                                            ^~\nIn file included from /spack/opt/spack/linux-ubuntu22.04-x86_64_v4/gcc-11.2.0/arborx-1.0-dv3bytx6qc73grum6o47teepntwlivm5/include/details/ArborX_DetailsDistributedTreeImpl.hpp:20,\n                 from /spack/opt/spack/linux-ubuntu22.04-x86_64_v4/gcc-11.2.0/arborx-1.0-dv3bytx6qc73grum6o47teepntwlivm5/include/ArborX_DistributedTree.hpp:16,\n                 from /spack/opt/spack/linux-ubuntu22.04-x86_64_v4/gcc-11.2.0/arborx-1.0-dv3bytx6qc73grum6o47teepntwlivm5/include/ArborX.hpp:19,\n                 from /cache/spack/test/ifnteqilie3basslvhzyagbd2jw4w3m7/arborx-1.0-dv3bytx/cache/arborx/examples/access_traits/example_host_access_traits.cpp:12:\n/spack/opt/spack/linux-ubuntu22.04-x86_64_v4/gcc-11.2.0/arborx-1.0-dv3bytx6qc73grum6o47teepntwlivm5/include/ArborX_LinearBVH.hpp: In instantiation of 'ArborX::BasicBoundingVolumeHierarchy<MemorySpace, BoundingVolume, Enable>::BasicBoundingVolumeHierarchy(const ExecutionSpace&, const Primitives&) [with ExecutionSpace = Kokkos::Serial; Primitives = std::vector<ArborX::Point>; MemorySpace = Kokkos::HostSpace; BoundingVolume = ArborX::Box; Enable = void]':\n/cache/spack/test/ifnteqilie3basslvhzyagbd2jw4w3m7/arborx-1.0-dv3bytx/cache/arborx/examples/access_traits/example_host_access_traits.cpp:43:44:   required from here\n/spack/opt/spack/linux-ubuntu22.04-x86_64_v4/gcc-11.2.0/arborx-1.0-dv3bytx6qc73grum6o47teepntwlivm5/include/ArborX_LinearBVH.hpp:222:61: error: no matching function for call to 'ArborX::Box::Box()'\n  222 |                                _size > 0 ? 2 * _size - 1 : 0)\n      |                                                             ^\nIn file included from /spack/opt/spack/linux-ubuntu22.04-x86_64_v4/gcc-11.2.0/arborx-1.0-dv3bytx6qc73grum6o47teepntwlivm5/include/ArborX.hpp:17,\n                 from /cache/spack/test/ifnteqilie3basslvhzyagbd2jw4w3m7/arborx-1.0-dv3bytx/cache/arborx/examples/access_traits/example_host_access_traits.cpp:12:\n/spack/opt/spack/linux-ubuntu22.04-x86_64_v4/gcc-11.2.0/arborx-1.0-dv3bytx6qc73grum6o47teepntwlivm5/include/details/ArborX_Box.hpp:34:13: note: candidate: 'constexpr ArborX::Box::Box(const ArborX::Point&, const ArborX::Point&)'\n   34 |   constexpr Box(Point const &min_corner, Point const &max_corner)\n      |             ^~~\n/spack/opt/spack/linux-ubuntu22.04-x86_64_v4/gcc-11.2.0/arborx-1.0-dv3bytx6qc73grum6o47teepntwlivm5/include/details/ArborX_Box.hpp:34:13: note:   candidate expects 2 arguments, 0 provided\n/spack/opt/spack/linux-ubuntu22.04-x86_64_v4/gcc-11.2.0/arborx-1.0-dv3bytx6qc73grum6o47teepntwlivm5/include/details/ArborX_Box.hpp:28:8: note: candidate: 'constexpr ArborX::Box::Box(const ArborX::Box&)'\n   28 | struct Box\n      |        ^~~\n/spack/opt/spack/linux-ubuntu22.04-x86_64_v4/gcc-11.2.0/arborx-1.0-dv3bytx6qc73grum6o47teepntwlivm5/include/details/ArborX_Box.hpp:28:8: note:   candidate expects 1 argument, 0 provided\n/spack/opt/spack/linux-ubuntu22.04-x86_64_v4/gcc-11.2.0/arborx-1.0-dv3bytx6qc73grum6o47teepntwlivm5/include/details/ArborX_Box.hpp:28:8: note: candidate: 'constexpr ArborX::Box::Box(ArborX::Box&&)'\n/spack/opt/spack/linux-ubuntu22.04-x86_64_v4/gcc-11.2.0/arborx-1.0-dv3bytx6qc73grum6o47teepntwlivm5/include/details/ArborX_Box.hpp:28:8: note:   candidate expects 1 argument, 0 provided\nIn file included from /spack/opt/spack/linux-ubuntu22.04-x86_64_v4/gcc-11.2.0/arborx-1.0-dv3bytx6qc73grum6o47teepntwlivm5/include/details/ArborX_DetailsDistributedTreeImpl.hpp:20,\n                 from /spack/opt/spack/linux-ubuntu22.04-x86_64_v4/gcc-11.2.0/arborx-1.0-dv3bytx6qc73grum6o47teepntwlivm5/include/ArborX_DistributedTree.hpp:16,\n                 from /spack/opt/spack/linux-ubuntu22.04-x86_64_v4/gcc-11.2.0/arborx-1.0-dv3bytx6qc73grum6o47teepntwlivm5/include/ArborX.hpp:19,\n                 from /cache/spack/test/ifnteqilie3basslvhzyagbd2jw4w3m7/arborx-1.0-dv3bytx/cache/arborx/examples/access_traits/example_host_access_traits.cpp:12:\n/spack/opt/spack/linux-ubuntu22.04-x86_64_v4/gcc-11.2.0/arborx-1.0-dv3bytx6qc73grum6o47teepntwlivm5/include/ArborX_LinearBVH.hpp:242:7: error: no matching function for call to 'ArborX::Box::Box(<brace-enclosed initializer list>)'\n  242 |   Box bbox{};\n      |       ^~~~\nIn file included from /spack/opt/spack/linux-ubuntu22.04-x86_64_v4/gcc-11.2.0/arborx-1.0-dv3bytx6qc73grum6o47teepntwlivm5/include/ArborX.hpp:17,\n                 from /cache/spack/test/ifnteqilie3basslvhzyagbd2jw4w3m7/arborx-1.0-dv3bytx/cache/arborx/examples/access_traits/example_host_access_traits.cpp:12:\n/spack/opt/spack/linux-ubuntu22.04-x86_64_v4/gcc-11.2.0/arborx-1.0-dv3bytx6qc73grum6o47teepntwlivm5/include/details/ArborX_Box.hpp:34:13: note: candidate: 'constexpr ArborX::Box::Box(const ArborX::Point&, const ArborX::Point&)'\n   34 |   constexpr Box(Point const &min_corner, Point const &max_corner)\n      |             ^~~\n/spack/opt/spack/linux-ubuntu22.04-x86_64_v4/gcc-11.2.0/arborx-1.0-dv3bytx6qc73grum6o47teepntwlivm5/include/details/ArborX_Box.hpp:34:13: note:   candidate expects 2 arguments, 0 provided\n/spack/opt/spack/linux-ubuntu22.04-x86_64_v4/gcc-11.2.0/arborx-1.0-dv3bytx6qc73grum6o47teepntwlivm5/include/details/ArborX_Box.hpp:28:8: note: candidate: 'constexpr ArborX::Box::Box(const ArborX::Box&)'\n   28 | struct Box\n      |        ^~~\n/spack/opt/spack/linux-ubuntu22.04-x86_64_v4/gcc-11.2.0/arborx-1.0-dv3bytx6qc73grum6o47teepntwlivm5/include/details/ArborX_Box.hpp:28:8: note:   candidate expects 1 argument, 0 provided\n/spack/opt/spack/linux-ubuntu22.04-x86_64_v4/gcc-11.2.0/arborx-1.0-dv3bytx6qc73grum6o47teepntwlivm5/include/details/ArborX_Box.hpp:28:8: note: candidate: 'constexpr ArborX::Box::Box(ArborX::Box&&)'\n/spack/opt/spack/linux-ubuntu22.04-x86_64_v4/gcc-11.2.0/arborx-1.0-dv3bytx6qc73grum6o47teepntwlivm5/include/details/ArborX_Box.hpp:28:8: note:   candidate expects 1 argument, 0 provided\nIn file included from /spack/opt/spack/linux-ubuntu22.04-x86_64_v4/gcc-11.2.0/arborx-1.0-dv3bytx6qc73grum6o47teepntwlivm5/include/details/ArborX_DetailsDistributedTreeImpl.hpp:20,\n                 from /spack/opt/spack/linux-ubuntu22.04-x86_64_v4/gcc-11.2.0/arborx-1.0-dv3bytx6qc73grum6o47teepntwlivm5/include/ArborX_DistributedTree.hpp:16,\n                 from /spack/opt/spack/linux-ubuntu22.04-x86_64_v4/gcc-11.2.0/arborx-1.0-dv3bytx6qc73grum6o47teepntwlivm5/include/ArborX.hpp:19,\n                 from /cache/spack/test/ifnteqilie3basslvhzyagbd2jw4w3m7/arborx-1.0-dv3bytx/cache/arborx/examples/access_traits/example_host_access_traits.cpp:12:\n/spack/opt/spack/linux-ubuntu22.04-x86_64_v4/gcc-11.2.0/arborx-1.0-dv3bytx6qc73grum6o47teepntwlivm5/include/ArborX_LinearBVH.hpp: In instantiation of 'ArborX::BasicBoundingVolumeHierarchy<MemorySpace, BoundingVolume, Enable>::BasicBoundingVolumeHierarchy(const ExecutionSpace&, const Primitives&) [with ExecutionSpace = Kokkos::Serial; Primitives = Kokkos::View<ArborX::Point*, Kokkos::HostSpace, Kokkos::MemoryTraits<1> >; MemorySpace = Kokkos::HostSpace; BoundingVolume = ArborX::Box; Enable = void]':\n/cache/spack/test/ifnteqilie3basslvhzyagbd2jw4w3m7/arborx-1.0-dv3bytx/cache/arborx/examples/access_traits/example_host_access_traits.cpp:49:40:   required from here\n/spack/opt/spack/linux-ubuntu22.04-x86_64_v4/gcc-11.2.0/arborx-1.0-dv3bytx6qc73grum6o47teepntwlivm5/include/ArborX_LinearBVH.hpp:222:61: error: no matching function for call to 'ArborX::Box::Box()'\n  222 |                                _size > 0 ? 2 * _size - 1 : 0)\n      |                                                             ^\nIn file included from /spack/opt/spack/linux-ubuntu22.04-x86_64_v4/gcc-11.2.0/arborx-1.0-dv3bytx6qc73grum6o47teepntwlivm5/include/ArborX.hpp:17,\n                 from /cache/spack/test/ifnteqilie3basslvhzyagbd2jw4w3m7/arborx-1.0-dv3bytx/cache/arborx/examples/access_traits/example_host_access_traits.cpp:12:\n/spack/opt/spack/linux-ubuntu22.04-x86_64_v4/gcc-11.2.0/arborx-1.0-dv3bytx6qc73grum6o47teepntwlivm5/include/details/ArborX_Box.hpp:34:13: note: candidate: 'constexpr ArborX::Box::Box(const ArborX::Point&, const ArborX::Point&)'\n   34 |   constexpr Box(Point const &min_corner, Point const &max_corner)\n      |             ^~~\n/spack/opt/spack/linux-ubuntu22.04-x86_64_v4/gcc-11.2.0/arborx-1.0-dv3bytx6qc73grum6o47teepntwlivm5/include/details/ArborX_Box.hpp:34:13: note:   candidate expects 2 arguments, 0 provided\n/spack/opt/spack/linux-ubuntu22.04-x86_64_v4/gcc-11.2.0/arborx-1.0-dv3bytx6qc73grum6o47teepntwlivm5/include/details/ArborX_Box.hpp:28:8: note: candidate: 'constexpr ArborX::Box::Box(const ArborX::Box&)'\n   28 | struct Box\n      |        ^~~\n/spack/opt/spack/linux-ubuntu22.04-x86_64_v4/gcc-11.2.0/arborx-1.0-dv3bytx6qc73grum6o47teepntwlivm5/include/details/ArborX_Box.hpp:28:8: note:   candidate expects 1 argument, 0 provided\n/spack/opt/spack/linux-ubuntu22.04-x86_64_v4/gcc-11.2.0/arborx-1.0-dv3bytx6qc73grum6o47teepntwlivm5/include/details/ArborX_Box.hpp:28:8: note: candidate: 'constexpr ArborX::Box::Box(ArborX::Box&&)'\n/spack/opt/spack/linux-ubuntu22.04-x86_64_v4/gcc-11.2.0/arborx-1.0-dv3bytx6qc73grum6o47teepntwlivm5/include/details/ArborX_Box.hpp:28:8: note:   candidate expects 1 argument, 0 provided\nIn file included from /spack/opt/spack/linux-ubuntu22.04-x86_64_v4/gcc-11.2.0/arborx-1.0-dv3bytx6qc73grum6o47teepntwlivm5/include/details/ArborX_DetailsDistributedTreeImpl.hpp:20,\n                 from /spack/opt/spack/linux-ubuntu22.04-x86_64_v4/gcc-11.2.0/arborx-1.0-dv3bytx6qc73grum6o47teepntwlivm5/include/ArborX_DistributedTree.hpp:16,\n                 from /spack/opt/spack/linux-ubuntu22.04-x86_64_v4/gcc-11.2.0/arborx-1.0-dv3bytx6qc73grum6o47teepntwlivm5/include/ArborX.hpp:19,\n                 from /cache/spack/test/ifnteqilie3basslvhzyagbd2jw4w3m7/arborx-1.0-dv3bytx/cache/arborx/examples/access_traits/example_host_access_traits.cpp:12:\n/spack/opt/spack/linux-ubuntu22.04-x86_64_v4/gcc-11.2.0/arborx-1.0-dv3bytx6qc73grum6o47teepntwlivm5/include/ArborX_LinearBVH.hpp:242:7: error: no matching function for call to 'ArborX::Box::Box(<brace-enclosed initializer list>)'\n  242 |   Box bbox{};\n      |       ^~~~\nIn file included from /spack/opt/spack/linux-ubuntu22.04-x86_64_v4/gcc-11.2.0/arborx-1.0-dv3bytx6qc73grum6o47teepntwlivm5/include/ArborX.hpp:17,\n                 from /cache/spack/test/ifnteqilie3basslvhzyagbd2jw4w3m7/arborx-1.0-dv3bytx/cache/arborx/examples/access_traits/example_host_access_traits.cpp:12:\n/spack/opt/spack/linux-ubuntu22.04-x86_64_v4/gcc-11.2.0/arborx-1.0-dv3bytx6qc73grum6o47teepntwlivm5/include/details/ArborX_Box.hpp:34:13: note: candidate: 'constexpr ArborX::Box::Box(const ArborX::Point&, const ArborX::Point&)'\n   34 |   constexpr Box(Point const &min_corner, Point const &max_corner)\n      |             ^~~\n/spack/opt/spack/linux-ubuntu22.04-x86_64_v4/gcc-11.2.0/arborx-1.0-dv3bytx6qc73grum6o47teepntwlivm5/include/details/ArborX_Box.hpp:34:13: note:   candidate expects 2 arguments, 0 provided\n/spack/opt/spack/linux-ubuntu22.04-x86_64_v4/gcc-11.2.0/arborx-1.0-dv3bytx6qc73grum6o47teepntwlivm5/include/details/ArborX_Box.hpp:28:8: note: candidate: 'constexpr ArborX::Box::Box(const ArborX::Box&)'\n   28 | struct Box\n      |        ^~~\n/spack/opt/spack/linux-ubuntu22.04-x86_64_v4/gcc-11.2.0/arborx-1.0-dv3bytx6qc73grum6o47teepntwlivm5/include/details/ArborX_Box.hpp:28:8: note:   candidate expects 1 argument, 0 provided\n/spack/opt/spack/linux-ubuntu22.04-x86_64_v4/gcc-11.2.0/arborx-1.0-dv3bytx6qc73grum6o47teepntwlivm5/include/details/ArborX_Box.hpp:28:8: note: candidate: 'constexpr ArborX::Box::Box(ArborX::Box&&)'\n/spack/opt/spack/linux-ubuntu22.04-x86_64_v4/gcc-11.2.0/arborx-1.0-dv3bytx6qc73grum6o47teepntwlivm5/include/details/ArborX_Box.hpp:28:8: note:   candidate expects 1 argument, 0 provided\nmake[2]: *** [access_traits/CMakeFiles/ArborX_HostAccessTraits.exe.dir/build.make:76: access_traits/CMakeFiles/ArborX_HostAccessTraits.exe.dir/example_host_access_traits.cpp.o] Error 1\nmake[1]: *** [CMakeFiles/Makefile2:116: access_traits/CMakeFiles/ArborX_HostAccessTraits.exe.dir/all] Error 2\nmake: *** [Makefile:101: all] Error 2\n\n\n\n1 error found in test log:\n     649          |        ^~~\n     650    /spack/opt/spack/linux-ubuntu22.04-x86_64_v4/gcc-11.2.0/arborx-1.0-\n            dv3bytx6qc73grum6o47teepntwlivm5/include/details/ArborX_Box.hpp:28:\n            8: note:   candidate expects 1 argument, 0 provided\n     651    /spack/opt/spack/linux-ubuntu22.04-x86_64_v4/gcc-11.2.0/arborx-1.0-\n            dv3bytx6qc73grum6o47teepntwlivm5/include/details/ArborX_Box.hpp:28:\n            8: note: candidate: 'constexpr ArborX::Box::Box(ArborX::Box&&)'\n     652    /spack/opt/spack/linux-ubuntu22.04-x86_64_v4/gcc-11.2.0/arborx-1.0-\n            dv3bytx6qc73grum6o47teepntwlivm5/include/details/ArborX_Box.hpp:28:\n            8: note:   candidate expects 1 argument, 0 provided\n     653    make[2]: *** [access_traits/CMakeFiles/ArborX_HostAccessTraits.exe.\n            dir/build.make:76: access_traits/CMakeFiles/ArborX_HostAccessTraits\n            .exe.dir/example_host_access_traits.cpp.o] Error 1\n     654    make[1]: *** [CMakeFiles/Makefile2:116: access_traits/CMakeFiles/Ar\n            borX_HostAccessTraits.exe.dir/all] Error 2\n  >> 655    make: *** [Makefile:101: all] Error 2\n     656    \n     657      File \"/spack/bin/spack\", line 98, in <module>\n\n\n\nCommand exited with status 8:\n    '/usr/local/bin/ctest' '-V'\nUpdateCTestConfiguration  from :/cache/spack/test/ifnteqilie3basslvhzyagbd2jw4w3m7/arborx-1.0-dv3bytx/cache/arborx/examples/DartConfiguration.tcl\nUpdateCTestConfiguration  from :/cache/spack/test/ifnteqilie3basslvhzyagbd2jw4w3m7/arborx-1.0-dv3bytx/cache/arborx/examples/DartConfiguration.tcl\nTest project /cache/spack/test/ifnteqilie3basslvhzyagbd2jw4w3m7/arborx-1.0-dv3bytx/cache/arborx/examples\nConstructing a list of tests\nDone constructing a list of tests\nUpdating test list for fixtures\nAdded 0 tests to meet fixture requirements\nChecking test dependency graph...\nChecking test dependency graph end\ntest 1\n    Start 1: ArborX_HostAccessTraits_Example\nCould not find executable ./ArborX_HostAccessTraits.exe\nLooked in the following places:\n./ArborX_HostAccessTraits.exe\n./ArborX_HostAccessTraits.exe\n./Release/ArborX_HostAccessTraits.exe\n./Release/ArborX_HostAccessTraits.exe\n./Debug/ArborX_HostAccessTraits.exe\n./Debug/ArborX_HostAccessTraits.exe\n./MinSizeRel/ArborX_HostAccessTraits.exe\n./MinSizeRel/ArborX_HostAccessTraits.exe\n./RelWithDebInfo/ArborX_HostAccessTraits.exe\n./RelWithDebInfo/ArborX_HostAccessTraits.exe\n./Deployment/ArborX_HostAccessTraits.exe\n./Deployment/ArborX_HostAccessTraits.exe\n./Development/ArborX_HostAccessTraits.exe\n./Development/ArborX_HostAccessTraits.exe\n\n1: Test command: \n1/2 Test #1: ArborX_HostAccessTraits_Example ...***Not Run   0.00 sec\ntest 2\n    Start 2: ArborX_Callback_Example\nCould not find executable ./ArborX_Callback.exe\nLooked in the following places:\n./ArborX_Callback.exe\n./ArborX_Callback.exe\n./Release/ArborX_Callback.exe\n./Release/ArborX_Callback.exe\n./Debug/ArborX_Callback.exe\n./Debug/ArborX_Callback.exe\n./MinSizeRel/ArborX_Callback.exe\n./MinSizeRel/ArborX_Callback.exe\n./RelWithDebInfo/ArborX_Callback.exe\n./RelWithDebInfo/ArborX_Callback.exe\n./Deployment/ArborX_Callback.exe\n./Deployment/ArborX_Callback.exe\n./Development/ArborX_Callback.exe\n./Development/ArborX_Callback.exe\n\n2: Test command: \n2/2 Test #2: ArborX_Callback_Example ...........***Not Run   0.00 sec\n\n0% tests passed, 2 tests failed out of 2\n\nTotal Test time (real) =   0.00 sec\n\nThe following tests FAILED:\n\t  1 - ArborX_HostAccessTraits_Example (Not Run)\n\t  2 - ArborX_Callback_Example (Not Run)\nUnable to find executable: ./ArborX_HostAccessTraits.exe\nUnable to find executable: ./ArborX_Callback.exe\nErrors while running CTest\nOutput from these tests are in: /cache/spack/test/ifnteqilie3basslvhzyagbd2jw4w3m7/arborx-1.0-dv3bytx/cache/arborx/examples/Testing/Temporary/LastTest.log\nUse \"--rerun-failed --output-on-failure\" to re-run the failed cases verbosely.\n\n\n\n1 error found in test log:\n     649          |        ^~~\n     650    /spack/opt/spack/linux-ubuntu22.04-x86_64_v4/gcc-11.2.0/arborx-1.0-\n            dv3bytx6qc73grum6o47teepntwlivm5/include/details/ArborX_Box.hpp:28:\n            8: note:   candidate expects 1 argument, 0 provided\n     651    /spack/opt/spack/linux-ubuntu22.04-x86_64_v4/gcc-11.2.0/arborx-1.0-\n            dv3bytx6qc73grum6o47teepntwlivm5/include/details/ArborX_Box.hpp:28:\n            8: note: candidate: 'constexpr ArborX::Box::Box(ArborX::Box&&)'\n     652    /spack/opt/spack/linux-ubuntu22.04-x86_64_v4/gcc-11.2.0/arborx-1.0-\n            dv3bytx6qc73grum6o47teepntwlivm5/include/details/ArborX_Box.hpp:28:\n            8: note:   candidate expects 1 argument, 0 provided\n     653    make[2]: *** [access_traits/CMakeFiles/ArborX_HostAccessTraits.exe.\n            dir/build.make:76: access_traits/CMakeFiles/ArborX_HostAccessTraits\n            .exe.dir/example_host_access_traits.cpp.o] Error 1\n     654    make[1]: *** [CMakeFiles/Makefile2:116: access_traits/CMakeFiles/Ar\n            borX_HostAccessTraits.exe.dir/all] Error 2\n  >> 655    make: *** [Makefile:101: all] Error 2\n     656    \n     657      File \"/spack/bin/spack\", line 98, in <module>\n     658        sys.exit(spack.main.main())\n     659      File \"/spack/lib/spack/spack/main.py\", line 893, in main\n     660        return _main(argv)\n     661      File \"/spack/lib/spack/spack/main.py\", line 848, in _main\n\n\n\n/spack/lib/spack/spack/build_environment.py:1076, in _setup_pkg_and_run:\n       1073        tb_string = traceback.format_exc()\n       1074\n       1075        # build up some context from the offending package so we can\n  >>   1076        # show that, too.\n       1077        package_context = get_package_context(tb)\n       1078\n       1079        logfile = None\n\nSee test log for details:\n  /cache/spack/test/ifnteqilie3basslvhzyagbd2jw4w3m7/arborx-1.0-dv3bytx-test-out.txt\n\n==> Error: 1 test(s) in the suite failed.\n\n======================== 1 failed, 0 passed of 1 specs =========================\n",
                    "return_code": 1,
                    "seconds": 2.5380215644836426,
                    "prediction": false,
                    "command": "/spack/bin/spack test run /dv3byt"
                }
            }
        },
        "stats": {
            "sizes_bytes": {}
        },
        "experiment": "arborx",
        "result": "splice-success",
        "success": true,
        "splice": "kokkos@3.0.00",
        "package": "arborx@1.0",
        "different_libs": false
    }
]