[
    {
        "specs": {
            "original": "meson@0.58.0%gcc@11.2.0 patches=aa6c50d arch=linux-ubuntu22.04-broadwell ^berkeley-db@18.1.40%gcc@11.2.0+cxx~docs+stl patches=b231fcc arch=linux-ubuntu22.04-broadwell ^bzip2@1.0.8%gcc@11.2.0~debug~pic+shared arch=linux-ubuntu22.04-broadwell ^ca-certificates-mozilla@2022-03-29%gcc@11.2.0 arch=linux-ubuntu22.04-broadwell ^diffutils@3.8%gcc@11.2.0 arch=linux-ubuntu22.04-broadwell ^expat@2.4.8%gcc@11.2.0+libbsd arch=linux-ubuntu22.04-broadwell ^gdbm@1.19%gcc@11.2.0 arch=linux-ubuntu22.04-broadwell ^gettext@0.21%gcc@11.2.0+bzip2+curses+git~libunistring+libxml2+tar+xz arch=linux-ubuntu22.04-broadwell ^libbsd@0.11.5%gcc@11.2.0 arch=linux-ubuntu22.04-broadwell ^libffi@3.4.2%gcc@11.2.0 arch=linux-ubuntu22.04-broadwell ^libiconv@1.16%gcc@11.2.0 libs=shared,static arch=linux-ubuntu22.04-broadwell ^libmd@1.0.4%gcc@11.2.0 arch=linux-ubuntu22.04-broadwell ^libxml2@2.9.13%gcc@11.2.0~python arch=linux-ubuntu22.04-broadwell ^ncurses@6.2%gcc@11.2.0~symlinks+termlib abi=none arch=linux-ubuntu22.04-broadwell ^ninja@1.11.0%gcc@11.2.0 arch=linux-ubuntu22.04-broadwell ^openssl@1.1.1q%gcc@11.2.0~docs~shared certs=mozilla patches=3fdcf2d arch=linux-ubuntu22.04-broadwell ^perl@5.34.1%gcc@11.2.0+cpanm+shared+threads arch=linux-ubuntu22.04-broadwell ^pigz@2.7%gcc@11.2.0 arch=linux-ubuntu22.04-broadwell ^pkgconf@1.8.0%gcc@11.2.0 arch=linux-ubuntu22.04-broadwell ^py-pip@22.1.2%gcc@11.2.0 arch=linux-ubuntu22.04-broadwell ^py-setuptools@63.0.0%gcc@11.2.0 arch=linux-ubuntu22.04-broadwell ^py-wheel@0.37.1%gcc@11.2.0 arch=linux-ubuntu22.04-broadwell ^python@3.9.13%gcc@11.2.0+bz2+ctypes+dbm~debug+ensurepip+libxml2+lzma~nis~optimizations+pic+pyexpat+pythoncmd+readline+shared+sqlite3+ssl~tix~tkinter~ucs4+uuid+zlib patches=0d98e93,4c24573,f2fd060 arch=linux-ubuntu22.04-broadwell ^readline@8.1.2%gcc@11.2.0 arch=linux-ubuntu22.04-broadwell ^sqlite@3.38.5%gcc@11.2.0+column_metadata+dynamic_extensions+fts~functions+rtree arch=linux-ubuntu22.04-broadwell ^tar@1.34%gcc@11.2.0 zip=pigz arch=linux-ubuntu22.04-broadwell ^util-linux-uuid@2.37.4%gcc@11.2.0 arch=linux-ubuntu22.04-broadwell ^xz@5.2.5%gcc@11.2.0~pic libs=shared,static arch=linux-ubuntu22.04-broadwell ^zlib@1.2.12%gcc@11.2.0+optimize+pic+shared patches=0d38234 arch=linux-ubuntu22.04-broadwell ^zstd@1.5.2%gcc@11.2.0+programs compression=none libs=shared,static arch=linux-ubuntu22.04-broadwell",
            "spliced": "meson@0.58.0%gcc@11.2.0 patches=aa6c50d arch=linux-ubuntu22.04-broadwell ^berkeley-db@18.1.40%gcc@11.2.0+cxx~docs+stl patches=b231fcc arch=linux-ubuntu22.04-broadwell ^bzip2@1.0.8%gcc@11.2.0~debug~pic+shared arch=linux-ubuntu22.04-broadwell ^ca-certificates-mozilla@2022-03-29%gcc@11.2.0 arch=linux-ubuntu22.04-broadwell ^diffutils@3.8%gcc@11.2.0 arch=linux-ubuntu22.04-broadwell ^expat@2.4.8%gcc@11.2.0+libbsd arch=linux-ubuntu22.04-broadwell ^gdbm@1.19%gcc@11.2.0 arch=linux-ubuntu22.04-broadwell ^gettext@0.21%gcc@11.2.0+bzip2+curses+git~libunistring+libxml2+tar+xz arch=linux-ubuntu22.04-broadwell ^libbsd@0.11.5%gcc@11.2.0 arch=linux-ubuntu22.04-broadwell ^libffi@3.4.2%gcc@11.2.0 arch=linux-ubuntu22.04-broadwell ^libiconv@1.16%gcc@11.2.0 libs=shared,static arch=linux-ubuntu22.04-broadwell ^libmd@1.0.4%gcc@11.2.0 arch=linux-ubuntu22.04-broadwell ^libxml2@2.9.13%gcc@11.2.0~python arch=linux-ubuntu22.04-broadwell ^ncurses@6.2%gcc@11.2.0~symlinks+termlib abi=none arch=linux-ubuntu22.04-broadwell ^ninja@1.11.0%gcc@11.2.0 arch=linux-ubuntu22.04-broadwell ^openssl@1.1.1q%gcc@11.2.0~docs~shared certs=mozilla patches=3fdcf2d arch=linux-ubuntu22.04-broadwell ^perl@5.34.1%gcc@11.2.0+cpanm+shared+threads arch=linux-ubuntu22.04-broadwell ^pigz@2.7%gcc@11.2.0 arch=linux-ubuntu22.04-broadwell ^pkgconf@1.8.0%gcc@11.2.0 arch=linux-ubuntu22.04-broadwell ^py-pip@22.1.2%gcc@11.2.0 arch=linux-ubuntu22.04-broadwell ^py-setuptools@63.0.0%gcc@11.2.0 arch=linux-ubuntu22.04-broadwell ^py-wheel@0.37.1%gcc@11.2.0 arch=linux-ubuntu22.04-broadwell ^python@3.7.13%gcc@11.2.0+bz2+ctypes+dbm~debug+ensurepip+libxml2+lzma~nis~optimizations+pic+pyexpat+pythoncmd+readline+shared+sqlite3+ssl~tix~tkinter~ucs4+uuid+zlib patches=0d98e93,f2fd060 arch=linux-ubuntu22.04-broadwell ^readline@8.1.2%gcc@11.2.0 arch=linux-ubuntu22.04-broadwell ^sqlite@3.38.5%gcc@11.2.0+column_metadata+dynamic_extensions+fts~functions+rtree arch=linux-ubuntu22.04-broadwell ^tar@1.34%gcc@11.2.0 zip=pigz arch=linux-ubuntu22.04-broadwell ^util-linux-uuid@2.37.4%gcc@11.2.0 arch=linux-ubuntu22.04-broadwell ^xz@5.2.5%gcc@11.2.0~pic libs=shared,static arch=linux-ubuntu22.04-broadwell ^zlib@1.2.12%gcc@11.2.0+optimize+pic+shared patches=0d38234 arch=linux-ubuntu22.04-broadwell ^zstd@1.5.2%gcc@11.2.0+programs compression=none libs=shared,static arch=linux-ubuntu22.04-broadwell"
        },
        "ids": {
            "original": "/wotmts",
            "spliced": "/txcc2n"
        },
        "original": [],
        "spliced": [],
        "paths": {
            "loads": {
                "original": [
                    "/spack/opt/spack/linux-ubuntu22.04-broadwell/gcc-11.2.0/sqlite-3.38.5-no54od3ios7eqvvdddtbdi4crtf7d6cc/lib",
                    "/spack/opt/spack/linux-ubuntu22.04-broadwell/gcc-11.2.0/libiconv-1.16-a2me5btkg32sgfr2g3vdll7jr5rptijh/lib",
                    "/spack/opt/spack/linux-ubuntu22.04-broadwell/gcc-11.2.0/py-wheel-0.37.1-w3tdm3io6tdae7tikst562jbzx7327wj/lib",
                    "/spack/opt/spack/linux-ubuntu22.04-broadwell/gcc-11.2.0/xz-5.2.5-a6it45dub73webuc2bevg2btctvgrz3b/lib",
                    "/spack/opt/spack/linux-ubuntu22.04-broadwell/gcc-11.2.0/util-linux-uuid-2.37.4-j3jije7kvjaidvrckc6ta7rseoevzsbp/lib",
                    "/spack/opt/spack/linux-ubuntu22.04-broadwell/gcc-11.2.0/py-setuptools-63.0.0-xl5qczfurrahgyklpwnmyk66iownhjmt/lib",
                    "/spack/opt/spack/linux-ubuntu22.04-broadwell/gcc-11.2.0/libffi-3.4.2-4bx4aueas5xh4y6u6jlvjkov5fygt5i3/lib",
                    "/spack/opt/spack/linux-ubuntu22.04-broadwell/gcc-11.2.0/libxml2-2.9.13-7lyfwhxhgqqryo3gyeucwaomtjcldbv5/lib",
                    "/spack/opt/spack/linux-ubuntu22.04-broadwell/gcc-11.2.0/openssl-1.1.1q-2kbjj2bzia6qjs3cejbgvcfymed7adyb/lib",
                    "/spack/opt/spack/linux-ubuntu22.04-broadwell/gcc-11.2.0/berkeley-db-18.1.40-zavy7isyst7423sgnhpvy3zkhwhuj73h/lib",
                    "/spack/opt/spack/linux-ubuntu22.04-broadwell/gcc-11.2.0/gdbm-1.19-nmhbrc4phgu36pofrso5eq4zeziwwllj/lib",
                    "/spack/opt/spack/linux-ubuntu22.04-broadwell/gcc-11.2.0/meson-0.58.0-wotmtsmmfztdg4nhdunhvktzz4sf4huh/lib",
                    "/spack/opt/spack/linux-ubuntu22.04-broadwell/gcc-11.2.0/libmd-1.0.4-bazibseho4uferib3drtqtrikamzu2ik/lib",
                    "/spack/opt/spack/linux-ubuntu22.04-broadwell/gcc-11.2.0/ncurses-6.2-ncpc7uwuhzzoynydmekfqj3zsb3yewgh/lib",
                    "/spack/opt/spack/linux-ubuntu22.04-broadwell/gcc-11.2.0/pkgconf-1.8.0-7l3fzph4stqcpnsbsdbhuxo5ttr6lggn/lib",
                    "/spack/opt/spack/linux-ubuntu22.04-broadwell/gcc-11.2.0/py-pip-22.1.2-tyzu5ty55lyacypmb5nnz6rfcbkg33u6/lib",
                    "/spack/opt/spack/linux-ubuntu22.04-broadwell/gcc-11.2.0/bzip2-1.0.8-bzzxn3o5fbcrvtk6fb4v4dyqcghwvfsq/lib",
                    "/spack/opt/spack/linux-ubuntu22.04-broadwell/gcc-11.2.0/expat-2.4.8-xpz3jarm5tvqggmsverarck6hxubpnne/lib",
                    "/spack/opt/spack/linux-ubuntu22.04-broadwell/gcc-11.2.0/perl-5.34.1-dcksnzav4v7sanfglyuknbkecycrnmmp/lib",
                    "/spack/opt/spack/linux-ubuntu22.04-broadwell/gcc-11.2.0/zstd-1.5.2-wriuzmiuoo3j2ruzh6aenkjeaz3g5zza/lib",
                    "/spack/opt/spack/linux-ubuntu22.04-broadwell/gcc-11.2.0/readline-8.1.2-bwdqddbkk7jkyalnngc7hvjpx7ijahal/lib",
                    "/spack/opt/spack/linux-ubuntu22.04-broadwell/gcc-11.2.0/zlib-1.2.12-k7nmly5fgqmozh6dmuknjvbi4zchoe2p/lib",
                    "/spack/opt/spack/linux-ubuntu22.04-broadwell/gcc-11.2.0/gettext-0.21-tqgkix26t3nsh6knaxjhly2nykrxudej/lib",
                    "/spack/opt/spack/linux-ubuntu22.04-broadwell/gcc-11.2.0/libbsd-0.11.5-jpqhmie2ri6j3olx5qdhy6vxvvnlpjbp/lib",
                    "/spack/opt/spack/linux-ubuntu22.04-broadwell/gcc-11.2.0/python-3.9.13-fu7dhhsigrxs5auvqytky3d3tfdbos62/lib"
                ],
                "spliced": [
                    "/spack/opt/spack/linux-ubuntu22.04-broadwell/gcc-11.2.0/py-wheel-0.37.1-ubafambhxjhd6lqiu4k5uleefy7qa7fj/lib",
                    "/spack/opt/spack/linux-ubuntu22.04-broadwell/gcc-11.2.0/sqlite-3.38.5-no54od3ios7eqvvdddtbdi4crtf7d6cc/lib",
                    "/spack/opt/spack/linux-ubuntu22.04-broadwell/gcc-11.2.0/libiconv-1.16-a2me5btkg32sgfr2g3vdll7jr5rptijh/lib",
                    "/spack/opt/spack/linux-ubuntu22.04-broadwell/gcc-11.2.0/xz-5.2.5-a6it45dub73webuc2bevg2btctvgrz3b/lib",
                    "/spack/opt/spack/linux-ubuntu22.04-broadwell/gcc-11.2.0/py-pip-22.1.2-f7sssjxa5vbbef7cfrj5qnrodz5be7om/lib",
                    "/spack/opt/spack/linux-ubuntu22.04-broadwell/gcc-11.2.0/util-linux-uuid-2.37.4-j3jije7kvjaidvrckc6ta7rseoevzsbp/lib",
                    "/spack/opt/spack/linux-ubuntu22.04-broadwell/gcc-11.2.0/libffi-3.4.2-4bx4aueas5xh4y6u6jlvjkov5fygt5i3/lib",
                    "/spack/opt/spack/linux-ubuntu22.04-broadwell/gcc-11.2.0/libxml2-2.9.13-7lyfwhxhgqqryo3gyeucwaomtjcldbv5/lib",
                    "/spack/opt/spack/linux-ubuntu22.04-broadwell/gcc-11.2.0/py-setuptools-63.0.0-fevb63lchyi7qlhjkfwnkff7ig2jzj4h/lib",
                    "/spack/opt/spack/linux-ubuntu22.04-broadwell/gcc-11.2.0/openssl-1.1.1q-2kbjj2bzia6qjs3cejbgvcfymed7adyb/lib",
                    "/spack/opt/spack/linux-ubuntu22.04-broadwell/gcc-11.2.0/berkeley-db-18.1.40-zavy7isyst7423sgnhpvy3zkhwhuj73h/lib",
                    "/spack/opt/spack/linux-ubuntu22.04-broadwell/gcc-11.2.0/gdbm-1.19-nmhbrc4phgu36pofrso5eq4zeziwwllj/lib",
                    "/spack/opt/spack/linux-ubuntu22.04-broadwell/gcc-11.2.0/meson-0.58.0-txcc2nlsamsinbmicc4vll24mmtqnbhl/lib",
                    "/spack/opt/spack/linux-ubuntu22.04-broadwell/gcc-11.2.0/libmd-1.0.4-bazibseho4uferib3drtqtrikamzu2ik/lib",
                    "/spack/opt/spack/linux-ubuntu22.04-broadwell/gcc-11.2.0/ncurses-6.2-ncpc7uwuhzzoynydmekfqj3zsb3yewgh/lib",
                    "/spack/opt/spack/linux-ubuntu22.04-broadwell/gcc-11.2.0/pkgconf-1.8.0-7l3fzph4stqcpnsbsdbhuxo5ttr6lggn/lib",
                    "/spack/opt/spack/linux-ubuntu22.04-broadwell/gcc-11.2.0/python-3.7.13-ljgsuiimg7tsmyfog7gb2o4gyb7fymdp/lib",
                    "/spack/opt/spack/linux-ubuntu22.04-broadwell/gcc-11.2.0/bzip2-1.0.8-bzzxn3o5fbcrvtk6fb4v4dyqcghwvfsq/lib",
                    "/spack/opt/spack/linux-ubuntu22.04-broadwell/gcc-11.2.0/expat-2.4.8-xpz3jarm5tvqggmsverarck6hxubpnne/lib",
                    "/spack/opt/spack/linux-ubuntu22.04-broadwell/gcc-11.2.0/perl-5.34.1-dcksnzav4v7sanfglyuknbkecycrnmmp/lib",
                    "/spack/opt/spack/linux-ubuntu22.04-broadwell/gcc-11.2.0/zstd-1.5.2-wriuzmiuoo3j2ruzh6aenkjeaz3g5zza/lib",
                    "/spack/opt/spack/linux-ubuntu22.04-broadwell/gcc-11.2.0/readline-8.1.2-bwdqddbkk7jkyalnngc7hvjpx7ijahal/lib",
                    "/spack/opt/spack/linux-ubuntu22.04-broadwell/gcc-11.2.0/zlib-1.2.12-k7nmly5fgqmozh6dmuknjvbi4zchoe2p/lib",
                    "/spack/opt/spack/linux-ubuntu22.04-broadwell/gcc-11.2.0/gettext-0.21-tqgkix26t3nsh6knaxjhly2nykrxudej/lib",
                    "/spack/opt/spack/linux-ubuntu22.04-broadwell/gcc-11.2.0/libbsd-0.11.5-jpqhmie2ri6j3olx5qdhy6vxvvnlpjbp/lib"
                ]
            }
        },
        "predictions": {
            "spack-test": {
                "original": {
                    "message": "==> Spack test ud5b4nivj65e52h27xmtfilb3lcn3qq6\n==> Testing package meson-0.58.0-wotmtsm\n==> Error: TestFailure: 1 tests failed.\n\n\nCommand exited with status 1:\n    '/spack/opt/spack/linux-ubuntu22.04-broadwell/gcc-11.2.0/python-3.9.13-fu7dhhsigrxs5auvqytky3d3tfdbos62/bin/python3.9' '-c' 'import mesonbuild.ast'\nTraceback (most recent call last):\n  File \"<string>\", line 1, in <module>\n  File \"/spack/opt/spack/linux-ubuntu22.04-broadwell/gcc-11.2.0/meson-0.58.0-wotmtsmmfztdg4nhdunhvktzz4sf4huh/lib/python3.9/site-packages/mesonbuild/ast/__init__.py\", line 30, in <module>\n    from .interpreter import AstInterpreter\n  File \"/spack/opt/spack/linux-ubuntu22.04-broadwell/gcc-11.2.0/meson-0.58.0-wotmtsmmfztdg4nhdunhvktzz4sf4huh/lib/python3.9/site-packages/mesonbuild/ast/interpreter.py\", line 19, in <module>\n    from .. import interpreterbase, mparser, mesonlib\n  File \"/spack/opt/spack/linux-ubuntu22.04-broadwell/gcc-11.2.0/meson-0.58.0-wotmtsmmfztdg4nhdunhvktzz4sf4huh/lib/python3.9/site-packages/mesonbuild/interpreterbase.py\", line 19, in <module>\n    from . import environment, dependencies\n  File \"/spack/opt/spack/linux-ubuntu22.04-broadwell/gcc-11.2.0/meson-0.58.0-wotmtsmmfztdg4nhdunhvktzz4sf4huh/lib/python3.9/site-packages/mesonbuild/dependencies/__init__.py\", line 15, in <module>\n    from .boost import BoostDependency\n  File \"/spack/opt/spack/linux-ubuntu22.04-broadwell/gcc-11.2.0/meson-0.58.0-wotmtsmmfztdg4nhdunhvktzz4sf4huh/lib/python3.9/site-packages/mesonbuild/dependencies/boost.py\", line 25, in <module>\n    from .base import DependencyException, ExternalDependency, PkgConfigDependency\n  File \"/spack/opt/spack/linux-ubuntu22.04-broadwell/gcc-11.2.0/meson-0.58.0-wotmtsmmfztdg4nhdunhvktzz4sf4huh/lib/python3.9/site-packages/mesonbuild/dependencies/base.py\", line 41, in <module>\n    from ..interpreterbase import FeatureDeprecated\nImportError: cannot import name 'FeatureDeprecated' from partially initialized module 'mesonbuild.interpreterbase' (most likely due to a circular import) (/spack/opt/spack/linux-ubuntu22.04-broadwell/gcc-11.2.0/meson-0.58.0-wotmtsmmfztdg4nhdunhvktzz4sf4huh/lib/python3.9/site-packages/mesonbuild/interpreterbase.py)\n\n\n\n1 error found in test log:\n     23        from .boost import BoostDependency\n     24      File \"/spack/opt/spack/linux-ubuntu22.04-broadwell/gcc-11.2.0/meso\n           n-0.58.0-wotmtsmmfztdg4nhdunhvktzz4sf4huh/lib/python3.9/site-package\n           s/mesonbuild/dependencies/boost.py\", line 25, in <module>\n     25        from .base import DependencyException, ExternalDependency, PkgCo\n           nfigDependency\n     26      File \"/spack/opt/spack/linux-ubuntu22.04-broadwell/gcc-11.2.0/meso\n           n-0.58.0-wotmtsmmfztdg4nhdunhvktzz4sf4huh/lib/python3.9/site-package\n           s/mesonbuild/dependencies/base.py\", line 41, in <module>\n     27        from ..interpreterbase import FeatureDeprecated\n     28    ImportError: cannot import name 'FeatureDeprecated' from partially i\n           nitialized module 'mesonbuild.interpreterbase' (most likely due to a\n            circular import) (/spack/opt/spack/linux-ubuntu22.04-broadwell/gcc-\n           11.2.0/meson-0.58.0-wotmtsmmfztdg4nhdunhvktzz4sf4huh/lib/python3.9/s\n           ite-packages/mesonbuild/interpreterbase.py)\n  >> 29    FAILED: Command exited with status 1:\n     30        '/spack/opt/spack/linux-ubuntu22.04-broadwell/gcc-11.2.0/python-\n           3.9.13-fu7dhhsigrxs5auvqytky3d3tfdbos62/bin/python3.9' '-c' 'import \n           mesonbuild.ast'\n     31    Traceback (most recent call last):\n     32      File \"<string>\", line 1, in <module>\n     33      File \"/spack/opt/spack/linux-ubuntu22.04-broadwell/gcc-11.2.0/meso\n           n-0.58.0-wotmtsmmfztdg4nhdunhvktzz4sf4huh/lib/python3.9/site-package\n           s/mesonbuild/ast/__init__.py\", line 30, in <module>\n     34        from .interpreter import AstInterpreter\n     35      File \"/spack/opt/spack/linux-ubuntu22.04-broadwell/gcc-11.2.0/meso\n           n-0.58.0-wotmtsmmfztdg4nhdunhvktzz4sf4huh/lib/python3.9/site-package\n           s/mesonbuild/ast/interpreter.py\", line 19, in <module>\n\n\n\n/spack/lib/spack/spack/build_environment.py:1076, in _setup_pkg_and_run:\n       1073        tb_string = traceback.format_exc()\n       1074\n       1075        # build up some context from the offending package so we can\n  >>   1076        # show that, too.\n       1077        package_context = get_package_context(tb)\n       1078\n       1079        logfile = None\n\nSee test log for details:\n  /cache/spack/test/ud5b4nivj65e52h27xmtfilb3lcn3qq6/meson-0.58.0-wotmtsm-test-out.txt\n\n==> Error: 1 test(s) in the suite failed.\n\n======================== 1 failed, 0 passed of 1 specs =========================\n",
                    "return_code": 1,
                    "seconds": 2.219400405883789,
                    "prediction": false,
                    "command": "/spack/bin/spack test run /wotmts"
                },
                "spliced": {
                    "message": "==> Spack test krjzdfw3x4xmppywgt5ephlhef3qgfqt\n==> Testing package meson-0.58.0-txcc2nl\n============================= 1 passed of 1 specs ==============================\n",
                    "return_code": 0,
                    "seconds": 0.8099720478057861,
                    "prediction": true,
                    "command": "/spack/bin/spack test run /txcc2n"
                }
            }
        },
        "stats": {
            "sizes_bytes": {}
        },
        "experiment": "meson",
        "result": "splice-success",
        "success": true,
        "splice": "python@3.7.13",
        "package": "meson@0.58.0",
        "different_libs": false
    }
]