[
    {
        "specs": {
            "original": "meson@0.58.1%gcc@11.2.0 patches=aa6c50d arch=linux-ubuntu22.04-haswell ^berkeley-db@18.1.40%gcc@11.2.0+cxx~docs+stl patches=b231fcc arch=linux-ubuntu22.04-haswell ^bzip2@1.0.8%gcc@11.2.0~debug~pic+shared arch=linux-ubuntu22.04-haswell ^ca-certificates-mozilla@2022-03-29%gcc@11.2.0 arch=linux-ubuntu22.04-haswell ^diffutils@3.8%gcc@11.2.0 arch=linux-ubuntu22.04-haswell ^expat@2.4.8%gcc@11.2.0+libbsd arch=linux-ubuntu22.04-haswell ^gdbm@1.19%gcc@11.2.0 arch=linux-ubuntu22.04-haswell ^gettext@0.21%gcc@11.2.0+bzip2+curses+git~libunistring+libxml2+tar+xz arch=linux-ubuntu22.04-haswell ^libbsd@0.11.5%gcc@11.2.0 arch=linux-ubuntu22.04-haswell ^libffi@3.4.2%gcc@11.2.0 arch=linux-ubuntu22.04-haswell ^libiconv@1.16%gcc@11.2.0 libs=shared,static arch=linux-ubuntu22.04-haswell ^libmd@1.0.4%gcc@11.2.0 arch=linux-ubuntu22.04-haswell ^libxml2@2.9.13%gcc@11.2.0~python arch=linux-ubuntu22.04-haswell ^ncurses@6.2%gcc@11.2.0~symlinks+termlib abi=none arch=linux-ubuntu22.04-haswell ^ninja@1.11.0%gcc@11.2.0 arch=linux-ubuntu22.04-haswell ^openssl@1.1.1q%gcc@11.2.0~docs~shared certs=mozilla patches=3fdcf2d arch=linux-ubuntu22.04-haswell ^perl@5.34.1%gcc@11.2.0+cpanm+shared+threads arch=linux-ubuntu22.04-haswell ^pigz@2.7%gcc@11.2.0 arch=linux-ubuntu22.04-haswell ^pkgconf@1.8.0%gcc@11.2.0 arch=linux-ubuntu22.04-haswell ^py-pip@22.1.2%gcc@11.2.0 arch=linux-ubuntu22.04-haswell ^py-setuptools@63.0.0%gcc@11.2.0 arch=linux-ubuntu22.04-haswell ^py-wheel@0.37.1%gcc@11.2.0 arch=linux-ubuntu22.04-haswell ^python@3.9.13%gcc@11.2.0+bz2+ctypes+dbm~debug+ensurepip+libxml2+lzma~nis~optimizations+pic+pyexpat+pythoncmd+readline+shared+sqlite3+ssl~tix~tkinter~ucs4+uuid+zlib patches=0d98e93,4c24573,f2fd060 arch=linux-ubuntu22.04-haswell ^readline@8.1.2%gcc@11.2.0 arch=linux-ubuntu22.04-haswell ^sqlite@3.38.5%gcc@11.2.0+column_metadata+dynamic_extensions+fts~functions+rtree arch=linux-ubuntu22.04-haswell ^tar@1.34%gcc@11.2.0 zip=pigz arch=linux-ubuntu22.04-haswell ^util-linux-uuid@2.37.4%gcc@11.2.0 arch=linux-ubuntu22.04-haswell ^xz@5.2.5%gcc@11.2.0~pic libs=shared,static arch=linux-ubuntu22.04-haswell ^zlib@1.2.12%gcc@11.2.0+optimize+pic+shared patches=0d38234 arch=linux-ubuntu22.04-haswell ^zstd@1.5.2%gcc@11.2.0+programs compression=none libs=shared,static arch=linux-ubuntu22.04-haswell",
            "spliced": "meson@0.58.1%gcc@11.2.0 patches=aa6c50d arch=linux-ubuntu22.04-haswell ^berkeley-db@18.1.40%gcc@11.2.0+cxx~docs+stl patches=b231fcc arch=linux-ubuntu22.04-haswell ^bzip2@1.0.8%gcc@11.2.0~debug~pic+shared arch=linux-ubuntu22.04-haswell ^ca-certificates-mozilla@2022-03-29%gcc@11.2.0 arch=linux-ubuntu22.04-haswell ^diffutils@3.8%gcc@11.2.0 arch=linux-ubuntu22.04-haswell ^expat@2.4.8%gcc@11.2.0+libbsd arch=linux-ubuntu22.04-haswell ^gdbm@1.19%gcc@11.2.0 arch=linux-ubuntu22.04-haswell ^gettext@0.21%gcc@11.2.0+bzip2+curses+git~libunistring+libxml2+tar+xz arch=linux-ubuntu22.04-haswell ^libbsd@0.11.5%gcc@11.2.0 arch=linux-ubuntu22.04-haswell ^libffi@3.4.2%gcc@11.2.0 arch=linux-ubuntu22.04-haswell ^libiconv@1.16%gcc@11.2.0 libs=shared,static arch=linux-ubuntu22.04-haswell ^libmd@1.0.4%gcc@11.2.0 arch=linux-ubuntu22.04-haswell ^libxml2@2.9.13%gcc@11.2.0~python arch=linux-ubuntu22.04-haswell ^ncurses@6.2%gcc@11.2.0~symlinks+termlib abi=none arch=linux-ubuntu22.04-haswell ^ninja@1.10.0%gcc@11.2.0 arch=linux-ubuntu22.04-haswell ^openssl@1.1.1q%gcc@11.2.0~docs~shared certs=mozilla patches=3fdcf2d arch=linux-ubuntu22.04-haswell ^perl@5.34.1%gcc@11.2.0+cpanm+shared+threads arch=linux-ubuntu22.04-haswell ^pigz@2.7%gcc@11.2.0 arch=linux-ubuntu22.04-haswell ^pkgconf@1.8.0%gcc@11.2.0 arch=linux-ubuntu22.04-haswell ^py-pip@22.1.2%gcc@11.2.0 arch=linux-ubuntu22.04-haswell ^py-setuptools@63.0.0%gcc@11.2.0 arch=linux-ubuntu22.04-haswell ^py-wheel@0.37.1%gcc@11.2.0 arch=linux-ubuntu22.04-haswell ^python@3.9.13%gcc@11.2.0+bz2+ctypes+dbm~debug+ensurepip+libxml2+lzma~nis~optimizations+pic+pyexpat+pythoncmd+readline+shared+sqlite3+ssl~tix~tkinter~ucs4+uuid+zlib patches=0d98e93,4c24573,f2fd060 arch=linux-ubuntu22.04-haswell ^readline@8.1.2%gcc@11.2.0 arch=linux-ubuntu22.04-haswell ^sqlite@3.38.5%gcc@11.2.0+column_metadata+dynamic_extensions+fts~functions+rtree arch=linux-ubuntu22.04-haswell ^tar@1.34%gcc@11.2.0 zip=pigz arch=linux-ubuntu22.04-haswell ^util-linux-uuid@2.37.4%gcc@11.2.0 arch=linux-ubuntu22.04-haswell ^xz@5.2.5%gcc@11.2.0~pic libs=shared,static arch=linux-ubuntu22.04-haswell ^zlib@1.2.12%gcc@11.2.0+optimize+pic+shared patches=0d38234 arch=linux-ubuntu22.04-haswell ^zstd@1.5.2%gcc@11.2.0+programs compression=none libs=shared,static arch=linux-ubuntu22.04-haswell"
        },
        "ids": {
            "original": "/rlbyly",
            "spliced": "/kj5lyn"
        },
        "original": [],
        "spliced": [],
        "paths": {
            "loads": {
                "original": [
                    "/spack/opt/spack/linux-ubuntu22.04-haswell/gcc-11.2.0/libmd-1.0.4-ajqlqlpzseqjzps2pjrcxzqgwoqre7id/lib",
                    "/spack/opt/spack/linux-ubuntu22.04-haswell/gcc-11.2.0/bzip2-1.0.8-szccym2boautmkfmh4m2xm2krbftkd2g/lib",
                    "/spack/opt/spack/linux-ubuntu22.04-haswell/gcc-11.2.0/berkeley-db-18.1.40-y3xm2b4wnx2tsoeh4mb3glrv4zzgmt57/lib",
                    "/spack/opt/spack/linux-ubuntu22.04-haswell/gcc-11.2.0/openssl-1.1.1q-gqizvq5o5pipkqv2cxsg3k47lnqi64j3/lib",
                    "/spack/opt/spack/linux-ubuntu22.04-haswell/gcc-11.2.0/ncurses-6.2-2khyzubbcfupjtbj4nkogd7ebonczczr/lib",
                    "/spack/opt/spack/linux-ubuntu22.04-haswell/gcc-11.2.0/meson-0.58.1-rlbylyrfsargexmooyzejfk3sbh4s4fj/lib",
                    "/spack/opt/spack/linux-ubuntu22.04-haswell/gcc-11.2.0/perl-5.34.1-olweu672du4nrlvjn2shpf62jbgxzzp6/lib",
                    "/spack/opt/spack/linux-ubuntu22.04-haswell/gcc-11.2.0/pkgconf-1.8.0-ruoukh6z67iefyz4cyphkcqaz2g2hx7f/lib",
                    "/spack/opt/spack/linux-ubuntu22.04-haswell/gcc-11.2.0/libiconv-1.16-nylazfnjil3kyc5wyctes6ttimburge6/lib",
                    "/spack/opt/spack/linux-ubuntu22.04-haswell/gcc-11.2.0/util-linux-uuid-2.37.4-zfqnulivrw2c6ucejn44ozyygbnbgkej/lib",
                    "/spack/opt/spack/linux-ubuntu22.04-haswell/gcc-11.2.0/libbsd-0.11.5-ae73lpti6eu6wivubsemtrytzzf3hez7/lib",
                    "/spack/opt/spack/linux-ubuntu22.04-haswell/gcc-11.2.0/readline-8.1.2-b7aunqqlalfx6dlbtvcqgzcvtcn4ysjk/lib",
                    "/spack/opt/spack/linux-ubuntu22.04-haswell/gcc-11.2.0/py-pip-22.1.2-nd5hxakdl6igvv7tx3olohvdz3mufwbb/lib",
                    "/spack/opt/spack/linux-ubuntu22.04-haswell/gcc-11.2.0/py-wheel-0.37.1-elguqdgx2rqpyjti3aiugzkciub2w7pc/lib",
                    "/spack/opt/spack/linux-ubuntu22.04-haswell/gcc-11.2.0/libxml2-2.9.13-7nkjcj7tyvlqw2evbz75lmy3orkmqpmy/lib",
                    "/spack/opt/spack/linux-ubuntu22.04-haswell/gcc-11.2.0/py-setuptools-63.0.0-qjixzrrpenjwdukrncgixplgrivtxn4g/lib",
                    "/spack/opt/spack/linux-ubuntu22.04-haswell/gcc-11.2.0/sqlite-3.38.5-d2ea6bj7l73lk6qts76ztojzxfz5mcvc/lib",
                    "/spack/opt/spack/linux-ubuntu22.04-haswell/gcc-11.2.0/xz-5.2.5-ub757pyoqpaurexmrq7oxo7cj35qod2q/lib",
                    "/spack/opt/spack/linux-ubuntu22.04-haswell/gcc-11.2.0/zstd-1.5.2-nbvfzv7w6wra46fxbdhk5ewgplaxuwqn/lib",
                    "/spack/opt/spack/linux-ubuntu22.04-haswell/gcc-11.2.0/gettext-0.21-u6wcu25n7tfqtrvnexez66utuydb4smx/lib",
                    "/spack/opt/spack/linux-ubuntu22.04-haswell/gcc-11.2.0/gdbm-1.19-wcroyxphbv36i3i7pvflptbcp2fqumx3/lib",
                    "/spack/opt/spack/linux-ubuntu22.04-haswell/gcc-11.2.0/python-3.9.13-q47iise7npr7iijnfw5l66jtgksi4tvc/lib",
                    "/spack/opt/spack/linux-ubuntu22.04-haswell/gcc-11.2.0/zlib-1.2.12-ychk3ix6mv3mgsrtnazfunnmu4vrspkk/lib",
                    "/spack/opt/spack/linux-ubuntu22.04-haswell/gcc-11.2.0/expat-2.4.8-owhc2truzoihyzfqo7rxjgd4edfc6j7v/lib",
                    "/spack/opt/spack/linux-ubuntu22.04-haswell/gcc-11.2.0/libffi-3.4.2-m3zifbsskipiwtc4j55gcuiggbxrlc73/lib"
                ],
                "spliced": [
                    "/spack/opt/spack/linux-ubuntu22.04-haswell/gcc-11.2.0/libmd-1.0.4-ajqlqlpzseqjzps2pjrcxzqgwoqre7id/lib",
                    "/spack/opt/spack/linux-ubuntu22.04-haswell/gcc-11.2.0/bzip2-1.0.8-szccym2boautmkfmh4m2xm2krbftkd2g/lib",
                    "/spack/opt/spack/linux-ubuntu22.04-haswell/gcc-11.2.0/berkeley-db-18.1.40-y3xm2b4wnx2tsoeh4mb3glrv4zzgmt57/lib",
                    "/spack/opt/spack/linux-ubuntu22.04-haswell/gcc-11.2.0/openssl-1.1.1q-gqizvq5o5pipkqv2cxsg3k47lnqi64j3/lib",
                    "/spack/opt/spack/linux-ubuntu22.04-haswell/gcc-11.2.0/ncurses-6.2-2khyzubbcfupjtbj4nkogd7ebonczczr/lib",
                    "/spack/opt/spack/linux-ubuntu22.04-haswell/gcc-11.2.0/perl-5.34.1-olweu672du4nrlvjn2shpf62jbgxzzp6/lib",
                    "/spack/opt/spack/linux-ubuntu22.04-haswell/gcc-11.2.0/py-setuptools-63.0.0-g475bshoryifohuytt7y3ge2umituppg/lib",
                    "/spack/opt/spack/linux-ubuntu22.04-haswell/gcc-11.2.0/pkgconf-1.8.0-ruoukh6z67iefyz4cyphkcqaz2g2hx7f/lib",
                    "/spack/opt/spack/linux-ubuntu22.04-haswell/gcc-11.2.0/libiconv-1.16-nylazfnjil3kyc5wyctes6ttimburge6/lib",
                    "/spack/opt/spack/linux-ubuntu22.04-haswell/gcc-11.2.0/util-linux-uuid-2.37.4-zfqnulivrw2c6ucejn44ozyygbnbgkej/lib",
                    "/spack/opt/spack/linux-ubuntu22.04-haswell/gcc-11.2.0/libbsd-0.11.5-ae73lpti6eu6wivubsemtrytzzf3hez7/lib",
                    "/spack/opt/spack/linux-ubuntu22.04-haswell/gcc-11.2.0/readline-8.1.2-b7aunqqlalfx6dlbtvcqgzcvtcn4ysjk/lib",
                    "/spack/opt/spack/linux-ubuntu22.04-haswell/gcc-11.2.0/libxml2-2.9.13-7nkjcj7tyvlqw2evbz75lmy3orkmqpmy/lib",
                    "/spack/opt/spack/linux-ubuntu22.04-haswell/gcc-11.2.0/py-pip-22.1.2-3okip5kqbvxn6pwmfjb57eogafl7scz2/lib",
                    "/spack/opt/spack/linux-ubuntu22.04-haswell/gcc-11.2.0/sqlite-3.38.5-d2ea6bj7l73lk6qts76ztojzxfz5mcvc/lib",
                    "/spack/opt/spack/linux-ubuntu22.04-haswell/gcc-11.2.0/py-wheel-0.37.1-ltvvmuvb2dskp25r2n2vjco6dli2mhng/lib",
                    "/spack/opt/spack/linux-ubuntu22.04-haswell/gcc-11.2.0/xz-5.2.5-ub757pyoqpaurexmrq7oxo7cj35qod2q/lib",
                    "/spack/opt/spack/linux-ubuntu22.04-haswell/gcc-11.2.0/zstd-1.5.2-nbvfzv7w6wra46fxbdhk5ewgplaxuwqn/lib",
                    "/spack/opt/spack/linux-ubuntu22.04-haswell/gcc-11.2.0/gettext-0.21-u6wcu25n7tfqtrvnexez66utuydb4smx/lib",
                    "/spack/opt/spack/linux-ubuntu22.04-haswell/gcc-11.2.0/gdbm-1.19-wcroyxphbv36i3i7pvflptbcp2fqumx3/lib",
                    "/spack/opt/spack/linux-ubuntu22.04-haswell/gcc-11.2.0/python-3.9.13-q47iise7npr7iijnfw5l66jtgksi4tvc/lib",
                    "/spack/opt/spack/linux-ubuntu22.04-haswell/gcc-11.2.0/zlib-1.2.12-ychk3ix6mv3mgsrtnazfunnmu4vrspkk/lib",
                    "/spack/opt/spack/linux-ubuntu22.04-haswell/gcc-11.2.0/expat-2.4.8-owhc2truzoihyzfqo7rxjgd4edfc6j7v/lib",
                    "/spack/opt/spack/linux-ubuntu22.04-haswell/gcc-11.2.0/meson-0.58.1-kj5lynmakfad7ow5n5iqdt6cuusr6fxn/lib",
                    "/spack/opt/spack/linux-ubuntu22.04-haswell/gcc-11.2.0/libffi-3.4.2-m3zifbsskipiwtc4j55gcuiggbxrlc73/lib"
                ]
            }
        },
        "predictions": {
            "spack-test": {
                "original": {
                    "message": "==> Spack test v7hvumkhqz2zv4hfi3k6qxdjqt4cbniy\n==> Testing package meson-0.58.1-rlbylyr\n==> Error: TestFailure: 1 tests failed.\n\n\nCommand exited with status 1:\n    '/spack/opt/spack/linux-ubuntu22.04-haswell/gcc-11.2.0/python-3.9.13-q47iise7npr7iijnfw5l66jtgksi4tvc/bin/python3.9' '-c' 'import mesonbuild.ast'\nTraceback (most recent call last):\n  File \"<string>\", line 1, in <module>\n  File \"/spack/opt/spack/linux-ubuntu22.04-haswell/gcc-11.2.0/meson-0.58.1-rlbylyrfsargexmooyzejfk3sbh4s4fj/lib/python3.9/site-packages/mesonbuild/ast/__init__.py\", line 30, in <module>\n    from .interpreter import AstInterpreter\n  File \"/spack/opt/spack/linux-ubuntu22.04-haswell/gcc-11.2.0/meson-0.58.1-rlbylyrfsargexmooyzejfk3sbh4s4fj/lib/python3.9/site-packages/mesonbuild/ast/interpreter.py\", line 19, in <module>\n    from .. import interpreterbase, mparser, mesonlib\n  File \"/spack/opt/spack/linux-ubuntu22.04-haswell/gcc-11.2.0/meson-0.58.1-rlbylyrfsargexmooyzejfk3sbh4s4fj/lib/python3.9/site-packages/mesonbuild/interpreterbase.py\", line 19, in <module>\n    from . import environment, dependencies\n  File \"/spack/opt/spack/linux-ubuntu22.04-haswell/gcc-11.2.0/meson-0.58.1-rlbylyrfsargexmooyzejfk3sbh4s4fj/lib/python3.9/site-packages/mesonbuild/dependencies/__init__.py\", line 15, in <module>\n    from .boost import BoostDependency\n  File \"/spack/opt/spack/linux-ubuntu22.04-haswell/gcc-11.2.0/meson-0.58.1-rlbylyrfsargexmooyzejfk3sbh4s4fj/lib/python3.9/site-packages/mesonbuild/dependencies/boost.py\", line 25, in <module>\n    from .base import DependencyException, ExternalDependency, PkgConfigDependency\n  File \"/spack/opt/spack/linux-ubuntu22.04-haswell/gcc-11.2.0/meson-0.58.1-rlbylyrfsargexmooyzejfk3sbh4s4fj/lib/python3.9/site-packages/mesonbuild/dependencies/base.py\", line 41, in <module>\n    from ..interpreterbase import FeatureDeprecated\nImportError: cannot import name 'FeatureDeprecated' from partially initialized module 'mesonbuild.interpreterbase' (most likely due to a circular import) (/spack/opt/spack/linux-ubuntu22.04-haswell/gcc-11.2.0/meson-0.58.1-rlbylyrfsargexmooyzejfk3sbh4s4fj/lib/python3.9/site-packages/mesonbuild/interpreterbase.py)\n\n\n\n1 error found in test log:\n     23        from .boost import BoostDependency\n     24      File \"/spack/opt/spack/linux-ubuntu22.04-haswell/gcc-11.2.0/meson-\n           0.58.1-rlbylyrfsargexmooyzejfk3sbh4s4fj/lib/python3.9/site-packages/\n           mesonbuild/dependencies/boost.py\", line 25, in <module>\n     25        from .base import DependencyException, ExternalDependency, PkgCo\n           nfigDependency\n     26      File \"/spack/opt/spack/linux-ubuntu22.04-haswell/gcc-11.2.0/meson-\n           0.58.1-rlbylyrfsargexmooyzejfk3sbh4s4fj/lib/python3.9/site-packages/\n           mesonbuild/dependencies/base.py\", line 41, in <module>\n     27        from ..interpreterbase import FeatureDeprecated\n     28    ImportError: cannot import name 'FeatureDeprecated' from partially i\n           nitialized module 'mesonbuild.interpreterbase' (most likely due to a\n            circular import) (/spack/opt/spack/linux-ubuntu22.04-haswell/gcc-11\n           .2.0/meson-0.58.1-rlbylyrfsargexmooyzejfk3sbh4s4fj/lib/python3.9/sit\n           e-packages/mesonbuild/interpreterbase.py)\n  >> 29    FAILED: Command exited with status 1:\n     30        '/spack/opt/spack/linux-ubuntu22.04-haswell/gcc-11.2.0/python-3.\n           9.13-q47iise7npr7iijnfw5l66jtgksi4tvc/bin/python3.9' '-c' 'import me\n           sonbuild.ast'\n     31    Traceback (most recent call last):\n     32      File \"<string>\", line 1, in <module>\n     33      File \"/spack/opt/spack/linux-ubuntu22.04-haswell/gcc-11.2.0/meson-\n           0.58.1-rlbylyrfsargexmooyzejfk3sbh4s4fj/lib/python3.9/site-packages/\n           mesonbuild/ast/__init__.py\", line 30, in <module>\n     34        from .interpreter import AstInterpreter\n     35      File \"/spack/opt/spack/linux-ubuntu22.04-haswell/gcc-11.2.0/meson-\n           0.58.1-rlbylyrfsargexmooyzejfk3sbh4s4fj/lib/python3.9/site-packages/\n           mesonbuild/ast/interpreter.py\", line 19, in <module>\n\n\n\n/spack/lib/spack/spack/build_environment.py:1076, in _setup_pkg_and_run:\n       1073        tb_string = traceback.format_exc()\n       1074\n       1075        # build up some context from the offending package so we can\n  >>   1076        # show that, too.\n       1077        package_context = get_package_context(tb)\n       1078\n       1079        logfile = None\n\nSee test log for details:\n  /cache/spack/test/v7hvumkhqz2zv4hfi3k6qxdjqt4cbniy/meson-0.58.1-rlbylyr-test-out.txt\n\n==> Error: 1 test(s) in the suite failed.\n\n======================== 1 failed, 0 passed of 1 specs =========================\n",
                    "return_code": 1,
                    "seconds": 2.8181538581848145,
                    "prediction": false,
                    "command": "/spack/bin/spack test run /rlbyly"
                },
                "spliced": {
                    "message": "==> Spack test ilgdbo4arqss63o5ohgmc3vtt3hinok4\n==> Testing package meson-0.58.1-kj5lynm\n==> Error: TestFailure: 1 tests failed.\n\n\nCommand exited with status 1:\n    '/spack/opt/spack/linux-ubuntu22.04-haswell/gcc-11.2.0/python-3.9.13-q47iise7npr7iijnfw5l66jtgksi4tvc/bin/python3.9' '-c' 'import mesonbuild.ast'\nTraceback (most recent call last):\n  File \"<string>\", line 1, in <module>\n  File \"/spack/opt/spack/linux-ubuntu22.04-haswell/gcc-11.2.0/meson-0.58.1-kj5lynmakfad7ow5n5iqdt6cuusr6fxn/lib/python3.9/site-packages/mesonbuild/ast/__init__.py\", line 30, in <module>\n    from .interpreter import AstInterpreter\n  File \"/spack/opt/spack/linux-ubuntu22.04-haswell/gcc-11.2.0/meson-0.58.1-kj5lynmakfad7ow5n5iqdt6cuusr6fxn/lib/python3.9/site-packages/mesonbuild/ast/interpreter.py\", line 19, in <module>\n    from .. import interpreterbase, mparser, mesonlib\n  File \"/spack/opt/spack/linux-ubuntu22.04-haswell/gcc-11.2.0/meson-0.58.1-kj5lynmakfad7ow5n5iqdt6cuusr6fxn/lib/python3.9/site-packages/mesonbuild/interpreterbase.py\", line 19, in <module>\n    from . import environment, dependencies\n  File \"/spack/opt/spack/linux-ubuntu22.04-haswell/gcc-11.2.0/meson-0.58.1-kj5lynmakfad7ow5n5iqdt6cuusr6fxn/lib/python3.9/site-packages/mesonbuild/dependencies/__init__.py\", line 15, in <module>\n    from .boost import BoostDependency\n  File \"/spack/opt/spack/linux-ubuntu22.04-haswell/gcc-11.2.0/meson-0.58.1-kj5lynmakfad7ow5n5iqdt6cuusr6fxn/lib/python3.9/site-packages/mesonbuild/dependencies/boost.py\", line 25, in <module>\n    from .base import DependencyException, ExternalDependency, PkgConfigDependency\n  File \"/spack/opt/spack/linux-ubuntu22.04-haswell/gcc-11.2.0/meson-0.58.1-kj5lynmakfad7ow5n5iqdt6cuusr6fxn/lib/python3.9/site-packages/mesonbuild/dependencies/base.py\", line 41, in <module>\n    from ..interpreterbase import FeatureDeprecated\nImportError: cannot import name 'FeatureDeprecated' from partially initialized module 'mesonbuild.interpreterbase' (most likely due to a circular import) (/spack/opt/spack/linux-ubuntu22.04-haswell/gcc-11.2.0/meson-0.58.1-kj5lynmakfad7ow5n5iqdt6cuusr6fxn/lib/python3.9/site-packages/mesonbuild/interpreterbase.py)\n\n\n\n1 error found in test log:\n     23        from .boost import BoostDependency\n     24      File \"/spack/opt/spack/linux-ubuntu22.04-haswell/gcc-11.2.0/meson-\n           0.58.1-kj5lynmakfad7ow5n5iqdt6cuusr6fxn/lib/python3.9/site-packages/\n           mesonbuild/dependencies/boost.py\", line 25, in <module>\n     25        from .base import DependencyException, ExternalDependency, PkgCo\n           nfigDependency\n     26      File \"/spack/opt/spack/linux-ubuntu22.04-haswell/gcc-11.2.0/meson-\n           0.58.1-kj5lynmakfad7ow5n5iqdt6cuusr6fxn/lib/python3.9/site-packages/\n           mesonbuild/dependencies/base.py\", line 41, in <module>\n     27        from ..interpreterbase import FeatureDeprecated\n     28    ImportError: cannot import name 'FeatureDeprecated' from partially i\n           nitialized module 'mesonbuild.interpreterbase' (most likely due to a\n            circular import) (/spack/opt/spack/linux-ubuntu22.04-haswell/gcc-11\n           .2.0/meson-0.58.1-kj5lynmakfad7ow5n5iqdt6cuusr6fxn/lib/python3.9/sit\n           e-packages/mesonbuild/interpreterbase.py)\n  >> 29    FAILED: Command exited with status 1:\n     30        '/spack/opt/spack/linux-ubuntu22.04-haswell/gcc-11.2.0/python-3.\n           9.13-q47iise7npr7iijnfw5l66jtgksi4tvc/bin/python3.9' '-c' 'import me\n           sonbuild.ast'\n     31    Traceback (most recent call last):\n     32      File \"<string>\", line 1, in <module>\n     33      File \"/spack/opt/spack/linux-ubuntu22.04-haswell/gcc-11.2.0/meson-\n           0.58.1-kj5lynmakfad7ow5n5iqdt6cuusr6fxn/lib/python3.9/site-packages/\n           mesonbuild/ast/__init__.py\", line 30, in <module>\n     34        from .interpreter import AstInterpreter\n     35      File \"/spack/opt/spack/linux-ubuntu22.04-haswell/gcc-11.2.0/meson-\n           0.58.1-kj5lynmakfad7ow5n5iqdt6cuusr6fxn/lib/python3.9/site-packages/\n           mesonbuild/ast/interpreter.py\", line 19, in <module>\n\n\n\n/spack/lib/spack/spack/build_environment.py:1076, in _setup_pkg_and_run:\n       1073        tb_string = traceback.format_exc()\n       1074\n       1075        # build up some context from the offending package so we can\n  >>   1076        # show that, too.\n       1077        package_context = get_package_context(tb)\n       1078\n       1079        logfile = None\n\nSee test log for details:\n  /cache/spack/test/ilgdbo4arqss63o5ohgmc3vtt3hinok4/meson-0.58.1-kj5lynm-test-out.txt\n\n==> Error: 1 test(s) in the suite failed.\n\n======================== 1 failed, 0 passed of 1 specs =========================\n",
                    "return_code": 1,
                    "seconds": 3.1137614250183105,
                    "prediction": false,
                    "command": "/spack/bin/spack test run /kj5lyn"
                }
            }
        },
        "stats": {
            "sizes_bytes": {}
        },
        "experiment": "meson",
        "result": "splice-success",
        "success": true,
        "splice": "ninja@1.10.0",
        "package": "meson@0.58.1",
        "different_libs": false
    },
    {
        "specs": {
            "original": "meson@0.58.1%gcc@11.2.0 patches=aa6c50d arch=linux-ubuntu22.04-haswell ^berkeley-db@18.1.40%gcc@11.2.0+cxx~docs+stl patches=b231fcc arch=linux-ubuntu22.04-haswell ^bzip2@1.0.8%gcc@11.2.0~debug~pic+shared arch=linux-ubuntu22.04-haswell ^ca-certificates-mozilla@2022-03-29%gcc@11.2.0 arch=linux-ubuntu22.04-haswell ^diffutils@3.8%gcc@11.2.0 arch=linux-ubuntu22.04-haswell ^expat@2.4.8%gcc@11.2.0+libbsd arch=linux-ubuntu22.04-haswell ^gdbm@1.19%gcc@11.2.0 arch=linux-ubuntu22.04-haswell ^gettext@0.21%gcc@11.2.0+bzip2+curses+git~libunistring+libxml2+tar+xz arch=linux-ubuntu22.04-haswell ^libbsd@0.11.5%gcc@11.2.0 arch=linux-ubuntu22.04-haswell ^libffi@3.4.2%gcc@11.2.0 arch=linux-ubuntu22.04-haswell ^libiconv@1.16%gcc@11.2.0 libs=shared,static arch=linux-ubuntu22.04-haswell ^libmd@1.0.4%gcc@11.2.0 arch=linux-ubuntu22.04-haswell ^libxml2@2.9.13%gcc@11.2.0~python arch=linux-ubuntu22.04-haswell ^ncurses@6.2%gcc@11.2.0~symlinks+termlib abi=none arch=linux-ubuntu22.04-haswell ^ninja@1.11.0%gcc@11.2.0 arch=linux-ubuntu22.04-haswell ^openssl@1.1.1q%gcc@11.2.0~docs~shared certs=mozilla patches=3fdcf2d arch=linux-ubuntu22.04-haswell ^perl@5.34.1%gcc@11.2.0+cpanm+shared+threads arch=linux-ubuntu22.04-haswell ^pigz@2.7%gcc@11.2.0 arch=linux-ubuntu22.04-haswell ^pkgconf@1.8.0%gcc@11.2.0 arch=linux-ubuntu22.04-haswell ^py-pip@22.1.2%gcc@11.2.0 arch=linux-ubuntu22.04-haswell ^py-setuptools@63.0.0%gcc@11.2.0 arch=linux-ubuntu22.04-haswell ^py-wheel@0.37.1%gcc@11.2.0 arch=linux-ubuntu22.04-haswell ^python@3.9.13%gcc@11.2.0+bz2+ctypes+dbm~debug+ensurepip+libxml2+lzma~nis~optimizations+pic+pyexpat+pythoncmd+readline+shared+sqlite3+ssl~tix~tkinter~ucs4+uuid+zlib patches=0d98e93,4c24573,f2fd060 arch=linux-ubuntu22.04-haswell ^readline@8.1.2%gcc@11.2.0 arch=linux-ubuntu22.04-haswell ^sqlite@3.38.5%gcc@11.2.0+column_metadata+dynamic_extensions+fts~functions+rtree arch=linux-ubuntu22.04-haswell ^tar@1.34%gcc@11.2.0 zip=pigz arch=linux-ubuntu22.04-haswell ^util-linux-uuid@2.37.4%gcc@11.2.0 arch=linux-ubuntu22.04-haswell ^xz@5.2.5%gcc@11.2.0~pic libs=shared,static arch=linux-ubuntu22.04-haswell ^zlib@1.2.12%gcc@11.2.0+optimize+pic+shared patches=0d38234 arch=linux-ubuntu22.04-haswell ^zstd@1.5.2%gcc@11.2.0+programs compression=none libs=shared,static arch=linux-ubuntu22.04-haswell",
            "spliced": "meson@0.58.1%gcc@11.2.0 patches=aa6c50d arch=linux-ubuntu22.04-haswell ^berkeley-db@18.1.40%gcc@11.2.0+cxx~docs+stl patches=b231fcc arch=linux-ubuntu22.04-haswell ^bzip2@1.0.8%gcc@11.2.0~debug~pic+shared arch=linux-ubuntu22.04-haswell ^ca-certificates-mozilla@2022-03-29%gcc@11.2.0 arch=linux-ubuntu22.04-haswell ^diffutils@3.8%gcc@11.2.0 arch=linux-ubuntu22.04-haswell ^expat@2.4.8%gcc@11.2.0+libbsd arch=linux-ubuntu22.04-haswell ^gdbm@1.19%gcc@11.2.0 arch=linux-ubuntu22.04-haswell ^gettext@0.21%gcc@11.2.0+bzip2+curses+git~libunistring+libxml2+tar+xz arch=linux-ubuntu22.04-haswell ^libbsd@0.11.5%gcc@11.2.0 arch=linux-ubuntu22.04-haswell ^libffi@3.4.2%gcc@11.2.0 arch=linux-ubuntu22.04-haswell ^libiconv@1.16%gcc@11.2.0 libs=shared,static arch=linux-ubuntu22.04-haswell ^libmd@1.0.4%gcc@11.2.0 arch=linux-ubuntu22.04-haswell ^libxml2@2.9.13%gcc@11.2.0~python arch=linux-ubuntu22.04-haswell ^ncurses@6.2%gcc@11.2.0~symlinks+termlib abi=none arch=linux-ubuntu22.04-haswell ^ninja@1.10.1%gcc@11.2.0 arch=linux-ubuntu22.04-haswell ^openssl@1.1.1q%gcc@11.2.0~docs~shared certs=mozilla patches=3fdcf2d arch=linux-ubuntu22.04-haswell ^perl@5.34.1%gcc@11.2.0+cpanm+shared+threads arch=linux-ubuntu22.04-haswell ^pigz@2.7%gcc@11.2.0 arch=linux-ubuntu22.04-haswell ^pkgconf@1.8.0%gcc@11.2.0 arch=linux-ubuntu22.04-haswell ^py-pip@22.1.2%gcc@11.2.0 arch=linux-ubuntu22.04-haswell ^py-setuptools@63.0.0%gcc@11.2.0 arch=linux-ubuntu22.04-haswell ^py-wheel@0.37.1%gcc@11.2.0 arch=linux-ubuntu22.04-haswell ^python@3.9.13%gcc@11.2.0+bz2+ctypes+dbm~debug+ensurepip+libxml2+lzma~nis~optimizations+pic+pyexpat+pythoncmd+readline+shared+sqlite3+ssl~tix~tkinter~ucs4+uuid+zlib patches=0d98e93,4c24573,f2fd060 arch=linux-ubuntu22.04-haswell ^readline@8.1.2%gcc@11.2.0 arch=linux-ubuntu22.04-haswell ^sqlite@3.38.5%gcc@11.2.0+column_metadata+dynamic_extensions+fts~functions+rtree arch=linux-ubuntu22.04-haswell ^tar@1.34%gcc@11.2.0 zip=pigz arch=linux-ubuntu22.04-haswell ^util-linux-uuid@2.37.4%gcc@11.2.0 arch=linux-ubuntu22.04-haswell ^xz@5.2.5%gcc@11.2.0~pic libs=shared,static arch=linux-ubuntu22.04-haswell ^zlib@1.2.12%gcc@11.2.0+optimize+pic+shared patches=0d38234 arch=linux-ubuntu22.04-haswell ^zstd@1.5.2%gcc@11.2.0+programs compression=none libs=shared,static arch=linux-ubuntu22.04-haswell"
        },
        "ids": {
            "original": "/rlbyly",
            "spliced": "/4d23k5"
        },
        "original": [],
        "spliced": [],
        "paths": {
            "loads": {
                "original": [
                    "/spack/opt/spack/linux-ubuntu22.04-haswell/gcc-11.2.0/libmd-1.0.4-ajqlqlpzseqjzps2pjrcxzqgwoqre7id/lib",
                    "/spack/opt/spack/linux-ubuntu22.04-haswell/gcc-11.2.0/bzip2-1.0.8-szccym2boautmkfmh4m2xm2krbftkd2g/lib",
                    "/spack/opt/spack/linux-ubuntu22.04-haswell/gcc-11.2.0/berkeley-db-18.1.40-y3xm2b4wnx2tsoeh4mb3glrv4zzgmt57/lib",
                    "/spack/opt/spack/linux-ubuntu22.04-haswell/gcc-11.2.0/openssl-1.1.1q-gqizvq5o5pipkqv2cxsg3k47lnqi64j3/lib",
                    "/spack/opt/spack/linux-ubuntu22.04-haswell/gcc-11.2.0/ncurses-6.2-2khyzubbcfupjtbj4nkogd7ebonczczr/lib",
                    "/spack/opt/spack/linux-ubuntu22.04-haswell/gcc-11.2.0/meson-0.58.1-rlbylyrfsargexmooyzejfk3sbh4s4fj/lib",
                    "/spack/opt/spack/linux-ubuntu22.04-haswell/gcc-11.2.0/perl-5.34.1-olweu672du4nrlvjn2shpf62jbgxzzp6/lib",
                    "/spack/opt/spack/linux-ubuntu22.04-haswell/gcc-11.2.0/pkgconf-1.8.0-ruoukh6z67iefyz4cyphkcqaz2g2hx7f/lib",
                    "/spack/opt/spack/linux-ubuntu22.04-haswell/gcc-11.2.0/libiconv-1.16-nylazfnjil3kyc5wyctes6ttimburge6/lib",
                    "/spack/opt/spack/linux-ubuntu22.04-haswell/gcc-11.2.0/util-linux-uuid-2.37.4-zfqnulivrw2c6ucejn44ozyygbnbgkej/lib",
                    "/spack/opt/spack/linux-ubuntu22.04-haswell/gcc-11.2.0/libbsd-0.11.5-ae73lpti6eu6wivubsemtrytzzf3hez7/lib",
                    "/spack/opt/spack/linux-ubuntu22.04-haswell/gcc-11.2.0/readline-8.1.2-b7aunqqlalfx6dlbtvcqgzcvtcn4ysjk/lib",
                    "/spack/opt/spack/linux-ubuntu22.04-haswell/gcc-11.2.0/py-pip-22.1.2-nd5hxakdl6igvv7tx3olohvdz3mufwbb/lib",
                    "/spack/opt/spack/linux-ubuntu22.04-haswell/gcc-11.2.0/py-wheel-0.37.1-elguqdgx2rqpyjti3aiugzkciub2w7pc/lib",
                    "/spack/opt/spack/linux-ubuntu22.04-haswell/gcc-11.2.0/libxml2-2.9.13-7nkjcj7tyvlqw2evbz75lmy3orkmqpmy/lib",
                    "/spack/opt/spack/linux-ubuntu22.04-haswell/gcc-11.2.0/py-setuptools-63.0.0-qjixzrrpenjwdukrncgixplgrivtxn4g/lib",
                    "/spack/opt/spack/linux-ubuntu22.04-haswell/gcc-11.2.0/sqlite-3.38.5-d2ea6bj7l73lk6qts76ztojzxfz5mcvc/lib",
                    "/spack/opt/spack/linux-ubuntu22.04-haswell/gcc-11.2.0/xz-5.2.5-ub757pyoqpaurexmrq7oxo7cj35qod2q/lib",
                    "/spack/opt/spack/linux-ubuntu22.04-haswell/gcc-11.2.0/zstd-1.5.2-nbvfzv7w6wra46fxbdhk5ewgplaxuwqn/lib",
                    "/spack/opt/spack/linux-ubuntu22.04-haswell/gcc-11.2.0/gettext-0.21-u6wcu25n7tfqtrvnexez66utuydb4smx/lib",
                    "/spack/opt/spack/linux-ubuntu22.04-haswell/gcc-11.2.0/gdbm-1.19-wcroyxphbv36i3i7pvflptbcp2fqumx3/lib",
                    "/spack/opt/spack/linux-ubuntu22.04-haswell/gcc-11.2.0/python-3.9.13-q47iise7npr7iijnfw5l66jtgksi4tvc/lib",
                    "/spack/opt/spack/linux-ubuntu22.04-haswell/gcc-11.2.0/zlib-1.2.12-ychk3ix6mv3mgsrtnazfunnmu4vrspkk/lib",
                    "/spack/opt/spack/linux-ubuntu22.04-haswell/gcc-11.2.0/expat-2.4.8-owhc2truzoihyzfqo7rxjgd4edfc6j7v/lib",
                    "/spack/opt/spack/linux-ubuntu22.04-haswell/gcc-11.2.0/libffi-3.4.2-m3zifbsskipiwtc4j55gcuiggbxrlc73/lib"
                ],
                "spliced": [
                    "/spack/opt/spack/linux-ubuntu22.04-haswell/gcc-11.2.0/libmd-1.0.4-ajqlqlpzseqjzps2pjrcxzqgwoqre7id/lib",
                    "/spack/opt/spack/linux-ubuntu22.04-haswell/gcc-11.2.0/bzip2-1.0.8-szccym2boautmkfmh4m2xm2krbftkd2g/lib",
                    "/spack/opt/spack/linux-ubuntu22.04-haswell/gcc-11.2.0/berkeley-db-18.1.40-y3xm2b4wnx2tsoeh4mb3glrv4zzgmt57/lib",
                    "/spack/opt/spack/linux-ubuntu22.04-haswell/gcc-11.2.0/openssl-1.1.1q-gqizvq5o5pipkqv2cxsg3k47lnqi64j3/lib",
                    "/spack/opt/spack/linux-ubuntu22.04-haswell/gcc-11.2.0/ncurses-6.2-2khyzubbcfupjtbj4nkogd7ebonczczr/lib",
                    "/spack/opt/spack/linux-ubuntu22.04-haswell/gcc-11.2.0/perl-5.34.1-olweu672du4nrlvjn2shpf62jbgxzzp6/lib",
                    "/spack/opt/spack/linux-ubuntu22.04-haswell/gcc-11.2.0/py-setuptools-63.0.0-g475bshoryifohuytt7y3ge2umituppg/lib",
                    "/spack/opt/spack/linux-ubuntu22.04-haswell/gcc-11.2.0/pkgconf-1.8.0-ruoukh6z67iefyz4cyphkcqaz2g2hx7f/lib",
                    "/spack/opt/spack/linux-ubuntu22.04-haswell/gcc-11.2.0/libiconv-1.16-nylazfnjil3kyc5wyctes6ttimburge6/lib",
                    "/spack/opt/spack/linux-ubuntu22.04-haswell/gcc-11.2.0/util-linux-uuid-2.37.4-zfqnulivrw2c6ucejn44ozyygbnbgkej/lib",
                    "/spack/opt/spack/linux-ubuntu22.04-haswell/gcc-11.2.0/libbsd-0.11.5-ae73lpti6eu6wivubsemtrytzzf3hez7/lib",
                    "/spack/opt/spack/linux-ubuntu22.04-haswell/gcc-11.2.0/readline-8.1.2-b7aunqqlalfx6dlbtvcqgzcvtcn4ysjk/lib",
                    "/spack/opt/spack/linux-ubuntu22.04-haswell/gcc-11.2.0/libxml2-2.9.13-7nkjcj7tyvlqw2evbz75lmy3orkmqpmy/lib",
                    "/spack/opt/spack/linux-ubuntu22.04-haswell/gcc-11.2.0/py-pip-22.1.2-3okip5kqbvxn6pwmfjb57eogafl7scz2/lib",
                    "/spack/opt/spack/linux-ubuntu22.04-haswell/gcc-11.2.0/sqlite-3.38.5-d2ea6bj7l73lk6qts76ztojzxfz5mcvc/lib",
                    "/spack/opt/spack/linux-ubuntu22.04-haswell/gcc-11.2.0/py-wheel-0.37.1-ltvvmuvb2dskp25r2n2vjco6dli2mhng/lib",
                    "/spack/opt/spack/linux-ubuntu22.04-haswell/gcc-11.2.0/xz-5.2.5-ub757pyoqpaurexmrq7oxo7cj35qod2q/lib",
                    "/spack/opt/spack/linux-ubuntu22.04-haswell/gcc-11.2.0/zstd-1.5.2-nbvfzv7w6wra46fxbdhk5ewgplaxuwqn/lib",
                    "/spack/opt/spack/linux-ubuntu22.04-haswell/gcc-11.2.0/gettext-0.21-u6wcu25n7tfqtrvnexez66utuydb4smx/lib",
                    "/spack/opt/spack/linux-ubuntu22.04-haswell/gcc-11.2.0/gdbm-1.19-wcroyxphbv36i3i7pvflptbcp2fqumx3/lib",
                    "/spack/opt/spack/linux-ubuntu22.04-haswell/gcc-11.2.0/meson-0.58.1-4d23k5r5qt67vofq43bbqi4rlwlm2rmg/lib",
                    "/spack/opt/spack/linux-ubuntu22.04-haswell/gcc-11.2.0/python-3.9.13-q47iise7npr7iijnfw5l66jtgksi4tvc/lib",
                    "/spack/opt/spack/linux-ubuntu22.04-haswell/gcc-11.2.0/zlib-1.2.12-ychk3ix6mv3mgsrtnazfunnmu4vrspkk/lib",
                    "/spack/opt/spack/linux-ubuntu22.04-haswell/gcc-11.2.0/expat-2.4.8-owhc2truzoihyzfqo7rxjgd4edfc6j7v/lib",
                    "/spack/opt/spack/linux-ubuntu22.04-haswell/gcc-11.2.0/libffi-3.4.2-m3zifbsskipiwtc4j55gcuiggbxrlc73/lib"
                ]
            }
        },
        "predictions": {
            "spack-test": {
                "original": {
                    "message": "==> Spack test v7hvumkhqz2zv4hfi3k6qxdjqt4cbniy\n==> Testing package meson-0.58.1-rlbylyr\n==> Error: TestFailure: 1 tests failed.\n\n\nCommand exited with status 1:\n    '/spack/opt/spack/linux-ubuntu22.04-haswell/gcc-11.2.0/python-3.9.13-q47iise7npr7iijnfw5l66jtgksi4tvc/bin/python3.9' '-c' 'import mesonbuild.ast'\nTraceback (most recent call last):\n  File \"<string>\", line 1, in <module>\n  File \"/spack/opt/spack/linux-ubuntu22.04-haswell/gcc-11.2.0/meson-0.58.1-rlbylyrfsargexmooyzejfk3sbh4s4fj/lib/python3.9/site-packages/mesonbuild/ast/__init__.py\", line 30, in <module>\n    from .interpreter import AstInterpreter\n  File \"/spack/opt/spack/linux-ubuntu22.04-haswell/gcc-11.2.0/meson-0.58.1-rlbylyrfsargexmooyzejfk3sbh4s4fj/lib/python3.9/site-packages/mesonbuild/ast/interpreter.py\", line 19, in <module>\n    from .. import interpreterbase, mparser, mesonlib\n  File \"/spack/opt/spack/linux-ubuntu22.04-haswell/gcc-11.2.0/meson-0.58.1-rlbylyrfsargexmooyzejfk3sbh4s4fj/lib/python3.9/site-packages/mesonbuild/interpreterbase.py\", line 19, in <module>\n    from . import environment, dependencies\n  File \"/spack/opt/spack/linux-ubuntu22.04-haswell/gcc-11.2.0/meson-0.58.1-rlbylyrfsargexmooyzejfk3sbh4s4fj/lib/python3.9/site-packages/mesonbuild/dependencies/__init__.py\", line 15, in <module>\n    from .boost import BoostDependency\n  File \"/spack/opt/spack/linux-ubuntu22.04-haswell/gcc-11.2.0/meson-0.58.1-rlbylyrfsargexmooyzejfk3sbh4s4fj/lib/python3.9/site-packages/mesonbuild/dependencies/boost.py\", line 25, in <module>\n    from .base import DependencyException, ExternalDependency, PkgConfigDependency\n  File \"/spack/opt/spack/linux-ubuntu22.04-haswell/gcc-11.2.0/meson-0.58.1-rlbylyrfsargexmooyzejfk3sbh4s4fj/lib/python3.9/site-packages/mesonbuild/dependencies/base.py\", line 41, in <module>\n    from ..interpreterbase import FeatureDeprecated\nImportError: cannot import name 'FeatureDeprecated' from partially initialized module 'mesonbuild.interpreterbase' (most likely due to a circular import) (/spack/opt/spack/linux-ubuntu22.04-haswell/gcc-11.2.0/meson-0.58.1-rlbylyrfsargexmooyzejfk3sbh4s4fj/lib/python3.9/site-packages/mesonbuild/interpreterbase.py)\n\n\n\n1 error found in test log:\n     23        from .boost import BoostDependency\n     24      File \"/spack/opt/spack/linux-ubuntu22.04-haswell/gcc-11.2.0/meson-\n           0.58.1-rlbylyrfsargexmooyzejfk3sbh4s4fj/lib/python3.9/site-packages/\n           mesonbuild/dependencies/boost.py\", line 25, in <module>\n     25        from .base import DependencyException, ExternalDependency, PkgCo\n           nfigDependency\n     26      File \"/spack/opt/spack/linux-ubuntu22.04-haswell/gcc-11.2.0/meson-\n           0.58.1-rlbylyrfsargexmooyzejfk3sbh4s4fj/lib/python3.9/site-packages/\n           mesonbuild/dependencies/base.py\", line 41, in <module>\n     27        from ..interpreterbase import FeatureDeprecated\n     28    ImportError: cannot import name 'FeatureDeprecated' from partially i\n           nitialized module 'mesonbuild.interpreterbase' (most likely due to a\n            circular import) (/spack/opt/spack/linux-ubuntu22.04-haswell/gcc-11\n           .2.0/meson-0.58.1-rlbylyrfsargexmooyzejfk3sbh4s4fj/lib/python3.9/sit\n           e-packages/mesonbuild/interpreterbase.py)\n  >> 29    FAILED: Command exited with status 1:\n     30        '/spack/opt/spack/linux-ubuntu22.04-haswell/gcc-11.2.0/python-3.\n           9.13-q47iise7npr7iijnfw5l66jtgksi4tvc/bin/python3.9' '-c' 'import me\n           sonbuild.ast'\n     31    Traceback (most recent call last):\n     32      File \"<string>\", line 1, in <module>\n     33      File \"/spack/opt/spack/linux-ubuntu22.04-haswell/gcc-11.2.0/meson-\n           0.58.1-rlbylyrfsargexmooyzejfk3sbh4s4fj/lib/python3.9/site-packages/\n           mesonbuild/ast/__init__.py\", line 30, in <module>\n     34        from .interpreter import AstInterpreter\n     35      File \"/spack/opt/spack/linux-ubuntu22.04-haswell/gcc-11.2.0/meson-\n           0.58.1-rlbylyrfsargexmooyzejfk3sbh4s4fj/lib/python3.9/site-packages/\n           mesonbuild/ast/interpreter.py\", line 19, in <module>\n\n\n\n/spack/lib/spack/spack/build_environment.py:1076, in _setup_pkg_and_run:\n       1073        tb_string = traceback.format_exc()\n       1074\n       1075        # build up some context from the offending package so we can\n  >>   1076        # show that, too.\n       1077        package_context = get_package_context(tb)\n       1078\n       1079        logfile = None\n\nSee test log for details:\n  /cache/spack/test/v7hvumkhqz2zv4hfi3k6qxdjqt4cbniy/meson-0.58.1-rlbylyr-test-out.txt\n\n==> Error: 1 test(s) in the suite failed.\n\n======================== 1 failed, 0 passed of 1 specs =========================\n",
                    "return_code": 1,
                    "seconds": 2.6966309547424316,
                    "prediction": false,
                    "command": "/spack/bin/spack test run /rlbyly"
                },
                "spliced": {
                    "message": "==> Spack test lok3erpvjy7bgwc7qc2stg23i3z7omtk\n==> Testing package meson-0.58.1-4d23k5r\n==> Error: TestFailure: 1 tests failed.\n\n\nCommand exited with status 1:\n    '/spack/opt/spack/linux-ubuntu22.04-haswell/gcc-11.2.0/python-3.9.13-q47iise7npr7iijnfw5l66jtgksi4tvc/bin/python3.9' '-c' 'import mesonbuild.ast'\nTraceback (most recent call last):\n  File \"<string>\", line 1, in <module>\n  File \"/spack/opt/spack/linux-ubuntu22.04-haswell/gcc-11.2.0/meson-0.58.1-4d23k5r5qt67vofq43bbqi4rlwlm2rmg/lib/python3.9/site-packages/mesonbuild/ast/__init__.py\", line 30, in <module>\n    from .interpreter import AstInterpreter\n  File \"/spack/opt/spack/linux-ubuntu22.04-haswell/gcc-11.2.0/meson-0.58.1-4d23k5r5qt67vofq43bbqi4rlwlm2rmg/lib/python3.9/site-packages/mesonbuild/ast/interpreter.py\", line 19, in <module>\n    from .. import interpreterbase, mparser, mesonlib\n  File \"/spack/opt/spack/linux-ubuntu22.04-haswell/gcc-11.2.0/meson-0.58.1-4d23k5r5qt67vofq43bbqi4rlwlm2rmg/lib/python3.9/site-packages/mesonbuild/interpreterbase.py\", line 19, in <module>\n    from . import environment, dependencies\n  File \"/spack/opt/spack/linux-ubuntu22.04-haswell/gcc-11.2.0/meson-0.58.1-4d23k5r5qt67vofq43bbqi4rlwlm2rmg/lib/python3.9/site-packages/mesonbuild/dependencies/__init__.py\", line 15, in <module>\n    from .boost import BoostDependency\n  File \"/spack/opt/spack/linux-ubuntu22.04-haswell/gcc-11.2.0/meson-0.58.1-4d23k5r5qt67vofq43bbqi4rlwlm2rmg/lib/python3.9/site-packages/mesonbuild/dependencies/boost.py\", line 25, in <module>\n    from .base import DependencyException, ExternalDependency, PkgConfigDependency\n  File \"/spack/opt/spack/linux-ubuntu22.04-haswell/gcc-11.2.0/meson-0.58.1-4d23k5r5qt67vofq43bbqi4rlwlm2rmg/lib/python3.9/site-packages/mesonbuild/dependencies/base.py\", line 41, in <module>\n    from ..interpreterbase import FeatureDeprecated\nImportError: cannot import name 'FeatureDeprecated' from partially initialized module 'mesonbuild.interpreterbase' (most likely due to a circular import) (/spack/opt/spack/linux-ubuntu22.04-haswell/gcc-11.2.0/meson-0.58.1-4d23k5r5qt67vofq43bbqi4rlwlm2rmg/lib/python3.9/site-packages/mesonbuild/interpreterbase.py)\n\n\n\n1 error found in test log:\n     23        from .boost import BoostDependency\n     24      File \"/spack/opt/spack/linux-ubuntu22.04-haswell/gcc-11.2.0/meson-\n           0.58.1-4d23k5r5qt67vofq43bbqi4rlwlm2rmg/lib/python3.9/site-packages/\n           mesonbuild/dependencies/boost.py\", line 25, in <module>\n     25        from .base import DependencyException, ExternalDependency, PkgCo\n           nfigDependency\n     26      File \"/spack/opt/spack/linux-ubuntu22.04-haswell/gcc-11.2.0/meson-\n           0.58.1-4d23k5r5qt67vofq43bbqi4rlwlm2rmg/lib/python3.9/site-packages/\n           mesonbuild/dependencies/base.py\", line 41, in <module>\n     27        from ..interpreterbase import FeatureDeprecated\n     28    ImportError: cannot import name 'FeatureDeprecated' from partially i\n           nitialized module 'mesonbuild.interpreterbase' (most likely due to a\n            circular import) (/spack/opt/spack/linux-ubuntu22.04-haswell/gcc-11\n           .2.0/meson-0.58.1-4d23k5r5qt67vofq43bbqi4rlwlm2rmg/lib/python3.9/sit\n           e-packages/mesonbuild/interpreterbase.py)\n  >> 29    FAILED: Command exited with status 1:\n     30        '/spack/opt/spack/linux-ubuntu22.04-haswell/gcc-11.2.0/python-3.\n           9.13-q47iise7npr7iijnfw5l66jtgksi4tvc/bin/python3.9' '-c' 'import me\n           sonbuild.ast'\n     31    Traceback (most recent call last):\n     32      File \"<string>\", line 1, in <module>\n     33      File \"/spack/opt/spack/linux-ubuntu22.04-haswell/gcc-11.2.0/meson-\n           0.58.1-4d23k5r5qt67vofq43bbqi4rlwlm2rmg/lib/python3.9/site-packages/\n           mesonbuild/ast/__init__.py\", line 30, in <module>\n     34        from .interpreter import AstInterpreter\n     35      File \"/spack/opt/spack/linux-ubuntu22.04-haswell/gcc-11.2.0/meson-\n           0.58.1-4d23k5r5qt67vofq43bbqi4rlwlm2rmg/lib/python3.9/site-packages/\n           mesonbuild/ast/interpreter.py\", line 19, in <module>\n\n\n\n/spack/lib/spack/spack/build_environment.py:1076, in _setup_pkg_and_run:\n       1073        tb_string = traceback.format_exc()\n       1074\n       1075        # build up some context from the offending package so we can\n  >>   1076        # show that, too.\n       1077        package_context = get_package_context(tb)\n       1078\n       1079        logfile = None\n\nSee test log for details:\n  /cache/spack/test/lok3erpvjy7bgwc7qc2stg23i3z7omtk/meson-0.58.1-4d23k5r-test-out.txt\n\n==> Error: 1 test(s) in the suite failed.\n\n======================== 1 failed, 0 passed of 1 specs =========================\n",
                    "return_code": 1,
                    "seconds": 3.121721029281616,
                    "prediction": false,
                    "command": "/spack/bin/spack test run /4d23k5"
                }
            }
        },
        "stats": {
            "sizes_bytes": {}
        },
        "experiment": "meson",
        "result": "splice-success",
        "success": true,
        "splice": "ninja@1.10.1",
        "package": "meson@0.58.1",
        "different_libs": false
    },
    {
        "specs": {
            "original": "meson@0.58.1%gcc@11.2.0 patches=aa6c50d arch=linux-ubuntu22.04-haswell ^berkeley-db@18.1.40%gcc@11.2.0+cxx~docs+stl patches=b231fcc arch=linux-ubuntu22.04-haswell ^bzip2@1.0.8%gcc@11.2.0~debug~pic+shared arch=linux-ubuntu22.04-haswell ^ca-certificates-mozilla@2022-03-29%gcc@11.2.0 arch=linux-ubuntu22.04-haswell ^diffutils@3.8%gcc@11.2.0 arch=linux-ubuntu22.04-haswell ^expat@2.4.8%gcc@11.2.0+libbsd arch=linux-ubuntu22.04-haswell ^gdbm@1.19%gcc@11.2.0 arch=linux-ubuntu22.04-haswell ^gettext@0.21%gcc@11.2.0+bzip2+curses+git~libunistring+libxml2+tar+xz arch=linux-ubuntu22.04-haswell ^libbsd@0.11.5%gcc@11.2.0 arch=linux-ubuntu22.04-haswell ^libffi@3.4.2%gcc@11.2.0 arch=linux-ubuntu22.04-haswell ^libiconv@1.16%gcc@11.2.0 libs=shared,static arch=linux-ubuntu22.04-haswell ^libmd@1.0.4%gcc@11.2.0 arch=linux-ubuntu22.04-haswell ^libxml2@2.9.13%gcc@11.2.0~python arch=linux-ubuntu22.04-haswell ^ncurses@6.2%gcc@11.2.0~symlinks+termlib abi=none arch=linux-ubuntu22.04-haswell ^ninja@1.11.0%gcc@11.2.0 arch=linux-ubuntu22.04-haswell ^openssl@1.1.1q%gcc@11.2.0~docs~shared certs=mozilla patches=3fdcf2d arch=linux-ubuntu22.04-haswell ^perl@5.34.1%gcc@11.2.0+cpanm+shared+threads arch=linux-ubuntu22.04-haswell ^pigz@2.7%gcc@11.2.0 arch=linux-ubuntu22.04-haswell ^pkgconf@1.8.0%gcc@11.2.0 arch=linux-ubuntu22.04-haswell ^py-pip@22.1.2%gcc@11.2.0 arch=linux-ubuntu22.04-haswell ^py-setuptools@63.0.0%gcc@11.2.0 arch=linux-ubuntu22.04-haswell ^py-wheel@0.37.1%gcc@11.2.0 arch=linux-ubuntu22.04-haswell ^python@3.9.13%gcc@11.2.0+bz2+ctypes+dbm~debug+ensurepip+libxml2+lzma~nis~optimizations+pic+pyexpat+pythoncmd+readline+shared+sqlite3+ssl~tix~tkinter~ucs4+uuid+zlib patches=0d98e93,4c24573,f2fd060 arch=linux-ubuntu22.04-haswell ^readline@8.1.2%gcc@11.2.0 arch=linux-ubuntu22.04-haswell ^sqlite@3.38.5%gcc@11.2.0+column_metadata+dynamic_extensions+fts~functions+rtree arch=linux-ubuntu22.04-haswell ^tar@1.34%gcc@11.2.0 zip=pigz arch=linux-ubuntu22.04-haswell ^util-linux-uuid@2.37.4%gcc@11.2.0 arch=linux-ubuntu22.04-haswell ^xz@5.2.5%gcc@11.2.0~pic libs=shared,static arch=linux-ubuntu22.04-haswell ^zlib@1.2.12%gcc@11.2.0+optimize+pic+shared patches=0d38234 arch=linux-ubuntu22.04-haswell ^zstd@1.5.2%gcc@11.2.0+programs compression=none libs=shared,static arch=linux-ubuntu22.04-haswell",
            "spliced": "meson@0.58.1%gcc@11.2.0 patches=aa6c50d arch=linux-ubuntu22.04-haswell ^berkeley-db@18.1.40%gcc@11.2.0+cxx~docs+stl patches=b231fcc arch=linux-ubuntu22.04-haswell ^bzip2@1.0.8%gcc@11.2.0~debug~pic+shared arch=linux-ubuntu22.04-haswell ^ca-certificates-mozilla@2022-03-29%gcc@11.2.0 arch=linux-ubuntu22.04-haswell ^diffutils@3.8%gcc@11.2.0 arch=linux-ubuntu22.04-haswell ^expat@2.4.8%gcc@11.2.0+libbsd arch=linux-ubuntu22.04-haswell ^gdbm@1.19%gcc@11.2.0 arch=linux-ubuntu22.04-haswell ^gettext@0.21%gcc@11.2.0+bzip2+curses+git~libunistring+libxml2+tar+xz arch=linux-ubuntu22.04-haswell ^libbsd@0.11.5%gcc@11.2.0 arch=linux-ubuntu22.04-haswell ^libffi@3.4.2%gcc@11.2.0 arch=linux-ubuntu22.04-haswell ^libiconv@1.16%gcc@11.2.0 libs=shared,static arch=linux-ubuntu22.04-haswell ^libmd@1.0.4%gcc@11.2.0 arch=linux-ubuntu22.04-haswell ^libxml2@2.9.13%gcc@11.2.0~python arch=linux-ubuntu22.04-haswell ^ncurses@6.2%gcc@11.2.0~symlinks+termlib abi=none arch=linux-ubuntu22.04-haswell ^ninja@1.10.2%gcc@11.2.0 arch=linux-ubuntu22.04-haswell ^openssl@1.1.1q%gcc@11.2.0~docs~shared certs=mozilla patches=3fdcf2d arch=linux-ubuntu22.04-haswell ^perl@5.34.1%gcc@11.2.0+cpanm+shared+threads arch=linux-ubuntu22.04-haswell ^pigz@2.7%gcc@11.2.0 arch=linux-ubuntu22.04-haswell ^pkgconf@1.8.0%gcc@11.2.0 arch=linux-ubuntu22.04-haswell ^py-pip@22.1.2%gcc@11.2.0 arch=linux-ubuntu22.04-haswell ^py-setuptools@63.0.0%gcc@11.2.0 arch=linux-ubuntu22.04-haswell ^py-wheel@0.37.1%gcc@11.2.0 arch=linux-ubuntu22.04-haswell ^python@3.9.13%gcc@11.2.0+bz2+ctypes+dbm~debug+ensurepip+libxml2+lzma~nis~optimizations+pic+pyexpat+pythoncmd+readline+shared+sqlite3+ssl~tix~tkinter~ucs4+uuid+zlib patches=0d98e93,4c24573,f2fd060 arch=linux-ubuntu22.04-haswell ^readline@8.1.2%gcc@11.2.0 arch=linux-ubuntu22.04-haswell ^sqlite@3.38.5%gcc@11.2.0+column_metadata+dynamic_extensions+fts~functions+rtree arch=linux-ubuntu22.04-haswell ^tar@1.34%gcc@11.2.0 zip=pigz arch=linux-ubuntu22.04-haswell ^util-linux-uuid@2.37.4%gcc@11.2.0 arch=linux-ubuntu22.04-haswell ^xz@5.2.5%gcc@11.2.0~pic libs=shared,static arch=linux-ubuntu22.04-haswell ^zlib@1.2.12%gcc@11.2.0+optimize+pic+shared patches=0d38234 arch=linux-ubuntu22.04-haswell ^zstd@1.5.2%gcc@11.2.0+programs compression=none libs=shared,static arch=linux-ubuntu22.04-haswell"
        },
        "ids": {
            "original": "/rlbyly",
            "spliced": "/y3354r"
        },
        "original": [],
        "spliced": [],
        "paths": {
            "loads": {
                "original": [
                    "/spack/opt/spack/linux-ubuntu22.04-haswell/gcc-11.2.0/libmd-1.0.4-ajqlqlpzseqjzps2pjrcxzqgwoqre7id/lib",
                    "/spack/opt/spack/linux-ubuntu22.04-haswell/gcc-11.2.0/bzip2-1.0.8-szccym2boautmkfmh4m2xm2krbftkd2g/lib",
                    "/spack/opt/spack/linux-ubuntu22.04-haswell/gcc-11.2.0/berkeley-db-18.1.40-y3xm2b4wnx2tsoeh4mb3glrv4zzgmt57/lib",
                    "/spack/opt/spack/linux-ubuntu22.04-haswell/gcc-11.2.0/openssl-1.1.1q-gqizvq5o5pipkqv2cxsg3k47lnqi64j3/lib",
                    "/spack/opt/spack/linux-ubuntu22.04-haswell/gcc-11.2.0/ncurses-6.2-2khyzubbcfupjtbj4nkogd7ebonczczr/lib",
                    "/spack/opt/spack/linux-ubuntu22.04-haswell/gcc-11.2.0/meson-0.58.1-rlbylyrfsargexmooyzejfk3sbh4s4fj/lib",
                    "/spack/opt/spack/linux-ubuntu22.04-haswell/gcc-11.2.0/perl-5.34.1-olweu672du4nrlvjn2shpf62jbgxzzp6/lib",
                    "/spack/opt/spack/linux-ubuntu22.04-haswell/gcc-11.2.0/pkgconf-1.8.0-ruoukh6z67iefyz4cyphkcqaz2g2hx7f/lib",
                    "/spack/opt/spack/linux-ubuntu22.04-haswell/gcc-11.2.0/libiconv-1.16-nylazfnjil3kyc5wyctes6ttimburge6/lib",
                    "/spack/opt/spack/linux-ubuntu22.04-haswell/gcc-11.2.0/util-linux-uuid-2.37.4-zfqnulivrw2c6ucejn44ozyygbnbgkej/lib",
                    "/spack/opt/spack/linux-ubuntu22.04-haswell/gcc-11.2.0/libbsd-0.11.5-ae73lpti6eu6wivubsemtrytzzf3hez7/lib",
                    "/spack/opt/spack/linux-ubuntu22.04-haswell/gcc-11.2.0/readline-8.1.2-b7aunqqlalfx6dlbtvcqgzcvtcn4ysjk/lib",
                    "/spack/opt/spack/linux-ubuntu22.04-haswell/gcc-11.2.0/py-pip-22.1.2-nd5hxakdl6igvv7tx3olohvdz3mufwbb/lib",
                    "/spack/opt/spack/linux-ubuntu22.04-haswell/gcc-11.2.0/py-wheel-0.37.1-elguqdgx2rqpyjti3aiugzkciub2w7pc/lib",
                    "/spack/opt/spack/linux-ubuntu22.04-haswell/gcc-11.2.0/libxml2-2.9.13-7nkjcj7tyvlqw2evbz75lmy3orkmqpmy/lib",
                    "/spack/opt/spack/linux-ubuntu22.04-haswell/gcc-11.2.0/py-setuptools-63.0.0-qjixzrrpenjwdukrncgixplgrivtxn4g/lib",
                    "/spack/opt/spack/linux-ubuntu22.04-haswell/gcc-11.2.0/sqlite-3.38.5-d2ea6bj7l73lk6qts76ztojzxfz5mcvc/lib",
                    "/spack/opt/spack/linux-ubuntu22.04-haswell/gcc-11.2.0/xz-5.2.5-ub757pyoqpaurexmrq7oxo7cj35qod2q/lib",
                    "/spack/opt/spack/linux-ubuntu22.04-haswell/gcc-11.2.0/zstd-1.5.2-nbvfzv7w6wra46fxbdhk5ewgplaxuwqn/lib",
                    "/spack/opt/spack/linux-ubuntu22.04-haswell/gcc-11.2.0/gettext-0.21-u6wcu25n7tfqtrvnexez66utuydb4smx/lib",
                    "/spack/opt/spack/linux-ubuntu22.04-haswell/gcc-11.2.0/gdbm-1.19-wcroyxphbv36i3i7pvflptbcp2fqumx3/lib",
                    "/spack/opt/spack/linux-ubuntu22.04-haswell/gcc-11.2.0/python-3.9.13-q47iise7npr7iijnfw5l66jtgksi4tvc/lib",
                    "/spack/opt/spack/linux-ubuntu22.04-haswell/gcc-11.2.0/zlib-1.2.12-ychk3ix6mv3mgsrtnazfunnmu4vrspkk/lib",
                    "/spack/opt/spack/linux-ubuntu22.04-haswell/gcc-11.2.0/expat-2.4.8-owhc2truzoihyzfqo7rxjgd4edfc6j7v/lib",
                    "/spack/opt/spack/linux-ubuntu22.04-haswell/gcc-11.2.0/libffi-3.4.2-m3zifbsskipiwtc4j55gcuiggbxrlc73/lib"
                ],
                "spliced": [
                    "/spack/opt/spack/linux-ubuntu22.04-haswell/gcc-11.2.0/libmd-1.0.4-ajqlqlpzseqjzps2pjrcxzqgwoqre7id/lib",
                    "/spack/opt/spack/linux-ubuntu22.04-haswell/gcc-11.2.0/bzip2-1.0.8-szccym2boautmkfmh4m2xm2krbftkd2g/lib",
                    "/spack/opt/spack/linux-ubuntu22.04-haswell/gcc-11.2.0/berkeley-db-18.1.40-y3xm2b4wnx2tsoeh4mb3glrv4zzgmt57/lib",
                    "/spack/opt/spack/linux-ubuntu22.04-haswell/gcc-11.2.0/openssl-1.1.1q-gqizvq5o5pipkqv2cxsg3k47lnqi64j3/lib",
                    "/spack/opt/spack/linux-ubuntu22.04-haswell/gcc-11.2.0/ncurses-6.2-2khyzubbcfupjtbj4nkogd7ebonczczr/lib",
                    "/spack/opt/spack/linux-ubuntu22.04-haswell/gcc-11.2.0/perl-5.34.1-olweu672du4nrlvjn2shpf62jbgxzzp6/lib",
                    "/spack/opt/spack/linux-ubuntu22.04-haswell/gcc-11.2.0/py-setuptools-63.0.0-g475bshoryifohuytt7y3ge2umituppg/lib",
                    "/spack/opt/spack/linux-ubuntu22.04-haswell/gcc-11.2.0/pkgconf-1.8.0-ruoukh6z67iefyz4cyphkcqaz2g2hx7f/lib",
                    "/spack/opt/spack/linux-ubuntu22.04-haswell/gcc-11.2.0/libiconv-1.16-nylazfnjil3kyc5wyctes6ttimburge6/lib",
                    "/spack/opt/spack/linux-ubuntu22.04-haswell/gcc-11.2.0/util-linux-uuid-2.37.4-zfqnulivrw2c6ucejn44ozyygbnbgkej/lib",
                    "/spack/opt/spack/linux-ubuntu22.04-haswell/gcc-11.2.0/libbsd-0.11.5-ae73lpti6eu6wivubsemtrytzzf3hez7/lib",
                    "/spack/opt/spack/linux-ubuntu22.04-haswell/gcc-11.2.0/readline-8.1.2-b7aunqqlalfx6dlbtvcqgzcvtcn4ysjk/lib",
                    "/spack/opt/spack/linux-ubuntu22.04-haswell/gcc-11.2.0/libxml2-2.9.13-7nkjcj7tyvlqw2evbz75lmy3orkmqpmy/lib",
                    "/spack/opt/spack/linux-ubuntu22.04-haswell/gcc-11.2.0/py-pip-22.1.2-3okip5kqbvxn6pwmfjb57eogafl7scz2/lib",
                    "/spack/opt/spack/linux-ubuntu22.04-haswell/gcc-11.2.0/sqlite-3.38.5-d2ea6bj7l73lk6qts76ztojzxfz5mcvc/lib",
                    "/spack/opt/spack/linux-ubuntu22.04-haswell/gcc-11.2.0/py-wheel-0.37.1-ltvvmuvb2dskp25r2n2vjco6dli2mhng/lib",
                    "/spack/opt/spack/linux-ubuntu22.04-haswell/gcc-11.2.0/xz-5.2.5-ub757pyoqpaurexmrq7oxo7cj35qod2q/lib",
                    "/spack/opt/spack/linux-ubuntu22.04-haswell/gcc-11.2.0/zstd-1.5.2-nbvfzv7w6wra46fxbdhk5ewgplaxuwqn/lib",
                    "/spack/opt/spack/linux-ubuntu22.04-haswell/gcc-11.2.0/gettext-0.21-u6wcu25n7tfqtrvnexez66utuydb4smx/lib",
                    "/spack/opt/spack/linux-ubuntu22.04-haswell/gcc-11.2.0/gdbm-1.19-wcroyxphbv36i3i7pvflptbcp2fqumx3/lib",
                    "/spack/opt/spack/linux-ubuntu22.04-haswell/gcc-11.2.0/python-3.9.13-q47iise7npr7iijnfw5l66jtgksi4tvc/lib",
                    "/spack/opt/spack/linux-ubuntu22.04-haswell/gcc-11.2.0/zlib-1.2.12-ychk3ix6mv3mgsrtnazfunnmu4vrspkk/lib",
                    "/spack/opt/spack/linux-ubuntu22.04-haswell/gcc-11.2.0/expat-2.4.8-owhc2truzoihyzfqo7rxjgd4edfc6j7v/lib",
                    "/spack/opt/spack/linux-ubuntu22.04-haswell/gcc-11.2.0/libffi-3.4.2-m3zifbsskipiwtc4j55gcuiggbxrlc73/lib",
                    "/spack/opt/spack/linux-ubuntu22.04-haswell/gcc-11.2.0/meson-0.58.1-y3354rkteiaqjywu54oct7xbrmtxwehs/lib"
                ]
            }
        },
        "predictions": {
            "spack-test": {
                "original": {
                    "message": "==> Spack test v7hvumkhqz2zv4hfi3k6qxdjqt4cbniy\n==> Testing package meson-0.58.1-rlbylyr\n==> Error: TestFailure: 1 tests failed.\n\n\nCommand exited with status 1:\n    '/spack/opt/spack/linux-ubuntu22.04-haswell/gcc-11.2.0/python-3.9.13-q47iise7npr7iijnfw5l66jtgksi4tvc/bin/python3.9' '-c' 'import mesonbuild.ast'\nTraceback (most recent call last):\n  File \"<string>\", line 1, in <module>\n  File \"/spack/opt/spack/linux-ubuntu22.04-haswell/gcc-11.2.0/meson-0.58.1-rlbylyrfsargexmooyzejfk3sbh4s4fj/lib/python3.9/site-packages/mesonbuild/ast/__init__.py\", line 30, in <module>\n    from .interpreter import AstInterpreter\n  File \"/spack/opt/spack/linux-ubuntu22.04-haswell/gcc-11.2.0/meson-0.58.1-rlbylyrfsargexmooyzejfk3sbh4s4fj/lib/python3.9/site-packages/mesonbuild/ast/interpreter.py\", line 19, in <module>\n    from .. import interpreterbase, mparser, mesonlib\n  File \"/spack/opt/spack/linux-ubuntu22.04-haswell/gcc-11.2.0/meson-0.58.1-rlbylyrfsargexmooyzejfk3sbh4s4fj/lib/python3.9/site-packages/mesonbuild/interpreterbase.py\", line 19, in <module>\n    from . import environment, dependencies\n  File \"/spack/opt/spack/linux-ubuntu22.04-haswell/gcc-11.2.0/meson-0.58.1-rlbylyrfsargexmooyzejfk3sbh4s4fj/lib/python3.9/site-packages/mesonbuild/dependencies/__init__.py\", line 15, in <module>\n    from .boost import BoostDependency\n  File \"/spack/opt/spack/linux-ubuntu22.04-haswell/gcc-11.2.0/meson-0.58.1-rlbylyrfsargexmooyzejfk3sbh4s4fj/lib/python3.9/site-packages/mesonbuild/dependencies/boost.py\", line 25, in <module>\n    from .base import DependencyException, ExternalDependency, PkgConfigDependency\n  File \"/spack/opt/spack/linux-ubuntu22.04-haswell/gcc-11.2.0/meson-0.58.1-rlbylyrfsargexmooyzejfk3sbh4s4fj/lib/python3.9/site-packages/mesonbuild/dependencies/base.py\", line 41, in <module>\n    from ..interpreterbase import FeatureDeprecated\nImportError: cannot import name 'FeatureDeprecated' from partially initialized module 'mesonbuild.interpreterbase' (most likely due to a circular import) (/spack/opt/spack/linux-ubuntu22.04-haswell/gcc-11.2.0/meson-0.58.1-rlbylyrfsargexmooyzejfk3sbh4s4fj/lib/python3.9/site-packages/mesonbuild/interpreterbase.py)\n\n\n\n1 error found in test log:\n     23        from .boost import BoostDependency\n     24      File \"/spack/opt/spack/linux-ubuntu22.04-haswell/gcc-11.2.0/meson-\n           0.58.1-rlbylyrfsargexmooyzejfk3sbh4s4fj/lib/python3.9/site-packages/\n           mesonbuild/dependencies/boost.py\", line 25, in <module>\n     25        from .base import DependencyException, ExternalDependency, PkgCo\n           nfigDependency\n     26      File \"/spack/opt/spack/linux-ubuntu22.04-haswell/gcc-11.2.0/meson-\n           0.58.1-rlbylyrfsargexmooyzejfk3sbh4s4fj/lib/python3.9/site-packages/\n           mesonbuild/dependencies/base.py\", line 41, in <module>\n     27        from ..interpreterbase import FeatureDeprecated\n     28    ImportError: cannot import name 'FeatureDeprecated' from partially i\n           nitialized module 'mesonbuild.interpreterbase' (most likely due to a\n            circular import) (/spack/opt/spack/linux-ubuntu22.04-haswell/gcc-11\n           .2.0/meson-0.58.1-rlbylyrfsargexmooyzejfk3sbh4s4fj/lib/python3.9/sit\n           e-packages/mesonbuild/interpreterbase.py)\n  >> 29    FAILED: Command exited with status 1:\n     30        '/spack/opt/spack/linux-ubuntu22.04-haswell/gcc-11.2.0/python-3.\n           9.13-q47iise7npr7iijnfw5l66jtgksi4tvc/bin/python3.9' '-c' 'import me\n           sonbuild.ast'\n     31    Traceback (most recent call last):\n     32      File \"<string>\", line 1, in <module>\n     33      File \"/spack/opt/spack/linux-ubuntu22.04-haswell/gcc-11.2.0/meson-\n           0.58.1-rlbylyrfsargexmooyzejfk3sbh4s4fj/lib/python3.9/site-packages/\n           mesonbuild/ast/__init__.py\", line 30, in <module>\n     34        from .interpreter import AstInterpreter\n     35      File \"/spack/opt/spack/linux-ubuntu22.04-haswell/gcc-11.2.0/meson-\n           0.58.1-rlbylyrfsargexmooyzejfk3sbh4s4fj/lib/python3.9/site-packages/\n           mesonbuild/ast/interpreter.py\", line 19, in <module>\n\n\n\n/spack/lib/spack/spack/build_environment.py:1076, in _setup_pkg_and_run:\n       1073        tb_string = traceback.format_exc()\n       1074\n       1075        # build up some context from the offending package so we can\n  >>   1076        # show that, too.\n       1077        package_context = get_package_context(tb)\n       1078\n       1079        logfile = None\n\nSee test log for details:\n  /cache/spack/test/v7hvumkhqz2zv4hfi3k6qxdjqt4cbniy/meson-0.58.1-rlbylyr-test-out.txt\n\n==> Error: 1 test(s) in the suite failed.\n\n======================== 1 failed, 0 passed of 1 specs =========================\n",
                    "return_code": 1,
                    "seconds": 2.715876817703247,
                    "prediction": false,
                    "command": "/spack/bin/spack test run /rlbyly"
                },
                "spliced": {
                    "message": "==> Spack test 7zqbktduh4ntq7jtjbfdjog76flhx2uc\n==> Testing package meson-0.58.1-y3354rk\n==> Error: TestFailure: 1 tests failed.\n\n\nCommand exited with status 1:\n    '/spack/opt/spack/linux-ubuntu22.04-haswell/gcc-11.2.0/python-3.9.13-q47iise7npr7iijnfw5l66jtgksi4tvc/bin/python3.9' '-c' 'import mesonbuild.ast'\nTraceback (most recent call last):\n  File \"<string>\", line 1, in <module>\n  File \"/spack/opt/spack/linux-ubuntu22.04-haswell/gcc-11.2.0/meson-0.58.1-y3354rkteiaqjywu54oct7xbrmtxwehs/lib/python3.9/site-packages/mesonbuild/ast/__init__.py\", line 30, in <module>\n    from .interpreter import AstInterpreter\n  File \"/spack/opt/spack/linux-ubuntu22.04-haswell/gcc-11.2.0/meson-0.58.1-y3354rkteiaqjywu54oct7xbrmtxwehs/lib/python3.9/site-packages/mesonbuild/ast/interpreter.py\", line 19, in <module>\n    from .. import interpreterbase, mparser, mesonlib\n  File \"/spack/opt/spack/linux-ubuntu22.04-haswell/gcc-11.2.0/meson-0.58.1-y3354rkteiaqjywu54oct7xbrmtxwehs/lib/python3.9/site-packages/mesonbuild/interpreterbase.py\", line 19, in <module>\n    from . import environment, dependencies\n  File \"/spack/opt/spack/linux-ubuntu22.04-haswell/gcc-11.2.0/meson-0.58.1-y3354rkteiaqjywu54oct7xbrmtxwehs/lib/python3.9/site-packages/mesonbuild/dependencies/__init__.py\", line 15, in <module>\n    from .boost import BoostDependency\n  File \"/spack/opt/spack/linux-ubuntu22.04-haswell/gcc-11.2.0/meson-0.58.1-y3354rkteiaqjywu54oct7xbrmtxwehs/lib/python3.9/site-packages/mesonbuild/dependencies/boost.py\", line 25, in <module>\n    from .base import DependencyException, ExternalDependency, PkgConfigDependency\n  File \"/spack/opt/spack/linux-ubuntu22.04-haswell/gcc-11.2.0/meson-0.58.1-y3354rkteiaqjywu54oct7xbrmtxwehs/lib/python3.9/site-packages/mesonbuild/dependencies/base.py\", line 41, in <module>\n    from ..interpreterbase import FeatureDeprecated\nImportError: cannot import name 'FeatureDeprecated' from partially initialized module 'mesonbuild.interpreterbase' (most likely due to a circular import) (/spack/opt/spack/linux-ubuntu22.04-haswell/gcc-11.2.0/meson-0.58.1-y3354rkteiaqjywu54oct7xbrmtxwehs/lib/python3.9/site-packages/mesonbuild/interpreterbase.py)\n\n\n\n1 error found in test log:\n     23        from .boost import BoostDependency\n     24      File \"/spack/opt/spack/linux-ubuntu22.04-haswell/gcc-11.2.0/meson-\n           0.58.1-y3354rkteiaqjywu54oct7xbrmtxwehs/lib/python3.9/site-packages/\n           mesonbuild/dependencies/boost.py\", line 25, in <module>\n     25        from .base import DependencyException, ExternalDependency, PkgCo\n           nfigDependency\n     26      File \"/spack/opt/spack/linux-ubuntu22.04-haswell/gcc-11.2.0/meson-\n           0.58.1-y3354rkteiaqjywu54oct7xbrmtxwehs/lib/python3.9/site-packages/\n           mesonbuild/dependencies/base.py\", line 41, in <module>\n     27        from ..interpreterbase import FeatureDeprecated\n     28    ImportError: cannot import name 'FeatureDeprecated' from partially i\n           nitialized module 'mesonbuild.interpreterbase' (most likely due to a\n            circular import) (/spack/opt/spack/linux-ubuntu22.04-haswell/gcc-11\n           .2.0/meson-0.58.1-y3354rkteiaqjywu54oct7xbrmtxwehs/lib/python3.9/sit\n           e-packages/mesonbuild/interpreterbase.py)\n  >> 29    FAILED: Command exited with status 1:\n     30        '/spack/opt/spack/linux-ubuntu22.04-haswell/gcc-11.2.0/python-3.\n           9.13-q47iise7npr7iijnfw5l66jtgksi4tvc/bin/python3.9' '-c' 'import me\n           sonbuild.ast'\n     31    Traceback (most recent call last):\n     32      File \"<string>\", line 1, in <module>\n     33      File \"/spack/opt/spack/linux-ubuntu22.04-haswell/gcc-11.2.0/meson-\n           0.58.1-y3354rkteiaqjywu54oct7xbrmtxwehs/lib/python3.9/site-packages/\n           mesonbuild/ast/__init__.py\", line 30, in <module>\n     34        from .interpreter import AstInterpreter\n     35      File \"/spack/opt/spack/linux-ubuntu22.04-haswell/gcc-11.2.0/meson-\n           0.58.1-y3354rkteiaqjywu54oct7xbrmtxwehs/lib/python3.9/site-packages/\n           mesonbuild/ast/interpreter.py\", line 19, in <module>\n\n\n\n/spack/lib/spack/spack/build_environment.py:1076, in _setup_pkg_and_run:\n       1073        tb_string = traceback.format_exc()\n       1074\n       1075        # build up some context from the offending package so we can\n  >>   1076        # show that, too.\n       1077        package_context = get_package_context(tb)\n       1078\n       1079        logfile = None\n\nSee test log for details:\n  /cache/spack/test/7zqbktduh4ntq7jtjbfdjog76flhx2uc/meson-0.58.1-y3354rk-test-out.txt\n\n==> Error: 1 test(s) in the suite failed.\n\n======================== 1 failed, 0 passed of 1 specs =========================\n",
                    "return_code": 1,
                    "seconds": 3.1540822982788086,
                    "prediction": false,
                    "command": "/spack/bin/spack test run /y3354r"
                }
            }
        },
        "stats": {
            "sizes_bytes": {}
        },
        "experiment": "meson",
        "result": "splice-success",
        "success": true,
        "splice": "ninja@1.10.2",
        "package": "meson@0.58.1",
        "different_libs": false
    },
    {
        "specs": {
            "original": "meson@0.58.1%gcc@11.2.0 patches=aa6c50d arch=linux-ubuntu22.04-haswell ^berkeley-db@18.1.40%gcc@11.2.0+cxx~docs+stl patches=b231fcc arch=linux-ubuntu22.04-haswell ^bzip2@1.0.8%gcc@11.2.0~debug~pic+shared arch=linux-ubuntu22.04-haswell ^ca-certificates-mozilla@2022-03-29%gcc@11.2.0 arch=linux-ubuntu22.04-haswell ^diffutils@3.8%gcc@11.2.0 arch=linux-ubuntu22.04-haswell ^expat@2.4.8%gcc@11.2.0+libbsd arch=linux-ubuntu22.04-haswell ^gdbm@1.19%gcc@11.2.0 arch=linux-ubuntu22.04-haswell ^gettext@0.21%gcc@11.2.0+bzip2+curses+git~libunistring+libxml2+tar+xz arch=linux-ubuntu22.04-haswell ^libbsd@0.11.5%gcc@11.2.0 arch=linux-ubuntu22.04-haswell ^libffi@3.4.2%gcc@11.2.0 arch=linux-ubuntu22.04-haswell ^libiconv@1.16%gcc@11.2.0 libs=shared,static arch=linux-ubuntu22.04-haswell ^libmd@1.0.4%gcc@11.2.0 arch=linux-ubuntu22.04-haswell ^libxml2@2.9.13%gcc@11.2.0~python arch=linux-ubuntu22.04-haswell ^ncurses@6.2%gcc@11.2.0~symlinks+termlib abi=none arch=linux-ubuntu22.04-haswell ^ninja@1.11.0%gcc@11.2.0 arch=linux-ubuntu22.04-haswell ^openssl@1.1.1q%gcc@11.2.0~docs~shared certs=mozilla patches=3fdcf2d arch=linux-ubuntu22.04-haswell ^perl@5.34.1%gcc@11.2.0+cpanm+shared+threads arch=linux-ubuntu22.04-haswell ^pigz@2.7%gcc@11.2.0 arch=linux-ubuntu22.04-haswell ^pkgconf@1.8.0%gcc@11.2.0 arch=linux-ubuntu22.04-haswell ^py-pip@22.1.2%gcc@11.2.0 arch=linux-ubuntu22.04-haswell ^py-setuptools@63.0.0%gcc@11.2.0 arch=linux-ubuntu22.04-haswell ^py-wheel@0.37.1%gcc@11.2.0 arch=linux-ubuntu22.04-haswell ^python@3.9.13%gcc@11.2.0+bz2+ctypes+dbm~debug+ensurepip+libxml2+lzma~nis~optimizations+pic+pyexpat+pythoncmd+readline+shared+sqlite3+ssl~tix~tkinter~ucs4+uuid+zlib patches=0d98e93,4c24573,f2fd060 arch=linux-ubuntu22.04-haswell ^readline@8.1.2%gcc@11.2.0 arch=linux-ubuntu22.04-haswell ^sqlite@3.38.5%gcc@11.2.0+column_metadata+dynamic_extensions+fts~functions+rtree arch=linux-ubuntu22.04-haswell ^tar@1.34%gcc@11.2.0 zip=pigz arch=linux-ubuntu22.04-haswell ^util-linux-uuid@2.37.4%gcc@11.2.0 arch=linux-ubuntu22.04-haswell ^xz@5.2.5%gcc@11.2.0~pic libs=shared,static arch=linux-ubuntu22.04-haswell ^zlib@1.2.12%gcc@11.2.0+optimize+pic+shared patches=0d38234 arch=linux-ubuntu22.04-haswell ^zstd@1.5.2%gcc@11.2.0+programs compression=none libs=shared,static arch=linux-ubuntu22.04-haswell",
            "spliced": "meson@0.58.1%gcc@11.2.0 patches=aa6c50d arch=linux-ubuntu22.04-haswell ^berkeley-db@18.1.40%gcc@11.2.0+cxx~docs+stl patches=b231fcc arch=linux-ubuntu22.04-haswell ^bzip2@1.0.8%gcc@11.2.0~debug~pic+shared arch=linux-ubuntu22.04-haswell ^ca-certificates-mozilla@2022-03-29%gcc@11.2.0 arch=linux-ubuntu22.04-haswell ^diffutils@3.8%gcc@11.2.0 arch=linux-ubuntu22.04-haswell ^expat@2.4.8%gcc@11.2.0+libbsd arch=linux-ubuntu22.04-haswell ^gdbm@1.19%gcc@11.2.0 arch=linux-ubuntu22.04-haswell ^gettext@0.21%gcc@11.2.0+bzip2+curses+git~libunistring+libxml2+tar+xz arch=linux-ubuntu22.04-haswell ^libbsd@0.11.5%gcc@11.2.0 arch=linux-ubuntu22.04-haswell ^libffi@3.4.2%gcc@11.2.0 arch=linux-ubuntu22.04-haswell ^libiconv@1.16%gcc@11.2.0 libs=shared,static arch=linux-ubuntu22.04-haswell ^libmd@1.0.4%gcc@11.2.0 arch=linux-ubuntu22.04-haswell ^libxml2@2.9.13%gcc@11.2.0~python arch=linux-ubuntu22.04-haswell ^ncurses@6.2%gcc@11.2.0~symlinks+termlib abi=none arch=linux-ubuntu22.04-haswell ^ninja@1.11.0%gcc@11.2.0 arch=linux-ubuntu22.04-haswell ^openssl@1.1.1q%gcc@11.2.0~docs~shared certs=mozilla patches=3fdcf2d arch=linux-ubuntu22.04-haswell ^perl@5.34.1%gcc@11.2.0+cpanm+shared+threads arch=linux-ubuntu22.04-haswell ^pigz@2.7%gcc@11.2.0 arch=linux-ubuntu22.04-haswell ^pkgconf@1.8.0%gcc@11.2.0 arch=linux-ubuntu22.04-haswell ^py-pip@22.1.2%gcc@11.2.0 arch=linux-ubuntu22.04-haswell ^py-setuptools@63.0.0%gcc@11.2.0 arch=linux-ubuntu22.04-haswell ^py-wheel@0.37.1%gcc@11.2.0 arch=linux-ubuntu22.04-haswell ^python@3.9.13%gcc@11.2.0+bz2+ctypes+dbm~debug+ensurepip+libxml2+lzma~nis~optimizations+pic+pyexpat+pythoncmd+readline+shared+sqlite3+ssl~tix~tkinter~ucs4+uuid+zlib patches=0d98e93,4c24573,f2fd060 arch=linux-ubuntu22.04-haswell ^readline@8.1.2%gcc@11.2.0 arch=linux-ubuntu22.04-haswell ^sqlite@3.38.5%gcc@11.2.0+column_metadata+dynamic_extensions+fts~functions+rtree arch=linux-ubuntu22.04-haswell ^tar@1.34%gcc@11.2.0 zip=pigz arch=linux-ubuntu22.04-haswell ^util-linux-uuid@2.37.4%gcc@11.2.0 arch=linux-ubuntu22.04-haswell ^xz@5.2.5%gcc@11.2.0~pic libs=shared,static arch=linux-ubuntu22.04-haswell ^zlib@1.2.12%gcc@11.2.0+optimize+pic+shared patches=0d38234 arch=linux-ubuntu22.04-haswell ^zstd@1.5.2%gcc@11.2.0+programs compression=none libs=shared,static arch=linux-ubuntu22.04-haswell"
        },
        "ids": {
            "original": "/rlbyly",
            "spliced": "/v2h4yk"
        },
        "original": [],
        "spliced": [],
        "paths": {
            "loads": {
                "original": [
                    "/spack/opt/spack/linux-ubuntu22.04-haswell/gcc-11.2.0/libmd-1.0.4-ajqlqlpzseqjzps2pjrcxzqgwoqre7id/lib",
                    "/spack/opt/spack/linux-ubuntu22.04-haswell/gcc-11.2.0/bzip2-1.0.8-szccym2boautmkfmh4m2xm2krbftkd2g/lib",
                    "/spack/opt/spack/linux-ubuntu22.04-haswell/gcc-11.2.0/berkeley-db-18.1.40-y3xm2b4wnx2tsoeh4mb3glrv4zzgmt57/lib",
                    "/spack/opt/spack/linux-ubuntu22.04-haswell/gcc-11.2.0/openssl-1.1.1q-gqizvq5o5pipkqv2cxsg3k47lnqi64j3/lib",
                    "/spack/opt/spack/linux-ubuntu22.04-haswell/gcc-11.2.0/ncurses-6.2-2khyzubbcfupjtbj4nkogd7ebonczczr/lib",
                    "/spack/opt/spack/linux-ubuntu22.04-haswell/gcc-11.2.0/meson-0.58.1-rlbylyrfsargexmooyzejfk3sbh4s4fj/lib",
                    "/spack/opt/spack/linux-ubuntu22.04-haswell/gcc-11.2.0/perl-5.34.1-olweu672du4nrlvjn2shpf62jbgxzzp6/lib",
                    "/spack/opt/spack/linux-ubuntu22.04-haswell/gcc-11.2.0/pkgconf-1.8.0-ruoukh6z67iefyz4cyphkcqaz2g2hx7f/lib",
                    "/spack/opt/spack/linux-ubuntu22.04-haswell/gcc-11.2.0/libiconv-1.16-nylazfnjil3kyc5wyctes6ttimburge6/lib",
                    "/spack/opt/spack/linux-ubuntu22.04-haswell/gcc-11.2.0/util-linux-uuid-2.37.4-zfqnulivrw2c6ucejn44ozyygbnbgkej/lib",
                    "/spack/opt/spack/linux-ubuntu22.04-haswell/gcc-11.2.0/libbsd-0.11.5-ae73lpti6eu6wivubsemtrytzzf3hez7/lib",
                    "/spack/opt/spack/linux-ubuntu22.04-haswell/gcc-11.2.0/readline-8.1.2-b7aunqqlalfx6dlbtvcqgzcvtcn4ysjk/lib",
                    "/spack/opt/spack/linux-ubuntu22.04-haswell/gcc-11.2.0/py-pip-22.1.2-nd5hxakdl6igvv7tx3olohvdz3mufwbb/lib",
                    "/spack/opt/spack/linux-ubuntu22.04-haswell/gcc-11.2.0/py-wheel-0.37.1-elguqdgx2rqpyjti3aiugzkciub2w7pc/lib",
                    "/spack/opt/spack/linux-ubuntu22.04-haswell/gcc-11.2.0/libxml2-2.9.13-7nkjcj7tyvlqw2evbz75lmy3orkmqpmy/lib",
                    "/spack/opt/spack/linux-ubuntu22.04-haswell/gcc-11.2.0/py-setuptools-63.0.0-qjixzrrpenjwdukrncgixplgrivtxn4g/lib",
                    "/spack/opt/spack/linux-ubuntu22.04-haswell/gcc-11.2.0/sqlite-3.38.5-d2ea6bj7l73lk6qts76ztojzxfz5mcvc/lib",
                    "/spack/opt/spack/linux-ubuntu22.04-haswell/gcc-11.2.0/xz-5.2.5-ub757pyoqpaurexmrq7oxo7cj35qod2q/lib",
                    "/spack/opt/spack/linux-ubuntu22.04-haswell/gcc-11.2.0/zstd-1.5.2-nbvfzv7w6wra46fxbdhk5ewgplaxuwqn/lib",
                    "/spack/opt/spack/linux-ubuntu22.04-haswell/gcc-11.2.0/gettext-0.21-u6wcu25n7tfqtrvnexez66utuydb4smx/lib",
                    "/spack/opt/spack/linux-ubuntu22.04-haswell/gcc-11.2.0/gdbm-1.19-wcroyxphbv36i3i7pvflptbcp2fqumx3/lib",
                    "/spack/opt/spack/linux-ubuntu22.04-haswell/gcc-11.2.0/python-3.9.13-q47iise7npr7iijnfw5l66jtgksi4tvc/lib",
                    "/spack/opt/spack/linux-ubuntu22.04-haswell/gcc-11.2.0/zlib-1.2.12-ychk3ix6mv3mgsrtnazfunnmu4vrspkk/lib",
                    "/spack/opt/spack/linux-ubuntu22.04-haswell/gcc-11.2.0/expat-2.4.8-owhc2truzoihyzfqo7rxjgd4edfc6j7v/lib",
                    "/spack/opt/spack/linux-ubuntu22.04-haswell/gcc-11.2.0/libffi-3.4.2-m3zifbsskipiwtc4j55gcuiggbxrlc73/lib"
                ],
                "spliced": [
                    "/spack/opt/spack/linux-ubuntu22.04-haswell/gcc-11.2.0/libmd-1.0.4-ajqlqlpzseqjzps2pjrcxzqgwoqre7id/lib",
                    "/spack/opt/spack/linux-ubuntu22.04-haswell/gcc-11.2.0/bzip2-1.0.8-szccym2boautmkfmh4m2xm2krbftkd2g/lib",
                    "/spack/opt/spack/linux-ubuntu22.04-haswell/gcc-11.2.0/berkeley-db-18.1.40-y3xm2b4wnx2tsoeh4mb3glrv4zzgmt57/lib",
                    "/spack/opt/spack/linux-ubuntu22.04-haswell/gcc-11.2.0/openssl-1.1.1q-gqizvq5o5pipkqv2cxsg3k47lnqi64j3/lib",
                    "/spack/opt/spack/linux-ubuntu22.04-haswell/gcc-11.2.0/ncurses-6.2-2khyzubbcfupjtbj4nkogd7ebonczczr/lib",
                    "/spack/opt/spack/linux-ubuntu22.04-haswell/gcc-11.2.0/perl-5.34.1-olweu672du4nrlvjn2shpf62jbgxzzp6/lib",
                    "/spack/opt/spack/linux-ubuntu22.04-haswell/gcc-11.2.0/meson-0.58.1-v2h4ykjn6dkp7gj6lstssyjcg36pfdq3/lib",
                    "/spack/opt/spack/linux-ubuntu22.04-haswell/gcc-11.2.0/py-setuptools-63.0.0-g475bshoryifohuytt7y3ge2umituppg/lib",
                    "/spack/opt/spack/linux-ubuntu22.04-haswell/gcc-11.2.0/pkgconf-1.8.0-ruoukh6z67iefyz4cyphkcqaz2g2hx7f/lib",
                    "/spack/opt/spack/linux-ubuntu22.04-haswell/gcc-11.2.0/libiconv-1.16-nylazfnjil3kyc5wyctes6ttimburge6/lib",
                    "/spack/opt/spack/linux-ubuntu22.04-haswell/gcc-11.2.0/util-linux-uuid-2.37.4-zfqnulivrw2c6ucejn44ozyygbnbgkej/lib",
                    "/spack/opt/spack/linux-ubuntu22.04-haswell/gcc-11.2.0/libbsd-0.11.5-ae73lpti6eu6wivubsemtrytzzf3hez7/lib",
                    "/spack/opt/spack/linux-ubuntu22.04-haswell/gcc-11.2.0/readline-8.1.2-b7aunqqlalfx6dlbtvcqgzcvtcn4ysjk/lib",
                    "/spack/opt/spack/linux-ubuntu22.04-haswell/gcc-11.2.0/libxml2-2.9.13-7nkjcj7tyvlqw2evbz75lmy3orkmqpmy/lib",
                    "/spack/opt/spack/linux-ubuntu22.04-haswell/gcc-11.2.0/py-pip-22.1.2-3okip5kqbvxn6pwmfjb57eogafl7scz2/lib",
                    "/spack/opt/spack/linux-ubuntu22.04-haswell/gcc-11.2.0/sqlite-3.38.5-d2ea6bj7l73lk6qts76ztojzxfz5mcvc/lib",
                    "/spack/opt/spack/linux-ubuntu22.04-haswell/gcc-11.2.0/py-wheel-0.37.1-ltvvmuvb2dskp25r2n2vjco6dli2mhng/lib",
                    "/spack/opt/spack/linux-ubuntu22.04-haswell/gcc-11.2.0/xz-5.2.5-ub757pyoqpaurexmrq7oxo7cj35qod2q/lib",
                    "/spack/opt/spack/linux-ubuntu22.04-haswell/gcc-11.2.0/zstd-1.5.2-nbvfzv7w6wra46fxbdhk5ewgplaxuwqn/lib",
                    "/spack/opt/spack/linux-ubuntu22.04-haswell/gcc-11.2.0/gettext-0.21-u6wcu25n7tfqtrvnexez66utuydb4smx/lib",
                    "/spack/opt/spack/linux-ubuntu22.04-haswell/gcc-11.2.0/gdbm-1.19-wcroyxphbv36i3i7pvflptbcp2fqumx3/lib",
                    "/spack/opt/spack/linux-ubuntu22.04-haswell/gcc-11.2.0/python-3.9.13-q47iise7npr7iijnfw5l66jtgksi4tvc/lib",
                    "/spack/opt/spack/linux-ubuntu22.04-haswell/gcc-11.2.0/zlib-1.2.12-ychk3ix6mv3mgsrtnazfunnmu4vrspkk/lib",
                    "/spack/opt/spack/linux-ubuntu22.04-haswell/gcc-11.2.0/expat-2.4.8-owhc2truzoihyzfqo7rxjgd4edfc6j7v/lib",
                    "/spack/opt/spack/linux-ubuntu22.04-haswell/gcc-11.2.0/libffi-3.4.2-m3zifbsskipiwtc4j55gcuiggbxrlc73/lib"
                ]
            }
        },
        "predictions": {
            "spack-test": {
                "original": {
                    "message": "==> Spack test v7hvumkhqz2zv4hfi3k6qxdjqt4cbniy\n==> Testing package meson-0.58.1-rlbylyr\n==> Error: TestFailure: 1 tests failed.\n\n\nCommand exited with status 1:\n    '/spack/opt/spack/linux-ubuntu22.04-haswell/gcc-11.2.0/python-3.9.13-q47iise7npr7iijnfw5l66jtgksi4tvc/bin/python3.9' '-c' 'import mesonbuild.ast'\nTraceback (most recent call last):\n  File \"<string>\", line 1, in <module>\n  File \"/spack/opt/spack/linux-ubuntu22.04-haswell/gcc-11.2.0/meson-0.58.1-rlbylyrfsargexmooyzejfk3sbh4s4fj/lib/python3.9/site-packages/mesonbuild/ast/__init__.py\", line 30, in <module>\n    from .interpreter import AstInterpreter\n  File \"/spack/opt/spack/linux-ubuntu22.04-haswell/gcc-11.2.0/meson-0.58.1-rlbylyrfsargexmooyzejfk3sbh4s4fj/lib/python3.9/site-packages/mesonbuild/ast/interpreter.py\", line 19, in <module>\n    from .. import interpreterbase, mparser, mesonlib\n  File \"/spack/opt/spack/linux-ubuntu22.04-haswell/gcc-11.2.0/meson-0.58.1-rlbylyrfsargexmooyzejfk3sbh4s4fj/lib/python3.9/site-packages/mesonbuild/interpreterbase.py\", line 19, in <module>\n    from . import environment, dependencies\n  File \"/spack/opt/spack/linux-ubuntu22.04-haswell/gcc-11.2.0/meson-0.58.1-rlbylyrfsargexmooyzejfk3sbh4s4fj/lib/python3.9/site-packages/mesonbuild/dependencies/__init__.py\", line 15, in <module>\n    from .boost import BoostDependency\n  File \"/spack/opt/spack/linux-ubuntu22.04-haswell/gcc-11.2.0/meson-0.58.1-rlbylyrfsargexmooyzejfk3sbh4s4fj/lib/python3.9/site-packages/mesonbuild/dependencies/boost.py\", line 25, in <module>\n    from .base import DependencyException, ExternalDependency, PkgConfigDependency\n  File \"/spack/opt/spack/linux-ubuntu22.04-haswell/gcc-11.2.0/meson-0.58.1-rlbylyrfsargexmooyzejfk3sbh4s4fj/lib/python3.9/site-packages/mesonbuild/dependencies/base.py\", line 41, in <module>\n    from ..interpreterbase import FeatureDeprecated\nImportError: cannot import name 'FeatureDeprecated' from partially initialized module 'mesonbuild.interpreterbase' (most likely due to a circular import) (/spack/opt/spack/linux-ubuntu22.04-haswell/gcc-11.2.0/meson-0.58.1-rlbylyrfsargexmooyzejfk3sbh4s4fj/lib/python3.9/site-packages/mesonbuild/interpreterbase.py)\n\n\n\n1 error found in test log:\n     23        from .boost import BoostDependency\n     24      File \"/spack/opt/spack/linux-ubuntu22.04-haswell/gcc-11.2.0/meson-\n           0.58.1-rlbylyrfsargexmooyzejfk3sbh4s4fj/lib/python3.9/site-packages/\n           mesonbuild/dependencies/boost.py\", line 25, in <module>\n     25        from .base import DependencyException, ExternalDependency, PkgCo\n           nfigDependency\n     26      File \"/spack/opt/spack/linux-ubuntu22.04-haswell/gcc-11.2.0/meson-\n           0.58.1-rlbylyrfsargexmooyzejfk3sbh4s4fj/lib/python3.9/site-packages/\n           mesonbuild/dependencies/base.py\", line 41, in <module>\n     27        from ..interpreterbase import FeatureDeprecated\n     28    ImportError: cannot import name 'FeatureDeprecated' from partially i\n           nitialized module 'mesonbuild.interpreterbase' (most likely due to a\n            circular import) (/spack/opt/spack/linux-ubuntu22.04-haswell/gcc-11\n           .2.0/meson-0.58.1-rlbylyrfsargexmooyzejfk3sbh4s4fj/lib/python3.9/sit\n           e-packages/mesonbuild/interpreterbase.py)\n  >> 29    FAILED: Command exited with status 1:\n     30        '/spack/opt/spack/linux-ubuntu22.04-haswell/gcc-11.2.0/python-3.\n           9.13-q47iise7npr7iijnfw5l66jtgksi4tvc/bin/python3.9' '-c' 'import me\n           sonbuild.ast'\n     31    Traceback (most recent call last):\n     32      File \"<string>\", line 1, in <module>\n     33      File \"/spack/opt/spack/linux-ubuntu22.04-haswell/gcc-11.2.0/meson-\n           0.58.1-rlbylyrfsargexmooyzejfk3sbh4s4fj/lib/python3.9/site-packages/\n           mesonbuild/ast/__init__.py\", line 30, in <module>\n     34        from .interpreter import AstInterpreter\n     35      File \"/spack/opt/spack/linux-ubuntu22.04-haswell/gcc-11.2.0/meson-\n           0.58.1-rlbylyrfsargexmooyzejfk3sbh4s4fj/lib/python3.9/site-packages/\n           mesonbuild/ast/interpreter.py\", line 19, in <module>\n\n\n\n/spack/lib/spack/spack/build_environment.py:1076, in _setup_pkg_and_run:\n       1073        tb_string = traceback.format_exc()\n       1074\n       1075        # build up some context from the offending package so we can\n  >>   1076        # show that, too.\n       1077        package_context = get_package_context(tb)\n       1078\n       1079        logfile = None\n\nSee test log for details:\n  /cache/spack/test/v7hvumkhqz2zv4hfi3k6qxdjqt4cbniy/meson-0.58.1-rlbylyr-test-out.txt\n\n==> Error: 1 test(s) in the suite failed.\n\n======================== 1 failed, 0 passed of 1 specs =========================\n",
                    "return_code": 1,
                    "seconds": 2.701033115386963,
                    "prediction": false,
                    "command": "/spack/bin/spack test run /rlbyly"
                },
                "spliced": {
                    "message": "==> Spack test pj7ja3vhgxslpw4csudpztp6z52ygvsv\n==> Testing package meson-0.58.1-v2h4ykj\n==> Error: TestFailure: 1 tests failed.\n\n\nCommand exited with status 1:\n    '/spack/opt/spack/linux-ubuntu22.04-haswell/gcc-11.2.0/python-3.9.13-q47iise7npr7iijnfw5l66jtgksi4tvc/bin/python3.9' '-c' 'import mesonbuild.ast'\nTraceback (most recent call last):\n  File \"<string>\", line 1, in <module>\n  File \"/spack/opt/spack/linux-ubuntu22.04-haswell/gcc-11.2.0/meson-0.58.1-v2h4ykjn6dkp7gj6lstssyjcg36pfdq3/lib/python3.9/site-packages/mesonbuild/ast/__init__.py\", line 30, in <module>\n    from .interpreter import AstInterpreter\n  File \"/spack/opt/spack/linux-ubuntu22.04-haswell/gcc-11.2.0/meson-0.58.1-v2h4ykjn6dkp7gj6lstssyjcg36pfdq3/lib/python3.9/site-packages/mesonbuild/ast/interpreter.py\", line 19, in <module>\n    from .. import interpreterbase, mparser, mesonlib\n  File \"/spack/opt/spack/linux-ubuntu22.04-haswell/gcc-11.2.0/meson-0.58.1-v2h4ykjn6dkp7gj6lstssyjcg36pfdq3/lib/python3.9/site-packages/mesonbuild/interpreterbase.py\", line 19, in <module>\n    from . import environment, dependencies\n  File \"/spack/opt/spack/linux-ubuntu22.04-haswell/gcc-11.2.0/meson-0.58.1-v2h4ykjn6dkp7gj6lstssyjcg36pfdq3/lib/python3.9/site-packages/mesonbuild/dependencies/__init__.py\", line 15, in <module>\n    from .boost import BoostDependency\n  File \"/spack/opt/spack/linux-ubuntu22.04-haswell/gcc-11.2.0/meson-0.58.1-v2h4ykjn6dkp7gj6lstssyjcg36pfdq3/lib/python3.9/site-packages/mesonbuild/dependencies/boost.py\", line 25, in <module>\n    from .base import DependencyException, ExternalDependency, PkgConfigDependency\n  File \"/spack/opt/spack/linux-ubuntu22.04-haswell/gcc-11.2.0/meson-0.58.1-v2h4ykjn6dkp7gj6lstssyjcg36pfdq3/lib/python3.9/site-packages/mesonbuild/dependencies/base.py\", line 41, in <module>\n    from ..interpreterbase import FeatureDeprecated\nImportError: cannot import name 'FeatureDeprecated' from partially initialized module 'mesonbuild.interpreterbase' (most likely due to a circular import) (/spack/opt/spack/linux-ubuntu22.04-haswell/gcc-11.2.0/meson-0.58.1-v2h4ykjn6dkp7gj6lstssyjcg36pfdq3/lib/python3.9/site-packages/mesonbuild/interpreterbase.py)\n\n\n\n1 error found in test log:\n     23        from .boost import BoostDependency\n     24      File \"/spack/opt/spack/linux-ubuntu22.04-haswell/gcc-11.2.0/meson-\n           0.58.1-v2h4ykjn6dkp7gj6lstssyjcg36pfdq3/lib/python3.9/site-packages/\n           mesonbuild/dependencies/boost.py\", line 25, in <module>\n     25        from .base import DependencyException, ExternalDependency, PkgCo\n           nfigDependency\n     26      File \"/spack/opt/spack/linux-ubuntu22.04-haswell/gcc-11.2.0/meson-\n           0.58.1-v2h4ykjn6dkp7gj6lstssyjcg36pfdq3/lib/python3.9/site-packages/\n           mesonbuild/dependencies/base.py\", line 41, in <module>\n     27        from ..interpreterbase import FeatureDeprecated\n     28    ImportError: cannot import name 'FeatureDeprecated' from partially i\n           nitialized module 'mesonbuild.interpreterbase' (most likely due to a\n            circular import) (/spack/opt/spack/linux-ubuntu22.04-haswell/gcc-11\n           .2.0/meson-0.58.1-v2h4ykjn6dkp7gj6lstssyjcg36pfdq3/lib/python3.9/sit\n           e-packages/mesonbuild/interpreterbase.py)\n  >> 29    FAILED: Command exited with status 1:\n     30        '/spack/opt/spack/linux-ubuntu22.04-haswell/gcc-11.2.0/python-3.\n           9.13-q47iise7npr7iijnfw5l66jtgksi4tvc/bin/python3.9' '-c' 'import me\n           sonbuild.ast'\n     31    Traceback (most recent call last):\n     32      File \"<string>\", line 1, in <module>\n     33      File \"/spack/opt/spack/linux-ubuntu22.04-haswell/gcc-11.2.0/meson-\n           0.58.1-v2h4ykjn6dkp7gj6lstssyjcg36pfdq3/lib/python3.9/site-packages/\n           mesonbuild/ast/__init__.py\", line 30, in <module>\n     34        from .interpreter import AstInterpreter\n     35      File \"/spack/opt/spack/linux-ubuntu22.04-haswell/gcc-11.2.0/meson-\n           0.58.1-v2h4ykjn6dkp7gj6lstssyjcg36pfdq3/lib/python3.9/site-packages/\n           mesonbuild/ast/interpreter.py\", line 19, in <module>\n\n\n\n/spack/lib/spack/spack/build_environment.py:1076, in _setup_pkg_and_run:\n       1073        tb_string = traceback.format_exc()\n       1074\n       1075        # build up some context from the offending package so we can\n  >>   1076        # show that, too.\n       1077        package_context = get_package_context(tb)\n       1078\n       1079        logfile = None\n\nSee test log for details:\n  /cache/spack/test/pj7ja3vhgxslpw4csudpztp6z52ygvsv/meson-0.58.1-v2h4ykj-test-out.txt\n\n==> Error: 1 test(s) in the suite failed.\n\n======================== 1 failed, 0 passed of 1 specs =========================\n",
                    "return_code": 1,
                    "seconds": 3.126046657562256,
                    "prediction": false,
                    "command": "/spack/bin/spack test run /v2h4yk"
                }
            }
        },
        "stats": {
            "sizes_bytes": {}
        },
        "experiment": "meson",
        "result": "splice-success",
        "success": true,
        "splice": "ninja@1.11.0",
        "package": "meson@0.58.1",
        "different_libs": false
    },
    {
        "specs": {
            "original": "meson@0.58.1%gcc@11.2.0 patches=aa6c50d arch=linux-ubuntu22.04-haswell ^berkeley-db@18.1.40%gcc@11.2.0+cxx~docs+stl patches=b231fcc arch=linux-ubuntu22.04-haswell ^bzip2@1.0.8%gcc@11.2.0~debug~pic+shared arch=linux-ubuntu22.04-haswell ^ca-certificates-mozilla@2022-03-29%gcc@11.2.0 arch=linux-ubuntu22.04-haswell ^diffutils@3.8%gcc@11.2.0 arch=linux-ubuntu22.04-haswell ^expat@2.4.8%gcc@11.2.0+libbsd arch=linux-ubuntu22.04-haswell ^gdbm@1.19%gcc@11.2.0 arch=linux-ubuntu22.04-haswell ^gettext@0.21%gcc@11.2.0+bzip2+curses+git~libunistring+libxml2+tar+xz arch=linux-ubuntu22.04-haswell ^libbsd@0.11.5%gcc@11.2.0 arch=linux-ubuntu22.04-haswell ^libffi@3.4.2%gcc@11.2.0 arch=linux-ubuntu22.04-haswell ^libiconv@1.16%gcc@11.2.0 libs=shared,static arch=linux-ubuntu22.04-haswell ^libmd@1.0.4%gcc@11.2.0 arch=linux-ubuntu22.04-haswell ^libxml2@2.9.13%gcc@11.2.0~python arch=linux-ubuntu22.04-haswell ^ncurses@6.2%gcc@11.2.0~symlinks+termlib abi=none arch=linux-ubuntu22.04-haswell ^ninja@1.11.0%gcc@11.2.0 arch=linux-ubuntu22.04-haswell ^openssl@1.1.1q%gcc@11.2.0~docs~shared certs=mozilla patches=3fdcf2d arch=linux-ubuntu22.04-haswell ^perl@5.34.1%gcc@11.2.0+cpanm+shared+threads arch=linux-ubuntu22.04-haswell ^pigz@2.7%gcc@11.2.0 arch=linux-ubuntu22.04-haswell ^pkgconf@1.8.0%gcc@11.2.0 arch=linux-ubuntu22.04-haswell ^py-pip@22.1.2%gcc@11.2.0 arch=linux-ubuntu22.04-haswell ^py-setuptools@63.0.0%gcc@11.2.0 arch=linux-ubuntu22.04-haswell ^py-wheel@0.37.1%gcc@11.2.0 arch=linux-ubuntu22.04-haswell ^python@3.9.13%gcc@11.2.0+bz2+ctypes+dbm~debug+ensurepip+libxml2+lzma~nis~optimizations+pic+pyexpat+pythoncmd+readline+shared+sqlite3+ssl~tix~tkinter~ucs4+uuid+zlib patches=0d98e93,4c24573,f2fd060 arch=linux-ubuntu22.04-haswell ^readline@8.1.2%gcc@11.2.0 arch=linux-ubuntu22.04-haswell ^sqlite@3.38.5%gcc@11.2.0+column_metadata+dynamic_extensions+fts~functions+rtree arch=linux-ubuntu22.04-haswell ^tar@1.34%gcc@11.2.0 zip=pigz arch=linux-ubuntu22.04-haswell ^util-linux-uuid@2.37.4%gcc@11.2.0 arch=linux-ubuntu22.04-haswell ^xz@5.2.5%gcc@11.2.0~pic libs=shared,static arch=linux-ubuntu22.04-haswell ^zlib@1.2.12%gcc@11.2.0+optimize+pic+shared patches=0d38234 arch=linux-ubuntu22.04-haswell ^zstd@1.5.2%gcc@11.2.0+programs compression=none libs=shared,static arch=linux-ubuntu22.04-haswell",
            "spliced": "meson@0.58.1%gcc@11.2.0 patches=aa6c50d arch=linux-ubuntu22.04-haswell ^berkeley-db@18.1.40%gcc@11.2.0+cxx~docs+stl patches=b231fcc arch=linux-ubuntu22.04-haswell ^bzip2@1.0.8%gcc@11.2.0~debug~pic+shared arch=linux-ubuntu22.04-haswell ^ca-certificates-mozilla@2022-03-29%gcc@11.2.0 arch=linux-ubuntu22.04-haswell ^diffutils@3.8%gcc@11.2.0 arch=linux-ubuntu22.04-haswell ^expat@2.4.8%gcc@11.2.0+libbsd arch=linux-ubuntu22.04-haswell ^gdbm@1.19%gcc@11.2.0 arch=linux-ubuntu22.04-haswell ^gettext@0.21%gcc@11.2.0+bzip2+curses+git~libunistring+libxml2+tar+xz arch=linux-ubuntu22.04-haswell ^libbsd@0.11.5%gcc@11.2.0 arch=linux-ubuntu22.04-haswell ^libffi@3.4.2%gcc@11.2.0 arch=linux-ubuntu22.04-haswell ^libiconv@1.16%gcc@11.2.0 libs=shared,static arch=linux-ubuntu22.04-haswell ^libmd@1.0.4%gcc@11.2.0 arch=linux-ubuntu22.04-haswell ^libxml2@2.9.13%gcc@11.2.0~python arch=linux-ubuntu22.04-haswell ^ncurses@6.2%gcc@11.2.0~symlinks+termlib abi=none arch=linux-ubuntu22.04-haswell ^ninja@1.6.0%gcc@11.2.0 arch=linux-ubuntu22.04-haswell ^openssl@1.1.1q%gcc@11.2.0~docs~shared certs=mozilla patches=3fdcf2d arch=linux-ubuntu22.04-haswell ^perl@5.34.1%gcc@11.2.0+cpanm+shared+threads arch=linux-ubuntu22.04-haswell ^pigz@2.7%gcc@11.2.0 arch=linux-ubuntu22.04-haswell ^pkgconf@1.8.0%gcc@11.2.0 arch=linux-ubuntu22.04-haswell ^py-pip@22.1.2%gcc@11.2.0 arch=linux-ubuntu22.04-haswell ^py-setuptools@63.0.0%gcc@11.2.0 arch=linux-ubuntu22.04-haswell ^py-wheel@0.37.1%gcc@11.2.0 arch=linux-ubuntu22.04-haswell ^python@3.9.13%gcc@11.2.0+bz2+ctypes+dbm~debug+ensurepip+libxml2+lzma~nis~optimizations+pic+pyexpat+pythoncmd+readline+shared+sqlite3+ssl~tix~tkinter~ucs4+uuid+zlib patches=0d98e93,4c24573,f2fd060 arch=linux-ubuntu22.04-haswell ^readline@8.1.2%gcc@11.2.0 arch=linux-ubuntu22.04-haswell ^sqlite@3.38.5%gcc@11.2.0+column_metadata+dynamic_extensions+fts~functions+rtree arch=linux-ubuntu22.04-haswell ^tar@1.34%gcc@11.2.0 zip=pigz arch=linux-ubuntu22.04-haswell ^util-linux-uuid@2.37.4%gcc@11.2.0 arch=linux-ubuntu22.04-haswell ^xz@5.2.5%gcc@11.2.0~pic libs=shared,static arch=linux-ubuntu22.04-haswell ^zlib@1.2.12%gcc@11.2.0+optimize+pic+shared patches=0d38234 arch=linux-ubuntu22.04-haswell ^zstd@1.5.2%gcc@11.2.0+programs compression=none libs=shared,static arch=linux-ubuntu22.04-haswell"
        },
        "ids": {
            "original": "/rlbyly",
            "spliced": "/q4rdw5"
        },
        "original": [],
        "spliced": [],
        "paths": {
            "loads": {
                "original": [
                    "/spack/opt/spack/linux-ubuntu22.04-haswell/gcc-11.2.0/libmd-1.0.4-ajqlqlpzseqjzps2pjrcxzqgwoqre7id/lib",
                    "/spack/opt/spack/linux-ubuntu22.04-haswell/gcc-11.2.0/bzip2-1.0.8-szccym2boautmkfmh4m2xm2krbftkd2g/lib",
                    "/spack/opt/spack/linux-ubuntu22.04-haswell/gcc-11.2.0/berkeley-db-18.1.40-y3xm2b4wnx2tsoeh4mb3glrv4zzgmt57/lib",
                    "/spack/opt/spack/linux-ubuntu22.04-haswell/gcc-11.2.0/openssl-1.1.1q-gqizvq5o5pipkqv2cxsg3k47lnqi64j3/lib",
                    "/spack/opt/spack/linux-ubuntu22.04-haswell/gcc-11.2.0/ncurses-6.2-2khyzubbcfupjtbj4nkogd7ebonczczr/lib",
                    "/spack/opt/spack/linux-ubuntu22.04-haswell/gcc-11.2.0/meson-0.58.1-rlbylyrfsargexmooyzejfk3sbh4s4fj/lib",
                    "/spack/opt/spack/linux-ubuntu22.04-haswell/gcc-11.2.0/perl-5.34.1-olweu672du4nrlvjn2shpf62jbgxzzp6/lib",
                    "/spack/opt/spack/linux-ubuntu22.04-haswell/gcc-11.2.0/pkgconf-1.8.0-ruoukh6z67iefyz4cyphkcqaz2g2hx7f/lib",
                    "/spack/opt/spack/linux-ubuntu22.04-haswell/gcc-11.2.0/libiconv-1.16-nylazfnjil3kyc5wyctes6ttimburge6/lib",
                    "/spack/opt/spack/linux-ubuntu22.04-haswell/gcc-11.2.0/util-linux-uuid-2.37.4-zfqnulivrw2c6ucejn44ozyygbnbgkej/lib",
                    "/spack/opt/spack/linux-ubuntu22.04-haswell/gcc-11.2.0/libbsd-0.11.5-ae73lpti6eu6wivubsemtrytzzf3hez7/lib",
                    "/spack/opt/spack/linux-ubuntu22.04-haswell/gcc-11.2.0/readline-8.1.2-b7aunqqlalfx6dlbtvcqgzcvtcn4ysjk/lib",
                    "/spack/opt/spack/linux-ubuntu22.04-haswell/gcc-11.2.0/py-pip-22.1.2-nd5hxakdl6igvv7tx3olohvdz3mufwbb/lib",
                    "/spack/opt/spack/linux-ubuntu22.04-haswell/gcc-11.2.0/py-wheel-0.37.1-elguqdgx2rqpyjti3aiugzkciub2w7pc/lib",
                    "/spack/opt/spack/linux-ubuntu22.04-haswell/gcc-11.2.0/libxml2-2.9.13-7nkjcj7tyvlqw2evbz75lmy3orkmqpmy/lib",
                    "/spack/opt/spack/linux-ubuntu22.04-haswell/gcc-11.2.0/py-setuptools-63.0.0-qjixzrrpenjwdukrncgixplgrivtxn4g/lib",
                    "/spack/opt/spack/linux-ubuntu22.04-haswell/gcc-11.2.0/sqlite-3.38.5-d2ea6bj7l73lk6qts76ztojzxfz5mcvc/lib",
                    "/spack/opt/spack/linux-ubuntu22.04-haswell/gcc-11.2.0/xz-5.2.5-ub757pyoqpaurexmrq7oxo7cj35qod2q/lib",
                    "/spack/opt/spack/linux-ubuntu22.04-haswell/gcc-11.2.0/zstd-1.5.2-nbvfzv7w6wra46fxbdhk5ewgplaxuwqn/lib",
                    "/spack/opt/spack/linux-ubuntu22.04-haswell/gcc-11.2.0/gettext-0.21-u6wcu25n7tfqtrvnexez66utuydb4smx/lib",
                    "/spack/opt/spack/linux-ubuntu22.04-haswell/gcc-11.2.0/gdbm-1.19-wcroyxphbv36i3i7pvflptbcp2fqumx3/lib",
                    "/spack/opt/spack/linux-ubuntu22.04-haswell/gcc-11.2.0/python-3.9.13-q47iise7npr7iijnfw5l66jtgksi4tvc/lib",
                    "/spack/opt/spack/linux-ubuntu22.04-haswell/gcc-11.2.0/zlib-1.2.12-ychk3ix6mv3mgsrtnazfunnmu4vrspkk/lib",
                    "/spack/opt/spack/linux-ubuntu22.04-haswell/gcc-11.2.0/expat-2.4.8-owhc2truzoihyzfqo7rxjgd4edfc6j7v/lib",
                    "/spack/opt/spack/linux-ubuntu22.04-haswell/gcc-11.2.0/libffi-3.4.2-m3zifbsskipiwtc4j55gcuiggbxrlc73/lib"
                ],
                "spliced": [
                    "/spack/opt/spack/linux-ubuntu22.04-haswell/gcc-11.2.0/libmd-1.0.4-ajqlqlpzseqjzps2pjrcxzqgwoqre7id/lib",
                    "/spack/opt/spack/linux-ubuntu22.04-haswell/gcc-11.2.0/bzip2-1.0.8-szccym2boautmkfmh4m2xm2krbftkd2g/lib",
                    "/spack/opt/spack/linux-ubuntu22.04-haswell/gcc-11.2.0/berkeley-db-18.1.40-y3xm2b4wnx2tsoeh4mb3glrv4zzgmt57/lib",
                    "/spack/opt/spack/linux-ubuntu22.04-haswell/gcc-11.2.0/openssl-1.1.1q-gqizvq5o5pipkqv2cxsg3k47lnqi64j3/lib",
                    "/spack/opt/spack/linux-ubuntu22.04-haswell/gcc-11.2.0/ncurses-6.2-2khyzubbcfupjtbj4nkogd7ebonczczr/lib",
                    "/spack/opt/spack/linux-ubuntu22.04-haswell/gcc-11.2.0/perl-5.34.1-olweu672du4nrlvjn2shpf62jbgxzzp6/lib",
                    "/spack/opt/spack/linux-ubuntu22.04-haswell/gcc-11.2.0/py-setuptools-63.0.0-g475bshoryifohuytt7y3ge2umituppg/lib",
                    "/spack/opt/spack/linux-ubuntu22.04-haswell/gcc-11.2.0/pkgconf-1.8.0-ruoukh6z67iefyz4cyphkcqaz2g2hx7f/lib",
                    "/spack/opt/spack/linux-ubuntu22.04-haswell/gcc-11.2.0/libiconv-1.16-nylazfnjil3kyc5wyctes6ttimburge6/lib",
                    "/spack/opt/spack/linux-ubuntu22.04-haswell/gcc-11.2.0/util-linux-uuid-2.37.4-zfqnulivrw2c6ucejn44ozyygbnbgkej/lib",
                    "/spack/opt/spack/linux-ubuntu22.04-haswell/gcc-11.2.0/libbsd-0.11.5-ae73lpti6eu6wivubsemtrytzzf3hez7/lib",
                    "/spack/opt/spack/linux-ubuntu22.04-haswell/gcc-11.2.0/readline-8.1.2-b7aunqqlalfx6dlbtvcqgzcvtcn4ysjk/lib",
                    "/spack/opt/spack/linux-ubuntu22.04-haswell/gcc-11.2.0/libxml2-2.9.13-7nkjcj7tyvlqw2evbz75lmy3orkmqpmy/lib",
                    "/spack/opt/spack/linux-ubuntu22.04-haswell/gcc-11.2.0/py-pip-22.1.2-3okip5kqbvxn6pwmfjb57eogafl7scz2/lib",
                    "/spack/opt/spack/linux-ubuntu22.04-haswell/gcc-11.2.0/sqlite-3.38.5-d2ea6bj7l73lk6qts76ztojzxfz5mcvc/lib",
                    "/spack/opt/spack/linux-ubuntu22.04-haswell/gcc-11.2.0/py-wheel-0.37.1-ltvvmuvb2dskp25r2n2vjco6dli2mhng/lib",
                    "/spack/opt/spack/linux-ubuntu22.04-haswell/gcc-11.2.0/xz-5.2.5-ub757pyoqpaurexmrq7oxo7cj35qod2q/lib",
                    "/spack/opt/spack/linux-ubuntu22.04-haswell/gcc-11.2.0/zstd-1.5.2-nbvfzv7w6wra46fxbdhk5ewgplaxuwqn/lib",
                    "/spack/opt/spack/linux-ubuntu22.04-haswell/gcc-11.2.0/gettext-0.21-u6wcu25n7tfqtrvnexez66utuydb4smx/lib",
                    "/spack/opt/spack/linux-ubuntu22.04-haswell/gcc-11.2.0/gdbm-1.19-wcroyxphbv36i3i7pvflptbcp2fqumx3/lib",
                    "/spack/opt/spack/linux-ubuntu22.04-haswell/gcc-11.2.0/meson-0.58.1-q4rdw5rjuymadd5ysay2vsjirkxqnv6l/lib",
                    "/spack/opt/spack/linux-ubuntu22.04-haswell/gcc-11.2.0/python-3.9.13-q47iise7npr7iijnfw5l66jtgksi4tvc/lib",
                    "/spack/opt/spack/linux-ubuntu22.04-haswell/gcc-11.2.0/zlib-1.2.12-ychk3ix6mv3mgsrtnazfunnmu4vrspkk/lib",
                    "/spack/opt/spack/linux-ubuntu22.04-haswell/gcc-11.2.0/expat-2.4.8-owhc2truzoihyzfqo7rxjgd4edfc6j7v/lib",
                    "/spack/opt/spack/linux-ubuntu22.04-haswell/gcc-11.2.0/libffi-3.4.2-m3zifbsskipiwtc4j55gcuiggbxrlc73/lib"
                ]
            }
        },
        "predictions": {
            "spack-test": {
                "original": {
                    "message": "==> Spack test v7hvumkhqz2zv4hfi3k6qxdjqt4cbniy\n==> Testing package meson-0.58.1-rlbylyr\n==> Error: TestFailure: 1 tests failed.\n\n\nCommand exited with status 1:\n    '/spack/opt/spack/linux-ubuntu22.04-haswell/gcc-11.2.0/python-3.9.13-q47iise7npr7iijnfw5l66jtgksi4tvc/bin/python3.9' '-c' 'import mesonbuild.ast'\nTraceback (most recent call last):\n  File \"<string>\", line 1, in <module>\n  File \"/spack/opt/spack/linux-ubuntu22.04-haswell/gcc-11.2.0/meson-0.58.1-rlbylyrfsargexmooyzejfk3sbh4s4fj/lib/python3.9/site-packages/mesonbuild/ast/__init__.py\", line 30, in <module>\n    from .interpreter import AstInterpreter\n  File \"/spack/opt/spack/linux-ubuntu22.04-haswell/gcc-11.2.0/meson-0.58.1-rlbylyrfsargexmooyzejfk3sbh4s4fj/lib/python3.9/site-packages/mesonbuild/ast/interpreter.py\", line 19, in <module>\n    from .. import interpreterbase, mparser, mesonlib\n  File \"/spack/opt/spack/linux-ubuntu22.04-haswell/gcc-11.2.0/meson-0.58.1-rlbylyrfsargexmooyzejfk3sbh4s4fj/lib/python3.9/site-packages/mesonbuild/interpreterbase.py\", line 19, in <module>\n    from . import environment, dependencies\n  File \"/spack/opt/spack/linux-ubuntu22.04-haswell/gcc-11.2.0/meson-0.58.1-rlbylyrfsargexmooyzejfk3sbh4s4fj/lib/python3.9/site-packages/mesonbuild/dependencies/__init__.py\", line 15, in <module>\n    from .boost import BoostDependency\n  File \"/spack/opt/spack/linux-ubuntu22.04-haswell/gcc-11.2.0/meson-0.58.1-rlbylyrfsargexmooyzejfk3sbh4s4fj/lib/python3.9/site-packages/mesonbuild/dependencies/boost.py\", line 25, in <module>\n    from .base import DependencyException, ExternalDependency, PkgConfigDependency\n  File \"/spack/opt/spack/linux-ubuntu22.04-haswell/gcc-11.2.0/meson-0.58.1-rlbylyrfsargexmooyzejfk3sbh4s4fj/lib/python3.9/site-packages/mesonbuild/dependencies/base.py\", line 41, in <module>\n    from ..interpreterbase import FeatureDeprecated\nImportError: cannot import name 'FeatureDeprecated' from partially initialized module 'mesonbuild.interpreterbase' (most likely due to a circular import) (/spack/opt/spack/linux-ubuntu22.04-haswell/gcc-11.2.0/meson-0.58.1-rlbylyrfsargexmooyzejfk3sbh4s4fj/lib/python3.9/site-packages/mesonbuild/interpreterbase.py)\n\n\n\n1 error found in test log:\n     23        from .boost import BoostDependency\n     24      File \"/spack/opt/spack/linux-ubuntu22.04-haswell/gcc-11.2.0/meson-\n           0.58.1-rlbylyrfsargexmooyzejfk3sbh4s4fj/lib/python3.9/site-packages/\n           mesonbuild/dependencies/boost.py\", line 25, in <module>\n     25        from .base import DependencyException, ExternalDependency, PkgCo\n           nfigDependency\n     26      File \"/spack/opt/spack/linux-ubuntu22.04-haswell/gcc-11.2.0/meson-\n           0.58.1-rlbylyrfsargexmooyzejfk3sbh4s4fj/lib/python3.9/site-packages/\n           mesonbuild/dependencies/base.py\", line 41, in <module>\n     27        from ..interpreterbase import FeatureDeprecated\n     28    ImportError: cannot import name 'FeatureDeprecated' from partially i\n           nitialized module 'mesonbuild.interpreterbase' (most likely due to a\n            circular import) (/spack/opt/spack/linux-ubuntu22.04-haswell/gcc-11\n           .2.0/meson-0.58.1-rlbylyrfsargexmooyzejfk3sbh4s4fj/lib/python3.9/sit\n           e-packages/mesonbuild/interpreterbase.py)\n  >> 29    FAILED: Command exited with status 1:\n     30        '/spack/opt/spack/linux-ubuntu22.04-haswell/gcc-11.2.0/python-3.\n           9.13-q47iise7npr7iijnfw5l66jtgksi4tvc/bin/python3.9' '-c' 'import me\n           sonbuild.ast'\n     31    Traceback (most recent call last):\n     32      File \"<string>\", line 1, in <module>\n     33      File \"/spack/opt/spack/linux-ubuntu22.04-haswell/gcc-11.2.0/meson-\n           0.58.1-rlbylyrfsargexmooyzejfk3sbh4s4fj/lib/python3.9/site-packages/\n           mesonbuild/ast/__init__.py\", line 30, in <module>\n     34        from .interpreter import AstInterpreter\n     35      File \"/spack/opt/spack/linux-ubuntu22.04-haswell/gcc-11.2.0/meson-\n           0.58.1-rlbylyrfsargexmooyzejfk3sbh4s4fj/lib/python3.9/site-packages/\n           mesonbuild/ast/interpreter.py\", line 19, in <module>\n\n\n\n/spack/lib/spack/spack/build_environment.py:1076, in _setup_pkg_and_run:\n       1073        tb_string = traceback.format_exc()\n       1074\n       1075        # build up some context from the offending package so we can\n  >>   1076        # show that, too.\n       1077        package_context = get_package_context(tb)\n       1078\n       1079        logfile = None\n\nSee test log for details:\n  /cache/spack/test/v7hvumkhqz2zv4hfi3k6qxdjqt4cbniy/meson-0.58.1-rlbylyr-test-out.txt\n\n==> Error: 1 test(s) in the suite failed.\n\n======================== 1 failed, 0 passed of 1 specs =========================\n",
                    "return_code": 1,
                    "seconds": 2.6882786750793457,
                    "prediction": false,
                    "command": "/spack/bin/spack test run /rlbyly"
                },
                "spliced": {
                    "message": "==> Spack test hjas7skxsogtoex7fwcperxon33h5szf\n==> Testing package meson-0.58.1-q4rdw5r\n==> Error: TestFailure: 1 tests failed.\n\n\nCommand exited with status 1:\n    '/spack/opt/spack/linux-ubuntu22.04-haswell/gcc-11.2.0/python-3.9.13-q47iise7npr7iijnfw5l66jtgksi4tvc/bin/python3.9' '-c' 'import mesonbuild.ast'\nTraceback (most recent call last):\n  File \"<string>\", line 1, in <module>\n  File \"/spack/opt/spack/linux-ubuntu22.04-haswell/gcc-11.2.0/meson-0.58.1-q4rdw5rjuymadd5ysay2vsjirkxqnv6l/lib/python3.9/site-packages/mesonbuild/ast/__init__.py\", line 30, in <module>\n    from .interpreter import AstInterpreter\n  File \"/spack/opt/spack/linux-ubuntu22.04-haswell/gcc-11.2.0/meson-0.58.1-q4rdw5rjuymadd5ysay2vsjirkxqnv6l/lib/python3.9/site-packages/mesonbuild/ast/interpreter.py\", line 19, in <module>\n    from .. import interpreterbase, mparser, mesonlib\n  File \"/spack/opt/spack/linux-ubuntu22.04-haswell/gcc-11.2.0/meson-0.58.1-q4rdw5rjuymadd5ysay2vsjirkxqnv6l/lib/python3.9/site-packages/mesonbuild/interpreterbase.py\", line 19, in <module>\n    from . import environment, dependencies\n  File \"/spack/opt/spack/linux-ubuntu22.04-haswell/gcc-11.2.0/meson-0.58.1-q4rdw5rjuymadd5ysay2vsjirkxqnv6l/lib/python3.9/site-packages/mesonbuild/dependencies/__init__.py\", line 15, in <module>\n    from .boost import BoostDependency\n  File \"/spack/opt/spack/linux-ubuntu22.04-haswell/gcc-11.2.0/meson-0.58.1-q4rdw5rjuymadd5ysay2vsjirkxqnv6l/lib/python3.9/site-packages/mesonbuild/dependencies/boost.py\", line 25, in <module>\n    from .base import DependencyException, ExternalDependency, PkgConfigDependency\n  File \"/spack/opt/spack/linux-ubuntu22.04-haswell/gcc-11.2.0/meson-0.58.1-q4rdw5rjuymadd5ysay2vsjirkxqnv6l/lib/python3.9/site-packages/mesonbuild/dependencies/base.py\", line 41, in <module>\n    from ..interpreterbase import FeatureDeprecated\nImportError: cannot import name 'FeatureDeprecated' from partially initialized module 'mesonbuild.interpreterbase' (most likely due to a circular import) (/spack/opt/spack/linux-ubuntu22.04-haswell/gcc-11.2.0/meson-0.58.1-q4rdw5rjuymadd5ysay2vsjirkxqnv6l/lib/python3.9/site-packages/mesonbuild/interpreterbase.py)\n\n\n\n1 error found in test log:\n     23        from .boost import BoostDependency\n     24      File \"/spack/opt/spack/linux-ubuntu22.04-haswell/gcc-11.2.0/meson-\n           0.58.1-q4rdw5rjuymadd5ysay2vsjirkxqnv6l/lib/python3.9/site-packages/\n           mesonbuild/dependencies/boost.py\", line 25, in <module>\n     25        from .base import DependencyException, ExternalDependency, PkgCo\n           nfigDependency\n     26      File \"/spack/opt/spack/linux-ubuntu22.04-haswell/gcc-11.2.0/meson-\n           0.58.1-q4rdw5rjuymadd5ysay2vsjirkxqnv6l/lib/python3.9/site-packages/\n           mesonbuild/dependencies/base.py\", line 41, in <module>\n     27        from ..interpreterbase import FeatureDeprecated\n     28    ImportError: cannot import name 'FeatureDeprecated' from partially i\n           nitialized module 'mesonbuild.interpreterbase' (most likely due to a\n            circular import) (/spack/opt/spack/linux-ubuntu22.04-haswell/gcc-11\n           .2.0/meson-0.58.1-q4rdw5rjuymadd5ysay2vsjirkxqnv6l/lib/python3.9/sit\n           e-packages/mesonbuild/interpreterbase.py)\n  >> 29    FAILED: Command exited with status 1:\n     30        '/spack/opt/spack/linux-ubuntu22.04-haswell/gcc-11.2.0/python-3.\n           9.13-q47iise7npr7iijnfw5l66jtgksi4tvc/bin/python3.9' '-c' 'import me\n           sonbuild.ast'\n     31    Traceback (most recent call last):\n     32      File \"<string>\", line 1, in <module>\n     33      File \"/spack/opt/spack/linux-ubuntu22.04-haswell/gcc-11.2.0/meson-\n           0.58.1-q4rdw5rjuymadd5ysay2vsjirkxqnv6l/lib/python3.9/site-packages/\n           mesonbuild/ast/__init__.py\", line 30, in <module>\n     34        from .interpreter import AstInterpreter\n     35      File \"/spack/opt/spack/linux-ubuntu22.04-haswell/gcc-11.2.0/meson-\n           0.58.1-q4rdw5rjuymadd5ysay2vsjirkxqnv6l/lib/python3.9/site-packages/\n           mesonbuild/ast/interpreter.py\", line 19, in <module>\n\n\n\n/spack/lib/spack/spack/build_environment.py:1076, in _setup_pkg_and_run:\n       1073        tb_string = traceback.format_exc()\n       1074\n       1075        # build up some context from the offending package so we can\n  >>   1076        # show that, too.\n       1077        package_context = get_package_context(tb)\n       1078\n       1079        logfile = None\n\nSee test log for details:\n  /cache/spack/test/hjas7skxsogtoex7fwcperxon33h5szf/meson-0.58.1-q4rdw5r-test-out.txt\n\n==> Error: 1 test(s) in the suite failed.\n\n======================== 1 failed, 0 passed of 1 specs =========================\n",
                    "return_code": 1,
                    "seconds": 3.1032094955444336,
                    "prediction": false,
                    "command": "/spack/bin/spack test run /q4rdw5"
                }
            }
        },
        "stats": {
            "sizes_bytes": {}
        },
        "experiment": "meson",
        "result": "splice-success",
        "success": true,
        "splice": "ninja@1.6.0",
        "package": "meson@0.58.1",
        "different_libs": false
    },
    {
        "specs": {
            "original": "meson@0.58.1%gcc@11.2.0 patches=aa6c50d arch=linux-ubuntu22.04-haswell ^berkeley-db@18.1.40%gcc@11.2.0+cxx~docs+stl patches=b231fcc arch=linux-ubuntu22.04-haswell ^bzip2@1.0.8%gcc@11.2.0~debug~pic+shared arch=linux-ubuntu22.04-haswell ^ca-certificates-mozilla@2022-03-29%gcc@11.2.0 arch=linux-ubuntu22.04-haswell ^diffutils@3.8%gcc@11.2.0 arch=linux-ubuntu22.04-haswell ^expat@2.4.8%gcc@11.2.0+libbsd arch=linux-ubuntu22.04-haswell ^gdbm@1.19%gcc@11.2.0 arch=linux-ubuntu22.04-haswell ^gettext@0.21%gcc@11.2.0+bzip2+curses+git~libunistring+libxml2+tar+xz arch=linux-ubuntu22.04-haswell ^libbsd@0.11.5%gcc@11.2.0 arch=linux-ubuntu22.04-haswell ^libffi@3.4.2%gcc@11.2.0 arch=linux-ubuntu22.04-haswell ^libiconv@1.16%gcc@11.2.0 libs=shared,static arch=linux-ubuntu22.04-haswell ^libmd@1.0.4%gcc@11.2.0 arch=linux-ubuntu22.04-haswell ^libxml2@2.9.13%gcc@11.2.0~python arch=linux-ubuntu22.04-haswell ^ncurses@6.2%gcc@11.2.0~symlinks+termlib abi=none arch=linux-ubuntu22.04-haswell ^ninja@1.11.0%gcc@11.2.0 arch=linux-ubuntu22.04-haswell ^openssl@1.1.1q%gcc@11.2.0~docs~shared certs=mozilla patches=3fdcf2d arch=linux-ubuntu22.04-haswell ^perl@5.34.1%gcc@11.2.0+cpanm+shared+threads arch=linux-ubuntu22.04-haswell ^pigz@2.7%gcc@11.2.0 arch=linux-ubuntu22.04-haswell ^pkgconf@1.8.0%gcc@11.2.0 arch=linux-ubuntu22.04-haswell ^py-pip@22.1.2%gcc@11.2.0 arch=linux-ubuntu22.04-haswell ^py-setuptools@63.0.0%gcc@11.2.0 arch=linux-ubuntu22.04-haswell ^py-wheel@0.37.1%gcc@11.2.0 arch=linux-ubuntu22.04-haswell ^python@3.9.13%gcc@11.2.0+bz2+ctypes+dbm~debug+ensurepip+libxml2+lzma~nis~optimizations+pic+pyexpat+pythoncmd+readline+shared+sqlite3+ssl~tix~tkinter~ucs4+uuid+zlib patches=0d98e93,4c24573,f2fd060 arch=linux-ubuntu22.04-haswell ^readline@8.1.2%gcc@11.2.0 arch=linux-ubuntu22.04-haswell ^sqlite@3.38.5%gcc@11.2.0+column_metadata+dynamic_extensions+fts~functions+rtree arch=linux-ubuntu22.04-haswell ^tar@1.34%gcc@11.2.0 zip=pigz arch=linux-ubuntu22.04-haswell ^util-linux-uuid@2.37.4%gcc@11.2.0 arch=linux-ubuntu22.04-haswell ^xz@5.2.5%gcc@11.2.0~pic libs=shared,static arch=linux-ubuntu22.04-haswell ^zlib@1.2.12%gcc@11.2.0+optimize+pic+shared patches=0d38234 arch=linux-ubuntu22.04-haswell ^zstd@1.5.2%gcc@11.2.0+programs compression=none libs=shared,static arch=linux-ubuntu22.04-haswell",
            "spliced": "meson@0.58.1%gcc@11.2.0 patches=aa6c50d arch=linux-ubuntu22.04-haswell ^berkeley-db@18.1.40%gcc@11.2.0+cxx~docs+stl patches=b231fcc arch=linux-ubuntu22.04-haswell ^bzip2@1.0.8%gcc@11.2.0~debug~pic+shared arch=linux-ubuntu22.04-haswell ^ca-certificates-mozilla@2022-03-29%gcc@11.2.0 arch=linux-ubuntu22.04-haswell ^diffutils@3.8%gcc@11.2.0 arch=linux-ubuntu22.04-haswell ^expat@2.4.8%gcc@11.2.0+libbsd arch=linux-ubuntu22.04-haswell ^gdbm@1.19%gcc@11.2.0 arch=linux-ubuntu22.04-haswell ^gettext@0.21%gcc@11.2.0+bzip2+curses+git~libunistring+libxml2+tar+xz arch=linux-ubuntu22.04-haswell ^libbsd@0.11.5%gcc@11.2.0 arch=linux-ubuntu22.04-haswell ^libffi@3.4.2%gcc@11.2.0 arch=linux-ubuntu22.04-haswell ^libiconv@1.16%gcc@11.2.0 libs=shared,static arch=linux-ubuntu22.04-haswell ^libmd@1.0.4%gcc@11.2.0 arch=linux-ubuntu22.04-haswell ^libxml2@2.9.13%gcc@11.2.0~python arch=linux-ubuntu22.04-haswell ^ncurses@6.2%gcc@11.2.0~symlinks+termlib abi=none arch=linux-ubuntu22.04-haswell ^ninja@1.7.2%gcc@11.2.0 arch=linux-ubuntu22.04-haswell ^openssl@1.1.1q%gcc@11.2.0~docs~shared certs=mozilla patches=3fdcf2d arch=linux-ubuntu22.04-haswell ^perl@5.34.1%gcc@11.2.0+cpanm+shared+threads arch=linux-ubuntu22.04-haswell ^pigz@2.7%gcc@11.2.0 arch=linux-ubuntu22.04-haswell ^pkgconf@1.8.0%gcc@11.2.0 arch=linux-ubuntu22.04-haswell ^py-pip@22.1.2%gcc@11.2.0 arch=linux-ubuntu22.04-haswell ^py-setuptools@63.0.0%gcc@11.2.0 arch=linux-ubuntu22.04-haswell ^py-wheel@0.37.1%gcc@11.2.0 arch=linux-ubuntu22.04-haswell ^python@3.9.13%gcc@11.2.0+bz2+ctypes+dbm~debug+ensurepip+libxml2+lzma~nis~optimizations+pic+pyexpat+pythoncmd+readline+shared+sqlite3+ssl~tix~tkinter~ucs4+uuid+zlib patches=0d98e93,4c24573,f2fd060 arch=linux-ubuntu22.04-haswell ^readline@8.1.2%gcc@11.2.0 arch=linux-ubuntu22.04-haswell ^sqlite@3.38.5%gcc@11.2.0+column_metadata+dynamic_extensions+fts~functions+rtree arch=linux-ubuntu22.04-haswell ^tar@1.34%gcc@11.2.0 zip=pigz arch=linux-ubuntu22.04-haswell ^util-linux-uuid@2.37.4%gcc@11.2.0 arch=linux-ubuntu22.04-haswell ^xz@5.2.5%gcc@11.2.0~pic libs=shared,static arch=linux-ubuntu22.04-haswell ^zlib@1.2.12%gcc@11.2.0+optimize+pic+shared patches=0d38234 arch=linux-ubuntu22.04-haswell ^zstd@1.5.2%gcc@11.2.0+programs compression=none libs=shared,static arch=linux-ubuntu22.04-haswell"
        },
        "ids": {
            "original": "/rlbyly",
            "spliced": "/mg6sys"
        },
        "original": [],
        "spliced": [],
        "paths": {
            "loads": {
                "original": [
                    "/spack/opt/spack/linux-ubuntu22.04-haswell/gcc-11.2.0/libmd-1.0.4-ajqlqlpzseqjzps2pjrcxzqgwoqre7id/lib",
                    "/spack/opt/spack/linux-ubuntu22.04-haswell/gcc-11.2.0/bzip2-1.0.8-szccym2boautmkfmh4m2xm2krbftkd2g/lib",
                    "/spack/opt/spack/linux-ubuntu22.04-haswell/gcc-11.2.0/berkeley-db-18.1.40-y3xm2b4wnx2tsoeh4mb3glrv4zzgmt57/lib",
                    "/spack/opt/spack/linux-ubuntu22.04-haswell/gcc-11.2.0/openssl-1.1.1q-gqizvq5o5pipkqv2cxsg3k47lnqi64j3/lib",
                    "/spack/opt/spack/linux-ubuntu22.04-haswell/gcc-11.2.0/ncurses-6.2-2khyzubbcfupjtbj4nkogd7ebonczczr/lib",
                    "/spack/opt/spack/linux-ubuntu22.04-haswell/gcc-11.2.0/meson-0.58.1-rlbylyrfsargexmooyzejfk3sbh4s4fj/lib",
                    "/spack/opt/spack/linux-ubuntu22.04-haswell/gcc-11.2.0/perl-5.34.1-olweu672du4nrlvjn2shpf62jbgxzzp6/lib",
                    "/spack/opt/spack/linux-ubuntu22.04-haswell/gcc-11.2.0/pkgconf-1.8.0-ruoukh6z67iefyz4cyphkcqaz2g2hx7f/lib",
                    "/spack/opt/spack/linux-ubuntu22.04-haswell/gcc-11.2.0/libiconv-1.16-nylazfnjil3kyc5wyctes6ttimburge6/lib",
                    "/spack/opt/spack/linux-ubuntu22.04-haswell/gcc-11.2.0/util-linux-uuid-2.37.4-zfqnulivrw2c6ucejn44ozyygbnbgkej/lib",
                    "/spack/opt/spack/linux-ubuntu22.04-haswell/gcc-11.2.0/libbsd-0.11.5-ae73lpti6eu6wivubsemtrytzzf3hez7/lib",
                    "/spack/opt/spack/linux-ubuntu22.04-haswell/gcc-11.2.0/readline-8.1.2-b7aunqqlalfx6dlbtvcqgzcvtcn4ysjk/lib",
                    "/spack/opt/spack/linux-ubuntu22.04-haswell/gcc-11.2.0/py-pip-22.1.2-nd5hxakdl6igvv7tx3olohvdz3mufwbb/lib",
                    "/spack/opt/spack/linux-ubuntu22.04-haswell/gcc-11.2.0/py-wheel-0.37.1-elguqdgx2rqpyjti3aiugzkciub2w7pc/lib",
                    "/spack/opt/spack/linux-ubuntu22.04-haswell/gcc-11.2.0/libxml2-2.9.13-7nkjcj7tyvlqw2evbz75lmy3orkmqpmy/lib",
                    "/spack/opt/spack/linux-ubuntu22.04-haswell/gcc-11.2.0/py-setuptools-63.0.0-qjixzrrpenjwdukrncgixplgrivtxn4g/lib",
                    "/spack/opt/spack/linux-ubuntu22.04-haswell/gcc-11.2.0/sqlite-3.38.5-d2ea6bj7l73lk6qts76ztojzxfz5mcvc/lib",
                    "/spack/opt/spack/linux-ubuntu22.04-haswell/gcc-11.2.0/xz-5.2.5-ub757pyoqpaurexmrq7oxo7cj35qod2q/lib",
                    "/spack/opt/spack/linux-ubuntu22.04-haswell/gcc-11.2.0/zstd-1.5.2-nbvfzv7w6wra46fxbdhk5ewgplaxuwqn/lib",
                    "/spack/opt/spack/linux-ubuntu22.04-haswell/gcc-11.2.0/gettext-0.21-u6wcu25n7tfqtrvnexez66utuydb4smx/lib",
                    "/spack/opt/spack/linux-ubuntu22.04-haswell/gcc-11.2.0/gdbm-1.19-wcroyxphbv36i3i7pvflptbcp2fqumx3/lib",
                    "/spack/opt/spack/linux-ubuntu22.04-haswell/gcc-11.2.0/python-3.9.13-q47iise7npr7iijnfw5l66jtgksi4tvc/lib",
                    "/spack/opt/spack/linux-ubuntu22.04-haswell/gcc-11.2.0/zlib-1.2.12-ychk3ix6mv3mgsrtnazfunnmu4vrspkk/lib",
                    "/spack/opt/spack/linux-ubuntu22.04-haswell/gcc-11.2.0/expat-2.4.8-owhc2truzoihyzfqo7rxjgd4edfc6j7v/lib",
                    "/spack/opt/spack/linux-ubuntu22.04-haswell/gcc-11.2.0/libffi-3.4.2-m3zifbsskipiwtc4j55gcuiggbxrlc73/lib"
                ],
                "spliced": [
                    "/spack/opt/spack/linux-ubuntu22.04-haswell/gcc-11.2.0/libmd-1.0.4-ajqlqlpzseqjzps2pjrcxzqgwoqre7id/lib",
                    "/spack/opt/spack/linux-ubuntu22.04-haswell/gcc-11.2.0/bzip2-1.0.8-szccym2boautmkfmh4m2xm2krbftkd2g/lib",
                    "/spack/opt/spack/linux-ubuntu22.04-haswell/gcc-11.2.0/berkeley-db-18.1.40-y3xm2b4wnx2tsoeh4mb3glrv4zzgmt57/lib",
                    "/spack/opt/spack/linux-ubuntu22.04-haswell/gcc-11.2.0/openssl-1.1.1q-gqizvq5o5pipkqv2cxsg3k47lnqi64j3/lib",
                    "/spack/opt/spack/linux-ubuntu22.04-haswell/gcc-11.2.0/meson-0.58.1-mg6sysl5pdlwrld7hi5vuw4hmk2kngf5/lib",
                    "/spack/opt/spack/linux-ubuntu22.04-haswell/gcc-11.2.0/ncurses-6.2-2khyzubbcfupjtbj4nkogd7ebonczczr/lib",
                    "/spack/opt/spack/linux-ubuntu22.04-haswell/gcc-11.2.0/perl-5.34.1-olweu672du4nrlvjn2shpf62jbgxzzp6/lib",
                    "/spack/opt/spack/linux-ubuntu22.04-haswell/gcc-11.2.0/py-setuptools-63.0.0-g475bshoryifohuytt7y3ge2umituppg/lib",
                    "/spack/opt/spack/linux-ubuntu22.04-haswell/gcc-11.2.0/pkgconf-1.8.0-ruoukh6z67iefyz4cyphkcqaz2g2hx7f/lib",
                    "/spack/opt/spack/linux-ubuntu22.04-haswell/gcc-11.2.0/libiconv-1.16-nylazfnjil3kyc5wyctes6ttimburge6/lib",
                    "/spack/opt/spack/linux-ubuntu22.04-haswell/gcc-11.2.0/util-linux-uuid-2.37.4-zfqnulivrw2c6ucejn44ozyygbnbgkej/lib",
                    "/spack/opt/spack/linux-ubuntu22.04-haswell/gcc-11.2.0/libbsd-0.11.5-ae73lpti6eu6wivubsemtrytzzf3hez7/lib",
                    "/spack/opt/spack/linux-ubuntu22.04-haswell/gcc-11.2.0/readline-8.1.2-b7aunqqlalfx6dlbtvcqgzcvtcn4ysjk/lib",
                    "/spack/opt/spack/linux-ubuntu22.04-haswell/gcc-11.2.0/libxml2-2.9.13-7nkjcj7tyvlqw2evbz75lmy3orkmqpmy/lib",
                    "/spack/opt/spack/linux-ubuntu22.04-haswell/gcc-11.2.0/py-pip-22.1.2-3okip5kqbvxn6pwmfjb57eogafl7scz2/lib",
                    "/spack/opt/spack/linux-ubuntu22.04-haswell/gcc-11.2.0/sqlite-3.38.5-d2ea6bj7l73lk6qts76ztojzxfz5mcvc/lib",
                    "/spack/opt/spack/linux-ubuntu22.04-haswell/gcc-11.2.0/py-wheel-0.37.1-ltvvmuvb2dskp25r2n2vjco6dli2mhng/lib",
                    "/spack/opt/spack/linux-ubuntu22.04-haswell/gcc-11.2.0/xz-5.2.5-ub757pyoqpaurexmrq7oxo7cj35qod2q/lib",
                    "/spack/opt/spack/linux-ubuntu22.04-haswell/gcc-11.2.0/zstd-1.5.2-nbvfzv7w6wra46fxbdhk5ewgplaxuwqn/lib",
                    "/spack/opt/spack/linux-ubuntu22.04-haswell/gcc-11.2.0/gettext-0.21-u6wcu25n7tfqtrvnexez66utuydb4smx/lib",
                    "/spack/opt/spack/linux-ubuntu22.04-haswell/gcc-11.2.0/gdbm-1.19-wcroyxphbv36i3i7pvflptbcp2fqumx3/lib",
                    "/spack/opt/spack/linux-ubuntu22.04-haswell/gcc-11.2.0/python-3.9.13-q47iise7npr7iijnfw5l66jtgksi4tvc/lib",
                    "/spack/opt/spack/linux-ubuntu22.04-haswell/gcc-11.2.0/zlib-1.2.12-ychk3ix6mv3mgsrtnazfunnmu4vrspkk/lib",
                    "/spack/opt/spack/linux-ubuntu22.04-haswell/gcc-11.2.0/expat-2.4.8-owhc2truzoihyzfqo7rxjgd4edfc6j7v/lib",
                    "/spack/opt/spack/linux-ubuntu22.04-haswell/gcc-11.2.0/libffi-3.4.2-m3zifbsskipiwtc4j55gcuiggbxrlc73/lib"
                ]
            }
        },
        "predictions": {
            "spack-test": {
                "original": {
                    "message": "==> Spack test v7hvumkhqz2zv4hfi3k6qxdjqt4cbniy\n==> Testing package meson-0.58.1-rlbylyr\n==> Error: TestFailure: 1 tests failed.\n\n\nCommand exited with status 1:\n    '/spack/opt/spack/linux-ubuntu22.04-haswell/gcc-11.2.0/python-3.9.13-q47iise7npr7iijnfw5l66jtgksi4tvc/bin/python3.9' '-c' 'import mesonbuild.ast'\nTraceback (most recent call last):\n  File \"<string>\", line 1, in <module>\n  File \"/spack/opt/spack/linux-ubuntu22.04-haswell/gcc-11.2.0/meson-0.58.1-rlbylyrfsargexmooyzejfk3sbh4s4fj/lib/python3.9/site-packages/mesonbuild/ast/__init__.py\", line 30, in <module>\n    from .interpreter import AstInterpreter\n  File \"/spack/opt/spack/linux-ubuntu22.04-haswell/gcc-11.2.0/meson-0.58.1-rlbylyrfsargexmooyzejfk3sbh4s4fj/lib/python3.9/site-packages/mesonbuild/ast/interpreter.py\", line 19, in <module>\n    from .. import interpreterbase, mparser, mesonlib\n  File \"/spack/opt/spack/linux-ubuntu22.04-haswell/gcc-11.2.0/meson-0.58.1-rlbylyrfsargexmooyzejfk3sbh4s4fj/lib/python3.9/site-packages/mesonbuild/interpreterbase.py\", line 19, in <module>\n    from . import environment, dependencies\n  File \"/spack/opt/spack/linux-ubuntu22.04-haswell/gcc-11.2.0/meson-0.58.1-rlbylyrfsargexmooyzejfk3sbh4s4fj/lib/python3.9/site-packages/mesonbuild/dependencies/__init__.py\", line 15, in <module>\n    from .boost import BoostDependency\n  File \"/spack/opt/spack/linux-ubuntu22.04-haswell/gcc-11.2.0/meson-0.58.1-rlbylyrfsargexmooyzejfk3sbh4s4fj/lib/python3.9/site-packages/mesonbuild/dependencies/boost.py\", line 25, in <module>\n    from .base import DependencyException, ExternalDependency, PkgConfigDependency\n  File \"/spack/opt/spack/linux-ubuntu22.04-haswell/gcc-11.2.0/meson-0.58.1-rlbylyrfsargexmooyzejfk3sbh4s4fj/lib/python3.9/site-packages/mesonbuild/dependencies/base.py\", line 41, in <module>\n    from ..interpreterbase import FeatureDeprecated\nImportError: cannot import name 'FeatureDeprecated' from partially initialized module 'mesonbuild.interpreterbase' (most likely due to a circular import) (/spack/opt/spack/linux-ubuntu22.04-haswell/gcc-11.2.0/meson-0.58.1-rlbylyrfsargexmooyzejfk3sbh4s4fj/lib/python3.9/site-packages/mesonbuild/interpreterbase.py)\n\n\n\n1 error found in test log:\n     23        from .boost import BoostDependency\n     24      File \"/spack/opt/spack/linux-ubuntu22.04-haswell/gcc-11.2.0/meson-\n           0.58.1-rlbylyrfsargexmooyzejfk3sbh4s4fj/lib/python3.9/site-packages/\n           mesonbuild/dependencies/boost.py\", line 25, in <module>\n     25        from .base import DependencyException, ExternalDependency, PkgCo\n           nfigDependency\n     26      File \"/spack/opt/spack/linux-ubuntu22.04-haswell/gcc-11.2.0/meson-\n           0.58.1-rlbylyrfsargexmooyzejfk3sbh4s4fj/lib/python3.9/site-packages/\n           mesonbuild/dependencies/base.py\", line 41, in <module>\n     27        from ..interpreterbase import FeatureDeprecated\n     28    ImportError: cannot import name 'FeatureDeprecated' from partially i\n           nitialized module 'mesonbuild.interpreterbase' (most likely due to a\n            circular import) (/spack/opt/spack/linux-ubuntu22.04-haswell/gcc-11\n           .2.0/meson-0.58.1-rlbylyrfsargexmooyzejfk3sbh4s4fj/lib/python3.9/sit\n           e-packages/mesonbuild/interpreterbase.py)\n  >> 29    FAILED: Command exited with status 1:\n     30        '/spack/opt/spack/linux-ubuntu22.04-haswell/gcc-11.2.0/python-3.\n           9.13-q47iise7npr7iijnfw5l66jtgksi4tvc/bin/python3.9' '-c' 'import me\n           sonbuild.ast'\n     31    Traceback (most recent call last):\n     32      File \"<string>\", line 1, in <module>\n     33      File \"/spack/opt/spack/linux-ubuntu22.04-haswell/gcc-11.2.0/meson-\n           0.58.1-rlbylyrfsargexmooyzejfk3sbh4s4fj/lib/python3.9/site-packages/\n           mesonbuild/ast/__init__.py\", line 30, in <module>\n     34        from .interpreter import AstInterpreter\n     35      File \"/spack/opt/spack/linux-ubuntu22.04-haswell/gcc-11.2.0/meson-\n           0.58.1-rlbylyrfsargexmooyzejfk3sbh4s4fj/lib/python3.9/site-packages/\n           mesonbuild/ast/interpreter.py\", line 19, in <module>\n\n\n\n/spack/lib/spack/spack/build_environment.py:1076, in _setup_pkg_and_run:\n       1073        tb_string = traceback.format_exc()\n       1074\n       1075        # build up some context from the offending package so we can\n  >>   1076        # show that, too.\n       1077        package_context = get_package_context(tb)\n       1078\n       1079        logfile = None\n\nSee test log for details:\n  /cache/spack/test/v7hvumkhqz2zv4hfi3k6qxdjqt4cbniy/meson-0.58.1-rlbylyr-test-out.txt\n\n==> Error: 1 test(s) in the suite failed.\n\n======================== 1 failed, 0 passed of 1 specs =========================\n",
                    "return_code": 1,
                    "seconds": 2.6808221340179443,
                    "prediction": false,
                    "command": "/spack/bin/spack test run /rlbyly"
                },
                "spliced": {
                    "message": "==> Spack test qctu5i2wl4cp4yu6obeycr5oduqjdran\n==> Testing package meson-0.58.1-mg6sysl\n==> Error: TestFailure: 1 tests failed.\n\n\nCommand exited with status 1:\n    '/spack/opt/spack/linux-ubuntu22.04-haswell/gcc-11.2.0/python-3.9.13-q47iise7npr7iijnfw5l66jtgksi4tvc/bin/python3.9' '-c' 'import mesonbuild.ast'\nTraceback (most recent call last):\n  File \"<string>\", line 1, in <module>\n  File \"/spack/opt/spack/linux-ubuntu22.04-haswell/gcc-11.2.0/meson-0.58.1-mg6sysl5pdlwrld7hi5vuw4hmk2kngf5/lib/python3.9/site-packages/mesonbuild/ast/__init__.py\", line 30, in <module>\n    from .interpreter import AstInterpreter\n  File \"/spack/opt/spack/linux-ubuntu22.04-haswell/gcc-11.2.0/meson-0.58.1-mg6sysl5pdlwrld7hi5vuw4hmk2kngf5/lib/python3.9/site-packages/mesonbuild/ast/interpreter.py\", line 19, in <module>\n    from .. import interpreterbase, mparser, mesonlib\n  File \"/spack/opt/spack/linux-ubuntu22.04-haswell/gcc-11.2.0/meson-0.58.1-mg6sysl5pdlwrld7hi5vuw4hmk2kngf5/lib/python3.9/site-packages/mesonbuild/interpreterbase.py\", line 19, in <module>\n    from . import environment, dependencies\n  File \"/spack/opt/spack/linux-ubuntu22.04-haswell/gcc-11.2.0/meson-0.58.1-mg6sysl5pdlwrld7hi5vuw4hmk2kngf5/lib/python3.9/site-packages/mesonbuild/dependencies/__init__.py\", line 15, in <module>\n    from .boost import BoostDependency\n  File \"/spack/opt/spack/linux-ubuntu22.04-haswell/gcc-11.2.0/meson-0.58.1-mg6sysl5pdlwrld7hi5vuw4hmk2kngf5/lib/python3.9/site-packages/mesonbuild/dependencies/boost.py\", line 25, in <module>\n    from .base import DependencyException, ExternalDependency, PkgConfigDependency\n  File \"/spack/opt/spack/linux-ubuntu22.04-haswell/gcc-11.2.0/meson-0.58.1-mg6sysl5pdlwrld7hi5vuw4hmk2kngf5/lib/python3.9/site-packages/mesonbuild/dependencies/base.py\", line 41, in <module>\n    from ..interpreterbase import FeatureDeprecated\nImportError: cannot import name 'FeatureDeprecated' from partially initialized module 'mesonbuild.interpreterbase' (most likely due to a circular import) (/spack/opt/spack/linux-ubuntu22.04-haswell/gcc-11.2.0/meson-0.58.1-mg6sysl5pdlwrld7hi5vuw4hmk2kngf5/lib/python3.9/site-packages/mesonbuild/interpreterbase.py)\n\n\n\n1 error found in test log:\n     23        from .boost import BoostDependency\n     24      File \"/spack/opt/spack/linux-ubuntu22.04-haswell/gcc-11.2.0/meson-\n           0.58.1-mg6sysl5pdlwrld7hi5vuw4hmk2kngf5/lib/python3.9/site-packages/\n           mesonbuild/dependencies/boost.py\", line 25, in <module>\n     25        from .base import DependencyException, ExternalDependency, PkgCo\n           nfigDependency\n     26      File \"/spack/opt/spack/linux-ubuntu22.04-haswell/gcc-11.2.0/meson-\n           0.58.1-mg6sysl5pdlwrld7hi5vuw4hmk2kngf5/lib/python3.9/site-packages/\n           mesonbuild/dependencies/base.py\", line 41, in <module>\n     27        from ..interpreterbase import FeatureDeprecated\n     28    ImportError: cannot import name 'FeatureDeprecated' from partially i\n           nitialized module 'mesonbuild.interpreterbase' (most likely due to a\n            circular import) (/spack/opt/spack/linux-ubuntu22.04-haswell/gcc-11\n           .2.0/meson-0.58.1-mg6sysl5pdlwrld7hi5vuw4hmk2kngf5/lib/python3.9/sit\n           e-packages/mesonbuild/interpreterbase.py)\n  >> 29    FAILED: Command exited with status 1:\n     30        '/spack/opt/spack/linux-ubuntu22.04-haswell/gcc-11.2.0/python-3.\n           9.13-q47iise7npr7iijnfw5l66jtgksi4tvc/bin/python3.9' '-c' 'import me\n           sonbuild.ast'\n     31    Traceback (most recent call last):\n     32      File \"<string>\", line 1, in <module>\n     33      File \"/spack/opt/spack/linux-ubuntu22.04-haswell/gcc-11.2.0/meson-\n           0.58.1-mg6sysl5pdlwrld7hi5vuw4hmk2kngf5/lib/python3.9/site-packages/\n           mesonbuild/ast/__init__.py\", line 30, in <module>\n     34        from .interpreter import AstInterpreter\n     35      File \"/spack/opt/spack/linux-ubuntu22.04-haswell/gcc-11.2.0/meson-\n           0.58.1-mg6sysl5pdlwrld7hi5vuw4hmk2kngf5/lib/python3.9/site-packages/\n           mesonbuild/ast/interpreter.py\", line 19, in <module>\n\n\n\n/spack/lib/spack/spack/build_environment.py:1076, in _setup_pkg_and_run:\n       1073        tb_string = traceback.format_exc()\n       1074\n       1075        # build up some context from the offending package so we can\n  >>   1076        # show that, too.\n       1077        package_context = get_package_context(tb)\n       1078\n       1079        logfile = None\n\nSee test log for details:\n  /cache/spack/test/qctu5i2wl4cp4yu6obeycr5oduqjdran/meson-0.58.1-mg6sysl-test-out.txt\n\n==> Error: 1 test(s) in the suite failed.\n\n======================== 1 failed, 0 passed of 1 specs =========================\n",
                    "return_code": 1,
                    "seconds": 3.152538776397705,
                    "prediction": false,
                    "command": "/spack/bin/spack test run /mg6sys"
                }
            }
        },
        "stats": {
            "sizes_bytes": {}
        },
        "experiment": "meson",
        "result": "splice-success",
        "success": true,
        "splice": "ninja@1.7.2",
        "package": "meson@0.58.1",
        "different_libs": false
    },
    {
        "specs": {
            "original": "meson@0.58.1%gcc@11.2.0 patches=aa6c50d arch=linux-ubuntu22.04-haswell ^berkeley-db@18.1.40%gcc@11.2.0+cxx~docs+stl patches=b231fcc arch=linux-ubuntu22.04-haswell ^bzip2@1.0.8%gcc@11.2.0~debug~pic+shared arch=linux-ubuntu22.04-haswell ^ca-certificates-mozilla@2022-03-29%gcc@11.2.0 arch=linux-ubuntu22.04-haswell ^diffutils@3.8%gcc@11.2.0 arch=linux-ubuntu22.04-haswell ^expat@2.4.8%gcc@11.2.0+libbsd arch=linux-ubuntu22.04-haswell ^gdbm@1.19%gcc@11.2.0 arch=linux-ubuntu22.04-haswell ^gettext@0.21%gcc@11.2.0+bzip2+curses+git~libunistring+libxml2+tar+xz arch=linux-ubuntu22.04-haswell ^libbsd@0.11.5%gcc@11.2.0 arch=linux-ubuntu22.04-haswell ^libffi@3.4.2%gcc@11.2.0 arch=linux-ubuntu22.04-haswell ^libiconv@1.16%gcc@11.2.0 libs=shared,static arch=linux-ubuntu22.04-haswell ^libmd@1.0.4%gcc@11.2.0 arch=linux-ubuntu22.04-haswell ^libxml2@2.9.13%gcc@11.2.0~python arch=linux-ubuntu22.04-haswell ^ncurses@6.2%gcc@11.2.0~symlinks+termlib abi=none arch=linux-ubuntu22.04-haswell ^ninja@1.11.0%gcc@11.2.0 arch=linux-ubuntu22.04-haswell ^openssl@1.1.1q%gcc@11.2.0~docs~shared certs=mozilla patches=3fdcf2d arch=linux-ubuntu22.04-haswell ^perl@5.34.1%gcc@11.2.0+cpanm+shared+threads arch=linux-ubuntu22.04-haswell ^pigz@2.7%gcc@11.2.0 arch=linux-ubuntu22.04-haswell ^pkgconf@1.8.0%gcc@11.2.0 arch=linux-ubuntu22.04-haswell ^py-pip@22.1.2%gcc@11.2.0 arch=linux-ubuntu22.04-haswell ^py-setuptools@63.0.0%gcc@11.2.0 arch=linux-ubuntu22.04-haswell ^py-wheel@0.37.1%gcc@11.2.0 arch=linux-ubuntu22.04-haswell ^python@3.9.13%gcc@11.2.0+bz2+ctypes+dbm~debug+ensurepip+libxml2+lzma~nis~optimizations+pic+pyexpat+pythoncmd+readline+shared+sqlite3+ssl~tix~tkinter~ucs4+uuid+zlib patches=0d98e93,4c24573,f2fd060 arch=linux-ubuntu22.04-haswell ^readline@8.1.2%gcc@11.2.0 arch=linux-ubuntu22.04-haswell ^sqlite@3.38.5%gcc@11.2.0+column_metadata+dynamic_extensions+fts~functions+rtree arch=linux-ubuntu22.04-haswell ^tar@1.34%gcc@11.2.0 zip=pigz arch=linux-ubuntu22.04-haswell ^util-linux-uuid@2.37.4%gcc@11.2.0 arch=linux-ubuntu22.04-haswell ^xz@5.2.5%gcc@11.2.0~pic libs=shared,static arch=linux-ubuntu22.04-haswell ^zlib@1.2.12%gcc@11.2.0+optimize+pic+shared patches=0d38234 arch=linux-ubuntu22.04-haswell ^zstd@1.5.2%gcc@11.2.0+programs compression=none libs=shared,static arch=linux-ubuntu22.04-haswell",
            "spliced": "meson@0.58.1%gcc@11.2.0 patches=aa6c50d arch=linux-ubuntu22.04-haswell ^berkeley-db@18.1.40%gcc@11.2.0+cxx~docs+stl patches=b231fcc arch=linux-ubuntu22.04-haswell ^bzip2@1.0.8%gcc@11.2.0~debug~pic+shared arch=linux-ubuntu22.04-haswell ^ca-certificates-mozilla@2022-03-29%gcc@11.2.0 arch=linux-ubuntu22.04-haswell ^diffutils@3.8%gcc@11.2.0 arch=linux-ubuntu22.04-haswell ^expat@2.4.8%gcc@11.2.0+libbsd arch=linux-ubuntu22.04-haswell ^gdbm@1.19%gcc@11.2.0 arch=linux-ubuntu22.04-haswell ^gettext@0.21%gcc@11.2.0+bzip2+curses+git~libunistring+libxml2+tar+xz arch=linux-ubuntu22.04-haswell ^libbsd@0.11.5%gcc@11.2.0 arch=linux-ubuntu22.04-haswell ^libffi@3.4.2%gcc@11.2.0 arch=linux-ubuntu22.04-haswell ^libiconv@1.16%gcc@11.2.0 libs=shared,static arch=linux-ubuntu22.04-haswell ^libmd@1.0.4%gcc@11.2.0 arch=linux-ubuntu22.04-haswell ^libxml2@2.9.13%gcc@11.2.0~python arch=linux-ubuntu22.04-haswell ^ncurses@6.2%gcc@11.2.0~symlinks+termlib abi=none arch=linux-ubuntu22.04-haswell ^ninja@1.8.2%gcc@11.2.0 arch=linux-ubuntu22.04-haswell ^openssl@1.1.1q%gcc@11.2.0~docs~shared certs=mozilla patches=3fdcf2d arch=linux-ubuntu22.04-haswell ^perl@5.34.1%gcc@11.2.0+cpanm+shared+threads arch=linux-ubuntu22.04-haswell ^pigz@2.7%gcc@11.2.0 arch=linux-ubuntu22.04-haswell ^pkgconf@1.8.0%gcc@11.2.0 arch=linux-ubuntu22.04-haswell ^py-pip@22.1.2%gcc@11.2.0 arch=linux-ubuntu22.04-haswell ^py-setuptools@63.0.0%gcc@11.2.0 arch=linux-ubuntu22.04-haswell ^py-wheel@0.37.1%gcc@11.2.0 arch=linux-ubuntu22.04-haswell ^python@3.9.13%gcc@11.2.0+bz2+ctypes+dbm~debug+ensurepip+libxml2+lzma~nis~optimizations+pic+pyexpat+pythoncmd+readline+shared+sqlite3+ssl~tix~tkinter~ucs4+uuid+zlib patches=0d98e93,4c24573,f2fd060 arch=linux-ubuntu22.04-haswell ^readline@8.1.2%gcc@11.2.0 arch=linux-ubuntu22.04-haswell ^sqlite@3.38.5%gcc@11.2.0+column_metadata+dynamic_extensions+fts~functions+rtree arch=linux-ubuntu22.04-haswell ^tar@1.34%gcc@11.2.0 zip=pigz arch=linux-ubuntu22.04-haswell ^util-linux-uuid@2.37.4%gcc@11.2.0 arch=linux-ubuntu22.04-haswell ^xz@5.2.5%gcc@11.2.0~pic libs=shared,static arch=linux-ubuntu22.04-haswell ^zlib@1.2.12%gcc@11.2.0+optimize+pic+shared patches=0d38234 arch=linux-ubuntu22.04-haswell ^zstd@1.5.2%gcc@11.2.0+programs compression=none libs=shared,static arch=linux-ubuntu22.04-haswell"
        },
        "ids": {
            "original": "/rlbyly",
            "spliced": "/jz3fb6"
        },
        "original": [],
        "spliced": [],
        "paths": {
            "loads": {
                "original": [
                    "/spack/opt/spack/linux-ubuntu22.04-haswell/gcc-11.2.0/libmd-1.0.4-ajqlqlpzseqjzps2pjrcxzqgwoqre7id/lib",
                    "/spack/opt/spack/linux-ubuntu22.04-haswell/gcc-11.2.0/bzip2-1.0.8-szccym2boautmkfmh4m2xm2krbftkd2g/lib",
                    "/spack/opt/spack/linux-ubuntu22.04-haswell/gcc-11.2.0/berkeley-db-18.1.40-y3xm2b4wnx2tsoeh4mb3glrv4zzgmt57/lib",
                    "/spack/opt/spack/linux-ubuntu22.04-haswell/gcc-11.2.0/openssl-1.1.1q-gqizvq5o5pipkqv2cxsg3k47lnqi64j3/lib",
                    "/spack/opt/spack/linux-ubuntu22.04-haswell/gcc-11.2.0/ncurses-6.2-2khyzubbcfupjtbj4nkogd7ebonczczr/lib",
                    "/spack/opt/spack/linux-ubuntu22.04-haswell/gcc-11.2.0/meson-0.58.1-rlbylyrfsargexmooyzejfk3sbh4s4fj/lib",
                    "/spack/opt/spack/linux-ubuntu22.04-haswell/gcc-11.2.0/perl-5.34.1-olweu672du4nrlvjn2shpf62jbgxzzp6/lib",
                    "/spack/opt/spack/linux-ubuntu22.04-haswell/gcc-11.2.0/pkgconf-1.8.0-ruoukh6z67iefyz4cyphkcqaz2g2hx7f/lib",
                    "/spack/opt/spack/linux-ubuntu22.04-haswell/gcc-11.2.0/libiconv-1.16-nylazfnjil3kyc5wyctes6ttimburge6/lib",
                    "/spack/opt/spack/linux-ubuntu22.04-haswell/gcc-11.2.0/util-linux-uuid-2.37.4-zfqnulivrw2c6ucejn44ozyygbnbgkej/lib",
                    "/spack/opt/spack/linux-ubuntu22.04-haswell/gcc-11.2.0/libbsd-0.11.5-ae73lpti6eu6wivubsemtrytzzf3hez7/lib",
                    "/spack/opt/spack/linux-ubuntu22.04-haswell/gcc-11.2.0/readline-8.1.2-b7aunqqlalfx6dlbtvcqgzcvtcn4ysjk/lib",
                    "/spack/opt/spack/linux-ubuntu22.04-haswell/gcc-11.2.0/py-pip-22.1.2-nd5hxakdl6igvv7tx3olohvdz3mufwbb/lib",
                    "/spack/opt/spack/linux-ubuntu22.04-haswell/gcc-11.2.0/py-wheel-0.37.1-elguqdgx2rqpyjti3aiugzkciub2w7pc/lib",
                    "/spack/opt/spack/linux-ubuntu22.04-haswell/gcc-11.2.0/libxml2-2.9.13-7nkjcj7tyvlqw2evbz75lmy3orkmqpmy/lib",
                    "/spack/opt/spack/linux-ubuntu22.04-haswell/gcc-11.2.0/py-setuptools-63.0.0-qjixzrrpenjwdukrncgixplgrivtxn4g/lib",
                    "/spack/opt/spack/linux-ubuntu22.04-haswell/gcc-11.2.0/sqlite-3.38.5-d2ea6bj7l73lk6qts76ztojzxfz5mcvc/lib",
                    "/spack/opt/spack/linux-ubuntu22.04-haswell/gcc-11.2.0/xz-5.2.5-ub757pyoqpaurexmrq7oxo7cj35qod2q/lib",
                    "/spack/opt/spack/linux-ubuntu22.04-haswell/gcc-11.2.0/zstd-1.5.2-nbvfzv7w6wra46fxbdhk5ewgplaxuwqn/lib",
                    "/spack/opt/spack/linux-ubuntu22.04-haswell/gcc-11.2.0/gettext-0.21-u6wcu25n7tfqtrvnexez66utuydb4smx/lib",
                    "/spack/opt/spack/linux-ubuntu22.04-haswell/gcc-11.2.0/gdbm-1.19-wcroyxphbv36i3i7pvflptbcp2fqumx3/lib",
                    "/spack/opt/spack/linux-ubuntu22.04-haswell/gcc-11.2.0/python-3.9.13-q47iise7npr7iijnfw5l66jtgksi4tvc/lib",
                    "/spack/opt/spack/linux-ubuntu22.04-haswell/gcc-11.2.0/zlib-1.2.12-ychk3ix6mv3mgsrtnazfunnmu4vrspkk/lib",
                    "/spack/opt/spack/linux-ubuntu22.04-haswell/gcc-11.2.0/expat-2.4.8-owhc2truzoihyzfqo7rxjgd4edfc6j7v/lib",
                    "/spack/opt/spack/linux-ubuntu22.04-haswell/gcc-11.2.0/libffi-3.4.2-m3zifbsskipiwtc4j55gcuiggbxrlc73/lib"
                ],
                "spliced": [
                    "/spack/opt/spack/linux-ubuntu22.04-haswell/gcc-11.2.0/libmd-1.0.4-ajqlqlpzseqjzps2pjrcxzqgwoqre7id/lib",
                    "/spack/opt/spack/linux-ubuntu22.04-haswell/gcc-11.2.0/bzip2-1.0.8-szccym2boautmkfmh4m2xm2krbftkd2g/lib",
                    "/spack/opt/spack/linux-ubuntu22.04-haswell/gcc-11.2.0/berkeley-db-18.1.40-y3xm2b4wnx2tsoeh4mb3glrv4zzgmt57/lib",
                    "/spack/opt/spack/linux-ubuntu22.04-haswell/gcc-11.2.0/openssl-1.1.1q-gqizvq5o5pipkqv2cxsg3k47lnqi64j3/lib",
                    "/spack/opt/spack/linux-ubuntu22.04-haswell/gcc-11.2.0/ncurses-6.2-2khyzubbcfupjtbj4nkogd7ebonczczr/lib",
                    "/spack/opt/spack/linux-ubuntu22.04-haswell/gcc-11.2.0/perl-5.34.1-olweu672du4nrlvjn2shpf62jbgxzzp6/lib",
                    "/spack/opt/spack/linux-ubuntu22.04-haswell/gcc-11.2.0/py-setuptools-63.0.0-g475bshoryifohuytt7y3ge2umituppg/lib",
                    "/spack/opt/spack/linux-ubuntu22.04-haswell/gcc-11.2.0/pkgconf-1.8.0-ruoukh6z67iefyz4cyphkcqaz2g2hx7f/lib",
                    "/spack/opt/spack/linux-ubuntu22.04-haswell/gcc-11.2.0/libiconv-1.16-nylazfnjil3kyc5wyctes6ttimburge6/lib",
                    "/spack/opt/spack/linux-ubuntu22.04-haswell/gcc-11.2.0/util-linux-uuid-2.37.4-zfqnulivrw2c6ucejn44ozyygbnbgkej/lib",
                    "/spack/opt/spack/linux-ubuntu22.04-haswell/gcc-11.2.0/meson-0.58.1-jz3fb626yz75pshe3rlrrpdntmntwpga/lib",
                    "/spack/opt/spack/linux-ubuntu22.04-haswell/gcc-11.2.0/libbsd-0.11.5-ae73lpti6eu6wivubsemtrytzzf3hez7/lib",
                    "/spack/opt/spack/linux-ubuntu22.04-haswell/gcc-11.2.0/readline-8.1.2-b7aunqqlalfx6dlbtvcqgzcvtcn4ysjk/lib",
                    "/spack/opt/spack/linux-ubuntu22.04-haswell/gcc-11.2.0/libxml2-2.9.13-7nkjcj7tyvlqw2evbz75lmy3orkmqpmy/lib",
                    "/spack/opt/spack/linux-ubuntu22.04-haswell/gcc-11.2.0/py-pip-22.1.2-3okip5kqbvxn6pwmfjb57eogafl7scz2/lib",
                    "/spack/opt/spack/linux-ubuntu22.04-haswell/gcc-11.2.0/sqlite-3.38.5-d2ea6bj7l73lk6qts76ztojzxfz5mcvc/lib",
                    "/spack/opt/spack/linux-ubuntu22.04-haswell/gcc-11.2.0/py-wheel-0.37.1-ltvvmuvb2dskp25r2n2vjco6dli2mhng/lib",
                    "/spack/opt/spack/linux-ubuntu22.04-haswell/gcc-11.2.0/xz-5.2.5-ub757pyoqpaurexmrq7oxo7cj35qod2q/lib",
                    "/spack/opt/spack/linux-ubuntu22.04-haswell/gcc-11.2.0/zstd-1.5.2-nbvfzv7w6wra46fxbdhk5ewgplaxuwqn/lib",
                    "/spack/opt/spack/linux-ubuntu22.04-haswell/gcc-11.2.0/gettext-0.21-u6wcu25n7tfqtrvnexez66utuydb4smx/lib",
                    "/spack/opt/spack/linux-ubuntu22.04-haswell/gcc-11.2.0/gdbm-1.19-wcroyxphbv36i3i7pvflptbcp2fqumx3/lib",
                    "/spack/opt/spack/linux-ubuntu22.04-haswell/gcc-11.2.0/python-3.9.13-q47iise7npr7iijnfw5l66jtgksi4tvc/lib",
                    "/spack/opt/spack/linux-ubuntu22.04-haswell/gcc-11.2.0/zlib-1.2.12-ychk3ix6mv3mgsrtnazfunnmu4vrspkk/lib",
                    "/spack/opt/spack/linux-ubuntu22.04-haswell/gcc-11.2.0/expat-2.4.8-owhc2truzoihyzfqo7rxjgd4edfc6j7v/lib",
                    "/spack/opt/spack/linux-ubuntu22.04-haswell/gcc-11.2.0/libffi-3.4.2-m3zifbsskipiwtc4j55gcuiggbxrlc73/lib"
                ]
            }
        },
        "predictions": {
            "spack-test": {
                "original": {
                    "message": "==> Spack test v7hvumkhqz2zv4hfi3k6qxdjqt4cbniy\n==> Testing package meson-0.58.1-rlbylyr\n==> Error: TestFailure: 1 tests failed.\n\n\nCommand exited with status 1:\n    '/spack/opt/spack/linux-ubuntu22.04-haswell/gcc-11.2.0/python-3.9.13-q47iise7npr7iijnfw5l66jtgksi4tvc/bin/python3.9' '-c' 'import mesonbuild.ast'\nTraceback (most recent call last):\n  File \"<string>\", line 1, in <module>\n  File \"/spack/opt/spack/linux-ubuntu22.04-haswell/gcc-11.2.0/meson-0.58.1-rlbylyrfsargexmooyzejfk3sbh4s4fj/lib/python3.9/site-packages/mesonbuild/ast/__init__.py\", line 30, in <module>\n    from .interpreter import AstInterpreter\n  File \"/spack/opt/spack/linux-ubuntu22.04-haswell/gcc-11.2.0/meson-0.58.1-rlbylyrfsargexmooyzejfk3sbh4s4fj/lib/python3.9/site-packages/mesonbuild/ast/interpreter.py\", line 19, in <module>\n    from .. import interpreterbase, mparser, mesonlib\n  File \"/spack/opt/spack/linux-ubuntu22.04-haswell/gcc-11.2.0/meson-0.58.1-rlbylyrfsargexmooyzejfk3sbh4s4fj/lib/python3.9/site-packages/mesonbuild/interpreterbase.py\", line 19, in <module>\n    from . import environment, dependencies\n  File \"/spack/opt/spack/linux-ubuntu22.04-haswell/gcc-11.2.0/meson-0.58.1-rlbylyrfsargexmooyzejfk3sbh4s4fj/lib/python3.9/site-packages/mesonbuild/dependencies/__init__.py\", line 15, in <module>\n    from .boost import BoostDependency\n  File \"/spack/opt/spack/linux-ubuntu22.04-haswell/gcc-11.2.0/meson-0.58.1-rlbylyrfsargexmooyzejfk3sbh4s4fj/lib/python3.9/site-packages/mesonbuild/dependencies/boost.py\", line 25, in <module>\n    from .base import DependencyException, ExternalDependency, PkgConfigDependency\n  File \"/spack/opt/spack/linux-ubuntu22.04-haswell/gcc-11.2.0/meson-0.58.1-rlbylyrfsargexmooyzejfk3sbh4s4fj/lib/python3.9/site-packages/mesonbuild/dependencies/base.py\", line 41, in <module>\n    from ..interpreterbase import FeatureDeprecated\nImportError: cannot import name 'FeatureDeprecated' from partially initialized module 'mesonbuild.interpreterbase' (most likely due to a circular import) (/spack/opt/spack/linux-ubuntu22.04-haswell/gcc-11.2.0/meson-0.58.1-rlbylyrfsargexmooyzejfk3sbh4s4fj/lib/python3.9/site-packages/mesonbuild/interpreterbase.py)\n\n\n\n1 error found in test log:\n     23        from .boost import BoostDependency\n     24      File \"/spack/opt/spack/linux-ubuntu22.04-haswell/gcc-11.2.0/meson-\n           0.58.1-rlbylyrfsargexmooyzejfk3sbh4s4fj/lib/python3.9/site-packages/\n           mesonbuild/dependencies/boost.py\", line 25, in <module>\n     25        from .base import DependencyException, ExternalDependency, PkgCo\n           nfigDependency\n     26      File \"/spack/opt/spack/linux-ubuntu22.04-haswell/gcc-11.2.0/meson-\n           0.58.1-rlbylyrfsargexmooyzejfk3sbh4s4fj/lib/python3.9/site-packages/\n           mesonbuild/dependencies/base.py\", line 41, in <module>\n     27        from ..interpreterbase import FeatureDeprecated\n     28    ImportError: cannot import name 'FeatureDeprecated' from partially i\n           nitialized module 'mesonbuild.interpreterbase' (most likely due to a\n            circular import) (/spack/opt/spack/linux-ubuntu22.04-haswell/gcc-11\n           .2.0/meson-0.58.1-rlbylyrfsargexmooyzejfk3sbh4s4fj/lib/python3.9/sit\n           e-packages/mesonbuild/interpreterbase.py)\n  >> 29    FAILED: Command exited with status 1:\n     30        '/spack/opt/spack/linux-ubuntu22.04-haswell/gcc-11.2.0/python-3.\n           9.13-q47iise7npr7iijnfw5l66jtgksi4tvc/bin/python3.9' '-c' 'import me\n           sonbuild.ast'\n     31    Traceback (most recent call last):\n     32      File \"<string>\", line 1, in <module>\n     33      File \"/spack/opt/spack/linux-ubuntu22.04-haswell/gcc-11.2.0/meson-\n           0.58.1-rlbylyrfsargexmooyzejfk3sbh4s4fj/lib/python3.9/site-packages/\n           mesonbuild/ast/__init__.py\", line 30, in <module>\n     34        from .interpreter import AstInterpreter\n     35      File \"/spack/opt/spack/linux-ubuntu22.04-haswell/gcc-11.2.0/meson-\n           0.58.1-rlbylyrfsargexmooyzejfk3sbh4s4fj/lib/python3.9/site-packages/\n           mesonbuild/ast/interpreter.py\", line 19, in <module>\n\n\n\n/spack/lib/spack/spack/build_environment.py:1076, in _setup_pkg_and_run:\n       1073        tb_string = traceback.format_exc()\n       1074\n       1075        # build up some context from the offending package so we can\n  >>   1076        # show that, too.\n       1077        package_context = get_package_context(tb)\n       1078\n       1079        logfile = None\n\nSee test log for details:\n  /cache/spack/test/v7hvumkhqz2zv4hfi3k6qxdjqt4cbniy/meson-0.58.1-rlbylyr-test-out.txt\n\n==> Error: 1 test(s) in the suite failed.\n\n======================== 1 failed, 0 passed of 1 specs =========================\n",
                    "return_code": 1,
                    "seconds": 2.6927733421325684,
                    "prediction": false,
                    "command": "/spack/bin/spack test run /rlbyly"
                },
                "spliced": {
                    "message": "==> Spack test cs53tzfnstsf5olw7qkyh3okoo6thesq\n==> Testing package meson-0.58.1-jz3fb62\n==> Error: TestFailure: 1 tests failed.\n\n\nCommand exited with status 1:\n    '/spack/opt/spack/linux-ubuntu22.04-haswell/gcc-11.2.0/python-3.9.13-q47iise7npr7iijnfw5l66jtgksi4tvc/bin/python3.9' '-c' 'import mesonbuild.ast'\nTraceback (most recent call last):\n  File \"<string>\", line 1, in <module>\n  File \"/spack/opt/spack/linux-ubuntu22.04-haswell/gcc-11.2.0/meson-0.58.1-jz3fb626yz75pshe3rlrrpdntmntwpga/lib/python3.9/site-packages/mesonbuild/ast/__init__.py\", line 30, in <module>\n    from .interpreter import AstInterpreter\n  File \"/spack/opt/spack/linux-ubuntu22.04-haswell/gcc-11.2.0/meson-0.58.1-jz3fb626yz75pshe3rlrrpdntmntwpga/lib/python3.9/site-packages/mesonbuild/ast/interpreter.py\", line 19, in <module>\n    from .. import interpreterbase, mparser, mesonlib\n  File \"/spack/opt/spack/linux-ubuntu22.04-haswell/gcc-11.2.0/meson-0.58.1-jz3fb626yz75pshe3rlrrpdntmntwpga/lib/python3.9/site-packages/mesonbuild/interpreterbase.py\", line 19, in <module>\n    from . import environment, dependencies\n  File \"/spack/opt/spack/linux-ubuntu22.04-haswell/gcc-11.2.0/meson-0.58.1-jz3fb626yz75pshe3rlrrpdntmntwpga/lib/python3.9/site-packages/mesonbuild/dependencies/__init__.py\", line 15, in <module>\n    from .boost import BoostDependency\n  File \"/spack/opt/spack/linux-ubuntu22.04-haswell/gcc-11.2.0/meson-0.58.1-jz3fb626yz75pshe3rlrrpdntmntwpga/lib/python3.9/site-packages/mesonbuild/dependencies/boost.py\", line 25, in <module>\n    from .base import DependencyException, ExternalDependency, PkgConfigDependency\n  File \"/spack/opt/spack/linux-ubuntu22.04-haswell/gcc-11.2.0/meson-0.58.1-jz3fb626yz75pshe3rlrrpdntmntwpga/lib/python3.9/site-packages/mesonbuild/dependencies/base.py\", line 41, in <module>\n    from ..interpreterbase import FeatureDeprecated\nImportError: cannot import name 'FeatureDeprecated' from partially initialized module 'mesonbuild.interpreterbase' (most likely due to a circular import) (/spack/opt/spack/linux-ubuntu22.04-haswell/gcc-11.2.0/meson-0.58.1-jz3fb626yz75pshe3rlrrpdntmntwpga/lib/python3.9/site-packages/mesonbuild/interpreterbase.py)\n\n\n\n1 error found in test log:\n     23        from .boost import BoostDependency\n     24      File \"/spack/opt/spack/linux-ubuntu22.04-haswell/gcc-11.2.0/meson-\n           0.58.1-jz3fb626yz75pshe3rlrrpdntmntwpga/lib/python3.9/site-packages/\n           mesonbuild/dependencies/boost.py\", line 25, in <module>\n     25        from .base import DependencyException, ExternalDependency, PkgCo\n           nfigDependency\n     26      File \"/spack/opt/spack/linux-ubuntu22.04-haswell/gcc-11.2.0/meson-\n           0.58.1-jz3fb626yz75pshe3rlrrpdntmntwpga/lib/python3.9/site-packages/\n           mesonbuild/dependencies/base.py\", line 41, in <module>\n     27        from ..interpreterbase import FeatureDeprecated\n     28    ImportError: cannot import name 'FeatureDeprecated' from partially i\n           nitialized module 'mesonbuild.interpreterbase' (most likely due to a\n            circular import) (/spack/opt/spack/linux-ubuntu22.04-haswell/gcc-11\n           .2.0/meson-0.58.1-jz3fb626yz75pshe3rlrrpdntmntwpga/lib/python3.9/sit\n           e-packages/mesonbuild/interpreterbase.py)\n  >> 29    FAILED: Command exited with status 1:\n     30        '/spack/opt/spack/linux-ubuntu22.04-haswell/gcc-11.2.0/python-3.\n           9.13-q47iise7npr7iijnfw5l66jtgksi4tvc/bin/python3.9' '-c' 'import me\n           sonbuild.ast'\n     31    Traceback (most recent call last):\n     32      File \"<string>\", line 1, in <module>\n     33      File \"/spack/opt/spack/linux-ubuntu22.04-haswell/gcc-11.2.0/meson-\n           0.58.1-jz3fb626yz75pshe3rlrrpdntmntwpga/lib/python3.9/site-packages/\n           mesonbuild/ast/__init__.py\", line 30, in <module>\n     34        from .interpreter import AstInterpreter\n     35      File \"/spack/opt/spack/linux-ubuntu22.04-haswell/gcc-11.2.0/meson-\n           0.58.1-jz3fb626yz75pshe3rlrrpdntmntwpga/lib/python3.9/site-packages/\n           mesonbuild/ast/interpreter.py\", line 19, in <module>\n\n\n\n/spack/lib/spack/spack/build_environment.py:1076, in _setup_pkg_and_run:\n       1073        tb_string = traceback.format_exc()\n       1074\n       1075        # build up some context from the offending package so we can\n  >>   1076        # show that, too.\n       1077        package_context = get_package_context(tb)\n       1078\n       1079        logfile = None\n\nSee test log for details:\n  /cache/spack/test/cs53tzfnstsf5olw7qkyh3okoo6thesq/meson-0.58.1-jz3fb62-test-out.txt\n\n==> Error: 1 test(s) in the suite failed.\n\n======================== 1 failed, 0 passed of 1 specs =========================\n",
                    "return_code": 1,
                    "seconds": 3.0978612899780273,
                    "prediction": false,
                    "command": "/spack/bin/spack test run /jz3fb6"
                }
            }
        },
        "stats": {
            "sizes_bytes": {}
        },
        "experiment": "meson",
        "result": "splice-success",
        "success": true,
        "splice": "ninja@1.8.2",
        "package": "meson@0.58.1",
        "different_libs": false
    },
    {
        "specs": {
            "original": "meson@0.58.1%gcc@11.2.0 patches=aa6c50d arch=linux-ubuntu22.04-haswell ^berkeley-db@18.1.40%gcc@11.2.0+cxx~docs+stl patches=b231fcc arch=linux-ubuntu22.04-haswell ^bzip2@1.0.8%gcc@11.2.0~debug~pic+shared arch=linux-ubuntu22.04-haswell ^ca-certificates-mozilla@2022-03-29%gcc@11.2.0 arch=linux-ubuntu22.04-haswell ^diffutils@3.8%gcc@11.2.0 arch=linux-ubuntu22.04-haswell ^expat@2.4.8%gcc@11.2.0+libbsd arch=linux-ubuntu22.04-haswell ^gdbm@1.19%gcc@11.2.0 arch=linux-ubuntu22.04-haswell ^gettext@0.21%gcc@11.2.0+bzip2+curses+git~libunistring+libxml2+tar+xz arch=linux-ubuntu22.04-haswell ^libbsd@0.11.5%gcc@11.2.0 arch=linux-ubuntu22.04-haswell ^libffi@3.4.2%gcc@11.2.0 arch=linux-ubuntu22.04-haswell ^libiconv@1.16%gcc@11.2.0 libs=shared,static arch=linux-ubuntu22.04-haswell ^libmd@1.0.4%gcc@11.2.0 arch=linux-ubuntu22.04-haswell ^libxml2@2.9.13%gcc@11.2.0~python arch=linux-ubuntu22.04-haswell ^ncurses@6.2%gcc@11.2.0~symlinks+termlib abi=none arch=linux-ubuntu22.04-haswell ^ninja@1.11.0%gcc@11.2.0 arch=linux-ubuntu22.04-haswell ^openssl@1.1.1q%gcc@11.2.0~docs~shared certs=mozilla patches=3fdcf2d arch=linux-ubuntu22.04-haswell ^perl@5.34.1%gcc@11.2.0+cpanm+shared+threads arch=linux-ubuntu22.04-haswell ^pigz@2.7%gcc@11.2.0 arch=linux-ubuntu22.04-haswell ^pkgconf@1.8.0%gcc@11.2.0 arch=linux-ubuntu22.04-haswell ^py-pip@22.1.2%gcc@11.2.0 arch=linux-ubuntu22.04-haswell ^py-setuptools@63.0.0%gcc@11.2.0 arch=linux-ubuntu22.04-haswell ^py-wheel@0.37.1%gcc@11.2.0 arch=linux-ubuntu22.04-haswell ^python@3.9.13%gcc@11.2.0+bz2+ctypes+dbm~debug+ensurepip+libxml2+lzma~nis~optimizations+pic+pyexpat+pythoncmd+readline+shared+sqlite3+ssl~tix~tkinter~ucs4+uuid+zlib patches=0d98e93,4c24573,f2fd060 arch=linux-ubuntu22.04-haswell ^readline@8.1.2%gcc@11.2.0 arch=linux-ubuntu22.04-haswell ^sqlite@3.38.5%gcc@11.2.0+column_metadata+dynamic_extensions+fts~functions+rtree arch=linux-ubuntu22.04-haswell ^tar@1.34%gcc@11.2.0 zip=pigz arch=linux-ubuntu22.04-haswell ^util-linux-uuid@2.37.4%gcc@11.2.0 arch=linux-ubuntu22.04-haswell ^xz@5.2.5%gcc@11.2.0~pic libs=shared,static arch=linux-ubuntu22.04-haswell ^zlib@1.2.12%gcc@11.2.0+optimize+pic+shared patches=0d38234 arch=linux-ubuntu22.04-haswell ^zstd@1.5.2%gcc@11.2.0+programs compression=none libs=shared,static arch=linux-ubuntu22.04-haswell",
            "spliced": "meson@0.58.1%gcc@11.2.0 patches=aa6c50d arch=linux-ubuntu22.04-haswell ^berkeley-db@18.1.40%gcc@11.2.0+cxx~docs+stl patches=b231fcc arch=linux-ubuntu22.04-haswell ^bzip2@1.0.8%gcc@11.2.0~debug~pic+shared arch=linux-ubuntu22.04-haswell ^ca-certificates-mozilla@2022-03-29%gcc@11.2.0 arch=linux-ubuntu22.04-haswell ^diffutils@3.8%gcc@11.2.0 arch=linux-ubuntu22.04-haswell ^expat@2.4.8%gcc@11.2.0+libbsd arch=linux-ubuntu22.04-haswell ^gdbm@1.19%gcc@11.2.0 arch=linux-ubuntu22.04-haswell ^gettext@0.21%gcc@11.2.0+bzip2+curses+git~libunistring+libxml2+tar+xz arch=linux-ubuntu22.04-haswell ^libbsd@0.11.5%gcc@11.2.0 arch=linux-ubuntu22.04-haswell ^libffi@3.4.2%gcc@11.2.0 arch=linux-ubuntu22.04-haswell ^libiconv@1.16%gcc@11.2.0 libs=shared,static arch=linux-ubuntu22.04-haswell ^libmd@1.0.4%gcc@11.2.0 arch=linux-ubuntu22.04-haswell ^libxml2@2.9.13%gcc@11.2.0~python arch=linux-ubuntu22.04-haswell ^ncurses@6.2%gcc@11.2.0~symlinks+termlib abi=none arch=linux-ubuntu22.04-haswell ^ninja@1.9.0%gcc@11.2.0 arch=linux-ubuntu22.04-haswell ^openssl@1.1.1q%gcc@11.2.0~docs~shared certs=mozilla patches=3fdcf2d arch=linux-ubuntu22.04-haswell ^perl@5.34.1%gcc@11.2.0+cpanm+shared+threads arch=linux-ubuntu22.04-haswell ^pigz@2.7%gcc@11.2.0 arch=linux-ubuntu22.04-haswell ^pkgconf@1.8.0%gcc@11.2.0 arch=linux-ubuntu22.04-haswell ^py-pip@22.1.2%gcc@11.2.0 arch=linux-ubuntu22.04-haswell ^py-setuptools@63.0.0%gcc@11.2.0 arch=linux-ubuntu22.04-haswell ^py-wheel@0.37.1%gcc@11.2.0 arch=linux-ubuntu22.04-haswell ^python@3.9.13%gcc@11.2.0+bz2+ctypes+dbm~debug+ensurepip+libxml2+lzma~nis~optimizations+pic+pyexpat+pythoncmd+readline+shared+sqlite3+ssl~tix~tkinter~ucs4+uuid+zlib patches=0d98e93,4c24573,f2fd060 arch=linux-ubuntu22.04-haswell ^readline@8.1.2%gcc@11.2.0 arch=linux-ubuntu22.04-haswell ^sqlite@3.38.5%gcc@11.2.0+column_metadata+dynamic_extensions+fts~functions+rtree arch=linux-ubuntu22.04-haswell ^tar@1.34%gcc@11.2.0 zip=pigz arch=linux-ubuntu22.04-haswell ^util-linux-uuid@2.37.4%gcc@11.2.0 arch=linux-ubuntu22.04-haswell ^xz@5.2.5%gcc@11.2.0~pic libs=shared,static arch=linux-ubuntu22.04-haswell ^zlib@1.2.12%gcc@11.2.0+optimize+pic+shared patches=0d38234 arch=linux-ubuntu22.04-haswell ^zstd@1.5.2%gcc@11.2.0+programs compression=none libs=shared,static arch=linux-ubuntu22.04-haswell"
        },
        "ids": {
            "original": "/rlbyly",
            "spliced": "/urulss"
        },
        "original": [],
        "spliced": [],
        "paths": {
            "loads": {
                "original": [
                    "/spack/opt/spack/linux-ubuntu22.04-haswell/gcc-11.2.0/libmd-1.0.4-ajqlqlpzseqjzps2pjrcxzqgwoqre7id/lib",
                    "/spack/opt/spack/linux-ubuntu22.04-haswell/gcc-11.2.0/bzip2-1.0.8-szccym2boautmkfmh4m2xm2krbftkd2g/lib",
                    "/spack/opt/spack/linux-ubuntu22.04-haswell/gcc-11.2.0/berkeley-db-18.1.40-y3xm2b4wnx2tsoeh4mb3glrv4zzgmt57/lib",
                    "/spack/opt/spack/linux-ubuntu22.04-haswell/gcc-11.2.0/openssl-1.1.1q-gqizvq5o5pipkqv2cxsg3k47lnqi64j3/lib",
                    "/spack/opt/spack/linux-ubuntu22.04-haswell/gcc-11.2.0/ncurses-6.2-2khyzubbcfupjtbj4nkogd7ebonczczr/lib",
                    "/spack/opt/spack/linux-ubuntu22.04-haswell/gcc-11.2.0/meson-0.58.1-rlbylyrfsargexmooyzejfk3sbh4s4fj/lib",
                    "/spack/opt/spack/linux-ubuntu22.04-haswell/gcc-11.2.0/perl-5.34.1-olweu672du4nrlvjn2shpf62jbgxzzp6/lib",
                    "/spack/opt/spack/linux-ubuntu22.04-haswell/gcc-11.2.0/pkgconf-1.8.0-ruoukh6z67iefyz4cyphkcqaz2g2hx7f/lib",
                    "/spack/opt/spack/linux-ubuntu22.04-haswell/gcc-11.2.0/libiconv-1.16-nylazfnjil3kyc5wyctes6ttimburge6/lib",
                    "/spack/opt/spack/linux-ubuntu22.04-haswell/gcc-11.2.0/util-linux-uuid-2.37.4-zfqnulivrw2c6ucejn44ozyygbnbgkej/lib",
                    "/spack/opt/spack/linux-ubuntu22.04-haswell/gcc-11.2.0/libbsd-0.11.5-ae73lpti6eu6wivubsemtrytzzf3hez7/lib",
                    "/spack/opt/spack/linux-ubuntu22.04-haswell/gcc-11.2.0/readline-8.1.2-b7aunqqlalfx6dlbtvcqgzcvtcn4ysjk/lib",
                    "/spack/opt/spack/linux-ubuntu22.04-haswell/gcc-11.2.0/py-pip-22.1.2-nd5hxakdl6igvv7tx3olohvdz3mufwbb/lib",
                    "/spack/opt/spack/linux-ubuntu22.04-haswell/gcc-11.2.0/py-wheel-0.37.1-elguqdgx2rqpyjti3aiugzkciub2w7pc/lib",
                    "/spack/opt/spack/linux-ubuntu22.04-haswell/gcc-11.2.0/libxml2-2.9.13-7nkjcj7tyvlqw2evbz75lmy3orkmqpmy/lib",
                    "/spack/opt/spack/linux-ubuntu22.04-haswell/gcc-11.2.0/py-setuptools-63.0.0-qjixzrrpenjwdukrncgixplgrivtxn4g/lib",
                    "/spack/opt/spack/linux-ubuntu22.04-haswell/gcc-11.2.0/sqlite-3.38.5-d2ea6bj7l73lk6qts76ztojzxfz5mcvc/lib",
                    "/spack/opt/spack/linux-ubuntu22.04-haswell/gcc-11.2.0/xz-5.2.5-ub757pyoqpaurexmrq7oxo7cj35qod2q/lib",
                    "/spack/opt/spack/linux-ubuntu22.04-haswell/gcc-11.2.0/zstd-1.5.2-nbvfzv7w6wra46fxbdhk5ewgplaxuwqn/lib",
                    "/spack/opt/spack/linux-ubuntu22.04-haswell/gcc-11.2.0/gettext-0.21-u6wcu25n7tfqtrvnexez66utuydb4smx/lib",
                    "/spack/opt/spack/linux-ubuntu22.04-haswell/gcc-11.2.0/gdbm-1.19-wcroyxphbv36i3i7pvflptbcp2fqumx3/lib",
                    "/spack/opt/spack/linux-ubuntu22.04-haswell/gcc-11.2.0/python-3.9.13-q47iise7npr7iijnfw5l66jtgksi4tvc/lib",
                    "/spack/opt/spack/linux-ubuntu22.04-haswell/gcc-11.2.0/zlib-1.2.12-ychk3ix6mv3mgsrtnazfunnmu4vrspkk/lib",
                    "/spack/opt/spack/linux-ubuntu22.04-haswell/gcc-11.2.0/expat-2.4.8-owhc2truzoihyzfqo7rxjgd4edfc6j7v/lib",
                    "/spack/opt/spack/linux-ubuntu22.04-haswell/gcc-11.2.0/libffi-3.4.2-m3zifbsskipiwtc4j55gcuiggbxrlc73/lib"
                ],
                "spliced": [
                    "/spack/opt/spack/linux-ubuntu22.04-haswell/gcc-11.2.0/meson-0.58.1-urulssgtnrlzw5xnu7affcknk2hrdkkw/lib",
                    "/spack/opt/spack/linux-ubuntu22.04-haswell/gcc-11.2.0/libmd-1.0.4-ajqlqlpzseqjzps2pjrcxzqgwoqre7id/lib",
                    "/spack/opt/spack/linux-ubuntu22.04-haswell/gcc-11.2.0/bzip2-1.0.8-szccym2boautmkfmh4m2xm2krbftkd2g/lib",
                    "/spack/opt/spack/linux-ubuntu22.04-haswell/gcc-11.2.0/berkeley-db-18.1.40-y3xm2b4wnx2tsoeh4mb3glrv4zzgmt57/lib",
                    "/spack/opt/spack/linux-ubuntu22.04-haswell/gcc-11.2.0/openssl-1.1.1q-gqizvq5o5pipkqv2cxsg3k47lnqi64j3/lib",
                    "/spack/opt/spack/linux-ubuntu22.04-haswell/gcc-11.2.0/ncurses-6.2-2khyzubbcfupjtbj4nkogd7ebonczczr/lib",
                    "/spack/opt/spack/linux-ubuntu22.04-haswell/gcc-11.2.0/perl-5.34.1-olweu672du4nrlvjn2shpf62jbgxzzp6/lib",
                    "/spack/opt/spack/linux-ubuntu22.04-haswell/gcc-11.2.0/py-setuptools-63.0.0-g475bshoryifohuytt7y3ge2umituppg/lib",
                    "/spack/opt/spack/linux-ubuntu22.04-haswell/gcc-11.2.0/pkgconf-1.8.0-ruoukh6z67iefyz4cyphkcqaz2g2hx7f/lib",
                    "/spack/opt/spack/linux-ubuntu22.04-haswell/gcc-11.2.0/libiconv-1.16-nylazfnjil3kyc5wyctes6ttimburge6/lib",
                    "/spack/opt/spack/linux-ubuntu22.04-haswell/gcc-11.2.0/util-linux-uuid-2.37.4-zfqnulivrw2c6ucejn44ozyygbnbgkej/lib",
                    "/spack/opt/spack/linux-ubuntu22.04-haswell/gcc-11.2.0/libbsd-0.11.5-ae73lpti6eu6wivubsemtrytzzf3hez7/lib",
                    "/spack/opt/spack/linux-ubuntu22.04-haswell/gcc-11.2.0/readline-8.1.2-b7aunqqlalfx6dlbtvcqgzcvtcn4ysjk/lib",
                    "/spack/opt/spack/linux-ubuntu22.04-haswell/gcc-11.2.0/libxml2-2.9.13-7nkjcj7tyvlqw2evbz75lmy3orkmqpmy/lib",
                    "/spack/opt/spack/linux-ubuntu22.04-haswell/gcc-11.2.0/py-pip-22.1.2-3okip5kqbvxn6pwmfjb57eogafl7scz2/lib",
                    "/spack/opt/spack/linux-ubuntu22.04-haswell/gcc-11.2.0/sqlite-3.38.5-d2ea6bj7l73lk6qts76ztojzxfz5mcvc/lib",
                    "/spack/opt/spack/linux-ubuntu22.04-haswell/gcc-11.2.0/py-wheel-0.37.1-ltvvmuvb2dskp25r2n2vjco6dli2mhng/lib",
                    "/spack/opt/spack/linux-ubuntu22.04-haswell/gcc-11.2.0/xz-5.2.5-ub757pyoqpaurexmrq7oxo7cj35qod2q/lib",
                    "/spack/opt/spack/linux-ubuntu22.04-haswell/gcc-11.2.0/zstd-1.5.2-nbvfzv7w6wra46fxbdhk5ewgplaxuwqn/lib",
                    "/spack/opt/spack/linux-ubuntu22.04-haswell/gcc-11.2.0/gettext-0.21-u6wcu25n7tfqtrvnexez66utuydb4smx/lib",
                    "/spack/opt/spack/linux-ubuntu22.04-haswell/gcc-11.2.0/gdbm-1.19-wcroyxphbv36i3i7pvflptbcp2fqumx3/lib",
                    "/spack/opt/spack/linux-ubuntu22.04-haswell/gcc-11.2.0/python-3.9.13-q47iise7npr7iijnfw5l66jtgksi4tvc/lib",
                    "/spack/opt/spack/linux-ubuntu22.04-haswell/gcc-11.2.0/zlib-1.2.12-ychk3ix6mv3mgsrtnazfunnmu4vrspkk/lib",
                    "/spack/opt/spack/linux-ubuntu22.04-haswell/gcc-11.2.0/expat-2.4.8-owhc2truzoihyzfqo7rxjgd4edfc6j7v/lib",
                    "/spack/opt/spack/linux-ubuntu22.04-haswell/gcc-11.2.0/libffi-3.4.2-m3zifbsskipiwtc4j55gcuiggbxrlc73/lib"
                ]
            }
        },
        "predictions": {
            "spack-test": {
                "original": {
                    "message": "==> Spack test v7hvumkhqz2zv4hfi3k6qxdjqt4cbniy\n==> Testing package meson-0.58.1-rlbylyr\n==> Error: TestFailure: 1 tests failed.\n\n\nCommand exited with status 1:\n    '/spack/opt/spack/linux-ubuntu22.04-haswell/gcc-11.2.0/python-3.9.13-q47iise7npr7iijnfw5l66jtgksi4tvc/bin/python3.9' '-c' 'import mesonbuild.ast'\nTraceback (most recent call last):\n  File \"<string>\", line 1, in <module>\n  File \"/spack/opt/spack/linux-ubuntu22.04-haswell/gcc-11.2.0/meson-0.58.1-rlbylyrfsargexmooyzejfk3sbh4s4fj/lib/python3.9/site-packages/mesonbuild/ast/__init__.py\", line 30, in <module>\n    from .interpreter import AstInterpreter\n  File \"/spack/opt/spack/linux-ubuntu22.04-haswell/gcc-11.2.0/meson-0.58.1-rlbylyrfsargexmooyzejfk3sbh4s4fj/lib/python3.9/site-packages/mesonbuild/ast/interpreter.py\", line 19, in <module>\n    from .. import interpreterbase, mparser, mesonlib\n  File \"/spack/opt/spack/linux-ubuntu22.04-haswell/gcc-11.2.0/meson-0.58.1-rlbylyrfsargexmooyzejfk3sbh4s4fj/lib/python3.9/site-packages/mesonbuild/interpreterbase.py\", line 19, in <module>\n    from . import environment, dependencies\n  File \"/spack/opt/spack/linux-ubuntu22.04-haswell/gcc-11.2.0/meson-0.58.1-rlbylyrfsargexmooyzejfk3sbh4s4fj/lib/python3.9/site-packages/mesonbuild/dependencies/__init__.py\", line 15, in <module>\n    from .boost import BoostDependency\n  File \"/spack/opt/spack/linux-ubuntu22.04-haswell/gcc-11.2.0/meson-0.58.1-rlbylyrfsargexmooyzejfk3sbh4s4fj/lib/python3.9/site-packages/mesonbuild/dependencies/boost.py\", line 25, in <module>\n    from .base import DependencyException, ExternalDependency, PkgConfigDependency\n  File \"/spack/opt/spack/linux-ubuntu22.04-haswell/gcc-11.2.0/meson-0.58.1-rlbylyrfsargexmooyzejfk3sbh4s4fj/lib/python3.9/site-packages/mesonbuild/dependencies/base.py\", line 41, in <module>\n    from ..interpreterbase import FeatureDeprecated\nImportError: cannot import name 'FeatureDeprecated' from partially initialized module 'mesonbuild.interpreterbase' (most likely due to a circular import) (/spack/opt/spack/linux-ubuntu22.04-haswell/gcc-11.2.0/meson-0.58.1-rlbylyrfsargexmooyzejfk3sbh4s4fj/lib/python3.9/site-packages/mesonbuild/interpreterbase.py)\n\n\n\n1 error found in test log:\n     23        from .boost import BoostDependency\n     24      File \"/spack/opt/spack/linux-ubuntu22.04-haswell/gcc-11.2.0/meson-\n           0.58.1-rlbylyrfsargexmooyzejfk3sbh4s4fj/lib/python3.9/site-packages/\n           mesonbuild/dependencies/boost.py\", line 25, in <module>\n     25        from .base import DependencyException, ExternalDependency, PkgCo\n           nfigDependency\n     26      File \"/spack/opt/spack/linux-ubuntu22.04-haswell/gcc-11.2.0/meson-\n           0.58.1-rlbylyrfsargexmooyzejfk3sbh4s4fj/lib/python3.9/site-packages/\n           mesonbuild/dependencies/base.py\", line 41, in <module>\n     27        from ..interpreterbase import FeatureDeprecated\n     28    ImportError: cannot import name 'FeatureDeprecated' from partially i\n           nitialized module 'mesonbuild.interpreterbase' (most likely due to a\n            circular import) (/spack/opt/spack/linux-ubuntu22.04-haswell/gcc-11\n           .2.0/meson-0.58.1-rlbylyrfsargexmooyzejfk3sbh4s4fj/lib/python3.9/sit\n           e-packages/mesonbuild/interpreterbase.py)\n  >> 29    FAILED: Command exited with status 1:\n     30        '/spack/opt/spack/linux-ubuntu22.04-haswell/gcc-11.2.0/python-3.\n           9.13-q47iise7npr7iijnfw5l66jtgksi4tvc/bin/python3.9' '-c' 'import me\n           sonbuild.ast'\n     31    Traceback (most recent call last):\n     32      File \"<string>\", line 1, in <module>\n     33      File \"/spack/opt/spack/linux-ubuntu22.04-haswell/gcc-11.2.0/meson-\n           0.58.1-rlbylyrfsargexmooyzejfk3sbh4s4fj/lib/python3.9/site-packages/\n           mesonbuild/ast/__init__.py\", line 30, in <module>\n     34        from .interpreter import AstInterpreter\n     35      File \"/spack/opt/spack/linux-ubuntu22.04-haswell/gcc-11.2.0/meson-\n           0.58.1-rlbylyrfsargexmooyzejfk3sbh4s4fj/lib/python3.9/site-packages/\n           mesonbuild/ast/interpreter.py\", line 19, in <module>\n\n\n\n/spack/lib/spack/spack/build_environment.py:1076, in _setup_pkg_and_run:\n       1073        tb_string = traceback.format_exc()\n       1074\n       1075        # build up some context from the offending package so we can\n  >>   1076        # show that, too.\n       1077        package_context = get_package_context(tb)\n       1078\n       1079        logfile = None\n\nSee test log for details:\n  /cache/spack/test/v7hvumkhqz2zv4hfi3k6qxdjqt4cbniy/meson-0.58.1-rlbylyr-test-out.txt\n\n==> Error: 1 test(s) in the suite failed.\n\n======================== 1 failed, 0 passed of 1 specs =========================\n",
                    "return_code": 1,
                    "seconds": 2.6759979724884033,
                    "prediction": false,
                    "command": "/spack/bin/spack test run /rlbyly"
                },
                "spliced": {
                    "message": "==> Spack test o4gm4x7u4h6snutwmpub5xkoaf26vgpt\n==> Testing package meson-0.58.1-urulssg\n==> Error: TestFailure: 1 tests failed.\n\n\nCommand exited with status 1:\n    '/spack/opt/spack/linux-ubuntu22.04-haswell/gcc-11.2.0/python-3.9.13-q47iise7npr7iijnfw5l66jtgksi4tvc/bin/python3.9' '-c' 'import mesonbuild.ast'\nTraceback (most recent call last):\n  File \"<string>\", line 1, in <module>\n  File \"/spack/opt/spack/linux-ubuntu22.04-haswell/gcc-11.2.0/meson-0.58.1-urulssgtnrlzw5xnu7affcknk2hrdkkw/lib/python3.9/site-packages/mesonbuild/ast/__init__.py\", line 30, in <module>\n    from .interpreter import AstInterpreter\n  File \"/spack/opt/spack/linux-ubuntu22.04-haswell/gcc-11.2.0/meson-0.58.1-urulssgtnrlzw5xnu7affcknk2hrdkkw/lib/python3.9/site-packages/mesonbuild/ast/interpreter.py\", line 19, in <module>\n    from .. import interpreterbase, mparser, mesonlib\n  File \"/spack/opt/spack/linux-ubuntu22.04-haswell/gcc-11.2.0/meson-0.58.1-urulssgtnrlzw5xnu7affcknk2hrdkkw/lib/python3.9/site-packages/mesonbuild/interpreterbase.py\", line 19, in <module>\n    from . import environment, dependencies\n  File \"/spack/opt/spack/linux-ubuntu22.04-haswell/gcc-11.2.0/meson-0.58.1-urulssgtnrlzw5xnu7affcknk2hrdkkw/lib/python3.9/site-packages/mesonbuild/dependencies/__init__.py\", line 15, in <module>\n    from .boost import BoostDependency\n  File \"/spack/opt/spack/linux-ubuntu22.04-haswell/gcc-11.2.0/meson-0.58.1-urulssgtnrlzw5xnu7affcknk2hrdkkw/lib/python3.9/site-packages/mesonbuild/dependencies/boost.py\", line 25, in <module>\n    from .base import DependencyException, ExternalDependency, PkgConfigDependency\n  File \"/spack/opt/spack/linux-ubuntu22.04-haswell/gcc-11.2.0/meson-0.58.1-urulssgtnrlzw5xnu7affcknk2hrdkkw/lib/python3.9/site-packages/mesonbuild/dependencies/base.py\", line 41, in <module>\n    from ..interpreterbase import FeatureDeprecated\nImportError: cannot import name 'FeatureDeprecated' from partially initialized module 'mesonbuild.interpreterbase' (most likely due to a circular import) (/spack/opt/spack/linux-ubuntu22.04-haswell/gcc-11.2.0/meson-0.58.1-urulssgtnrlzw5xnu7affcknk2hrdkkw/lib/python3.9/site-packages/mesonbuild/interpreterbase.py)\n\n\n\n1 error found in test log:\n     23        from .boost import BoostDependency\n     24      File \"/spack/opt/spack/linux-ubuntu22.04-haswell/gcc-11.2.0/meson-\n           0.58.1-urulssgtnrlzw5xnu7affcknk2hrdkkw/lib/python3.9/site-packages/\n           mesonbuild/dependencies/boost.py\", line 25, in <module>\n     25        from .base import DependencyException, ExternalDependency, PkgCo\n           nfigDependency\n     26      File \"/spack/opt/spack/linux-ubuntu22.04-haswell/gcc-11.2.0/meson-\n           0.58.1-urulssgtnrlzw5xnu7affcknk2hrdkkw/lib/python3.9/site-packages/\n           mesonbuild/dependencies/base.py\", line 41, in <module>\n     27        from ..interpreterbase import FeatureDeprecated\n     28    ImportError: cannot import name 'FeatureDeprecated' from partially i\n           nitialized module 'mesonbuild.interpreterbase' (most likely due to a\n            circular import) (/spack/opt/spack/linux-ubuntu22.04-haswell/gcc-11\n           .2.0/meson-0.58.1-urulssgtnrlzw5xnu7affcknk2hrdkkw/lib/python3.9/sit\n           e-packages/mesonbuild/interpreterbase.py)\n  >> 29    FAILED: Command exited with status 1:\n     30        '/spack/opt/spack/linux-ubuntu22.04-haswell/gcc-11.2.0/python-3.\n           9.13-q47iise7npr7iijnfw5l66jtgksi4tvc/bin/python3.9' '-c' 'import me\n           sonbuild.ast'\n     31    Traceback (most recent call last):\n     32      File \"<string>\", line 1, in <module>\n     33      File \"/spack/opt/spack/linux-ubuntu22.04-haswell/gcc-11.2.0/meson-\n           0.58.1-urulssgtnrlzw5xnu7affcknk2hrdkkw/lib/python3.9/site-packages/\n           mesonbuild/ast/__init__.py\", line 30, in <module>\n     34        from .interpreter import AstInterpreter\n     35      File \"/spack/opt/spack/linux-ubuntu22.04-haswell/gcc-11.2.0/meson-\n           0.58.1-urulssgtnrlzw5xnu7affcknk2hrdkkw/lib/python3.9/site-packages/\n           mesonbuild/ast/interpreter.py\", line 19, in <module>\n\n\n\n/spack/lib/spack/spack/build_environment.py:1076, in _setup_pkg_and_run:\n       1073        tb_string = traceback.format_exc()\n       1074\n       1075        # build up some context from the offending package so we can\n  >>   1076        # show that, too.\n       1077        package_context = get_package_context(tb)\n       1078\n       1079        logfile = None\n\nSee test log for details:\n  /cache/spack/test/o4gm4x7u4h6snutwmpub5xkoaf26vgpt/meson-0.58.1-urulssg-test-out.txt\n\n==> Error: 1 test(s) in the suite failed.\n\n======================== 1 failed, 0 passed of 1 specs =========================\n",
                    "return_code": 1,
                    "seconds": 3.119213104248047,
                    "prediction": false,
                    "command": "/spack/bin/spack test run /urulss"
                }
            }
        },
        "stats": {
            "sizes_bytes": {}
        },
        "experiment": "meson",
        "result": "splice-success",
        "success": true,
        "splice": "ninja@1.9.0",
        "package": "meson@0.58.1",
        "different_libs": false
    },
    {
        "specs": {
            "original": "meson@0.58.1%gcc@11.2.0 patches=aa6c50d arch=linux-ubuntu22.04-haswell ^berkeley-db@18.1.40%gcc@11.2.0+cxx~docs+stl patches=b231fcc arch=linux-ubuntu22.04-haswell ^bzip2@1.0.8%gcc@11.2.0~debug~pic+shared arch=linux-ubuntu22.04-haswell ^ca-certificates-mozilla@2022-03-29%gcc@11.2.0 arch=linux-ubuntu22.04-haswell ^diffutils@3.8%gcc@11.2.0 arch=linux-ubuntu22.04-haswell ^expat@2.4.8%gcc@11.2.0+libbsd arch=linux-ubuntu22.04-haswell ^gdbm@1.19%gcc@11.2.0 arch=linux-ubuntu22.04-haswell ^gettext@0.21%gcc@11.2.0+bzip2+curses+git~libunistring+libxml2+tar+xz arch=linux-ubuntu22.04-haswell ^libbsd@0.11.5%gcc@11.2.0 arch=linux-ubuntu22.04-haswell ^libffi@3.4.2%gcc@11.2.0 arch=linux-ubuntu22.04-haswell ^libiconv@1.16%gcc@11.2.0 libs=shared,static arch=linux-ubuntu22.04-haswell ^libmd@1.0.4%gcc@11.2.0 arch=linux-ubuntu22.04-haswell ^libxml2@2.9.13%gcc@11.2.0~python arch=linux-ubuntu22.04-haswell ^ncurses@6.2%gcc@11.2.0~symlinks+termlib abi=none arch=linux-ubuntu22.04-haswell ^ninja@1.11.0%gcc@11.2.0 arch=linux-ubuntu22.04-haswell ^openssl@1.1.1q%gcc@11.2.0~docs~shared certs=mozilla patches=3fdcf2d arch=linux-ubuntu22.04-haswell ^perl@5.34.1%gcc@11.2.0+cpanm+shared+threads arch=linux-ubuntu22.04-haswell ^pigz@2.7%gcc@11.2.0 arch=linux-ubuntu22.04-haswell ^pkgconf@1.8.0%gcc@11.2.0 arch=linux-ubuntu22.04-haswell ^py-pip@22.1.2%gcc@11.2.0 arch=linux-ubuntu22.04-haswell ^py-setuptools@63.0.0%gcc@11.2.0 arch=linux-ubuntu22.04-haswell ^py-wheel@0.37.1%gcc@11.2.0 arch=linux-ubuntu22.04-haswell ^python@3.9.13%gcc@11.2.0+bz2+ctypes+dbm~debug+ensurepip+libxml2+lzma~nis~optimizations+pic+pyexpat+pythoncmd+readline+shared+sqlite3+ssl~tix~tkinter~ucs4+uuid+zlib patches=0d98e93,4c24573,f2fd060 arch=linux-ubuntu22.04-haswell ^readline@8.1.2%gcc@11.2.0 arch=linux-ubuntu22.04-haswell ^sqlite@3.38.5%gcc@11.2.0+column_metadata+dynamic_extensions+fts~functions+rtree arch=linux-ubuntu22.04-haswell ^tar@1.34%gcc@11.2.0 zip=pigz arch=linux-ubuntu22.04-haswell ^util-linux-uuid@2.37.4%gcc@11.2.0 arch=linux-ubuntu22.04-haswell ^xz@5.2.5%gcc@11.2.0~pic libs=shared,static arch=linux-ubuntu22.04-haswell ^zlib@1.2.12%gcc@11.2.0+optimize+pic+shared patches=0d38234 arch=linux-ubuntu22.04-haswell ^zstd@1.5.2%gcc@11.2.0+programs compression=none libs=shared,static arch=linux-ubuntu22.04-haswell",
            "spliced": "meson@0.58.1%gcc@11.2.0 patches=aa6c50d arch=linux-ubuntu22.04-haswell ^berkeley-db@18.1.40%gcc@11.2.0+cxx~docs+stl patches=b231fcc arch=linux-ubuntu22.04-haswell ^bzip2@1.0.8%gcc@11.2.0~debug~pic+shared arch=linux-ubuntu22.04-haswell ^ca-certificates-mozilla@2022-03-29%gcc@11.2.0 arch=linux-ubuntu22.04-haswell ^diffutils@3.8%gcc@11.2.0 arch=linux-ubuntu22.04-haswell ^expat@2.4.8%gcc@11.2.0+libbsd arch=linux-ubuntu22.04-haswell ^gdbm@1.19%gcc@11.2.0 arch=linux-ubuntu22.04-haswell ^gettext@0.21%gcc@11.2.0+bzip2+curses+git~libunistring+libxml2+tar+xz arch=linux-ubuntu22.04-haswell ^libbsd@0.11.5%gcc@11.2.0 arch=linux-ubuntu22.04-haswell ^libffi@3.4.2%gcc@11.2.0 arch=linux-ubuntu22.04-haswell ^libiconv@1.16%gcc@11.2.0 libs=shared,static arch=linux-ubuntu22.04-haswell ^libmd@1.0.4%gcc@11.2.0 arch=linux-ubuntu22.04-haswell ^libxml2@2.9.13%gcc@11.2.0~python arch=linux-ubuntu22.04-haswell ^ncurses@6.2%gcc@11.2.0~symlinks+termlib abi=none arch=linux-ubuntu22.04-haswell ^ninja@kitware%gcc@11.2.0 arch=linux-ubuntu22.04-haswell ^openssl@1.1.1q%gcc@11.2.0~docs~shared certs=mozilla patches=3fdcf2d arch=linux-ubuntu22.04-haswell ^perl@5.34.1%gcc@11.2.0+cpanm+shared+threads arch=linux-ubuntu22.04-haswell ^pigz@2.7%gcc@11.2.0 arch=linux-ubuntu22.04-haswell ^pkgconf@1.8.0%gcc@11.2.0 arch=linux-ubuntu22.04-haswell ^py-pip@22.1.2%gcc@11.2.0 arch=linux-ubuntu22.04-haswell ^py-setuptools@63.0.0%gcc@11.2.0 arch=linux-ubuntu22.04-haswell ^py-wheel@0.37.1%gcc@11.2.0 arch=linux-ubuntu22.04-haswell ^python@3.9.13%gcc@11.2.0+bz2+ctypes+dbm~debug+ensurepip+libxml2+lzma~nis~optimizations+pic+pyexpat+pythoncmd+readline+shared+sqlite3+ssl~tix~tkinter~ucs4+uuid+zlib patches=0d98e93,4c24573,f2fd060 arch=linux-ubuntu22.04-haswell ^readline@8.1.2%gcc@11.2.0 arch=linux-ubuntu22.04-haswell ^sqlite@3.38.5%gcc@11.2.0+column_metadata+dynamic_extensions+fts~functions+rtree arch=linux-ubuntu22.04-haswell ^tar@1.34%gcc@11.2.0 zip=pigz arch=linux-ubuntu22.04-haswell ^util-linux-uuid@2.37.4%gcc@11.2.0 arch=linux-ubuntu22.04-haswell ^xz@5.2.5%gcc@11.2.0~pic libs=shared,static arch=linux-ubuntu22.04-haswell ^zlib@1.2.12%gcc@11.2.0+optimize+pic+shared patches=0d38234 arch=linux-ubuntu22.04-haswell ^zstd@1.5.2%gcc@11.2.0+programs compression=none libs=shared,static arch=linux-ubuntu22.04-haswell"
        },
        "ids": {
            "original": "/rlbyly",
            "spliced": "/2jvou5"
        },
        "original": [],
        "spliced": [],
        "paths": {
            "loads": {
                "original": [
                    "/spack/opt/spack/linux-ubuntu22.04-haswell/gcc-11.2.0/libmd-1.0.4-ajqlqlpzseqjzps2pjrcxzqgwoqre7id/lib",
                    "/spack/opt/spack/linux-ubuntu22.04-haswell/gcc-11.2.0/bzip2-1.0.8-szccym2boautmkfmh4m2xm2krbftkd2g/lib",
                    "/spack/opt/spack/linux-ubuntu22.04-haswell/gcc-11.2.0/berkeley-db-18.1.40-y3xm2b4wnx2tsoeh4mb3glrv4zzgmt57/lib",
                    "/spack/opt/spack/linux-ubuntu22.04-haswell/gcc-11.2.0/openssl-1.1.1q-gqizvq5o5pipkqv2cxsg3k47lnqi64j3/lib",
                    "/spack/opt/spack/linux-ubuntu22.04-haswell/gcc-11.2.0/ncurses-6.2-2khyzubbcfupjtbj4nkogd7ebonczczr/lib",
                    "/spack/opt/spack/linux-ubuntu22.04-haswell/gcc-11.2.0/meson-0.58.1-rlbylyrfsargexmooyzejfk3sbh4s4fj/lib",
                    "/spack/opt/spack/linux-ubuntu22.04-haswell/gcc-11.2.0/perl-5.34.1-olweu672du4nrlvjn2shpf62jbgxzzp6/lib",
                    "/spack/opt/spack/linux-ubuntu22.04-haswell/gcc-11.2.0/pkgconf-1.8.0-ruoukh6z67iefyz4cyphkcqaz2g2hx7f/lib",
                    "/spack/opt/spack/linux-ubuntu22.04-haswell/gcc-11.2.0/libiconv-1.16-nylazfnjil3kyc5wyctes6ttimburge6/lib",
                    "/spack/opt/spack/linux-ubuntu22.04-haswell/gcc-11.2.0/util-linux-uuid-2.37.4-zfqnulivrw2c6ucejn44ozyygbnbgkej/lib",
                    "/spack/opt/spack/linux-ubuntu22.04-haswell/gcc-11.2.0/libbsd-0.11.5-ae73lpti6eu6wivubsemtrytzzf3hez7/lib",
                    "/spack/opt/spack/linux-ubuntu22.04-haswell/gcc-11.2.0/readline-8.1.2-b7aunqqlalfx6dlbtvcqgzcvtcn4ysjk/lib",
                    "/spack/opt/spack/linux-ubuntu22.04-haswell/gcc-11.2.0/py-pip-22.1.2-nd5hxakdl6igvv7tx3olohvdz3mufwbb/lib",
                    "/spack/opt/spack/linux-ubuntu22.04-haswell/gcc-11.2.0/py-wheel-0.37.1-elguqdgx2rqpyjti3aiugzkciub2w7pc/lib",
                    "/spack/opt/spack/linux-ubuntu22.04-haswell/gcc-11.2.0/libxml2-2.9.13-7nkjcj7tyvlqw2evbz75lmy3orkmqpmy/lib",
                    "/spack/opt/spack/linux-ubuntu22.04-haswell/gcc-11.2.0/py-setuptools-63.0.0-qjixzrrpenjwdukrncgixplgrivtxn4g/lib",
                    "/spack/opt/spack/linux-ubuntu22.04-haswell/gcc-11.2.0/sqlite-3.38.5-d2ea6bj7l73lk6qts76ztojzxfz5mcvc/lib",
                    "/spack/opt/spack/linux-ubuntu22.04-haswell/gcc-11.2.0/xz-5.2.5-ub757pyoqpaurexmrq7oxo7cj35qod2q/lib",
                    "/spack/opt/spack/linux-ubuntu22.04-haswell/gcc-11.2.0/zstd-1.5.2-nbvfzv7w6wra46fxbdhk5ewgplaxuwqn/lib",
                    "/spack/opt/spack/linux-ubuntu22.04-haswell/gcc-11.2.0/gettext-0.21-u6wcu25n7tfqtrvnexez66utuydb4smx/lib",
                    "/spack/opt/spack/linux-ubuntu22.04-haswell/gcc-11.2.0/gdbm-1.19-wcroyxphbv36i3i7pvflptbcp2fqumx3/lib",
                    "/spack/opt/spack/linux-ubuntu22.04-haswell/gcc-11.2.0/python-3.9.13-q47iise7npr7iijnfw5l66jtgksi4tvc/lib",
                    "/spack/opt/spack/linux-ubuntu22.04-haswell/gcc-11.2.0/zlib-1.2.12-ychk3ix6mv3mgsrtnazfunnmu4vrspkk/lib",
                    "/spack/opt/spack/linux-ubuntu22.04-haswell/gcc-11.2.0/expat-2.4.8-owhc2truzoihyzfqo7rxjgd4edfc6j7v/lib",
                    "/spack/opt/spack/linux-ubuntu22.04-haswell/gcc-11.2.0/libffi-3.4.2-m3zifbsskipiwtc4j55gcuiggbxrlc73/lib"
                ],
                "spliced": [
                    "/spack/opt/spack/linux-ubuntu22.04-haswell/gcc-11.2.0/libmd-1.0.4-ajqlqlpzseqjzps2pjrcxzqgwoqre7id/lib",
                    "/spack/opt/spack/linux-ubuntu22.04-haswell/gcc-11.2.0/bzip2-1.0.8-szccym2boautmkfmh4m2xm2krbftkd2g/lib",
                    "/spack/opt/spack/linux-ubuntu22.04-haswell/gcc-11.2.0/berkeley-db-18.1.40-y3xm2b4wnx2tsoeh4mb3glrv4zzgmt57/lib",
                    "/spack/opt/spack/linux-ubuntu22.04-haswell/gcc-11.2.0/openssl-1.1.1q-gqizvq5o5pipkqv2cxsg3k47lnqi64j3/lib",
                    "/spack/opt/spack/linux-ubuntu22.04-haswell/gcc-11.2.0/ncurses-6.2-2khyzubbcfupjtbj4nkogd7ebonczczr/lib",
                    "/spack/opt/spack/linux-ubuntu22.04-haswell/gcc-11.2.0/perl-5.34.1-olweu672du4nrlvjn2shpf62jbgxzzp6/lib",
                    "/spack/opt/spack/linux-ubuntu22.04-haswell/gcc-11.2.0/py-setuptools-63.0.0-g475bshoryifohuytt7y3ge2umituppg/lib",
                    "/spack/opt/spack/linux-ubuntu22.04-haswell/gcc-11.2.0/pkgconf-1.8.0-ruoukh6z67iefyz4cyphkcqaz2g2hx7f/lib",
                    "/spack/opt/spack/linux-ubuntu22.04-haswell/gcc-11.2.0/libiconv-1.16-nylazfnjil3kyc5wyctes6ttimburge6/lib",
                    "/spack/opt/spack/linux-ubuntu22.04-haswell/gcc-11.2.0/util-linux-uuid-2.37.4-zfqnulivrw2c6ucejn44ozyygbnbgkej/lib",
                    "/spack/opt/spack/linux-ubuntu22.04-haswell/gcc-11.2.0/meson-0.58.1-2jvou5cny5z3aflcgccanxrx6p4jelzc/lib",
                    "/spack/opt/spack/linux-ubuntu22.04-haswell/gcc-11.2.0/libbsd-0.11.5-ae73lpti6eu6wivubsemtrytzzf3hez7/lib",
                    "/spack/opt/spack/linux-ubuntu22.04-haswell/gcc-11.2.0/readline-8.1.2-b7aunqqlalfx6dlbtvcqgzcvtcn4ysjk/lib",
                    "/spack/opt/spack/linux-ubuntu22.04-haswell/gcc-11.2.0/libxml2-2.9.13-7nkjcj7tyvlqw2evbz75lmy3orkmqpmy/lib",
                    "/spack/opt/spack/linux-ubuntu22.04-haswell/gcc-11.2.0/py-pip-22.1.2-3okip5kqbvxn6pwmfjb57eogafl7scz2/lib",
                    "/spack/opt/spack/linux-ubuntu22.04-haswell/gcc-11.2.0/sqlite-3.38.5-d2ea6bj7l73lk6qts76ztojzxfz5mcvc/lib",
                    "/spack/opt/spack/linux-ubuntu22.04-haswell/gcc-11.2.0/py-wheel-0.37.1-ltvvmuvb2dskp25r2n2vjco6dli2mhng/lib",
                    "/spack/opt/spack/linux-ubuntu22.04-haswell/gcc-11.2.0/xz-5.2.5-ub757pyoqpaurexmrq7oxo7cj35qod2q/lib",
                    "/spack/opt/spack/linux-ubuntu22.04-haswell/gcc-11.2.0/zstd-1.5.2-nbvfzv7w6wra46fxbdhk5ewgplaxuwqn/lib",
                    "/spack/opt/spack/linux-ubuntu22.04-haswell/gcc-11.2.0/gettext-0.21-u6wcu25n7tfqtrvnexez66utuydb4smx/lib",
                    "/spack/opt/spack/linux-ubuntu22.04-haswell/gcc-11.2.0/gdbm-1.19-wcroyxphbv36i3i7pvflptbcp2fqumx3/lib",
                    "/spack/opt/spack/linux-ubuntu22.04-haswell/gcc-11.2.0/python-3.9.13-q47iise7npr7iijnfw5l66jtgksi4tvc/lib",
                    "/spack/opt/spack/linux-ubuntu22.04-haswell/gcc-11.2.0/zlib-1.2.12-ychk3ix6mv3mgsrtnazfunnmu4vrspkk/lib",
                    "/spack/opt/spack/linux-ubuntu22.04-haswell/gcc-11.2.0/expat-2.4.8-owhc2truzoihyzfqo7rxjgd4edfc6j7v/lib",
                    "/spack/opt/spack/linux-ubuntu22.04-haswell/gcc-11.2.0/libffi-3.4.2-m3zifbsskipiwtc4j55gcuiggbxrlc73/lib"
                ]
            }
        },
        "predictions": {
            "spack-test": {
                "original": {
                    "message": "==> Spack test v7hvumkhqz2zv4hfi3k6qxdjqt4cbniy\n==> Testing package meson-0.58.1-rlbylyr\n==> Error: TestFailure: 1 tests failed.\n\n\nCommand exited with status 1:\n    '/spack/opt/spack/linux-ubuntu22.04-haswell/gcc-11.2.0/python-3.9.13-q47iise7npr7iijnfw5l66jtgksi4tvc/bin/python3.9' '-c' 'import mesonbuild.ast'\nTraceback (most recent call last):\n  File \"<string>\", line 1, in <module>\n  File \"/spack/opt/spack/linux-ubuntu22.04-haswell/gcc-11.2.0/meson-0.58.1-rlbylyrfsargexmooyzejfk3sbh4s4fj/lib/python3.9/site-packages/mesonbuild/ast/__init__.py\", line 30, in <module>\n    from .interpreter import AstInterpreter\n  File \"/spack/opt/spack/linux-ubuntu22.04-haswell/gcc-11.2.0/meson-0.58.1-rlbylyrfsargexmooyzejfk3sbh4s4fj/lib/python3.9/site-packages/mesonbuild/ast/interpreter.py\", line 19, in <module>\n    from .. import interpreterbase, mparser, mesonlib\n  File \"/spack/opt/spack/linux-ubuntu22.04-haswell/gcc-11.2.0/meson-0.58.1-rlbylyrfsargexmooyzejfk3sbh4s4fj/lib/python3.9/site-packages/mesonbuild/interpreterbase.py\", line 19, in <module>\n    from . import environment, dependencies\n  File \"/spack/opt/spack/linux-ubuntu22.04-haswell/gcc-11.2.0/meson-0.58.1-rlbylyrfsargexmooyzejfk3sbh4s4fj/lib/python3.9/site-packages/mesonbuild/dependencies/__init__.py\", line 15, in <module>\n    from .boost import BoostDependency\n  File \"/spack/opt/spack/linux-ubuntu22.04-haswell/gcc-11.2.0/meson-0.58.1-rlbylyrfsargexmooyzejfk3sbh4s4fj/lib/python3.9/site-packages/mesonbuild/dependencies/boost.py\", line 25, in <module>\n    from .base import DependencyException, ExternalDependency, PkgConfigDependency\n  File \"/spack/opt/spack/linux-ubuntu22.04-haswell/gcc-11.2.0/meson-0.58.1-rlbylyrfsargexmooyzejfk3sbh4s4fj/lib/python3.9/site-packages/mesonbuild/dependencies/base.py\", line 41, in <module>\n    from ..interpreterbase import FeatureDeprecated\nImportError: cannot import name 'FeatureDeprecated' from partially initialized module 'mesonbuild.interpreterbase' (most likely due to a circular import) (/spack/opt/spack/linux-ubuntu22.04-haswell/gcc-11.2.0/meson-0.58.1-rlbylyrfsargexmooyzejfk3sbh4s4fj/lib/python3.9/site-packages/mesonbuild/interpreterbase.py)\n\n\n\n1 error found in test log:\n     23        from .boost import BoostDependency\n     24      File \"/spack/opt/spack/linux-ubuntu22.04-haswell/gcc-11.2.0/meson-\n           0.58.1-rlbylyrfsargexmooyzejfk3sbh4s4fj/lib/python3.9/site-packages/\n           mesonbuild/dependencies/boost.py\", line 25, in <module>\n     25        from .base import DependencyException, ExternalDependency, PkgCo\n           nfigDependency\n     26      File \"/spack/opt/spack/linux-ubuntu22.04-haswell/gcc-11.2.0/meson-\n           0.58.1-rlbylyrfsargexmooyzejfk3sbh4s4fj/lib/python3.9/site-packages/\n           mesonbuild/dependencies/base.py\", line 41, in <module>\n     27        from ..interpreterbase import FeatureDeprecated\n     28    ImportError: cannot import name 'FeatureDeprecated' from partially i\n           nitialized module 'mesonbuild.interpreterbase' (most likely due to a\n            circular import) (/spack/opt/spack/linux-ubuntu22.04-haswell/gcc-11\n           .2.0/meson-0.58.1-rlbylyrfsargexmooyzejfk3sbh4s4fj/lib/python3.9/sit\n           e-packages/mesonbuild/interpreterbase.py)\n  >> 29    FAILED: Command exited with status 1:\n     30        '/spack/opt/spack/linux-ubuntu22.04-haswell/gcc-11.2.0/python-3.\n           9.13-q47iise7npr7iijnfw5l66jtgksi4tvc/bin/python3.9' '-c' 'import me\n           sonbuild.ast'\n     31    Traceback (most recent call last):\n     32      File \"<string>\", line 1, in <module>\n     33      File \"/spack/opt/spack/linux-ubuntu22.04-haswell/gcc-11.2.0/meson-\n           0.58.1-rlbylyrfsargexmooyzejfk3sbh4s4fj/lib/python3.9/site-packages/\n           mesonbuild/ast/__init__.py\", line 30, in <module>\n     34        from .interpreter import AstInterpreter\n     35      File \"/spack/opt/spack/linux-ubuntu22.04-haswell/gcc-11.2.0/meson-\n           0.58.1-rlbylyrfsargexmooyzejfk3sbh4s4fj/lib/python3.9/site-packages/\n           mesonbuild/ast/interpreter.py\", line 19, in <module>\n\n\n\n/spack/lib/spack/spack/build_environment.py:1076, in _setup_pkg_and_run:\n       1073        tb_string = traceback.format_exc()\n       1074\n       1075        # build up some context from the offending package so we can\n  >>   1076        # show that, too.\n       1077        package_context = get_package_context(tb)\n       1078\n       1079        logfile = None\n\nSee test log for details:\n  /cache/spack/test/v7hvumkhqz2zv4hfi3k6qxdjqt4cbniy/meson-0.58.1-rlbylyr-test-out.txt\n\n==> Error: 1 test(s) in the suite failed.\n\n======================== 1 failed, 0 passed of 1 specs =========================\n",
                    "return_code": 1,
                    "seconds": 2.7109737396240234,
                    "prediction": false,
                    "command": "/spack/bin/spack test run /rlbyly"
                },
                "spliced": {
                    "message": "==> Spack test 3y74anbx2hkfp266qt7kuvorurnv7cbr\n==> Testing package meson-0.58.1-2jvou5c\n==> Error: TestFailure: 1 tests failed.\n\n\nCommand exited with status 1:\n    '/spack/opt/spack/linux-ubuntu22.04-haswell/gcc-11.2.0/python-3.9.13-q47iise7npr7iijnfw5l66jtgksi4tvc/bin/python3.9' '-c' 'import mesonbuild.ast'\nTraceback (most recent call last):\n  File \"<string>\", line 1, in <module>\n  File \"/spack/opt/spack/linux-ubuntu22.04-haswell/gcc-11.2.0/meson-0.58.1-2jvou5cny5z3aflcgccanxrx6p4jelzc/lib/python3.9/site-packages/mesonbuild/ast/__init__.py\", line 30, in <module>\n    from .interpreter import AstInterpreter\n  File \"/spack/opt/spack/linux-ubuntu22.04-haswell/gcc-11.2.0/meson-0.58.1-2jvou5cny5z3aflcgccanxrx6p4jelzc/lib/python3.9/site-packages/mesonbuild/ast/interpreter.py\", line 19, in <module>\n    from .. import interpreterbase, mparser, mesonlib\n  File \"/spack/opt/spack/linux-ubuntu22.04-haswell/gcc-11.2.0/meson-0.58.1-2jvou5cny5z3aflcgccanxrx6p4jelzc/lib/python3.9/site-packages/mesonbuild/interpreterbase.py\", line 19, in <module>\n    from . import environment, dependencies\n  File \"/spack/opt/spack/linux-ubuntu22.04-haswell/gcc-11.2.0/meson-0.58.1-2jvou5cny5z3aflcgccanxrx6p4jelzc/lib/python3.9/site-packages/mesonbuild/dependencies/__init__.py\", line 15, in <module>\n    from .boost import BoostDependency\n  File \"/spack/opt/spack/linux-ubuntu22.04-haswell/gcc-11.2.0/meson-0.58.1-2jvou5cny5z3aflcgccanxrx6p4jelzc/lib/python3.9/site-packages/mesonbuild/dependencies/boost.py\", line 25, in <module>\n    from .base import DependencyException, ExternalDependency, PkgConfigDependency\n  File \"/spack/opt/spack/linux-ubuntu22.04-haswell/gcc-11.2.0/meson-0.58.1-2jvou5cny5z3aflcgccanxrx6p4jelzc/lib/python3.9/site-packages/mesonbuild/dependencies/base.py\", line 41, in <module>\n    from ..interpreterbase import FeatureDeprecated\nImportError: cannot import name 'FeatureDeprecated' from partially initialized module 'mesonbuild.interpreterbase' (most likely due to a circular import) (/spack/opt/spack/linux-ubuntu22.04-haswell/gcc-11.2.0/meson-0.58.1-2jvou5cny5z3aflcgccanxrx6p4jelzc/lib/python3.9/site-packages/mesonbuild/interpreterbase.py)\n\n\n\n1 error found in test log:\n     23        from .boost import BoostDependency\n     24      File \"/spack/opt/spack/linux-ubuntu22.04-haswell/gcc-11.2.0/meson-\n           0.58.1-2jvou5cny5z3aflcgccanxrx6p4jelzc/lib/python3.9/site-packages/\n           mesonbuild/dependencies/boost.py\", line 25, in <module>\n     25        from .base import DependencyException, ExternalDependency, PkgCo\n           nfigDependency\n     26      File \"/spack/opt/spack/linux-ubuntu22.04-haswell/gcc-11.2.0/meson-\n           0.58.1-2jvou5cny5z3aflcgccanxrx6p4jelzc/lib/python3.9/site-packages/\n           mesonbuild/dependencies/base.py\", line 41, in <module>\n     27        from ..interpreterbase import FeatureDeprecated\n     28    ImportError: cannot import name 'FeatureDeprecated' from partially i\n           nitialized module 'mesonbuild.interpreterbase' (most likely due to a\n            circular import) (/spack/opt/spack/linux-ubuntu22.04-haswell/gcc-11\n           .2.0/meson-0.58.1-2jvou5cny5z3aflcgccanxrx6p4jelzc/lib/python3.9/sit\n           e-packages/mesonbuild/interpreterbase.py)\n  >> 29    FAILED: Command exited with status 1:\n     30        '/spack/opt/spack/linux-ubuntu22.04-haswell/gcc-11.2.0/python-3.\n           9.13-q47iise7npr7iijnfw5l66jtgksi4tvc/bin/python3.9' '-c' 'import me\n           sonbuild.ast'\n     31    Traceback (most recent call last):\n     32      File \"<string>\", line 1, in <module>\n     33      File \"/spack/opt/spack/linux-ubuntu22.04-haswell/gcc-11.2.0/meson-\n           0.58.1-2jvou5cny5z3aflcgccanxrx6p4jelzc/lib/python3.9/site-packages/\n           mesonbuild/ast/__init__.py\", line 30, in <module>\n     34        from .interpreter import AstInterpreter\n     35      File \"/spack/opt/spack/linux-ubuntu22.04-haswell/gcc-11.2.0/meson-\n           0.58.1-2jvou5cny5z3aflcgccanxrx6p4jelzc/lib/python3.9/site-packages/\n           mesonbuild/ast/interpreter.py\", line 19, in <module>\n\n\n\n/spack/lib/spack/spack/build_environment.py:1076, in _setup_pkg_and_run:\n       1073        tb_string = traceback.format_exc()\n       1074\n       1075        # build up some context from the offending package so we can\n  >>   1076        # show that, too.\n       1077        package_context = get_package_context(tb)\n       1078\n       1079        logfile = None\n\nSee test log for details:\n  /cache/spack/test/3y74anbx2hkfp266qt7kuvorurnv7cbr/meson-0.58.1-2jvou5c-test-out.txt\n\n==> Error: 1 test(s) in the suite failed.\n\n======================== 1 failed, 0 passed of 1 specs =========================\n",
                    "return_code": 1,
                    "seconds": 3.1519174575805664,
                    "prediction": false,
                    "command": "/spack/bin/spack test run /2jvou5"
                }
            }
        },
        "stats": {
            "sizes_bytes": {}
        },
        "experiment": "meson",
        "result": "splice-success",
        "success": true,
        "splice": "ninja@kitware",
        "package": "meson@0.58.1",
        "different_libs": false
    },
    {
        "specs": {
            "original": "meson@0.58.1%gcc@11.2.0 patches=aa6c50d arch=linux-ubuntu22.04-haswell ^berkeley-db@18.1.40%gcc@11.2.0+cxx~docs+stl patches=b231fcc arch=linux-ubuntu22.04-haswell ^bzip2@1.0.8%gcc@11.2.0~debug~pic+shared arch=linux-ubuntu22.04-haswell ^ca-certificates-mozilla@2022-03-29%gcc@11.2.0 arch=linux-ubuntu22.04-haswell ^diffutils@3.8%gcc@11.2.0 arch=linux-ubuntu22.04-haswell ^expat@2.4.8%gcc@11.2.0+libbsd arch=linux-ubuntu22.04-haswell ^gdbm@1.19%gcc@11.2.0 arch=linux-ubuntu22.04-haswell ^gettext@0.21%gcc@11.2.0+bzip2+curses+git~libunistring+libxml2+tar+xz arch=linux-ubuntu22.04-haswell ^libbsd@0.11.5%gcc@11.2.0 arch=linux-ubuntu22.04-haswell ^libffi@3.4.2%gcc@11.2.0 arch=linux-ubuntu22.04-haswell ^libiconv@1.16%gcc@11.2.0 libs=shared,static arch=linux-ubuntu22.04-haswell ^libmd@1.0.4%gcc@11.2.0 arch=linux-ubuntu22.04-haswell ^libxml2@2.9.13%gcc@11.2.0~python arch=linux-ubuntu22.04-haswell ^ncurses@6.2%gcc@11.2.0~symlinks+termlib abi=none arch=linux-ubuntu22.04-haswell ^ninja@1.11.0%gcc@11.2.0 arch=linux-ubuntu22.04-haswell ^openssl@1.1.1q%gcc@11.2.0~docs~shared certs=mozilla patches=3fdcf2d arch=linux-ubuntu22.04-haswell ^perl@5.34.1%gcc@11.2.0+cpanm+shared+threads arch=linux-ubuntu22.04-haswell ^pigz@2.7%gcc@11.2.0 arch=linux-ubuntu22.04-haswell ^pkgconf@1.8.0%gcc@11.2.0 arch=linux-ubuntu22.04-haswell ^py-pip@22.1.2%gcc@11.2.0 arch=linux-ubuntu22.04-haswell ^py-setuptools@63.0.0%gcc@11.2.0 arch=linux-ubuntu22.04-haswell ^py-wheel@0.37.1%gcc@11.2.0 arch=linux-ubuntu22.04-haswell ^python@3.9.13%gcc@11.2.0+bz2+ctypes+dbm~debug+ensurepip+libxml2+lzma~nis~optimizations+pic+pyexpat+pythoncmd+readline+shared+sqlite3+ssl~tix~tkinter~ucs4+uuid+zlib patches=0d98e93,4c24573,f2fd060 arch=linux-ubuntu22.04-haswell ^readline@8.1.2%gcc@11.2.0 arch=linux-ubuntu22.04-haswell ^sqlite@3.38.5%gcc@11.2.0+column_metadata+dynamic_extensions+fts~functions+rtree arch=linux-ubuntu22.04-haswell ^tar@1.34%gcc@11.2.0 zip=pigz arch=linux-ubuntu22.04-haswell ^util-linux-uuid@2.37.4%gcc@11.2.0 arch=linux-ubuntu22.04-haswell ^xz@5.2.5%gcc@11.2.0~pic libs=shared,static arch=linux-ubuntu22.04-haswell ^zlib@1.2.12%gcc@11.2.0+optimize+pic+shared patches=0d38234 arch=linux-ubuntu22.04-haswell ^zstd@1.5.2%gcc@11.2.0+programs compression=none libs=shared,static arch=linux-ubuntu22.04-haswell",
            "spliced": "meson@0.58.1%gcc@11.2.0 patches=aa6c50d arch=linux-ubuntu22.04-haswell ^berkeley-db@18.1.40%gcc@11.2.0+cxx~docs+stl patches=b231fcc arch=linux-ubuntu22.04-haswell ^bzip2@1.0.8%gcc@11.2.0~debug~pic+shared arch=linux-ubuntu22.04-haswell ^ca-certificates-mozilla@2022-03-29%gcc@11.2.0 arch=linux-ubuntu22.04-haswell ^diffutils@3.8%gcc@11.2.0 arch=linux-ubuntu22.04-haswell ^expat@2.4.8%gcc@11.2.0+libbsd arch=linux-ubuntu22.04-haswell ^gdbm@1.19%gcc@11.2.0 arch=linux-ubuntu22.04-haswell ^gettext@0.21%gcc@11.2.0+bzip2+curses+git~libunistring+libxml2+tar+xz arch=linux-ubuntu22.04-haswell ^libbsd@0.11.5%gcc@11.2.0 arch=linux-ubuntu22.04-haswell ^libffi@3.4.2%gcc@11.2.0 arch=linux-ubuntu22.04-haswell ^libiconv@1.16%gcc@11.2.0 libs=shared,static arch=linux-ubuntu22.04-haswell ^libmd@1.0.4%gcc@11.2.0 arch=linux-ubuntu22.04-haswell ^libxml2@2.9.13%gcc@11.2.0~python arch=linux-ubuntu22.04-haswell ^ncurses@6.2%gcc@11.2.0~symlinks+termlib abi=none arch=linux-ubuntu22.04-haswell ^ninja@master%gcc@11.2.0 arch=linux-ubuntu22.04-haswell ^openssl@1.1.1q%gcc@11.2.0~docs~shared certs=mozilla patches=3fdcf2d arch=linux-ubuntu22.04-haswell ^perl@5.34.1%gcc@11.2.0+cpanm+shared+threads arch=linux-ubuntu22.04-haswell ^pigz@2.7%gcc@11.2.0 arch=linux-ubuntu22.04-haswell ^pkgconf@1.8.0%gcc@11.2.0 arch=linux-ubuntu22.04-haswell ^py-pip@22.1.2%gcc@11.2.0 arch=linux-ubuntu22.04-haswell ^py-setuptools@63.0.0%gcc@11.2.0 arch=linux-ubuntu22.04-haswell ^py-wheel@0.37.1%gcc@11.2.0 arch=linux-ubuntu22.04-haswell ^python@3.9.13%gcc@11.2.0+bz2+ctypes+dbm~debug+ensurepip+libxml2+lzma~nis~optimizations+pic+pyexpat+pythoncmd+readline+shared+sqlite3+ssl~tix~tkinter~ucs4+uuid+zlib patches=0d98e93,4c24573,f2fd060 arch=linux-ubuntu22.04-haswell ^readline@8.1.2%gcc@11.2.0 arch=linux-ubuntu22.04-haswell ^sqlite@3.38.5%gcc@11.2.0+column_metadata+dynamic_extensions+fts~functions+rtree arch=linux-ubuntu22.04-haswell ^tar@1.34%gcc@11.2.0 zip=pigz arch=linux-ubuntu22.04-haswell ^util-linux-uuid@2.37.4%gcc@11.2.0 arch=linux-ubuntu22.04-haswell ^xz@5.2.5%gcc@11.2.0~pic libs=shared,static arch=linux-ubuntu22.04-haswell ^zlib@1.2.12%gcc@11.2.0+optimize+pic+shared patches=0d38234 arch=linux-ubuntu22.04-haswell ^zstd@1.5.2%gcc@11.2.0+programs compression=none libs=shared,static arch=linux-ubuntu22.04-haswell"
        },
        "ids": {
            "original": "/rlbyly",
            "spliced": "/ihbihs"
        },
        "original": [],
        "spliced": [],
        "paths": {
            "loads": {
                "original": [
                    "/spack/opt/spack/linux-ubuntu22.04-haswell/gcc-11.2.0/libmd-1.0.4-ajqlqlpzseqjzps2pjrcxzqgwoqre7id/lib",
                    "/spack/opt/spack/linux-ubuntu22.04-haswell/gcc-11.2.0/bzip2-1.0.8-szccym2boautmkfmh4m2xm2krbftkd2g/lib",
                    "/spack/opt/spack/linux-ubuntu22.04-haswell/gcc-11.2.0/berkeley-db-18.1.40-y3xm2b4wnx2tsoeh4mb3glrv4zzgmt57/lib",
                    "/spack/opt/spack/linux-ubuntu22.04-haswell/gcc-11.2.0/openssl-1.1.1q-gqizvq5o5pipkqv2cxsg3k47lnqi64j3/lib",
                    "/spack/opt/spack/linux-ubuntu22.04-haswell/gcc-11.2.0/ncurses-6.2-2khyzubbcfupjtbj4nkogd7ebonczczr/lib",
                    "/spack/opt/spack/linux-ubuntu22.04-haswell/gcc-11.2.0/meson-0.58.1-rlbylyrfsargexmooyzejfk3sbh4s4fj/lib",
                    "/spack/opt/spack/linux-ubuntu22.04-haswell/gcc-11.2.0/perl-5.34.1-olweu672du4nrlvjn2shpf62jbgxzzp6/lib",
                    "/spack/opt/spack/linux-ubuntu22.04-haswell/gcc-11.2.0/pkgconf-1.8.0-ruoukh6z67iefyz4cyphkcqaz2g2hx7f/lib",
                    "/spack/opt/spack/linux-ubuntu22.04-haswell/gcc-11.2.0/libiconv-1.16-nylazfnjil3kyc5wyctes6ttimburge6/lib",
                    "/spack/opt/spack/linux-ubuntu22.04-haswell/gcc-11.2.0/util-linux-uuid-2.37.4-zfqnulivrw2c6ucejn44ozyygbnbgkej/lib",
                    "/spack/opt/spack/linux-ubuntu22.04-haswell/gcc-11.2.0/libbsd-0.11.5-ae73lpti6eu6wivubsemtrytzzf3hez7/lib",
                    "/spack/opt/spack/linux-ubuntu22.04-haswell/gcc-11.2.0/readline-8.1.2-b7aunqqlalfx6dlbtvcqgzcvtcn4ysjk/lib",
                    "/spack/opt/spack/linux-ubuntu22.04-haswell/gcc-11.2.0/py-pip-22.1.2-nd5hxakdl6igvv7tx3olohvdz3mufwbb/lib",
                    "/spack/opt/spack/linux-ubuntu22.04-haswell/gcc-11.2.0/py-wheel-0.37.1-elguqdgx2rqpyjti3aiugzkciub2w7pc/lib",
                    "/spack/opt/spack/linux-ubuntu22.04-haswell/gcc-11.2.0/libxml2-2.9.13-7nkjcj7tyvlqw2evbz75lmy3orkmqpmy/lib",
                    "/spack/opt/spack/linux-ubuntu22.04-haswell/gcc-11.2.0/py-setuptools-63.0.0-qjixzrrpenjwdukrncgixplgrivtxn4g/lib",
                    "/spack/opt/spack/linux-ubuntu22.04-haswell/gcc-11.2.0/sqlite-3.38.5-d2ea6bj7l73lk6qts76ztojzxfz5mcvc/lib",
                    "/spack/opt/spack/linux-ubuntu22.04-haswell/gcc-11.2.0/xz-5.2.5-ub757pyoqpaurexmrq7oxo7cj35qod2q/lib",
                    "/spack/opt/spack/linux-ubuntu22.04-haswell/gcc-11.2.0/zstd-1.5.2-nbvfzv7w6wra46fxbdhk5ewgplaxuwqn/lib",
                    "/spack/opt/spack/linux-ubuntu22.04-haswell/gcc-11.2.0/gettext-0.21-u6wcu25n7tfqtrvnexez66utuydb4smx/lib",
                    "/spack/opt/spack/linux-ubuntu22.04-haswell/gcc-11.2.0/gdbm-1.19-wcroyxphbv36i3i7pvflptbcp2fqumx3/lib",
                    "/spack/opt/spack/linux-ubuntu22.04-haswell/gcc-11.2.0/python-3.9.13-q47iise7npr7iijnfw5l66jtgksi4tvc/lib",
                    "/spack/opt/spack/linux-ubuntu22.04-haswell/gcc-11.2.0/zlib-1.2.12-ychk3ix6mv3mgsrtnazfunnmu4vrspkk/lib",
                    "/spack/opt/spack/linux-ubuntu22.04-haswell/gcc-11.2.0/expat-2.4.8-owhc2truzoihyzfqo7rxjgd4edfc6j7v/lib",
                    "/spack/opt/spack/linux-ubuntu22.04-haswell/gcc-11.2.0/libffi-3.4.2-m3zifbsskipiwtc4j55gcuiggbxrlc73/lib"
                ],
                "spliced": [
                    "/spack/opt/spack/linux-ubuntu22.04-haswell/gcc-11.2.0/libmd-1.0.4-ajqlqlpzseqjzps2pjrcxzqgwoqre7id/lib",
                    "/spack/opt/spack/linux-ubuntu22.04-haswell/gcc-11.2.0/bzip2-1.0.8-szccym2boautmkfmh4m2xm2krbftkd2g/lib",
                    "/spack/opt/spack/linux-ubuntu22.04-haswell/gcc-11.2.0/berkeley-db-18.1.40-y3xm2b4wnx2tsoeh4mb3glrv4zzgmt57/lib",
                    "/spack/opt/spack/linux-ubuntu22.04-haswell/gcc-11.2.0/openssl-1.1.1q-gqizvq5o5pipkqv2cxsg3k47lnqi64j3/lib",
                    "/spack/opt/spack/linux-ubuntu22.04-haswell/gcc-11.2.0/ncurses-6.2-2khyzubbcfupjtbj4nkogd7ebonczczr/lib",
                    "/spack/opt/spack/linux-ubuntu22.04-haswell/gcc-11.2.0/perl-5.34.1-olweu672du4nrlvjn2shpf62jbgxzzp6/lib",
                    "/spack/opt/spack/linux-ubuntu22.04-haswell/gcc-11.2.0/py-setuptools-63.0.0-g475bshoryifohuytt7y3ge2umituppg/lib",
                    "/spack/opt/spack/linux-ubuntu22.04-haswell/gcc-11.2.0/pkgconf-1.8.0-ruoukh6z67iefyz4cyphkcqaz2g2hx7f/lib",
                    "/spack/opt/spack/linux-ubuntu22.04-haswell/gcc-11.2.0/libiconv-1.16-nylazfnjil3kyc5wyctes6ttimburge6/lib",
                    "/spack/opt/spack/linux-ubuntu22.04-haswell/gcc-11.2.0/util-linux-uuid-2.37.4-zfqnulivrw2c6ucejn44ozyygbnbgkej/lib",
                    "/spack/opt/spack/linux-ubuntu22.04-haswell/gcc-11.2.0/libbsd-0.11.5-ae73lpti6eu6wivubsemtrytzzf3hez7/lib",
                    "/spack/opt/spack/linux-ubuntu22.04-haswell/gcc-11.2.0/readline-8.1.2-b7aunqqlalfx6dlbtvcqgzcvtcn4ysjk/lib",
                    "/spack/opt/spack/linux-ubuntu22.04-haswell/gcc-11.2.0/libxml2-2.9.13-7nkjcj7tyvlqw2evbz75lmy3orkmqpmy/lib",
                    "/spack/opt/spack/linux-ubuntu22.04-haswell/gcc-11.2.0/py-pip-22.1.2-3okip5kqbvxn6pwmfjb57eogafl7scz2/lib",
                    "/spack/opt/spack/linux-ubuntu22.04-haswell/gcc-11.2.0/sqlite-3.38.5-d2ea6bj7l73lk6qts76ztojzxfz5mcvc/lib",
                    "/spack/opt/spack/linux-ubuntu22.04-haswell/gcc-11.2.0/py-wheel-0.37.1-ltvvmuvb2dskp25r2n2vjco6dli2mhng/lib",
                    "/spack/opt/spack/linux-ubuntu22.04-haswell/gcc-11.2.0/xz-5.2.5-ub757pyoqpaurexmrq7oxo7cj35qod2q/lib",
                    "/spack/opt/spack/linux-ubuntu22.04-haswell/gcc-11.2.0/zstd-1.5.2-nbvfzv7w6wra46fxbdhk5ewgplaxuwqn/lib",
                    "/spack/opt/spack/linux-ubuntu22.04-haswell/gcc-11.2.0/gettext-0.21-u6wcu25n7tfqtrvnexez66utuydb4smx/lib",
                    "/spack/opt/spack/linux-ubuntu22.04-haswell/gcc-11.2.0/gdbm-1.19-wcroyxphbv36i3i7pvflptbcp2fqumx3/lib",
                    "/spack/opt/spack/linux-ubuntu22.04-haswell/gcc-11.2.0/python-3.9.13-q47iise7npr7iijnfw5l66jtgksi4tvc/lib",
                    "/spack/opt/spack/linux-ubuntu22.04-haswell/gcc-11.2.0/zlib-1.2.12-ychk3ix6mv3mgsrtnazfunnmu4vrspkk/lib",
                    "/spack/opt/spack/linux-ubuntu22.04-haswell/gcc-11.2.0/expat-2.4.8-owhc2truzoihyzfqo7rxjgd4edfc6j7v/lib",
                    "/spack/opt/spack/linux-ubuntu22.04-haswell/gcc-11.2.0/libffi-3.4.2-m3zifbsskipiwtc4j55gcuiggbxrlc73/lib",
                    "/spack/opt/spack/linux-ubuntu22.04-haswell/gcc-11.2.0/meson-0.58.1-ihbihstjsuyuvoqjuh6nrwixcs7f525q/lib"
                ]
            }
        },
        "predictions": {
            "spack-test": {
                "original": {
                    "message": "==> Spack test v7hvumkhqz2zv4hfi3k6qxdjqt4cbniy\n==> Testing package meson-0.58.1-rlbylyr\n==> Error: TestFailure: 1 tests failed.\n\n\nCommand exited with status 1:\n    '/spack/opt/spack/linux-ubuntu22.04-haswell/gcc-11.2.0/python-3.9.13-q47iise7npr7iijnfw5l66jtgksi4tvc/bin/python3.9' '-c' 'import mesonbuild.ast'\nTraceback (most recent call last):\n  File \"<string>\", line 1, in <module>\n  File \"/spack/opt/spack/linux-ubuntu22.04-haswell/gcc-11.2.0/meson-0.58.1-rlbylyrfsargexmooyzejfk3sbh4s4fj/lib/python3.9/site-packages/mesonbuild/ast/__init__.py\", line 30, in <module>\n    from .interpreter import AstInterpreter\n  File \"/spack/opt/spack/linux-ubuntu22.04-haswell/gcc-11.2.0/meson-0.58.1-rlbylyrfsargexmooyzejfk3sbh4s4fj/lib/python3.9/site-packages/mesonbuild/ast/interpreter.py\", line 19, in <module>\n    from .. import interpreterbase, mparser, mesonlib\n  File \"/spack/opt/spack/linux-ubuntu22.04-haswell/gcc-11.2.0/meson-0.58.1-rlbylyrfsargexmooyzejfk3sbh4s4fj/lib/python3.9/site-packages/mesonbuild/interpreterbase.py\", line 19, in <module>\n    from . import environment, dependencies\n  File \"/spack/opt/spack/linux-ubuntu22.04-haswell/gcc-11.2.0/meson-0.58.1-rlbylyrfsargexmooyzejfk3sbh4s4fj/lib/python3.9/site-packages/mesonbuild/dependencies/__init__.py\", line 15, in <module>\n    from .boost import BoostDependency\n  File \"/spack/opt/spack/linux-ubuntu22.04-haswell/gcc-11.2.0/meson-0.58.1-rlbylyrfsargexmooyzejfk3sbh4s4fj/lib/python3.9/site-packages/mesonbuild/dependencies/boost.py\", line 25, in <module>\n    from .base import DependencyException, ExternalDependency, PkgConfigDependency\n  File \"/spack/opt/spack/linux-ubuntu22.04-haswell/gcc-11.2.0/meson-0.58.1-rlbylyrfsargexmooyzejfk3sbh4s4fj/lib/python3.9/site-packages/mesonbuild/dependencies/base.py\", line 41, in <module>\n    from ..interpreterbase import FeatureDeprecated\nImportError: cannot import name 'FeatureDeprecated' from partially initialized module 'mesonbuild.interpreterbase' (most likely due to a circular import) (/spack/opt/spack/linux-ubuntu22.04-haswell/gcc-11.2.0/meson-0.58.1-rlbylyrfsargexmooyzejfk3sbh4s4fj/lib/python3.9/site-packages/mesonbuild/interpreterbase.py)\n\n\n\n1 error found in test log:\n     23        from .boost import BoostDependency\n     24      File \"/spack/opt/spack/linux-ubuntu22.04-haswell/gcc-11.2.0/meson-\n           0.58.1-rlbylyrfsargexmooyzejfk3sbh4s4fj/lib/python3.9/site-packages/\n           mesonbuild/dependencies/boost.py\", line 25, in <module>\n     25        from .base import DependencyException, ExternalDependency, PkgCo\n           nfigDependency\n     26      File \"/spack/opt/spack/linux-ubuntu22.04-haswell/gcc-11.2.0/meson-\n           0.58.1-rlbylyrfsargexmooyzejfk3sbh4s4fj/lib/python3.9/site-packages/\n           mesonbuild/dependencies/base.py\", line 41, in <module>\n     27        from ..interpreterbase import FeatureDeprecated\n     28    ImportError: cannot import name 'FeatureDeprecated' from partially i\n           nitialized module 'mesonbuild.interpreterbase' (most likely due to a\n            circular import) (/spack/opt/spack/linux-ubuntu22.04-haswell/gcc-11\n           .2.0/meson-0.58.1-rlbylyrfsargexmooyzejfk3sbh4s4fj/lib/python3.9/sit\n           e-packages/mesonbuild/interpreterbase.py)\n  >> 29    FAILED: Command exited with status 1:\n     30        '/spack/opt/spack/linux-ubuntu22.04-haswell/gcc-11.2.0/python-3.\n           9.13-q47iise7npr7iijnfw5l66jtgksi4tvc/bin/python3.9' '-c' 'import me\n           sonbuild.ast'\n     31    Traceback (most recent call last):\n     32      File \"<string>\", line 1, in <module>\n     33      File \"/spack/opt/spack/linux-ubuntu22.04-haswell/gcc-11.2.0/meson-\n           0.58.1-rlbylyrfsargexmooyzejfk3sbh4s4fj/lib/python3.9/site-packages/\n           mesonbuild/ast/__init__.py\", line 30, in <module>\n     34        from .interpreter import AstInterpreter\n     35      File \"/spack/opt/spack/linux-ubuntu22.04-haswell/gcc-11.2.0/meson-\n           0.58.1-rlbylyrfsargexmooyzejfk3sbh4s4fj/lib/python3.9/site-packages/\n           mesonbuild/ast/interpreter.py\", line 19, in <module>\n\n\n\n/spack/lib/spack/spack/build_environment.py:1076, in _setup_pkg_and_run:\n       1073        tb_string = traceback.format_exc()\n       1074\n       1075        # build up some context from the offending package so we can\n  >>   1076        # show that, too.\n       1077        package_context = get_package_context(tb)\n       1078\n       1079        logfile = None\n\nSee test log for details:\n  /cache/spack/test/v7hvumkhqz2zv4hfi3k6qxdjqt4cbniy/meson-0.58.1-rlbylyr-test-out.txt\n\n==> Error: 1 test(s) in the suite failed.\n\n======================== 1 failed, 0 passed of 1 specs =========================\n",
                    "return_code": 1,
                    "seconds": 2.7518680095672607,
                    "prediction": false,
                    "command": "/spack/bin/spack test run /rlbyly"
                },
                "spliced": {
                    "message": "==> Spack test b44asz43raqcbuqus433pp6j4jhrhmqm\n==> Testing package meson-0.58.1-ihbihst\n==> Error: TestFailure: 1 tests failed.\n\n\nCommand exited with status 1:\n    '/spack/opt/spack/linux-ubuntu22.04-haswell/gcc-11.2.0/python-3.9.13-q47iise7npr7iijnfw5l66jtgksi4tvc/bin/python3.9' '-c' 'import mesonbuild.ast'\nTraceback (most recent call last):\n  File \"<string>\", line 1, in <module>\n  File \"/spack/opt/spack/linux-ubuntu22.04-haswell/gcc-11.2.0/meson-0.58.1-ihbihstjsuyuvoqjuh6nrwixcs7f525q/lib/python3.9/site-packages/mesonbuild/ast/__init__.py\", line 30, in <module>\n    from .interpreter import AstInterpreter\n  File \"/spack/opt/spack/linux-ubuntu22.04-haswell/gcc-11.2.0/meson-0.58.1-ihbihstjsuyuvoqjuh6nrwixcs7f525q/lib/python3.9/site-packages/mesonbuild/ast/interpreter.py\", line 19, in <module>\n    from .. import interpreterbase, mparser, mesonlib\n  File \"/spack/opt/spack/linux-ubuntu22.04-haswell/gcc-11.2.0/meson-0.58.1-ihbihstjsuyuvoqjuh6nrwixcs7f525q/lib/python3.9/site-packages/mesonbuild/interpreterbase.py\", line 19, in <module>\n    from . import environment, dependencies\n  File \"/spack/opt/spack/linux-ubuntu22.04-haswell/gcc-11.2.0/meson-0.58.1-ihbihstjsuyuvoqjuh6nrwixcs7f525q/lib/python3.9/site-packages/mesonbuild/dependencies/__init__.py\", line 15, in <module>\n    from .boost import BoostDependency\n  File \"/spack/opt/spack/linux-ubuntu22.04-haswell/gcc-11.2.0/meson-0.58.1-ihbihstjsuyuvoqjuh6nrwixcs7f525q/lib/python3.9/site-packages/mesonbuild/dependencies/boost.py\", line 25, in <module>\n    from .base import DependencyException, ExternalDependency, PkgConfigDependency\n  File \"/spack/opt/spack/linux-ubuntu22.04-haswell/gcc-11.2.0/meson-0.58.1-ihbihstjsuyuvoqjuh6nrwixcs7f525q/lib/python3.9/site-packages/mesonbuild/dependencies/base.py\", line 41, in <module>\n    from ..interpreterbase import FeatureDeprecated\nImportError: cannot import name 'FeatureDeprecated' from partially initialized module 'mesonbuild.interpreterbase' (most likely due to a circular import) (/spack/opt/spack/linux-ubuntu22.04-haswell/gcc-11.2.0/meson-0.58.1-ihbihstjsuyuvoqjuh6nrwixcs7f525q/lib/python3.9/site-packages/mesonbuild/interpreterbase.py)\n\n\n\n1 error found in test log:\n     23        from .boost import BoostDependency\n     24      File \"/spack/opt/spack/linux-ubuntu22.04-haswell/gcc-11.2.0/meson-\n           0.58.1-ihbihstjsuyuvoqjuh6nrwixcs7f525q/lib/python3.9/site-packages/\n           mesonbuild/dependencies/boost.py\", line 25, in <module>\n     25        from .base import DependencyException, ExternalDependency, PkgCo\n           nfigDependency\n     26      File \"/spack/opt/spack/linux-ubuntu22.04-haswell/gcc-11.2.0/meson-\n           0.58.1-ihbihstjsuyuvoqjuh6nrwixcs7f525q/lib/python3.9/site-packages/\n           mesonbuild/dependencies/base.py\", line 41, in <module>\n     27        from ..interpreterbase import FeatureDeprecated\n     28    ImportError: cannot import name 'FeatureDeprecated' from partially i\n           nitialized module 'mesonbuild.interpreterbase' (most likely due to a\n            circular import) (/spack/opt/spack/linux-ubuntu22.04-haswell/gcc-11\n           .2.0/meson-0.58.1-ihbihstjsuyuvoqjuh6nrwixcs7f525q/lib/python3.9/sit\n           e-packages/mesonbuild/interpreterbase.py)\n  >> 29    FAILED: Command exited with status 1:\n\n\n\n/spack/lib/spack/spack/build_environment.py:1076, in _setup_pkg_and_run:\n       1073        tb_string = traceback.format_exc()\n       1074\n       1075        # build up some context from the offending package so we can\n  >>   1076        # show that, too.\n       1077        package_context = get_package_context(tb)\n       1078\n       1079        logfile = None\n\nSee test log for details:\n  /cache/spack/test/b44asz43raqcbuqus433pp6j4jhrhmqm/meson-0.58.1-ihbihst-test-out.txt\n\n==> Error: 1 test(s) in the suite failed.\n\n======================== 1 failed, 0 passed of 1 specs =========================\n",
                    "return_code": 1,
                    "seconds": 3.1419856548309326,
                    "prediction": false,
                    "command": "/spack/bin/spack test run /ihbihs"
                }
            }
        },
        "stats": {
            "sizes_bytes": {}
        },
        "experiment": "meson",
        "result": "splice-success",
        "success": true,
        "splice": "ninja@master",
        "package": "meson@0.58.1",
        "different_libs": false
    }
]